###############################################################################
#
# IAR ANSI C/C++ Compiler V8.32.2.178/W32 for ARM         14/Jun/2019  13:18:07
# Copyright 1999-2018 IAR Systems AB.
#
#    Cpu mode     =  
#    Endian       =  little
#    Source file  =  
#        C:\SiliconLabs\SimplicityStudio\v4\developer\sdks\gecko_sdk_suite\v2.6\protocol\zigbee\app\framework\security\af-node.c
#    Command line =  
#        -f C:\Users\alji\AppData\Local\Temp\EWA1B0.tmp
#        (C:\SiliconLabs\SimplicityStudio\v4\developer\sdks\gecko_sdk_suite\v2.6\protocol\zigbee\app\framework\security\af-node.c
#        -D LOCAL_STORAGE_BTL -D CORTEXM3 -D CORTEXM3_EFR32 -D
#        CORTEXM3_EFR32_MICRO -D CORTEXM3_EFM32_MICRO -D
#        EFR32_SERIES2_CONFIG1_MICRO -D EFR32MG21 -D EFR32MG21A010F1024IM32 -D
#        "ATTRIBUTE_STORAGE_CONFIGURATION=\"z3_lite_timer_mg21_v660_endpoint_config.h\""
#        -D "CONFIGURATION_HEADER=\"app/framework/util/config.h\"" -D
#        "GENERATED_TOKEN_HEADER=\"z3_lite_timer_mg21_v660_tokens.h\"" -D
#        "PLATFORM_HEADER=\"platform/base/hal/micro/cortexm3/compiler/iar.h\""
#        -D "ZA_GENERATED_HEADER=\"z3_lite_timer_mg21_v660.h\"" -D
#        "__SOURCEFILE__=\"af-node.c\"" -D PSSTORE_SIZE=0 -D LONGTOKEN_SIZE=0
#        -D LOCKBITS_IN_MAINFLASH_SIZE=8192 -D HAL_CONFIG=1 -D
#        EMBER_AF_USE_HWCONF -D LED_BLINK_PERIOD_MS=1000 -D NO_LED=1 -D
#        "EMBER_AF_API_EMBER_TYPES=\"stack/include/ember-types.h\"" -D
#        "EMBER_AF_API_DEBUG_PRINT=\"app/framework/util/print.h\"" -D
#        "EMBER_AF_API_AF_HEADER=\"app/framework/include/af.h\"" -D
#        "EMBER_AF_API_AF_SECURITY_HEADER=\"app/framework/security/af-security.h\""
#        -D EMBER_STACK_ZIGBEE -D
#        "MBEDTLS_CONFIG_FILE=\"mbedtls-config-generated.h\"" -D USE_NVM3 -D
#        NVM3_DEFAULT_NVM_SIZE=NVM3_FLASH_PAGES*FLASH_PAGE_SIZE -D
#        EMLIB_USER_CONFIG -D HAL_BULBPWM_ENABLE=1 -D
#        HAL_BULBPWM_FREQUENCY=1000 -D
#        "APPLICATION_TOKEN_HEADER=\"znet-token.h\"" -D
#        "APPLICATION_MFG_TOKEN_HEADER=\"znet-mfg-token.h\"" -D
#        "MBEDTLS_DEVICE_ACCELERATION_CONFIG_FILE=\"configs/config-device-acceleration.h\""
#        -D
#        "MBEDTLS_DEVICE_ACCELERATION_CONFIG_APP_FILE=\"config-device-acceleration-app.h\""
#        -D NVM3_FLASH_PAGES=4 -D NVM3_DEFAULT_CACHE_SIZE=200 -D
#        NVM3_MAX_OBJECT_SIZE=254 -D NVM3_DEFAULT_REPACK_HEADROOM=0 -D
#        PHY_RAIL=1 -lC
#        C:\SiliconLabs\SimplicityStudio\v4\developer\sdks\gecko_sdk_suite\v2.5\z3_lite_timer_mg21_v660\build\lst
#        --diag_suppress Pa050 -o
#        C:\SiliconLabs\SimplicityStudio\v4\developer\sdks\gecko_sdk_suite\v2.5\z3_lite_timer_mg21_v660\build\obj
#        --no_unroll --no_clustering --debug --endian=little
#        --cpu=Cortex-M33.no_dsp --cmse --no_path_in_file_macros
#        --separate_cluster_for_initialized_variables -e --fpu=None
#        --dlib_config "C:\Program Files (x86)\IAR Systems\Embedded Workbench
#        8.2\arm\inc\c\DLib_Config_Normal.h" -I
#        C:\SiliconLabs\SimplicityStudio\v4\developer\sdks\gecko_sdk_suite\v2.6\protocol\zigbee\app\framework\security\
#        -I
#        C:\SiliconLabs\SimplicityStudio\v4\developer\sdks\gecko_sdk_suite\v2.5\z3_lite_timer_mg21_v660\
#        -I
#        C:\SiliconLabs\SimplicityStudio\v4\developer\sdks\gecko_sdk_suite\v2.5\z3_lite_timer_mg21_v660\..\..\v2.6\
#        -I
#        C:\SiliconLabs\SimplicityStudio\v4\developer\sdks\gecko_sdk_suite\v2.5\z3_lite_timer_mg21_v660\..\..\v2.6\protocol\zigbee\app\framework\
#        -I
#        C:\SiliconLabs\SimplicityStudio\v4\developer\sdks\gecko_sdk_suite\v2.5\z3_lite_timer_mg21_v660\..\..\v2.6\protocol\zigbee\app\framework\..\..\
#        -I
#        C:\SiliconLabs\SimplicityStudio\v4\developer\sdks\gecko_sdk_suite\v2.5\z3_lite_timer_mg21_v660\..\..\v2.6\protocol\zigbee\app\framework\..\..\stack\
#        -I
#        C:\SiliconLabs\SimplicityStudio\v4\developer\sdks\gecko_sdk_suite\v2.5\z3_lite_timer_mg21_v660\..\..\v2.6\protocol\zigbee\app\framework\..\util\
#        -I
#        C:\SiliconLabs\SimplicityStudio\v4\developer\sdks\gecko_sdk_suite\v2.5\z3_lite_timer_mg21_v660\..\..\v2.6\protocol\zigbee\app\framework\include\
#        -I
#        C:\SiliconLabs\SimplicityStudio\v4\developer\sdks\gecko_sdk_suite\v2.5\z3_lite_timer_mg21_v660\..\..\v2.6\platform\base\hal\
#        -I
#        C:\SiliconLabs\SimplicityStudio\v4\developer\sdks\gecko_sdk_suite\v2.5\z3_lite_timer_mg21_v660\..\..\v2.6\platform\base\hal\plugin\
#        -I
#        C:\SiliconLabs\SimplicityStudio\v4\developer\sdks\gecko_sdk_suite\v2.5\z3_lite_timer_mg21_v660\..\..\v2.6\platform\base\hal\..\
#        -I
#        C:\SiliconLabs\SimplicityStudio\v4\developer\sdks\gecko_sdk_suite\v2.5\z3_lite_timer_mg21_v660\..\..\v2.6\platform\base\hal\micro\cortexm3\efm32\
#        -I
#        C:\SiliconLabs\SimplicityStudio\v4\developer\sdks\gecko_sdk_suite\v2.5\z3_lite_timer_mg21_v660\..\..\v2.6\platform\base\hal\micro\cortexm3\efm32\config\
#        -I
#        C:\SiliconLabs\SimplicityStudio\v4\developer\sdks\gecko_sdk_suite\v2.5\z3_lite_timer_mg21_v660\..\..\v2.6\platform\base\hal\micro\cortexm3\efm32\efr32\
#        -I
#        C:\SiliconLabs\SimplicityStudio\v4\developer\sdks\gecko_sdk_suite\v2.5\z3_lite_timer_mg21_v660\..\..\v2.6\platform\base\hal\..\..\CMSIS\Include\
#        -I
#        C:\SiliconLabs\SimplicityStudio\v4\developer\sdks\gecko_sdk_suite\v2.5\z3_lite_timer_mg21_v660\..\..\v2.6\platform\base\hal\..\..\Device\SiliconLabs\efr32mg21\Include\
#        -I
#        C:\SiliconLabs\SimplicityStudio\v4\developer\sdks\gecko_sdk_suite\v2.5\z3_lite_timer_mg21_v660\..\..\v2.6\platform\base\hal\..\..\emdrv\common\inc\
#        -I
#        C:\SiliconLabs\SimplicityStudio\v4\developer\sdks\gecko_sdk_suite\v2.5\z3_lite_timer_mg21_v660\..\..\v2.6\platform\base\hal\..\..\emdrv\config\
#        -I
#        C:\SiliconLabs\SimplicityStudio\v4\developer\sdks\gecko_sdk_suite\v2.5\z3_lite_timer_mg21_v660\..\..\v2.6\platform\base\hal\..\..\emdrv\dmadrv\inc\
#        -I
#        C:\SiliconLabs\SimplicityStudio\v4\developer\sdks\gecko_sdk_suite\v2.5\z3_lite_timer_mg21_v660\..\..\v2.6\platform\base\hal\..\..\emdrv\gpiointerrupt\inc\
#        -I
#        C:\SiliconLabs\SimplicityStudio\v4\developer\sdks\gecko_sdk_suite\v2.5\z3_lite_timer_mg21_v660\..\..\v2.6\platform\base\hal\..\..\emdrv\rtcdrv\inc\
#        -I
#        C:\SiliconLabs\SimplicityStudio\v4\developer\sdks\gecko_sdk_suite\v2.5\z3_lite_timer_mg21_v660\..\..\v2.6\platform\base\hal\..\..\emdrv\sleep\inc\
#        -I
#        C:\SiliconLabs\SimplicityStudio\v4\developer\sdks\gecko_sdk_suite\v2.5\z3_lite_timer_mg21_v660\..\..\v2.6\platform\base\hal\..\..\emdrv\spidrv\inc\
#        -I
#        C:\SiliconLabs\SimplicityStudio\v4\developer\sdks\gecko_sdk_suite\v2.5\z3_lite_timer_mg21_v660\..\..\v2.6\platform\base\hal\..\..\emdrv\tempdrv\inc\
#        -I
#        C:\SiliconLabs\SimplicityStudio\v4\developer\sdks\gecko_sdk_suite\v2.5\z3_lite_timer_mg21_v660\..\..\v2.6\platform\base\hal\..\..\emdrv\uartdrv\inc\
#        -I
#        C:\SiliconLabs\SimplicityStudio\v4\developer\sdks\gecko_sdk_suite\v2.5\z3_lite_timer_mg21_v660\..\..\v2.6\platform\base\hal\..\..\emdrv\ustimer\inc\
#        -I
#        C:\SiliconLabs\SimplicityStudio\v4\developer\sdks\gecko_sdk_suite\v2.5\z3_lite_timer_mg21_v660\..\..\v2.6\platform\base\hal\..\..\emlib\inc\
#        -I
#        C:\SiliconLabs\SimplicityStudio\v4\developer\sdks\gecko_sdk_suite\v2.5\z3_lite_timer_mg21_v660\..\..\v2.6\platform\base\hal\..\..\middleware\glib\
#        -I
#        C:\SiliconLabs\SimplicityStudio\v4\developer\sdks\gecko_sdk_suite\v2.5\z3_lite_timer_mg21_v660\..\..\v2.6\platform\base\hal\..\..\middleware\glib\glib\
#        -I
#        C:\SiliconLabs\SimplicityStudio\v4\developer\sdks\gecko_sdk_suite\v2.5\z3_lite_timer_mg21_v660\..\..\v2.6\platform\base\hal\..\..\radio\rail_lib\plugin\
#        -I
#        C:\SiliconLabs\SimplicityStudio\v4\developer\sdks\gecko_sdk_suite\v2.5\z3_lite_timer_mg21_v660\..\..\v2.6\platform\base\hal\..\..\radio\rail_lib\chip\efr32\rf\common\cortex\
#        -I
#        C:\SiliconLabs\SimplicityStudio\v4\developer\sdks\gecko_sdk_suite\v2.5\z3_lite_timer_mg21_v660\..\..\v2.6\platform\base\hal\..\..\radio\rail_lib\chip\efr32\rf\rfprotocol\ieee802154\cortex\
#        -I
#        C:\SiliconLabs\SimplicityStudio\v4\developer\sdks\gecko_sdk_suite\v2.5\z3_lite_timer_mg21_v660\..\..\v2.6\platform\halconfig\inc\hal-config\
#        -I
#        C:\SiliconLabs\SimplicityStudio\v4\developer\sdks\gecko_sdk_suite\v2.5\z3_lite_timer_mg21_v660\..\..\v2.6\hardware\module\config\
#        -I
#        C:\SiliconLabs\SimplicityStudio\v4\developer\sdks\gecko_sdk_suite\v2.5\z3_lite_timer_mg21_v660\..\..\v2.6\hardware\kit\common\halconfig\
#        -I
#        C:\SiliconLabs\SimplicityStudio\v4\developer\sdks\gecko_sdk_suite\v2.5\z3_lite_timer_mg21_v660\..\..\v2.6\hardware\kit\common\bsp\
#        -I
#        C:\SiliconLabs\SimplicityStudio\v4\developer\sdks\gecko_sdk_suite\v2.5\z3_lite_timer_mg21_v660\hal-config\
#        -I
#        C:\SiliconLabs\SimplicityStudio\v4\developer\sdks\gecko_sdk_suite\v2.5\z3_lite_timer_mg21_v660\..\..\v2.6\platform\bootloader\
#        -I
#        C:\SiliconLabs\SimplicityStudio\v4\developer\sdks\gecko_sdk_suite\v2.5\z3_lite_timer_mg21_v660\..\..\v2.6\platform\emdrv\nvm3\inc\
#        -I
#        C:\SiliconLabs\SimplicityStudio\v4\developer\sdks\gecko_sdk_suite\v2.5\z3_lite_timer_mg21_v660\..\..\v2.6\platform\radio\rail_lib\chip\efr32\efr32xg2x\
#        -I
#        C:\SiliconLabs\SimplicityStudio\v4\developer\sdks\gecko_sdk_suite\v2.5\z3_lite_timer_mg21_v660\..\..\v2.6\platform\radio\rail_lib\common\
#        -I
#        C:\SiliconLabs\SimplicityStudio\v4\developer\sdks\gecko_sdk_suite\v2.5\z3_lite_timer_mg21_v660\..\..\v2.6\platform\radio\rail_lib\plugin\coexistence\common\
#        -I
#        C:\SiliconLabs\SimplicityStudio\v4\developer\sdks\gecko_sdk_suite\v2.5\z3_lite_timer_mg21_v660\..\..\v2.6\platform\radio\rail_lib\plugin\coexistence\hal\efr32\
#        -I
#        C:\SiliconLabs\SimplicityStudio\v4\developer\sdks\gecko_sdk_suite\v2.5\z3_lite_timer_mg21_v660\..\..\v2.6\platform\radio\rail_lib\plugin\coexistence\protocol\ieee802154\
#        -I
#        C:\SiliconLabs\SimplicityStudio\v4\developer\sdks\gecko_sdk_suite\v2.5\z3_lite_timer_mg21_v660\..\..\v2.6\platform\radio\rail_lib\protocol\ble\
#        -I
#        C:\SiliconLabs\SimplicityStudio\v4\developer\sdks\gecko_sdk_suite\v2.5\z3_lite_timer_mg21_v660\..\..\v2.6\platform\radio\rail_lib\protocol\ieee802154\
#        -I
#        C:\SiliconLabs\SimplicityStudio\v4\developer\sdks\gecko_sdk_suite\v2.5\z3_lite_timer_mg21_v660\..\..\v2.6\platform\radio\rail_lib\protocol\zwave\
#        -I
#        C:\SiliconLabs\SimplicityStudio\v4\developer\sdks\gecko_sdk_suite\v2.5\z3_lite_timer_mg21_v660\..\..\v2.6\util\plugin\plugin-common\mbedtls\
#        -I
#        C:\SiliconLabs\SimplicityStudio\v4\developer\sdks\gecko_sdk_suite\v2.5\z3_lite_timer_mg21_v660\..\..\v2.6\util\third_party\mbedtls\
#        -I
#        C:\SiliconLabs\SimplicityStudio\v4\developer\sdks\gecko_sdk_suite\v2.5\z3_lite_timer_mg21_v660\..\..\v2.6\util\third_party\mbedtls\include\
#        -I
#        C:\SiliconLabs\SimplicityStudio\v4\developer\sdks\gecko_sdk_suite\v2.5\z3_lite_timer_mg21_v660\..\..\v2.6\util\third_party\mbedtls\include\mbedtls\
#        -I
#        C:\SiliconLabs\SimplicityStudio\v4\developer\sdks\gecko_sdk_suite\v2.5\z3_lite_timer_mg21_v660\..\..\v2.6\util\third_party\mbedtls\sl_crypto\include\
#        -Ohz --use_c++_inline)
#    Locale       =  C
#    List file    =  
#        C:\SiliconLabs\SimplicityStudio\v4\developer\sdks\gecko_sdk_suite\v2.5\z3_lite_timer_mg21_v660\build\lst\af-node.lst
#    Object file  =  
#        C:\SiliconLabs\SimplicityStudio\v4\developer\sdks\gecko_sdk_suite\v2.5\z3_lite_timer_mg21_v660\build\obj\af-node.o
#
###############################################################################

C:\SiliconLabs\SimplicityStudio\v4\developer\sdks\gecko_sdk_suite\v2.6\protocol\zigbee\app\framework\security\af-node.c
      1          /***************************************************************************//**
      2           * @file
      3           * @brief Security code for a normal (non-Trust Center) node.
      4           *******************************************************************************
      5           * # License
      6           * <b>Copyright 2018 Silicon Laboratories Inc. www.silabs.com</b>
      7           *******************************************************************************
      8           *
      9           * The licensor of this software is Silicon Laboratories Inc. Your use of this
     10           * software is governed by the terms of Silicon Labs Master Software License
     11           * Agreement (MSLA) available at
     12           * www.silabs.com/about-us/legal/master-software-license-agreement. This
     13           * software is distributed to you in Source Code format and is governed by the
     14           * sections of the MSLA applicable to Source Code.
     15           *
     16           ******************************************************************************/
     17          
     18          #include "app/framework/include/af.h"
     19          #define USE_REAL_SECURITY_PROTOTYPES
     20          #include "app/framework/security/af-security.h"
     21          
     22          //------------------------------------------------------------------------------
     23          

   \                                 In section .text, align 2, keep-with-next
     24          EmberStatus zaNodeSecurityInit(bool centralizedNetwork)
     25          {
   \                     zaNodeSecurityInit: (+1)
   \        0x0   0xB538             PUSH     {R3-R5,LR}
   \        0x2   0xB08C             SUB      SP,SP,#+48
   \        0x4   0x4605             MOV      R5,R0
     26            EmberInitialSecurityState state;
     27            EmberExtendedSecurityBitmask newExtended;
     28            EmberExtendedSecurityBitmask oldExtended;
     29            EmberStatus status;
     30            const EmberAfSecurityProfileData *data = emAfGetCurrentSecurityProfileData();
   \        0x6   0x....'....        BL       emAfGetCurrentSecurityProfileData
   \        0xA   0x0004             MOVS     R4,R0
     31          
     32            if (data == NULL) {
   \        0xC   0xBF08             IT       EQ 
   \        0xE   0x2001             MOVEQ    R0,#+1
     33              return EMBER_ERR_FATAL;
   \       0x10   0xD03B             BEQ.N    ??zaNodeSecurityInit_0
     34            }
     35          
     36            MEMSET(&state, 0, sizeof(EmberInitialSecurityState));
   \       0x12   0x222C             MOVS     R2,#+44
   \       0x14   0x2100             MOVS     R1,#+0
   \       0x16   0xA801             ADD      R0,SP,#+4
   \       0x18   0x....'....        BL       halCommonMemSet
     37            state.bitmask = data->nodeBitmask;
   \       0x1C   0x88E1             LDRH     R1,[R4, #+6]
     38            newExtended = data->nodeExtendedBitmask;
     39            MEMMOVE(emberKeyContents(&state.preconfiguredKey),
     40                    emberKeyContents(&data->preconfiguredKey),
     41                    EMBER_ENCRYPTION_KEY_SIZE);
   \       0x1E   0xF10D 0x0006      ADD      R0,SP,#+6
   \       0x22   0xF8AD 0x1004      STRH     R1,[SP, #+4]
   \       0x26   0x8922             LDRH     R2,[R4, #+8]
   \       0x28   0xF104 0x010C      ADD      R1,R4,#+12
   \       0x2C   0xF8AD 0x2000      STRH     R2,[SP, #+0]
   \       0x30   0x2210             MOVS     R2,#+16
   \       0x32   0x....'....        BL       halCommonMemMove
     42          
     43          #if defined ZA_CLI_FULL
     44            // This function will only be used if the full CLI is enabled,
     45            // and a value has been previously set via the "changekey" command.
     46            getLinkKeyFromCli(&(state.preconfiguredKey));
   \       0x36   0xF10D 0x0006      ADD      R0,SP,#+6
   \       0x3A   0x....'....        BL       getLinkKeyFromCli
     47          #endif
     48          
     49            emberGetExtendedSecurityBitmask(&oldExtended);
   \       0x3E   0xF10D 0x0002      ADD      R0,SP,#+2
   \       0x42   0x....'....        BL       emberGetExtendedSecurityBitmask
     50            if ((oldExtended & EMBER_EXT_NO_FRAME_COUNTER_RESET) != 0U) {
   \       0x46   0xF8BD 0x0002      LDRH     R0,[SP, #+2]
   \       0x4A   0x0681             LSLS     R1,R0,#+26
   \       0x4C   0xD505             BPL.N    ??zaNodeSecurityInit_1
     51              newExtended |= EMBER_EXT_NO_FRAME_COUNTER_RESET;
   \       0x4E   0xF8BD 0x0000      LDRH     R0,[SP, #+0]
   \       0x52   0xF040 0x0020      ORR      R0,R0,#0x20
   \       0x56   0xF8AD 0x0000      STRH     R0,[SP, #+0]
     52            }
     53          
     54            if (!centralizedNetwork) {
   \                     ??zaNodeSecurityInit_1: (+1)
   \       0x5A   0xB92D             CBNZ.N   R5,??zaNodeSecurityInit_2
     55              state.bitmask |= EMBER_DISTRIBUTED_TRUST_CENTER_MODE;
   \       0x5C   0xF8BD 0x0004      LDRH     R0,[SP, #+4]
   \       0x60   0xF040 0x0002      ORR      R0,R0,#0x2
   \       0x64   0xF8AD 0x0004      STRH     R0,[SP, #+4]
     56            }
     57          
     58            emberAfSecurityInitCallback(&state, &newExtended, false); // trust center?
   \                     ??zaNodeSecurityInit_2: (+1)
   \       0x68   0x2200             MOVS     R2,#+0
   \       0x6A   0x4669             MOV      R1,SP
   \       0x6C   0xA801             ADD      R0,SP,#+4
   \       0x6E   0x....'....        BL       emberAfSecurityInitCallback
     59          
     60            emberAfSecurityPrintln("set state to: 0x%2x", state.bitmask);
     61            status = emberSetInitialSecurityState(&state);
   \       0x72   0xA801             ADD      R0,SP,#+4
   \       0x74   0x....'....        BL       emberSetInitialSecurityState
     62            if (status != EMBER_SUCCESS) {
   \       0x78   0x0001             MOVS     R1,R0
   \       0x7A   0xD106             BNE.N    ??zaNodeSecurityInit_0
     63              emberAfSecurityPrintln("security init node: 0x%x", status);
     64              return status;
     65            }
     66          
     67            // Don't need to check on the status here, emberSetExtendedSecurityBitmask
     68            // always returns EMBER_SUCCESS.
     69            emberAfSecurityPrintln("set extended security to: 0x%2x", newExtended);
     70            emberSetExtendedSecurityBitmask(newExtended);
   \       0x7C   0xF8BD 0x0000      LDRH     R0,[SP, #+0]
   \       0x80   0x....'....        BL       emberSetExtendedSecurityBitmask
     71          
     72            emAfClearLinkKeyTable();
   \       0x84   0x....'....        BL       emAfClearLinkKeyTable
     73          
     74            return EMBER_SUCCESS;
   \       0x88   0x2000             MOVS     R0,#+0
   \                     ??zaNodeSecurityInit_0: (+1)
   \       0x8A   0xB00D             ADD      SP,SP,#+52
   \       0x8C   0xBD30             POP      {R4,R5,PC}       ;; return
     75          }

   Maximum stack usage in bytes:

   .cstack Function
   ------- --------
      64   zaNodeSecurityInit
        64   -> emAfClearLinkKeyTable
        64   -> emAfGetCurrentSecurityProfileData
        64   -> emberAfSecurityInitCallback
        64   -> emberGetExtendedSecurityBitmask
        64   -> emberSetExtendedSecurityBitmask
        64   -> emberSetInitialSecurityState
        64   -> getLinkKeyFromCli
        64   -> halCommonMemMove
        64   -> halCommonMemSet


   Section sizes:

   Bytes  Function/Label
   -----  --------------
     142  zaNodeSecurityInit

 
 142 bytes in section .text
 
 142 bytes of CODE memory

Errors: none
Warnings: none
