###############################################################################
#
# IAR ANSI C/C++ Compiler V8.32.2.178/W32 for ARM         14/Jun/2019  13:18:07
# Copyright 1999-2018 IAR Systems AB.
#
#    Cpu mode     =  
#    Endian       =  little
#    Source file  =  
#        C:\SiliconLabs\SimplicityStudio\v4\developer\sdks\gecko_sdk_suite\v2.6\protocol\zigbee\app\framework\security\af-security-common.c
#    Command line =  
#        -f C:\Users\alji\AppData\Local\Temp\EWA5A8.tmp
#        (C:\SiliconLabs\SimplicityStudio\v4\developer\sdks\gecko_sdk_suite\v2.6\protocol\zigbee\app\framework\security\af-security-common.c
#        -D LOCAL_STORAGE_BTL -D CORTEXM3 -D CORTEXM3_EFR32 -D
#        CORTEXM3_EFR32_MICRO -D CORTEXM3_EFM32_MICRO -D
#        EFR32_SERIES2_CONFIG1_MICRO -D EFR32MG21 -D EFR32MG21A010F1024IM32 -D
#        "ATTRIBUTE_STORAGE_CONFIGURATION=\"z3_lite_timer_mg21_v660_endpoint_config.h\""
#        -D "CONFIGURATION_HEADER=\"app/framework/util/config.h\"" -D
#        "GENERATED_TOKEN_HEADER=\"z3_lite_timer_mg21_v660_tokens.h\"" -D
#        "PLATFORM_HEADER=\"platform/base/hal/micro/cortexm3/compiler/iar.h\""
#        -D "ZA_GENERATED_HEADER=\"z3_lite_timer_mg21_v660.h\"" -D
#        "__SOURCEFILE__=\"af-security-common.c\"" -D PSSTORE_SIZE=0 -D
#        LONGTOKEN_SIZE=0 -D LOCKBITS_IN_MAINFLASH_SIZE=8192 -D HAL_CONFIG=1 -D
#        EMBER_AF_USE_HWCONF -D LED_BLINK_PERIOD_MS=1000 -D NO_LED=1 -D
#        "EMBER_AF_API_EMBER_TYPES=\"stack/include/ember-types.h\"" -D
#        "EMBER_AF_API_DEBUG_PRINT=\"app/framework/util/print.h\"" -D
#        "EMBER_AF_API_AF_HEADER=\"app/framework/include/af.h\"" -D
#        "EMBER_AF_API_AF_SECURITY_HEADER=\"app/framework/security/af-security.h\""
#        -D EMBER_STACK_ZIGBEE -D
#        "MBEDTLS_CONFIG_FILE=\"mbedtls-config-generated.h\"" -D USE_NVM3 -D
#        NVM3_DEFAULT_NVM_SIZE=NVM3_FLASH_PAGES*FLASH_PAGE_SIZE -D
#        EMLIB_USER_CONFIG -D HAL_BULBPWM_ENABLE=1 -D
#        HAL_BULBPWM_FREQUENCY=1000 -D
#        "APPLICATION_TOKEN_HEADER=\"znet-token.h\"" -D
#        "APPLICATION_MFG_TOKEN_HEADER=\"znet-mfg-token.h\"" -D
#        "MBEDTLS_DEVICE_ACCELERATION_CONFIG_FILE=\"configs/config-device-acceleration.h\""
#        -D
#        "MBEDTLS_DEVICE_ACCELERATION_CONFIG_APP_FILE=\"config-device-acceleration-app.h\""
#        -D NVM3_FLASH_PAGES=4 -D NVM3_DEFAULT_CACHE_SIZE=200 -D
#        NVM3_MAX_OBJECT_SIZE=254 -D NVM3_DEFAULT_REPACK_HEADROOM=0 -D
#        PHY_RAIL=1 -lC
#        C:\SiliconLabs\SimplicityStudio\v4\developer\sdks\gecko_sdk_suite\v2.5\z3_lite_timer_mg21_v660\build\lst
#        --diag_suppress Pa050 -o
#        C:\SiliconLabs\SimplicityStudio\v4\developer\sdks\gecko_sdk_suite\v2.5\z3_lite_timer_mg21_v660\build\obj
#        --no_unroll --no_clustering --debug --endian=little
#        --cpu=Cortex-M33.no_dsp --cmse --no_path_in_file_macros
#        --separate_cluster_for_initialized_variables -e --fpu=None
#        --dlib_config "C:\Program Files (x86)\IAR Systems\Embedded Workbench
#        8.2\arm\inc\c\DLib_Config_Normal.h" -I
#        C:\SiliconLabs\SimplicityStudio\v4\developer\sdks\gecko_sdk_suite\v2.6\protocol\zigbee\app\framework\security\
#        -I
#        C:\SiliconLabs\SimplicityStudio\v4\developer\sdks\gecko_sdk_suite\v2.5\z3_lite_timer_mg21_v660\
#        -I
#        C:\SiliconLabs\SimplicityStudio\v4\developer\sdks\gecko_sdk_suite\v2.5\z3_lite_timer_mg21_v660\..\..\v2.6\
#        -I
#        C:\SiliconLabs\SimplicityStudio\v4\developer\sdks\gecko_sdk_suite\v2.5\z3_lite_timer_mg21_v660\..\..\v2.6\protocol\zigbee\app\framework\
#        -I
#        C:\SiliconLabs\SimplicityStudio\v4\developer\sdks\gecko_sdk_suite\v2.5\z3_lite_timer_mg21_v660\..\..\v2.6\protocol\zigbee\app\framework\..\..\
#        -I
#        C:\SiliconLabs\SimplicityStudio\v4\developer\sdks\gecko_sdk_suite\v2.5\z3_lite_timer_mg21_v660\..\..\v2.6\protocol\zigbee\app\framework\..\..\stack\
#        -I
#        C:\SiliconLabs\SimplicityStudio\v4\developer\sdks\gecko_sdk_suite\v2.5\z3_lite_timer_mg21_v660\..\..\v2.6\protocol\zigbee\app\framework\..\util\
#        -I
#        C:\SiliconLabs\SimplicityStudio\v4\developer\sdks\gecko_sdk_suite\v2.5\z3_lite_timer_mg21_v660\..\..\v2.6\protocol\zigbee\app\framework\include\
#        -I
#        C:\SiliconLabs\SimplicityStudio\v4\developer\sdks\gecko_sdk_suite\v2.5\z3_lite_timer_mg21_v660\..\..\v2.6\platform\base\hal\
#        -I
#        C:\SiliconLabs\SimplicityStudio\v4\developer\sdks\gecko_sdk_suite\v2.5\z3_lite_timer_mg21_v660\..\..\v2.6\platform\base\hal\plugin\
#        -I
#        C:\SiliconLabs\SimplicityStudio\v4\developer\sdks\gecko_sdk_suite\v2.5\z3_lite_timer_mg21_v660\..\..\v2.6\platform\base\hal\..\
#        -I
#        C:\SiliconLabs\SimplicityStudio\v4\developer\sdks\gecko_sdk_suite\v2.5\z3_lite_timer_mg21_v660\..\..\v2.6\platform\base\hal\micro\cortexm3\efm32\
#        -I
#        C:\SiliconLabs\SimplicityStudio\v4\developer\sdks\gecko_sdk_suite\v2.5\z3_lite_timer_mg21_v660\..\..\v2.6\platform\base\hal\micro\cortexm3\efm32\config\
#        -I
#        C:\SiliconLabs\SimplicityStudio\v4\developer\sdks\gecko_sdk_suite\v2.5\z3_lite_timer_mg21_v660\..\..\v2.6\platform\base\hal\micro\cortexm3\efm32\efr32\
#        -I
#        C:\SiliconLabs\SimplicityStudio\v4\developer\sdks\gecko_sdk_suite\v2.5\z3_lite_timer_mg21_v660\..\..\v2.6\platform\base\hal\..\..\CMSIS\Include\
#        -I
#        C:\SiliconLabs\SimplicityStudio\v4\developer\sdks\gecko_sdk_suite\v2.5\z3_lite_timer_mg21_v660\..\..\v2.6\platform\base\hal\..\..\Device\SiliconLabs\efr32mg21\Include\
#        -I
#        C:\SiliconLabs\SimplicityStudio\v4\developer\sdks\gecko_sdk_suite\v2.5\z3_lite_timer_mg21_v660\..\..\v2.6\platform\base\hal\..\..\emdrv\common\inc\
#        -I
#        C:\SiliconLabs\SimplicityStudio\v4\developer\sdks\gecko_sdk_suite\v2.5\z3_lite_timer_mg21_v660\..\..\v2.6\platform\base\hal\..\..\emdrv\config\
#        -I
#        C:\SiliconLabs\SimplicityStudio\v4\developer\sdks\gecko_sdk_suite\v2.5\z3_lite_timer_mg21_v660\..\..\v2.6\platform\base\hal\..\..\emdrv\dmadrv\inc\
#        -I
#        C:\SiliconLabs\SimplicityStudio\v4\developer\sdks\gecko_sdk_suite\v2.5\z3_lite_timer_mg21_v660\..\..\v2.6\platform\base\hal\..\..\emdrv\gpiointerrupt\inc\
#        -I
#        C:\SiliconLabs\SimplicityStudio\v4\developer\sdks\gecko_sdk_suite\v2.5\z3_lite_timer_mg21_v660\..\..\v2.6\platform\base\hal\..\..\emdrv\rtcdrv\inc\
#        -I
#        C:\SiliconLabs\SimplicityStudio\v4\developer\sdks\gecko_sdk_suite\v2.5\z3_lite_timer_mg21_v660\..\..\v2.6\platform\base\hal\..\..\emdrv\sleep\inc\
#        -I
#        C:\SiliconLabs\SimplicityStudio\v4\developer\sdks\gecko_sdk_suite\v2.5\z3_lite_timer_mg21_v660\..\..\v2.6\platform\base\hal\..\..\emdrv\spidrv\inc\
#        -I
#        C:\SiliconLabs\SimplicityStudio\v4\developer\sdks\gecko_sdk_suite\v2.5\z3_lite_timer_mg21_v660\..\..\v2.6\platform\base\hal\..\..\emdrv\tempdrv\inc\
#        -I
#        C:\SiliconLabs\SimplicityStudio\v4\developer\sdks\gecko_sdk_suite\v2.5\z3_lite_timer_mg21_v660\..\..\v2.6\platform\base\hal\..\..\emdrv\uartdrv\inc\
#        -I
#        C:\SiliconLabs\SimplicityStudio\v4\developer\sdks\gecko_sdk_suite\v2.5\z3_lite_timer_mg21_v660\..\..\v2.6\platform\base\hal\..\..\emdrv\ustimer\inc\
#        -I
#        C:\SiliconLabs\SimplicityStudio\v4\developer\sdks\gecko_sdk_suite\v2.5\z3_lite_timer_mg21_v660\..\..\v2.6\platform\base\hal\..\..\emlib\inc\
#        -I
#        C:\SiliconLabs\SimplicityStudio\v4\developer\sdks\gecko_sdk_suite\v2.5\z3_lite_timer_mg21_v660\..\..\v2.6\platform\base\hal\..\..\middleware\glib\
#        -I
#        C:\SiliconLabs\SimplicityStudio\v4\developer\sdks\gecko_sdk_suite\v2.5\z3_lite_timer_mg21_v660\..\..\v2.6\platform\base\hal\..\..\middleware\glib\glib\
#        -I
#        C:\SiliconLabs\SimplicityStudio\v4\developer\sdks\gecko_sdk_suite\v2.5\z3_lite_timer_mg21_v660\..\..\v2.6\platform\base\hal\..\..\radio\rail_lib\plugin\
#        -I
#        C:\SiliconLabs\SimplicityStudio\v4\developer\sdks\gecko_sdk_suite\v2.5\z3_lite_timer_mg21_v660\..\..\v2.6\platform\base\hal\..\..\radio\rail_lib\chip\efr32\rf\common\cortex\
#        -I
#        C:\SiliconLabs\SimplicityStudio\v4\developer\sdks\gecko_sdk_suite\v2.5\z3_lite_timer_mg21_v660\..\..\v2.6\platform\base\hal\..\..\radio\rail_lib\chip\efr32\rf\rfprotocol\ieee802154\cortex\
#        -I
#        C:\SiliconLabs\SimplicityStudio\v4\developer\sdks\gecko_sdk_suite\v2.5\z3_lite_timer_mg21_v660\..\..\v2.6\platform\halconfig\inc\hal-config\
#        -I
#        C:\SiliconLabs\SimplicityStudio\v4\developer\sdks\gecko_sdk_suite\v2.5\z3_lite_timer_mg21_v660\..\..\v2.6\hardware\module\config\
#        -I
#        C:\SiliconLabs\SimplicityStudio\v4\developer\sdks\gecko_sdk_suite\v2.5\z3_lite_timer_mg21_v660\..\..\v2.6\hardware\kit\common\halconfig\
#        -I
#        C:\SiliconLabs\SimplicityStudio\v4\developer\sdks\gecko_sdk_suite\v2.5\z3_lite_timer_mg21_v660\..\..\v2.6\hardware\kit\common\bsp\
#        -I
#        C:\SiliconLabs\SimplicityStudio\v4\developer\sdks\gecko_sdk_suite\v2.5\z3_lite_timer_mg21_v660\hal-config\
#        -I
#        C:\SiliconLabs\SimplicityStudio\v4\developer\sdks\gecko_sdk_suite\v2.5\z3_lite_timer_mg21_v660\..\..\v2.6\platform\bootloader\
#        -I
#        C:\SiliconLabs\SimplicityStudio\v4\developer\sdks\gecko_sdk_suite\v2.5\z3_lite_timer_mg21_v660\..\..\v2.6\platform\emdrv\nvm3\inc\
#        -I
#        C:\SiliconLabs\SimplicityStudio\v4\developer\sdks\gecko_sdk_suite\v2.5\z3_lite_timer_mg21_v660\..\..\v2.6\platform\radio\rail_lib\chip\efr32\efr32xg2x\
#        -I
#        C:\SiliconLabs\SimplicityStudio\v4\developer\sdks\gecko_sdk_suite\v2.5\z3_lite_timer_mg21_v660\..\..\v2.6\platform\radio\rail_lib\common\
#        -I
#        C:\SiliconLabs\SimplicityStudio\v4\developer\sdks\gecko_sdk_suite\v2.5\z3_lite_timer_mg21_v660\..\..\v2.6\platform\radio\rail_lib\plugin\coexistence\common\
#        -I
#        C:\SiliconLabs\SimplicityStudio\v4\developer\sdks\gecko_sdk_suite\v2.5\z3_lite_timer_mg21_v660\..\..\v2.6\platform\radio\rail_lib\plugin\coexistence\hal\efr32\
#        -I
#        C:\SiliconLabs\SimplicityStudio\v4\developer\sdks\gecko_sdk_suite\v2.5\z3_lite_timer_mg21_v660\..\..\v2.6\platform\radio\rail_lib\plugin\coexistence\protocol\ieee802154\
#        -I
#        C:\SiliconLabs\SimplicityStudio\v4\developer\sdks\gecko_sdk_suite\v2.5\z3_lite_timer_mg21_v660\..\..\v2.6\platform\radio\rail_lib\protocol\ble\
#        -I
#        C:\SiliconLabs\SimplicityStudio\v4\developer\sdks\gecko_sdk_suite\v2.5\z3_lite_timer_mg21_v660\..\..\v2.6\platform\radio\rail_lib\protocol\ieee802154\
#        -I
#        C:\SiliconLabs\SimplicityStudio\v4\developer\sdks\gecko_sdk_suite\v2.5\z3_lite_timer_mg21_v660\..\..\v2.6\platform\radio\rail_lib\protocol\zwave\
#        -I
#        C:\SiliconLabs\SimplicityStudio\v4\developer\sdks\gecko_sdk_suite\v2.5\z3_lite_timer_mg21_v660\..\..\v2.6\util\plugin\plugin-common\mbedtls\
#        -I
#        C:\SiliconLabs\SimplicityStudio\v4\developer\sdks\gecko_sdk_suite\v2.5\z3_lite_timer_mg21_v660\..\..\v2.6\util\third_party\mbedtls\
#        -I
#        C:\SiliconLabs\SimplicityStudio\v4\developer\sdks\gecko_sdk_suite\v2.5\z3_lite_timer_mg21_v660\..\..\v2.6\util\third_party\mbedtls\include\
#        -I
#        C:\SiliconLabs\SimplicityStudio\v4\developer\sdks\gecko_sdk_suite\v2.5\z3_lite_timer_mg21_v660\..\..\v2.6\util\third_party\mbedtls\include\mbedtls\
#        -I
#        C:\SiliconLabs\SimplicityStudio\v4\developer\sdks\gecko_sdk_suite\v2.5\z3_lite_timer_mg21_v660\..\..\v2.6\util\third_party\mbedtls\sl_crypto\include\
#        -Ohz --use_c++_inline)
#    Locale       =  C
#    List file    =  
#        C:\SiliconLabs\SimplicityStudio\v4\developer\sdks\gecko_sdk_suite\v2.5\z3_lite_timer_mg21_v660\build\lst\af-security-common.lst
#    Object file  =  
#        C:\SiliconLabs\SimplicityStudio\v4\developer\sdks\gecko_sdk_suite\v2.5\z3_lite_timer_mg21_v660\build\obj\af-security-common.o
#
###############################################################################

C:\SiliconLabs\SimplicityStudio\v4\developer\sdks\gecko_sdk_suite\v2.6\protocol\zigbee\app\framework\security\af-security-common.c
      1          /***************************************************************************//**
      2           * @file
      3           * @brief Security code common to both the Trust Center and the normal node.
      4           *******************************************************************************
      5           * # License
      6           * <b>Copyright 2018 Silicon Laboratories Inc. www.silabs.com</b>
      7           *******************************************************************************
      8           *
      9           * The licensor of this software is Silicon Laboratories Inc. Your use of this
     10           * software is governed by the terms of Silicon Labs Master Software License
     11           * Agreement (MSLA) available at
     12           * www.silabs.com/about-us/legal/master-software-license-agreement. This
     13           * software is distributed to you in Source Code format and is governed by the
     14           * sections of the MSLA applicable to Source Code.
     15           *
     16           ******************************************************************************/
     17          
     18          #include "app/framework/include/af.h"
     19          #include "app/framework/security/af-security.h"
     20          #include "app/util/serial/command-interpreter2.h"
     21          #include "app/framework/cli/security-cli.h"
     22          
     23          //------------------------------------------------------------------------------

   \                                 In section .data, align 1
     24          bool emberAfClearLinkKeyTableUponFormingOrJoining = true;
   \                     emberAfClearLinkKeyTableUponFormingOrJoining:
   \        0x0   0x01               DC8 1
     25          

   \                                 In section .rodata, align 4
     26          const EmberAfSecurityProfileData emAfSecurityProfileData[] = {
   \                     emAfSecurityProfileData:
   \        0x0   0x05 0x00          DC8 5, 0
   \        0x2   0x1B84 0x0100      DC16 7044, 256, 6404, 48
   \               0x1904 0x003
   \              0            
   \        0xA   0x00 0x00          DC8 0, 0, 90, 105, 103, 66, 101, 101, 65, 108, 108, 105, 97, 110, 99
   \              0x5A 0x69    
   \              0x67 0x42    
   \              0x65 0x65    
   \              0x41 0x6C    
   \              0x6C 0x69    
   \              0x61 0x6E    
   \              0x63         
   \       0x19   0x65 0x30          DC8 101, 48, 57
   \              0x39         
     27            #include "security-profile-data.h"
     28          };
     29          

   \                                 In section .rodata, align 4
     30          static const EmberKeyData unSetKey = DUMMY_KEY;
   \                     unSetKey:
   \        0x0   0xFF 0xFF          DC8 255, 255, 255, 255, 255, 255, 255, 255, 255, 255, 255, 255, 255
   \              0xFF 0xFF    
   \              0xFF 0xFF    
   \              0xFF 0xFF    
   \              0xFF 0xFF    
   \              0xFF 0xFF    
   \              0xFF         
   \        0xD   0xFF 0xFF          DC8 255, 255, 255
   \              0xFF         
     31          
     32          // This routine sets the keys from values previously set on the CLI.
     33          // If none are set via the CLI, then the default keys for the security profile
     34          // are used.

   \                                 In section .text, align 2, keep-with-next
     35          static void getKeyFromCli(EmberKeyData* returnData, bool linkKey)
     36          {
     37            uint8_t* keyPtr = (linkKey
     38                               ? emberKeyContents(&cliPreconfiguredLinkKey)
     39                               : emberKeyContents(&cliNetworkKey));
   \                     getKeyFromCli: (+1)
   \        0x0   0x2900             CMP      R1,#+0
   \        0x2   0xB538             PUSH     {R3-R5,LR}
   \        0x4   0x4604             MOV      R4,R0
   \        0x6   0xBF14             ITE      NE 
   \        0x8   0x....             LDRNE.N  R5,??DataTable1
   \        0xA   0x....             LDREQ.N  R5,??DataTable1_1
     40            if (0 != MEMCOMPARE(keyPtr,
     41                                emberKeyContents(&unSetKey),
     42                                EMBER_ENCRYPTION_KEY_SIZE)) {
   \        0xC   0x2210             MOVS     R2,#+16
   \        0xE   0x....             LDR.N    R1,??DataTable1_2
   \       0x10   0x4628             MOV      R0,R5
   \       0x12   0x....'....        BL       halCommonMemCompare
   \       0x16   0xB130             CBZ.N    R0,??getKeyFromCli_0
     43              MEMMOVE(emberKeyContents(returnData), keyPtr, EMBER_ENCRYPTION_KEY_SIZE);
   \       0x18   0x4629             MOV      R1,R5
   \       0x1A   0x4620             MOV      R0,R4
   \       0x1C   0x2210             MOVS     R2,#+16
   \       0x1E   0xE8BD 0x4038      POP      {R3-R5,LR}
   \       0x22   0x....'....        B.W      halCommonMemMove
     44            }
     45          }
   \                     ??getKeyFromCli_0: (+1)
   \       0x26   0xBD31             POP      {R0,R4,R5,PC}    ;; return
     46          

   \                                 In section .text, align 2, keep-with-next
     47          void getLinkKeyFromCli(EmberKeyData* returnData)
     48          {
     49            getKeyFromCli(returnData, true);
   \                     getLinkKeyFromCli: (+1)
   \        0x0   0x2101             MOVS     R1,#+1
   \        0x2   0x....             B.N      getKeyFromCli
     50          }
     51          

   \                                 In section .text, align 2, keep-with-next
     52          void getNetworkKeyFromCli(EmberKeyData* returnData)
     53          {
     54            getKeyFromCli(returnData, false);
   \                     getNetworkKeyFromCli: (+1)
   \        0x0   0x2100             MOVS     R1,#+0
   \        0x2   0x....             B.N      getKeyFromCli
     55          }
     56          

   \                                 In section .text, align 2, keep-with-next
     57          void emAfClearLinkKeyTable(void)
     58          {
     59          #if EMBER_KEY_TABLE_SIZE
     60            if (emberAfClearLinkKeyTableUponFormingOrJoining) {
     61              emberClearKeyTable();
     62            }
     63            emberAfClearLinkKeyTableUponFormingOrJoining = true;
     64          #endif
     65          }
   \                     emAfClearLinkKeyTable: (+1)
   \        0x0   0x4770             BX       LR               ;; return
     66          

   \                                 In section .text, align 2, keep-with-next
     67          const EmberAfSecurityProfileData *emAfGetCurrentSecurityProfileData(void)
     68          {
     69            uint8_t i;
     70            for (i = 0; i < COUNTOF(emAfSecurityProfileData); i++) {
     71              if (emAfProIsCurrentNetwork()
     72                  && (emAfCurrentZigbeeProNetwork->securityProfile
     73                      == emAfSecurityProfileData[i].securityProfile)) {
   \                     emAfGetCurrentSecurityProfileData: (+1)
   \        0x0   0x....             LDR.N    R0,??DataTable1_3
   \        0x2   0x6800             LDR      R0,[R0, #+0]
   \        0x4   0xB120             CBZ.N    R0,??emAfGetCurrentSecurityProfileData_0
   \        0x6   0x7840             LDRB     R0,[R0, #+1]
   \        0x8   0x2805             CMP      R0,#+5
   \        0xA   0xD101             BNE.N    ??emAfGetCurrentSecurityProfileData_0
     74                return &emAfSecurityProfileData[i];
   \        0xC   0x....             LDR.N    R0,??DataTable1_4
   \        0xE   0x4770             BX       LR
     75              }
     76            }
     77            return NULL;
   \                     ??emAfGetCurrentSecurityProfileData_0: (+1)
   \       0x10   0x2000             MOVS     R0,#+0
   \       0x12   0x4770             BX       LR               ;; return
     78          }
     79          

   \                                 In section .text, align 2, keep-with-next
     80          bool emberAfIsCurrentSecurityProfileSmartEnergy(void)
     81          {
     82          #ifdef EMBER_AF_HAS_SECURITY_PROFILE_SE
     83            return (emAfProIsCurrentNetwork()
     84                    && ((emAfCurrentZigbeeProNetwork->securityProfile
     85                         == EMBER_AF_SECURITY_PROFILE_SE_TEST)
     86                        || (emAfCurrentZigbeeProNetwork->securityProfile
     87                            == EMBER_AF_SECURITY_PROFILE_SE_FULL)));
     88          #else
     89            return false;
   \                     emberAfIsCurrentSecurityProfileSmartEnergy: (+1)
   \        0x0   0x2000             MOVS     R0,#+0
   \        0x2   0x4770             BX       LR               ;; return
     90          #endif
     91          }

   \                                 In section .text, align 4, keep-with-next
   \                     ??DataTable1:
   \        0x0   0x....'....        DC32     cliPreconfiguredLinkKey

   \                                 In section .text, align 4, keep-with-next
   \                     ??DataTable1_1:
   \        0x0   0x....'....        DC32     cliNetworkKey

   \                                 In section .text, align 4, keep-with-next
   \                     ??DataTable1_2:
   \        0x0   0x....'....        DC32     unSetKey

   \                                 In section .text, align 4, keep-with-next
   \                     ??DataTable1_3:
   \        0x0   0x....'....        DC32     emAfCurrentZigbeeProNetwork

   \                                 In section .text, align 4, keep-with-next
   \                     ??DataTable1_4:
   \        0x0   0x....'....        DC32     emAfSecurityProfileData

   Maximum stack usage in bytes:

   .cstack Function
   ------- --------
       0   emAfClearLinkKeyTable
       0   emAfGetCurrentSecurityProfileData
       0   emberAfIsCurrentSecurityProfileSmartEnergy
      16   getKeyFromCli
        16   -> halCommonMemCompare
         0   -> halCommonMemMove
       0   getLinkKeyFromCli
         0   -> getKeyFromCli
       0   getNetworkKeyFromCli
         0   -> getKeyFromCli


   Section sizes:

   Bytes  Function/Label
   -----  --------------
       4  ??DataTable1
       4  ??DataTable1_1
       4  ??DataTable1_2
       4  ??DataTable1_3
       4  ??DataTable1_4
       2  emAfClearLinkKeyTable
      20  emAfGetCurrentSecurityProfileData
      28  emAfSecurityProfileData
       1  emberAfClearLinkKeyTableUponFormingOrJoining
       4  emberAfIsCurrentSecurityProfileSmartEnergy
      40  getKeyFromCli
       4  getLinkKeyFromCli
       4  getNetworkKeyFromCli
      16  unSetKey

 
  1 byte  in section .data
 44 bytes in section .rodata
 94 bytes in section .text
 
 94 bytes of CODE  memory
 44 bytes of CONST memory
  1 byte  of DATA  memory

Errors: none
Warnings: none
