###############################################################################
#
# IAR ANSI C/C++ Compiler V8.32.2.178/W32 for ARM         14/Jun/2019  13:18:09
# Copyright 1999-2018 IAR Systems AB.
#
#    Cpu mode     =  
#    Endian       =  little
#    Source file  =  
#        C:\SiliconLabs\SimplicityStudio\v4\developer\sdks\gecko_sdk_suite\v2.6\util\third_party\mbedtls\library\arc4.c
#    Command line =  
#        -f C:\Users\alji\AppData\Local\Temp\EWAF8F.tmp
#        (C:\SiliconLabs\SimplicityStudio\v4\developer\sdks\gecko_sdk_suite\v2.6\util\third_party\mbedtls\library\arc4.c
#        -D LOCAL_STORAGE_BTL -D CORTEXM3 -D CORTEXM3_EFR32 -D
#        CORTEXM3_EFR32_MICRO -D CORTEXM3_EFM32_MICRO -D
#        EFR32_SERIES2_CONFIG1_MICRO -D EFR32MG21 -D EFR32MG21A010F1024IM32 -D
#        "ATTRIBUTE_STORAGE_CONFIGURATION=\"z3_lite_timer_mg21_v660_endpoint_config.h\""
#        -D "CONFIGURATION_HEADER=\"app/framework/util/config.h\"" -D
#        "GENERATED_TOKEN_HEADER=\"z3_lite_timer_mg21_v660_tokens.h\"" -D
#        "PLATFORM_HEADER=\"platform/base/hal/micro/cortexm3/compiler/iar.h\""
#        -D "ZA_GENERATED_HEADER=\"z3_lite_timer_mg21_v660.h\"" -D
#        "__SOURCEFILE__=\"arc4.c\"" -D PSSTORE_SIZE=0 -D LONGTOKEN_SIZE=0 -D
#        LOCKBITS_IN_MAINFLASH_SIZE=8192 -D HAL_CONFIG=1 -D EMBER_AF_USE_HWCONF
#        -D LED_BLINK_PERIOD_MS=1000 -D NO_LED=1 -D
#        "EMBER_AF_API_EMBER_TYPES=\"stack/include/ember-types.h\"" -D
#        "EMBER_AF_API_DEBUG_PRINT=\"app/framework/util/print.h\"" -D
#        "EMBER_AF_API_AF_HEADER=\"app/framework/include/af.h\"" -D
#        "EMBER_AF_API_AF_SECURITY_HEADER=\"app/framework/security/af-security.h\""
#        -D EMBER_STACK_ZIGBEE -D
#        "MBEDTLS_CONFIG_FILE=\"mbedtls-config-generated.h\"" -D USE_NVM3 -D
#        NVM3_DEFAULT_NVM_SIZE=NVM3_FLASH_PAGES*FLASH_PAGE_SIZE -D
#        EMLIB_USER_CONFIG -D HAL_BULBPWM_ENABLE=1 -D
#        HAL_BULBPWM_FREQUENCY=1000 -D
#        "APPLICATION_TOKEN_HEADER=\"znet-token.h\"" -D
#        "APPLICATION_MFG_TOKEN_HEADER=\"znet-mfg-token.h\"" -D
#        "MBEDTLS_DEVICE_ACCELERATION_CONFIG_FILE=\"configs/config-device-acceleration.h\""
#        -D
#        "MBEDTLS_DEVICE_ACCELERATION_CONFIG_APP_FILE=\"config-device-acceleration-app.h\""
#        -D NVM3_FLASH_PAGES=4 -D NVM3_DEFAULT_CACHE_SIZE=200 -D
#        NVM3_MAX_OBJECT_SIZE=254 -D NVM3_DEFAULT_REPACK_HEADROOM=0 -D
#        PHY_RAIL=1 -lC
#        C:\SiliconLabs\SimplicityStudio\v4\developer\sdks\gecko_sdk_suite\v2.5\z3_lite_timer_mg21_v660\build\lst
#        --diag_suppress Pa050 -o
#        C:\SiliconLabs\SimplicityStudio\v4\developer\sdks\gecko_sdk_suite\v2.5\z3_lite_timer_mg21_v660\build\obj
#        --no_unroll --no_clustering --debug --endian=little
#        --cpu=Cortex-M33.no_dsp --cmse --no_path_in_file_macros
#        --separate_cluster_for_initialized_variables -e --fpu=None
#        --dlib_config "C:\Program Files (x86)\IAR Systems\Embedded Workbench
#        8.2\arm\inc\c\DLib_Config_Normal.h" -I
#        C:\SiliconLabs\SimplicityStudio\v4\developer\sdks\gecko_sdk_suite\v2.6\util\third_party\mbedtls\library\
#        -I
#        C:\SiliconLabs\SimplicityStudio\v4\developer\sdks\gecko_sdk_suite\v2.5\z3_lite_timer_mg21_v660\
#        -I
#        C:\SiliconLabs\SimplicityStudio\v4\developer\sdks\gecko_sdk_suite\v2.5\z3_lite_timer_mg21_v660\..\..\v2.6\
#        -I
#        C:\SiliconLabs\SimplicityStudio\v4\developer\sdks\gecko_sdk_suite\v2.5\z3_lite_timer_mg21_v660\..\..\v2.6\protocol\zigbee\app\framework\
#        -I
#        C:\SiliconLabs\SimplicityStudio\v4\developer\sdks\gecko_sdk_suite\v2.5\z3_lite_timer_mg21_v660\..\..\v2.6\protocol\zigbee\app\framework\..\..\
#        -I
#        C:\SiliconLabs\SimplicityStudio\v4\developer\sdks\gecko_sdk_suite\v2.5\z3_lite_timer_mg21_v660\..\..\v2.6\protocol\zigbee\app\framework\..\..\stack\
#        -I
#        C:\SiliconLabs\SimplicityStudio\v4\developer\sdks\gecko_sdk_suite\v2.5\z3_lite_timer_mg21_v660\..\..\v2.6\protocol\zigbee\app\framework\..\util\
#        -I
#        C:\SiliconLabs\SimplicityStudio\v4\developer\sdks\gecko_sdk_suite\v2.5\z3_lite_timer_mg21_v660\..\..\v2.6\protocol\zigbee\app\framework\include\
#        -I
#        C:\SiliconLabs\SimplicityStudio\v4\developer\sdks\gecko_sdk_suite\v2.5\z3_lite_timer_mg21_v660\..\..\v2.6\platform\base\hal\
#        -I
#        C:\SiliconLabs\SimplicityStudio\v4\developer\sdks\gecko_sdk_suite\v2.5\z3_lite_timer_mg21_v660\..\..\v2.6\platform\base\hal\plugin\
#        -I
#        C:\SiliconLabs\SimplicityStudio\v4\developer\sdks\gecko_sdk_suite\v2.5\z3_lite_timer_mg21_v660\..\..\v2.6\platform\base\hal\..\
#        -I
#        C:\SiliconLabs\SimplicityStudio\v4\developer\sdks\gecko_sdk_suite\v2.5\z3_lite_timer_mg21_v660\..\..\v2.6\platform\base\hal\micro\cortexm3\efm32\
#        -I
#        C:\SiliconLabs\SimplicityStudio\v4\developer\sdks\gecko_sdk_suite\v2.5\z3_lite_timer_mg21_v660\..\..\v2.6\platform\base\hal\micro\cortexm3\efm32\config\
#        -I
#        C:\SiliconLabs\SimplicityStudio\v4\developer\sdks\gecko_sdk_suite\v2.5\z3_lite_timer_mg21_v660\..\..\v2.6\platform\base\hal\micro\cortexm3\efm32\efr32\
#        -I
#        C:\SiliconLabs\SimplicityStudio\v4\developer\sdks\gecko_sdk_suite\v2.5\z3_lite_timer_mg21_v660\..\..\v2.6\platform\base\hal\..\..\CMSIS\Include\
#        -I
#        C:\SiliconLabs\SimplicityStudio\v4\developer\sdks\gecko_sdk_suite\v2.5\z3_lite_timer_mg21_v660\..\..\v2.6\platform\base\hal\..\..\Device\SiliconLabs\efr32mg21\Include\
#        -I
#        C:\SiliconLabs\SimplicityStudio\v4\developer\sdks\gecko_sdk_suite\v2.5\z3_lite_timer_mg21_v660\..\..\v2.6\platform\base\hal\..\..\emdrv\common\inc\
#        -I
#        C:\SiliconLabs\SimplicityStudio\v4\developer\sdks\gecko_sdk_suite\v2.5\z3_lite_timer_mg21_v660\..\..\v2.6\platform\base\hal\..\..\emdrv\config\
#        -I
#        C:\SiliconLabs\SimplicityStudio\v4\developer\sdks\gecko_sdk_suite\v2.5\z3_lite_timer_mg21_v660\..\..\v2.6\platform\base\hal\..\..\emdrv\dmadrv\inc\
#        -I
#        C:\SiliconLabs\SimplicityStudio\v4\developer\sdks\gecko_sdk_suite\v2.5\z3_lite_timer_mg21_v660\..\..\v2.6\platform\base\hal\..\..\emdrv\gpiointerrupt\inc\
#        -I
#        C:\SiliconLabs\SimplicityStudio\v4\developer\sdks\gecko_sdk_suite\v2.5\z3_lite_timer_mg21_v660\..\..\v2.6\platform\base\hal\..\..\emdrv\rtcdrv\inc\
#        -I
#        C:\SiliconLabs\SimplicityStudio\v4\developer\sdks\gecko_sdk_suite\v2.5\z3_lite_timer_mg21_v660\..\..\v2.6\platform\base\hal\..\..\emdrv\sleep\inc\
#        -I
#        C:\SiliconLabs\SimplicityStudio\v4\developer\sdks\gecko_sdk_suite\v2.5\z3_lite_timer_mg21_v660\..\..\v2.6\platform\base\hal\..\..\emdrv\spidrv\inc\
#        -I
#        C:\SiliconLabs\SimplicityStudio\v4\developer\sdks\gecko_sdk_suite\v2.5\z3_lite_timer_mg21_v660\..\..\v2.6\platform\base\hal\..\..\emdrv\tempdrv\inc\
#        -I
#        C:\SiliconLabs\SimplicityStudio\v4\developer\sdks\gecko_sdk_suite\v2.5\z3_lite_timer_mg21_v660\..\..\v2.6\platform\base\hal\..\..\emdrv\uartdrv\inc\
#        -I
#        C:\SiliconLabs\SimplicityStudio\v4\developer\sdks\gecko_sdk_suite\v2.5\z3_lite_timer_mg21_v660\..\..\v2.6\platform\base\hal\..\..\emdrv\ustimer\inc\
#        -I
#        C:\SiliconLabs\SimplicityStudio\v4\developer\sdks\gecko_sdk_suite\v2.5\z3_lite_timer_mg21_v660\..\..\v2.6\platform\base\hal\..\..\emlib\inc\
#        -I
#        C:\SiliconLabs\SimplicityStudio\v4\developer\sdks\gecko_sdk_suite\v2.5\z3_lite_timer_mg21_v660\..\..\v2.6\platform\base\hal\..\..\middleware\glib\
#        -I
#        C:\SiliconLabs\SimplicityStudio\v4\developer\sdks\gecko_sdk_suite\v2.5\z3_lite_timer_mg21_v660\..\..\v2.6\platform\base\hal\..\..\middleware\glib\glib\
#        -I
#        C:\SiliconLabs\SimplicityStudio\v4\developer\sdks\gecko_sdk_suite\v2.5\z3_lite_timer_mg21_v660\..\..\v2.6\platform\base\hal\..\..\radio\rail_lib\plugin\
#        -I
#        C:\SiliconLabs\SimplicityStudio\v4\developer\sdks\gecko_sdk_suite\v2.5\z3_lite_timer_mg21_v660\..\..\v2.6\platform\base\hal\..\..\radio\rail_lib\chip\efr32\rf\common\cortex\
#        -I
#        C:\SiliconLabs\SimplicityStudio\v4\developer\sdks\gecko_sdk_suite\v2.5\z3_lite_timer_mg21_v660\..\..\v2.6\platform\base\hal\..\..\radio\rail_lib\chip\efr32\rf\rfprotocol\ieee802154\cortex\
#        -I
#        C:\SiliconLabs\SimplicityStudio\v4\developer\sdks\gecko_sdk_suite\v2.5\z3_lite_timer_mg21_v660\..\..\v2.6\platform\halconfig\inc\hal-config\
#        -I
#        C:\SiliconLabs\SimplicityStudio\v4\developer\sdks\gecko_sdk_suite\v2.5\z3_lite_timer_mg21_v660\..\..\v2.6\hardware\module\config\
#        -I
#        C:\SiliconLabs\SimplicityStudio\v4\developer\sdks\gecko_sdk_suite\v2.5\z3_lite_timer_mg21_v660\..\..\v2.6\hardware\kit\common\halconfig\
#        -I
#        C:\SiliconLabs\SimplicityStudio\v4\developer\sdks\gecko_sdk_suite\v2.5\z3_lite_timer_mg21_v660\..\..\v2.6\hardware\kit\common\bsp\
#        -I
#        C:\SiliconLabs\SimplicityStudio\v4\developer\sdks\gecko_sdk_suite\v2.5\z3_lite_timer_mg21_v660\hal-config\
#        -I
#        C:\SiliconLabs\SimplicityStudio\v4\developer\sdks\gecko_sdk_suite\v2.5\z3_lite_timer_mg21_v660\..\..\v2.6\platform\bootloader\
#        -I
#        C:\SiliconLabs\SimplicityStudio\v4\developer\sdks\gecko_sdk_suite\v2.5\z3_lite_timer_mg21_v660\..\..\v2.6\platform\emdrv\nvm3\inc\
#        -I
#        C:\SiliconLabs\SimplicityStudio\v4\developer\sdks\gecko_sdk_suite\v2.5\z3_lite_timer_mg21_v660\..\..\v2.6\platform\radio\rail_lib\chip\efr32\efr32xg2x\
#        -I
#        C:\SiliconLabs\SimplicityStudio\v4\developer\sdks\gecko_sdk_suite\v2.5\z3_lite_timer_mg21_v660\..\..\v2.6\platform\radio\rail_lib\common\
#        -I
#        C:\SiliconLabs\SimplicityStudio\v4\developer\sdks\gecko_sdk_suite\v2.5\z3_lite_timer_mg21_v660\..\..\v2.6\platform\radio\rail_lib\plugin\coexistence\common\
#        -I
#        C:\SiliconLabs\SimplicityStudio\v4\developer\sdks\gecko_sdk_suite\v2.5\z3_lite_timer_mg21_v660\..\..\v2.6\platform\radio\rail_lib\plugin\coexistence\hal\efr32\
#        -I
#        C:\SiliconLabs\SimplicityStudio\v4\developer\sdks\gecko_sdk_suite\v2.5\z3_lite_timer_mg21_v660\..\..\v2.6\platform\radio\rail_lib\plugin\coexistence\protocol\ieee802154\
#        -I
#        C:\SiliconLabs\SimplicityStudio\v4\developer\sdks\gecko_sdk_suite\v2.5\z3_lite_timer_mg21_v660\..\..\v2.6\platform\radio\rail_lib\protocol\ble\
#        -I
#        C:\SiliconLabs\SimplicityStudio\v4\developer\sdks\gecko_sdk_suite\v2.5\z3_lite_timer_mg21_v660\..\..\v2.6\platform\radio\rail_lib\protocol\ieee802154\
#        -I
#        C:\SiliconLabs\SimplicityStudio\v4\developer\sdks\gecko_sdk_suite\v2.5\z3_lite_timer_mg21_v660\..\..\v2.6\platform\radio\rail_lib\protocol\zwave\
#        -I
#        C:\SiliconLabs\SimplicityStudio\v4\developer\sdks\gecko_sdk_suite\v2.5\z3_lite_timer_mg21_v660\..\..\v2.6\util\plugin\plugin-common\mbedtls\
#        -I
#        C:\SiliconLabs\SimplicityStudio\v4\developer\sdks\gecko_sdk_suite\v2.5\z3_lite_timer_mg21_v660\..\..\v2.6\util\third_party\mbedtls\
#        -I
#        C:\SiliconLabs\SimplicityStudio\v4\developer\sdks\gecko_sdk_suite\v2.5\z3_lite_timer_mg21_v660\..\..\v2.6\util\third_party\mbedtls\include\
#        -I
#        C:\SiliconLabs\SimplicityStudio\v4\developer\sdks\gecko_sdk_suite\v2.5\z3_lite_timer_mg21_v660\..\..\v2.6\util\third_party\mbedtls\include\mbedtls\
#        -I
#        C:\SiliconLabs\SimplicityStudio\v4\developer\sdks\gecko_sdk_suite\v2.5\z3_lite_timer_mg21_v660\..\..\v2.6\util\third_party\mbedtls\sl_crypto\include\
#        -Ohz --use_c++_inline)
#    Locale       =  C
#    List file    =  
#        C:\SiliconLabs\SimplicityStudio\v4\developer\sdks\gecko_sdk_suite\v2.5\z3_lite_timer_mg21_v660\build\lst\arc4.lst
#    Object file  =  
#        C:\SiliconLabs\SimplicityStudio\v4\developer\sdks\gecko_sdk_suite\v2.5\z3_lite_timer_mg21_v660\build\obj\arc4.o
#
###############################################################################

C:\SiliconLabs\SimplicityStudio\v4\developer\sdks\gecko_sdk_suite\v2.6\util\third_party\mbedtls\library\arc4.c
      1          /***************************************************************************//**
      2           * # License
      3           *
      4           * The licensor of this software is Silicon Laboratories Inc. Your use of this
      5           * software is governed by the terms of Silicon Labs Master Software License
      6           * Agreement (MSLA) available at
      7           * www.silabs.com/about-us/legal/master-software-license-agreement. This
      8           * software is Third Party Software licensed by Silicon Labs from a third party
      9           * and is governed by the sections of the MSLA applicable to Third Party
     10           * Software and the additional terms set forth below.
     11           *
     12           ******************************************************************************/
     13          /*
     14           *  An implementation of the ARCFOUR algorithm
     15           *
     16           *  Copyright (C) 2006-2015, ARM Limited, All Rights Reserved
     17           *  SPDX-License-Identifier: Apache-2.0
     18           *
     19           *  Licensed under the Apache License, Version 2.0 (the "License"); you may
     20           *  not use this file except in compliance with the License.
     21           *  You may obtain a copy of the License at
     22           *
     23           *  http://www.apache.org/licenses/LICENSE-2.0
     24           *
     25           *  Unless required by applicable law or agreed to in writing, software
     26           *  distributed under the License is distributed on an "AS IS" BASIS, WITHOUT
     27           *  WARRANTIES OR CONDITIONS OF ANY KIND, either express or implied.
     28           *  See the License for the specific language governing permissions and
     29           *  limitations under the License.
     30           *
     31           *  This file is part of mbed TLS (https://tls.mbed.org)
     32           */
     33          /*
     34           *  The ARCFOUR algorithm was publicly disclosed on 94/09.
     35           *
     36           *  http://groups.google.com/group/sci.crypt/msg/10a300c9d21afca0
     37           */
     38          
     39          #if !defined(MBEDTLS_CONFIG_FILE)
     40          #include "mbedtls/config.h"
     41          #else
     42          #include MBEDTLS_CONFIG_FILE
     43          #endif
     44          
     45          #if defined(MBEDTLS_ARC4_C)
     46          
     47          #include "mbedtls/arc4.h"
     48          
     49          #include <string.h>
     50          
     51          #if defined(MBEDTLS_SELF_TEST)
     52          #if defined(MBEDTLS_PLATFORM_C)
     53          #include "mbedtls/platform.h"
     54          #else
     55          #include <stdio.h>
     56          #define mbedtls_printf printf
     57          #endif /* MBEDTLS_PLATFORM_C */
     58          #endif /* MBEDTLS_SELF_TEST */
     59          
     60          #if !defined(MBEDTLS_ARC4_ALT)
     61          
     62          /* Implementation that should never be optimized out by the compiler */
     63          static void mbedtls_zeroize( void *v, size_t n ) {
     64              volatile unsigned char *p = (unsigned char*)v; while( n-- ) *p++ = 0;
     65          }
     66          
     67          void mbedtls_arc4_init( mbedtls_arc4_context *ctx )
     68          {
     69              memset( ctx, 0, sizeof( mbedtls_arc4_context ) );
     70          }
     71          
     72          void mbedtls_arc4_free( mbedtls_arc4_context *ctx )
     73          {
     74              if( ctx == NULL )
     75                  return;
     76          
     77              mbedtls_zeroize( ctx, sizeof( mbedtls_arc4_context ) );
     78          }
     79          
     80          /*
     81           * ARC4 key schedule
     82           */
     83          void mbedtls_arc4_setup( mbedtls_arc4_context *ctx, const unsigned char *key,
     84                           unsigned int keylen )
     85          {
     86              int i, j, a;
     87              unsigned int k;
     88              unsigned char *m;
     89          
     90              ctx->x = 0;
     91              ctx->y = 0;
     92              m = ctx->m;
     93          
     94              for( i = 0; i < 256; i++ )
     95                  m[i] = (unsigned char) i;
     96          
     97              j = k = 0;
     98          
     99              for( i = 0; i < 256; i++, k++ )
    100              {
    101                  if( k >= keylen ) k = 0;
    102          
    103                  a = m[i];
    104                  j = ( j + a + key[k] ) & 0xFF;
    105                  m[i] = m[j];
    106                  m[j] = (unsigned char) a;
    107              }
    108          }
    109          
    110          /*
    111           * ARC4 cipher function
    112           */
    113          int mbedtls_arc4_crypt( mbedtls_arc4_context *ctx, size_t length, const unsigned char *input,
    114                          unsigned char *output )
    115          {
    116              int x, y, a, b;
    117              size_t i;
    118              unsigned char *m;
    119          
    120              x = ctx->x;
    121              y = ctx->y;
    122              m = ctx->m;
    123          
    124              for( i = 0; i < length; i++ )
    125              {
    126                  x = ( x + 1 ) & 0xFF; a = m[x];
    127                  y = ( y + a ) & 0xFF; b = m[y];
    128          
    129                  m[x] = (unsigned char) b;
    130                  m[y] = (unsigned char) a;
    131          
    132                  output[i] = (unsigned char)
    133                      ( input[i] ^ m[(unsigned char)( a + b )] );
    134              }
    135          
    136              ctx->x = x;
    137              ctx->y = y;
    138          
    139              return( 0 );
    140          }
    141          
    142          #endif /* !MBEDTLS_ARC4_ALT */
    143          
    144          #if defined(MBEDTLS_SELF_TEST)
    145          /*
    146           * ARC4 tests vectors as posted by Eric Rescorla in sep. 1994:
    147           *
    148           * http://groups.google.com/group/comp.security.misc/msg/10a300c9d21afca0
    149           */
    150          static const unsigned char arc4_test_key[3][8] =
    151          {
    152              { 0x01, 0x23, 0x45, 0x67, 0x89, 0xAB, 0xCD, 0xEF },
    153              { 0x01, 0x23, 0x45, 0x67, 0x89, 0xAB, 0xCD, 0xEF },
    154              { 0x00, 0x00, 0x00, 0x00, 0x00, 0x00, 0x00, 0x00 }
    155          };
    156          
    157          static const unsigned char arc4_test_pt[3][8] =
    158          {
    159              { 0x01, 0x23, 0x45, 0x67, 0x89, 0xAB, 0xCD, 0xEF },
    160              { 0x00, 0x00, 0x00, 0x00, 0x00, 0x00, 0x00, 0x00 },
    161              { 0x00, 0x00, 0x00, 0x00, 0x00, 0x00, 0x00, 0x00 }
    162          };
    163          
    164          static const unsigned char arc4_test_ct[3][8] =
    165          {
    166              { 0x75, 0xB7, 0x87, 0x80, 0x99, 0xE0, 0xC5, 0x96 },
    167              { 0x74, 0x94, 0xC2, 0xE7, 0x10, 0x4B, 0x08, 0x79 },
    168              { 0xDE, 0x18, 0x89, 0x41, 0xA3, 0x37, 0x5D, 0x3A }
    169          };
    170          
    171          /*
    172           * Checkup routine
    173           */
    174          int mbedtls_arc4_self_test( int verbose )
    175          {
    176              int i, ret = 0;
    177              unsigned char ibuf[8];
    178              unsigned char obuf[8];
    179              mbedtls_arc4_context ctx;
    180          
    181              mbedtls_arc4_init( &ctx );
    182          
    183              for( i = 0; i < 3; i++ )
    184              {
    185                  if( verbose != 0 )
    186                      mbedtls_printf( "  ARC4 test #%d: ", i + 1 );
    187          
    188                  memcpy( ibuf, arc4_test_pt[i], 8 );
    189          
    190                  mbedtls_arc4_setup( &ctx, arc4_test_key[i], 8 );
    191                  mbedtls_arc4_crypt( &ctx, 8, ibuf, obuf );
    192          
    193                  if( memcmp( obuf, arc4_test_ct[i], 8 ) != 0 )
    194                  {
    195                      if( verbose != 0 )
    196                          mbedtls_printf( "failed\n" );
    197          
    198                      ret = 1;
    199                      goto exit;
    200                  }
    201          
    202                  if( verbose != 0 )
    203                      mbedtls_printf( "passed\n" );
    204              }
    205          
    206              if( verbose != 0 )
    207                  mbedtls_printf( "\n" );
    208          
    209          exit:
    210              mbedtls_arc4_free( &ctx );
    211          
    212              return( ret );
    213          }
    214          
    215          #endif /* MBEDTLS_SELF_TEST */
    216          
    217          #endif /* MBEDTLS_ARC4_C */


 
 
 0 bytes of memory

Errors: none
Warnings: none
