###############################################################################
#
# IAR ANSI C/C++ Compiler V8.32.2.178/W32 for ARM         14/Jun/2019  13:18:25
# Copyright 1999-2018 IAR Systems AB.
#
#    Cpu mode     =  
#    Endian       =  little
#    Source file  =  
#        C:\SiliconLabs\SimplicityStudio\v4\developer\sdks\gecko_sdk_suite\v2.6\util\third_party\mbedtls\library\certs.c
#    Command line =  
#        -f C:\Users\alji\AppData\Local\Temp\EWEDE6.tmp
#        (C:\SiliconLabs\SimplicityStudio\v4\developer\sdks\gecko_sdk_suite\v2.6\util\third_party\mbedtls\library\certs.c
#        -D LOCAL_STORAGE_BTL -D CORTEXM3 -D CORTEXM3_EFR32 -D
#        CORTEXM3_EFR32_MICRO -D CORTEXM3_EFM32_MICRO -D
#        EFR32_SERIES2_CONFIG1_MICRO -D EFR32MG21 -D EFR32MG21A010F1024IM32 -D
#        "ATTRIBUTE_STORAGE_CONFIGURATION=\"z3_lite_timer_mg21_v660_endpoint_config.h\""
#        -D "CONFIGURATION_HEADER=\"app/framework/util/config.h\"" -D
#        "GENERATED_TOKEN_HEADER=\"z3_lite_timer_mg21_v660_tokens.h\"" -D
#        "PLATFORM_HEADER=\"platform/base/hal/micro/cortexm3/compiler/iar.h\""
#        -D "ZA_GENERATED_HEADER=\"z3_lite_timer_mg21_v660.h\"" -D
#        "__SOURCEFILE__=\"certs.c\"" -D PSSTORE_SIZE=0 -D LONGTOKEN_SIZE=0 -D
#        LOCKBITS_IN_MAINFLASH_SIZE=8192 -D HAL_CONFIG=1 -D EMBER_AF_USE_HWCONF
#        -D LED_BLINK_PERIOD_MS=1000 -D NO_LED=1 -D
#        "EMBER_AF_API_EMBER_TYPES=\"stack/include/ember-types.h\"" -D
#        "EMBER_AF_API_DEBUG_PRINT=\"app/framework/util/print.h\"" -D
#        "EMBER_AF_API_AF_HEADER=\"app/framework/include/af.h\"" -D
#        "EMBER_AF_API_AF_SECURITY_HEADER=\"app/framework/security/af-security.h\""
#        -D EMBER_STACK_ZIGBEE -D
#        "MBEDTLS_CONFIG_FILE=\"mbedtls-config-generated.h\"" -D USE_NVM3 -D
#        NVM3_DEFAULT_NVM_SIZE=NVM3_FLASH_PAGES*FLASH_PAGE_SIZE -D
#        EMLIB_USER_CONFIG -D HAL_BULBPWM_ENABLE=1 -D
#        HAL_BULBPWM_FREQUENCY=1000 -D
#        "APPLICATION_TOKEN_HEADER=\"znet-token.h\"" -D
#        "APPLICATION_MFG_TOKEN_HEADER=\"znet-mfg-token.h\"" -D
#        "MBEDTLS_DEVICE_ACCELERATION_CONFIG_FILE=\"configs/config-device-acceleration.h\""
#        -D
#        "MBEDTLS_DEVICE_ACCELERATION_CONFIG_APP_FILE=\"config-device-acceleration-app.h\""
#        -D NVM3_FLASH_PAGES=4 -D NVM3_DEFAULT_CACHE_SIZE=200 -D
#        NVM3_MAX_OBJECT_SIZE=254 -D NVM3_DEFAULT_REPACK_HEADROOM=0 -D
#        PHY_RAIL=1 -lC
#        C:\SiliconLabs\SimplicityStudio\v4\developer\sdks\gecko_sdk_suite\v2.5\z3_lite_timer_mg21_v660\build\lst
#        --diag_suppress Pa050 -o
#        C:\SiliconLabs\SimplicityStudio\v4\developer\sdks\gecko_sdk_suite\v2.5\z3_lite_timer_mg21_v660\build\obj
#        --no_unroll --no_clustering --debug --endian=little
#        --cpu=Cortex-M33.no_dsp --cmse --no_path_in_file_macros
#        --separate_cluster_for_initialized_variables -e --fpu=None
#        --dlib_config "C:\Program Files (x86)\IAR Systems\Embedded Workbench
#        8.2\arm\inc\c\DLib_Config_Normal.h" -I
#        C:\SiliconLabs\SimplicityStudio\v4\developer\sdks\gecko_sdk_suite\v2.6\util\third_party\mbedtls\library\
#        -I
#        C:\SiliconLabs\SimplicityStudio\v4\developer\sdks\gecko_sdk_suite\v2.5\z3_lite_timer_mg21_v660\
#        -I
#        C:\SiliconLabs\SimplicityStudio\v4\developer\sdks\gecko_sdk_suite\v2.5\z3_lite_timer_mg21_v660\..\..\v2.6\
#        -I
#        C:\SiliconLabs\SimplicityStudio\v4\developer\sdks\gecko_sdk_suite\v2.5\z3_lite_timer_mg21_v660\..\..\v2.6\protocol\zigbee\app\framework\
#        -I
#        C:\SiliconLabs\SimplicityStudio\v4\developer\sdks\gecko_sdk_suite\v2.5\z3_lite_timer_mg21_v660\..\..\v2.6\protocol\zigbee\app\framework\..\..\
#        -I
#        C:\SiliconLabs\SimplicityStudio\v4\developer\sdks\gecko_sdk_suite\v2.5\z3_lite_timer_mg21_v660\..\..\v2.6\protocol\zigbee\app\framework\..\..\stack\
#        -I
#        C:\SiliconLabs\SimplicityStudio\v4\developer\sdks\gecko_sdk_suite\v2.5\z3_lite_timer_mg21_v660\..\..\v2.6\protocol\zigbee\app\framework\..\util\
#        -I
#        C:\SiliconLabs\SimplicityStudio\v4\developer\sdks\gecko_sdk_suite\v2.5\z3_lite_timer_mg21_v660\..\..\v2.6\protocol\zigbee\app\framework\include\
#        -I
#        C:\SiliconLabs\SimplicityStudio\v4\developer\sdks\gecko_sdk_suite\v2.5\z3_lite_timer_mg21_v660\..\..\v2.6\platform\base\hal\
#        -I
#        C:\SiliconLabs\SimplicityStudio\v4\developer\sdks\gecko_sdk_suite\v2.5\z3_lite_timer_mg21_v660\..\..\v2.6\platform\base\hal\plugin\
#        -I
#        C:\SiliconLabs\SimplicityStudio\v4\developer\sdks\gecko_sdk_suite\v2.5\z3_lite_timer_mg21_v660\..\..\v2.6\platform\base\hal\..\
#        -I
#        C:\SiliconLabs\SimplicityStudio\v4\developer\sdks\gecko_sdk_suite\v2.5\z3_lite_timer_mg21_v660\..\..\v2.6\platform\base\hal\micro\cortexm3\efm32\
#        -I
#        C:\SiliconLabs\SimplicityStudio\v4\developer\sdks\gecko_sdk_suite\v2.5\z3_lite_timer_mg21_v660\..\..\v2.6\platform\base\hal\micro\cortexm3\efm32\config\
#        -I
#        C:\SiliconLabs\SimplicityStudio\v4\developer\sdks\gecko_sdk_suite\v2.5\z3_lite_timer_mg21_v660\..\..\v2.6\platform\base\hal\micro\cortexm3\efm32\efr32\
#        -I
#        C:\SiliconLabs\SimplicityStudio\v4\developer\sdks\gecko_sdk_suite\v2.5\z3_lite_timer_mg21_v660\..\..\v2.6\platform\base\hal\..\..\CMSIS\Include\
#        -I
#        C:\SiliconLabs\SimplicityStudio\v4\developer\sdks\gecko_sdk_suite\v2.5\z3_lite_timer_mg21_v660\..\..\v2.6\platform\base\hal\..\..\Device\SiliconLabs\efr32mg21\Include\
#        -I
#        C:\SiliconLabs\SimplicityStudio\v4\developer\sdks\gecko_sdk_suite\v2.5\z3_lite_timer_mg21_v660\..\..\v2.6\platform\base\hal\..\..\emdrv\common\inc\
#        -I
#        C:\SiliconLabs\SimplicityStudio\v4\developer\sdks\gecko_sdk_suite\v2.5\z3_lite_timer_mg21_v660\..\..\v2.6\platform\base\hal\..\..\emdrv\config\
#        -I
#        C:\SiliconLabs\SimplicityStudio\v4\developer\sdks\gecko_sdk_suite\v2.5\z3_lite_timer_mg21_v660\..\..\v2.6\platform\base\hal\..\..\emdrv\dmadrv\inc\
#        -I
#        C:\SiliconLabs\SimplicityStudio\v4\developer\sdks\gecko_sdk_suite\v2.5\z3_lite_timer_mg21_v660\..\..\v2.6\platform\base\hal\..\..\emdrv\gpiointerrupt\inc\
#        -I
#        C:\SiliconLabs\SimplicityStudio\v4\developer\sdks\gecko_sdk_suite\v2.5\z3_lite_timer_mg21_v660\..\..\v2.6\platform\base\hal\..\..\emdrv\rtcdrv\inc\
#        -I
#        C:\SiliconLabs\SimplicityStudio\v4\developer\sdks\gecko_sdk_suite\v2.5\z3_lite_timer_mg21_v660\..\..\v2.6\platform\base\hal\..\..\emdrv\sleep\inc\
#        -I
#        C:\SiliconLabs\SimplicityStudio\v4\developer\sdks\gecko_sdk_suite\v2.5\z3_lite_timer_mg21_v660\..\..\v2.6\platform\base\hal\..\..\emdrv\spidrv\inc\
#        -I
#        C:\SiliconLabs\SimplicityStudio\v4\developer\sdks\gecko_sdk_suite\v2.5\z3_lite_timer_mg21_v660\..\..\v2.6\platform\base\hal\..\..\emdrv\tempdrv\inc\
#        -I
#        C:\SiliconLabs\SimplicityStudio\v4\developer\sdks\gecko_sdk_suite\v2.5\z3_lite_timer_mg21_v660\..\..\v2.6\platform\base\hal\..\..\emdrv\uartdrv\inc\
#        -I
#        C:\SiliconLabs\SimplicityStudio\v4\developer\sdks\gecko_sdk_suite\v2.5\z3_lite_timer_mg21_v660\..\..\v2.6\platform\base\hal\..\..\emdrv\ustimer\inc\
#        -I
#        C:\SiliconLabs\SimplicityStudio\v4\developer\sdks\gecko_sdk_suite\v2.5\z3_lite_timer_mg21_v660\..\..\v2.6\platform\base\hal\..\..\emlib\inc\
#        -I
#        C:\SiliconLabs\SimplicityStudio\v4\developer\sdks\gecko_sdk_suite\v2.5\z3_lite_timer_mg21_v660\..\..\v2.6\platform\base\hal\..\..\middleware\glib\
#        -I
#        C:\SiliconLabs\SimplicityStudio\v4\developer\sdks\gecko_sdk_suite\v2.5\z3_lite_timer_mg21_v660\..\..\v2.6\platform\base\hal\..\..\middleware\glib\glib\
#        -I
#        C:\SiliconLabs\SimplicityStudio\v4\developer\sdks\gecko_sdk_suite\v2.5\z3_lite_timer_mg21_v660\..\..\v2.6\platform\base\hal\..\..\radio\rail_lib\plugin\
#        -I
#        C:\SiliconLabs\SimplicityStudio\v4\developer\sdks\gecko_sdk_suite\v2.5\z3_lite_timer_mg21_v660\..\..\v2.6\platform\base\hal\..\..\radio\rail_lib\chip\efr32\rf\common\cortex\
#        -I
#        C:\SiliconLabs\SimplicityStudio\v4\developer\sdks\gecko_sdk_suite\v2.5\z3_lite_timer_mg21_v660\..\..\v2.6\platform\base\hal\..\..\radio\rail_lib\chip\efr32\rf\rfprotocol\ieee802154\cortex\
#        -I
#        C:\SiliconLabs\SimplicityStudio\v4\developer\sdks\gecko_sdk_suite\v2.5\z3_lite_timer_mg21_v660\..\..\v2.6\platform\halconfig\inc\hal-config\
#        -I
#        C:\SiliconLabs\SimplicityStudio\v4\developer\sdks\gecko_sdk_suite\v2.5\z3_lite_timer_mg21_v660\..\..\v2.6\hardware\module\config\
#        -I
#        C:\SiliconLabs\SimplicityStudio\v4\developer\sdks\gecko_sdk_suite\v2.5\z3_lite_timer_mg21_v660\..\..\v2.6\hardware\kit\common\halconfig\
#        -I
#        C:\SiliconLabs\SimplicityStudio\v4\developer\sdks\gecko_sdk_suite\v2.5\z3_lite_timer_mg21_v660\..\..\v2.6\hardware\kit\common\bsp\
#        -I
#        C:\SiliconLabs\SimplicityStudio\v4\developer\sdks\gecko_sdk_suite\v2.5\z3_lite_timer_mg21_v660\hal-config\
#        -I
#        C:\SiliconLabs\SimplicityStudio\v4\developer\sdks\gecko_sdk_suite\v2.5\z3_lite_timer_mg21_v660\..\..\v2.6\platform\bootloader\
#        -I
#        C:\SiliconLabs\SimplicityStudio\v4\developer\sdks\gecko_sdk_suite\v2.5\z3_lite_timer_mg21_v660\..\..\v2.6\platform\emdrv\nvm3\inc\
#        -I
#        C:\SiliconLabs\SimplicityStudio\v4\developer\sdks\gecko_sdk_suite\v2.5\z3_lite_timer_mg21_v660\..\..\v2.6\platform\radio\rail_lib\chip\efr32\efr32xg2x\
#        -I
#        C:\SiliconLabs\SimplicityStudio\v4\developer\sdks\gecko_sdk_suite\v2.5\z3_lite_timer_mg21_v660\..\..\v2.6\platform\radio\rail_lib\common\
#        -I
#        C:\SiliconLabs\SimplicityStudio\v4\developer\sdks\gecko_sdk_suite\v2.5\z3_lite_timer_mg21_v660\..\..\v2.6\platform\radio\rail_lib\plugin\coexistence\common\
#        -I
#        C:\SiliconLabs\SimplicityStudio\v4\developer\sdks\gecko_sdk_suite\v2.5\z3_lite_timer_mg21_v660\..\..\v2.6\platform\radio\rail_lib\plugin\coexistence\hal\efr32\
#        -I
#        C:\SiliconLabs\SimplicityStudio\v4\developer\sdks\gecko_sdk_suite\v2.5\z3_lite_timer_mg21_v660\..\..\v2.6\platform\radio\rail_lib\plugin\coexistence\protocol\ieee802154\
#        -I
#        C:\SiliconLabs\SimplicityStudio\v4\developer\sdks\gecko_sdk_suite\v2.5\z3_lite_timer_mg21_v660\..\..\v2.6\platform\radio\rail_lib\protocol\ble\
#        -I
#        C:\SiliconLabs\SimplicityStudio\v4\developer\sdks\gecko_sdk_suite\v2.5\z3_lite_timer_mg21_v660\..\..\v2.6\platform\radio\rail_lib\protocol\ieee802154\
#        -I
#        C:\SiliconLabs\SimplicityStudio\v4\developer\sdks\gecko_sdk_suite\v2.5\z3_lite_timer_mg21_v660\..\..\v2.6\platform\radio\rail_lib\protocol\zwave\
#        -I
#        C:\SiliconLabs\SimplicityStudio\v4\developer\sdks\gecko_sdk_suite\v2.5\z3_lite_timer_mg21_v660\..\..\v2.6\util\plugin\plugin-common\mbedtls\
#        -I
#        C:\SiliconLabs\SimplicityStudio\v4\developer\sdks\gecko_sdk_suite\v2.5\z3_lite_timer_mg21_v660\..\..\v2.6\util\third_party\mbedtls\
#        -I
#        C:\SiliconLabs\SimplicityStudio\v4\developer\sdks\gecko_sdk_suite\v2.5\z3_lite_timer_mg21_v660\..\..\v2.6\util\third_party\mbedtls\include\
#        -I
#        C:\SiliconLabs\SimplicityStudio\v4\developer\sdks\gecko_sdk_suite\v2.5\z3_lite_timer_mg21_v660\..\..\v2.6\util\third_party\mbedtls\include\mbedtls\
#        -I
#        C:\SiliconLabs\SimplicityStudio\v4\developer\sdks\gecko_sdk_suite\v2.5\z3_lite_timer_mg21_v660\..\..\v2.6\util\third_party\mbedtls\sl_crypto\include\
#        -Ohz --use_c++_inline)
#    Locale       =  C
#    List file    =  
#        C:\SiliconLabs\SimplicityStudio\v4\developer\sdks\gecko_sdk_suite\v2.5\z3_lite_timer_mg21_v660\build\lst\certs.lst
#    Object file  =  
#        C:\SiliconLabs\SimplicityStudio\v4\developer\sdks\gecko_sdk_suite\v2.5\z3_lite_timer_mg21_v660\build\obj\certs.o
#
###############################################################################

C:\SiliconLabs\SimplicityStudio\v4\developer\sdks\gecko_sdk_suite\v2.6\util\third_party\mbedtls\library\certs.c
      1          /***************************************************************************//**
      2           * # License
      3           *
      4           * The licensor of this software is Silicon Laboratories Inc. Your use of this
      5           * software is governed by the terms of Silicon Labs Master Software License
      6           * Agreement (MSLA) available at
      7           * www.silabs.com/about-us/legal/master-software-license-agreement. This
      8           * software is Third Party Software licensed by Silicon Labs from a third party
      9           * and is governed by the sections of the MSLA applicable to Third Party
     10           * Software and the additional terms set forth below.
     11           *
     12           ******************************************************************************/
     13          /*
     14           *  X.509 test certificates
     15           *
     16           *  Copyright (C) 2006-2015, ARM Limited, All Rights Reserved
     17           *  SPDX-License-Identifier: Apache-2.0
     18           *
     19           *  Licensed under the Apache License, Version 2.0 (the "License"); you may
     20           *  not use this file except in compliance with the License.
     21           *  You may obtain a copy of the License at
     22           *
     23           *  http://www.apache.org/licenses/LICENSE-2.0
     24           *
     25           *  Unless required by applicable law or agreed to in writing, software
     26           *  distributed under the License is distributed on an "AS IS" BASIS, WITHOUT
     27           *  WARRANTIES OR CONDITIONS OF ANY KIND, either express or implied.
     28           *  See the License for the specific language governing permissions and
     29           *  limitations under the License.
     30           *
     31           *  This file is part of mbed TLS (https://tls.mbed.org)
     32           */
     33          
     34          #if !defined(MBEDTLS_CONFIG_FILE)
     35          #include "mbedtls/config.h"
     36          #else
     37          #include MBEDTLS_CONFIG_FILE
     38          #endif
     39          
     40          #include "mbedtls/certs.h"
     41          
     42          #if defined(MBEDTLS_CERTS_C)
     43          
     44          #if defined(MBEDTLS_ECDSA_C)
     45          #define TEST_CA_CRT_EC                                                  \
     46          "-----BEGIN CERTIFICATE-----\r\n"                                       \
     47          "MIICUjCCAdegAwIBAgIJAMFD4n5iQ8zoMAoGCCqGSM49BAMCMD4xCzAJBgNVBAYT\r\n"  \
     48          "Ak5MMREwDwYDVQQKEwhQb2xhclNTTDEcMBoGA1UEAxMTUG9sYXJzc2wgVGVzdCBF\r\n"  \
     49          "QyBDQTAeFw0xMzA5MjQxNTQ5NDhaFw0yMzA5MjIxNTQ5NDhaMD4xCzAJBgNVBAYT\r\n"  \
     50          "Ak5MMREwDwYDVQQKEwhQb2xhclNTTDEcMBoGA1UEAxMTUG9sYXJzc2wgVGVzdCBF\r\n"  \
     51          "QyBDQTB2MBAGByqGSM49AgEGBSuBBAAiA2IABMPaKzRBN1gvh1b+/Im6KUNLTuBu\r\n"  \
     52          "ww5XUzM5WNRStJGVOQsj318XJGJI/BqVKc4sLYfCiFKAr9ZqqyHduNMcbli4yuiy\r\n"  \
     53          "aY7zQa0pw7RfdadHb9UZKVVpmlM7ILRmFmAzHqOBoDCBnTAdBgNVHQ4EFgQUnW0g\r\n"  \
     54          "JEkBPyvLeLUZvH4kydv7NnwwbgYDVR0jBGcwZYAUnW0gJEkBPyvLeLUZvH4kydv7\r\n"  \
     55          "NnyhQqRAMD4xCzAJBgNVBAYTAk5MMREwDwYDVQQKEwhQb2xhclNTTDEcMBoGA1UE\r\n"  \
     56          "AxMTUG9sYXJzc2wgVGVzdCBFQyBDQYIJAMFD4n5iQ8zoMAwGA1UdEwQFMAMBAf8w\r\n"  \
     57          "CgYIKoZIzj0EAwIDaQAwZgIxAMO0YnNWKJUAfXgSJtJxexn4ipg+kv4znuR50v56\r\n"  \
     58          "t4d0PCu412mUC6Nnd7izvtE2MgIxAP1nnJQjZ8BWukszFQDG48wxCCyci9qpdSMv\r\n"  \
     59          "uCjn8pwUOkABXK8Mss90fzCfCEOtIA==\r\n"                                  \
     60          "-----END CERTIFICATE-----\r\n"
     61          const char mbedtls_test_ca_crt_ec[] = TEST_CA_CRT_EC;
     62          const size_t mbedtls_test_ca_crt_ec_len = sizeof( mbedtls_test_ca_crt_ec );
     63          
     64          const char mbedtls_test_ca_key_ec[] =
     65          "-----BEGIN EC PRIVATE KEY-----\r\n"
     66          "Proc-Type: 4,ENCRYPTED\r\n"
     67          "DEK-Info: DES-EDE3-CBC,307EAB469933D64E\r\n"
     68          "\r\n"
     69          "IxbrRmKcAzctJqPdTQLA4SWyBYYGYJVkYEna+F7Pa5t5Yg/gKADrFKcm6B72e7DG\r\n"
     70          "ihExtZI648s0zdYw6qSJ74vrPSuWDe5qm93BqsfVH9svtCzWHW0pm1p0KTBCFfUq\r\n"
     71          "UsuWTITwJImcnlAs1gaRZ3sAWm7cOUidL0fo2G0fYUFNcYoCSLffCFTEHBuPnagb\r\n"
     72          "a77x/sY1Bvii8S9/XhDTb6pTMx06wzrm\r\n"
     73          "-----END EC PRIVATE KEY-----\r\n";
     74          const size_t mbedtls_test_ca_key_ec_len = sizeof( mbedtls_test_ca_key_ec );
     75          
     76          const char mbedtls_test_ca_pwd_ec[] = "PolarSSLTest";
     77          const size_t mbedtls_test_ca_pwd_ec_len = sizeof( mbedtls_test_ca_pwd_ec ) - 1;
     78          
     79          const char mbedtls_test_srv_crt_ec[] =
     80          "-----BEGIN CERTIFICATE-----\r\n"
     81          "MIICHzCCAaWgAwIBAgIBCTAKBggqhkjOPQQDAjA+MQswCQYDVQQGEwJOTDERMA8G\r\n"
     82          "A1UEChMIUG9sYXJTU0wxHDAaBgNVBAMTE1BvbGFyc3NsIFRlc3QgRUMgQ0EwHhcN\r\n"
     83          "MTMwOTI0MTU1MjA0WhcNMjMwOTIyMTU1MjA0WjA0MQswCQYDVQQGEwJOTDERMA8G\r\n"
     84          "A1UEChMIUG9sYXJTU0wxEjAQBgNVBAMTCWxvY2FsaG9zdDBZMBMGByqGSM49AgEG\r\n"
     85          "CCqGSM49AwEHA0IABDfMVtl2CR5acj7HWS3/IG7ufPkGkXTQrRS192giWWKSTuUA\r\n"
     86          "2CMR/+ov0jRdXRa9iojCa3cNVc2KKg76Aci07f+jgZ0wgZowCQYDVR0TBAIwADAd\r\n"
     87          "BgNVHQ4EFgQUUGGlj9QH2deCAQzlZX+MY0anE74wbgYDVR0jBGcwZYAUnW0gJEkB\r\n"
     88          "PyvLeLUZvH4kydv7NnyhQqRAMD4xCzAJBgNVBAYTAk5MMREwDwYDVQQKEwhQb2xh\r\n"
     89          "clNTTDEcMBoGA1UEAxMTUG9sYXJzc2wgVGVzdCBFQyBDQYIJAMFD4n5iQ8zoMAoG\r\n"
     90          "CCqGSM49BAMCA2gAMGUCMQCaLFzXptui5WQN8LlO3ddh1hMxx6tzgLvT03MTVK2S\r\n"
     91          "C12r0Lz3ri/moSEpNZWqPjkCMCE2f53GXcYLqyfyJR078c/xNSUU5+Xxl7VZ414V\r\n"
     92          "fGa5kHvHARBPc8YAIVIqDvHH1Q==\r\n"
     93          "-----END CERTIFICATE-----\r\n";
     94          const size_t mbedtls_test_srv_crt_ec_len = sizeof( mbedtls_test_srv_crt_ec );
     95          
     96          const char mbedtls_test_srv_key_ec[] =
     97          "-----BEGIN EC PRIVATE KEY-----\r\n"
     98          "MHcCAQEEIPEqEyB2AnCoPL/9U/YDHvdqXYbIogTywwyp6/UfDw6noAoGCCqGSM49\r\n"
     99          "AwEHoUQDQgAEN8xW2XYJHlpyPsdZLf8gbu58+QaRdNCtFLX3aCJZYpJO5QDYIxH/\r\n"
    100          "6i/SNF1dFr2KiMJrdw1VzYoqDvoByLTt/w==\r\n"
    101          "-----END EC PRIVATE KEY-----\r\n";
    102          const size_t mbedtls_test_srv_key_ec_len = sizeof( mbedtls_test_srv_key_ec );
    103          
    104          const char mbedtls_test_cli_crt_ec[] =
    105          "-----BEGIN CERTIFICATE-----\r\n"
    106          "MIICLDCCAbKgAwIBAgIBDTAKBggqhkjOPQQDAjA+MQswCQYDVQQGEwJOTDERMA8G\r\n"
    107          "A1UEChMIUG9sYXJTU0wxHDAaBgNVBAMTE1BvbGFyc3NsIFRlc3QgRUMgQ0EwHhcN\r\n"
    108          "MTMwOTI0MTU1MjA0WhcNMjMwOTIyMTU1MjA0WjBBMQswCQYDVQQGEwJOTDERMA8G\r\n"
    109          "A1UEChMIUG9sYXJTU0wxHzAdBgNVBAMTFlBvbGFyU1NMIFRlc3QgQ2xpZW50IDIw\r\n"
    110          "WTATBgcqhkjOPQIBBggqhkjOPQMBBwNCAARX5a6xc9/TrLuTuIH/Eq7u5lOszlVT\r\n"
    111          "9jQOzC7jYyUL35ji81xgNpbA1RgUcOV/n9VLRRjlsGzVXPiWj4dwo+THo4GdMIGa\r\n"
    112          "MAkGA1UdEwQCMAAwHQYDVR0OBBYEFHoAX4Zk/OBd5REQO7LmO8QmP8/iMG4GA1Ud\r\n"
    113          "IwRnMGWAFJ1tICRJAT8ry3i1Gbx+JMnb+zZ8oUKkQDA+MQswCQYDVQQGEwJOTDER\r\n"
    114          "MA8GA1UEChMIUG9sYXJTU0wxHDAaBgNVBAMTE1BvbGFyc3NsIFRlc3QgRUMgQ0GC\r\n"
    115          "CQDBQ+J+YkPM6DAKBggqhkjOPQQDAgNoADBlAjBKZQ17IIOimbmoD/yN7o89u3BM\r\n"
    116          "lgOsjnhw3fIOoLIWy2WOGsk/LGF++DzvrRzuNiACMQCd8iem1XS4JK7haj8xocpU\r\n"
    117          "LwjQje5PDGHfd3h9tP38Qknu5bJqws0md2KOKHyeV0U=\r\n"
    118          "-----END CERTIFICATE-----\r\n";
    119          const size_t mbedtls_test_cli_crt_ec_len = sizeof( mbedtls_test_cli_crt_ec );
    120          
    121          const char mbedtls_test_cli_key_ec[] =
    122          "-----BEGIN EC PRIVATE KEY-----\r\n"
    123          "MHcCAQEEIPb3hmTxZ3/mZI3vyk7p3U3wBf+WIop6hDhkFzJhmLcqoAoGCCqGSM49\r\n"
    124          "AwEHoUQDQgAEV+WusXPf06y7k7iB/xKu7uZTrM5VU/Y0Dswu42MlC9+Y4vNcYDaW\r\n"
    125          "wNUYFHDlf5/VS0UY5bBs1Vz4lo+HcKPkxw==\r\n"
    126          "-----END EC PRIVATE KEY-----\r\n";
    127          const size_t mbedtls_test_cli_key_ec_len = sizeof( mbedtls_test_cli_key_ec );
    128          #endif /* MBEDTLS_ECDSA_C */
    129          
    130          #if defined(MBEDTLS_RSA_C)
    131          
    132          #if defined(MBEDTLS_SHA256_C)
    133          #define TEST_CA_CRT_RSA_SHA256                                          \
    134          "-----BEGIN CERTIFICATE-----\r\n"                                       \
    135          "MIIDhzCCAm+gAwIBAgIBADANBgkqhkiG9w0BAQsFADA7MQswCQYDVQQGEwJOTDER\r\n"  \
    136          "MA8GA1UECgwIUG9sYXJTU0wxGTAXBgNVBAMMEFBvbGFyU1NMIFRlc3QgQ0EwHhcN\r\n"  \
    137          "MTcwNTA0MTY1NzAxWhcNMjcwNTA1MTY1NzAxWjA7MQswCQYDVQQGEwJOTDERMA8G\r\n"  \
    138          "A1UECgwIUG9sYXJTU0wxGTAXBgNVBAMMEFBvbGFyU1NMIFRlc3QgQ0EwggEiMA0G\r\n"  \
    139          "CSqGSIb3DQEBAQUAA4IBDwAwggEKAoIBAQDA3zf8F7vglp0/ht6WMn1EpRagzSHx\r\n"  \
    140          "mdTs6st8GFgIlKXsm8WL3xoemTiZhx57wI053zhdcHgH057Zk+i5clHFzqMwUqny\r\n"  \
    141          "50BwFMtEonILwuVA+T7lpg6z+exKY8C4KQB0nFc7qKUEkHHxvYPZP9al4jwqj+8n\r\n"  \
    142          "YMPGn8u67GB9t+aEMr5P+1gmIgNb1LTV+/Xjli5wwOQuvfwu7uJBVcA0Ln0kcmnL\r\n"  \
    143          "R7EUQIN9Z/SG9jGr8XmksrUuEvmEF/Bibyc+E1ixVA0hmnM3oTDPb5Lc9un8rNsu\r\n"  \
    144          "KNF+AksjoBXyOGVkCeoMbo4bF6BxyLObyavpw/LPh5aPgAIynplYb6LVAgMBAAGj\r\n"  \
    145          "gZUwgZIwHQYDVR0OBBYEFLRa5KWz3tJS9rnVppUP6z68x/3/MGMGA1UdIwRcMFqA\r\n"  \
    146          "FLRa5KWz3tJS9rnVppUP6z68x/3/oT+kPTA7MQswCQYDVQQGEwJOTDERMA8GA1UE\r\n"  \
    147          "CgwIUG9sYXJTU0wxGTAXBgNVBAMMEFBvbGFyU1NMIFRlc3QgQ0GCAQAwDAYDVR0T\r\n"  \
    148          "BAUwAwEB/zANBgkqhkiG9w0BAQsFAAOCAQEAHK/HHrTZMnnVMpde1io+voAtql7j\r\n"  \
    149          "4sRhLrjD7o3THtwRbDa2diCvpq0Sq23Ng2LMYoXsOxoL/RQK3iN7UKxV3MKPEr0w\r\n"  \
    150          "XQS+kKQqiT2bsfrjnWMVHZtUOMpm6FNqcdGm/Rss3vKda2lcKl8kUnq/ylc1+QbB\r\n"  \
    151          "G6A6tUvQcr2ZyWfVg+mM5XkhTrOOXus2OLikb4WwEtJTJRNE0f+yPODSUz0/vT57\r\n"  \
    152          "ApH0CnB80bYJshYHPHHymOtleAB8KSYtqm75g/YNobjnjB6cm4HkW3OZRVIl6fYY\r\n"  \
    153          "n20NRVA1Vjs6GAROr4NqW4k/+LofY9y0LLDE+p0oIEKXIsIvhPr39swxSA==\r\n"      \
    154          "-----END CERTIFICATE-----\r\n"
    155          
    156          const char   mbedtls_test_ca_crt_rsa[]   = TEST_CA_CRT_RSA_SHA256;
    157          const size_t mbedtls_test_ca_crt_rsa_len = sizeof( mbedtls_test_ca_crt_rsa );
    158          #define TEST_CA_CRT_RSA_SOME
    159          
    160          static const char mbedtls_test_ca_crt_rsa_sha256[] = TEST_CA_CRT_RSA_SHA256;
    161          
    162          #endif
    163          
    164          #if !defined(TEST_CA_CRT_RSA_SOME) || defined(MBEDTLS_SHA1_C)
    165          #define TEST_CA_CRT_RSA_SHA1                                            \
    166          "-----BEGIN CERTIFICATE-----\r\n"                                       \
    167          "MIIDhzCCAm+gAwIBAgIBADANBgkqhkiG9w0BAQUFADA7MQswCQYDVQQGEwJOTDER\r\n"  \
    168          "MA8GA1UEChMIUG9sYXJTU0wxGTAXBgNVBAMTEFBvbGFyU1NMIFRlc3QgQ0EwHhcN\r\n"  \
    169          "MTEwMjEyMTQ0NDAwWhcNMjEwMjEyMTQ0NDAwWjA7MQswCQYDVQQGEwJOTDERMA8G\r\n"  \
    170          "A1UEChMIUG9sYXJTU0wxGTAXBgNVBAMTEFBvbGFyU1NMIFRlc3QgQ0EwggEiMA0G\r\n"  \
    171          "CSqGSIb3DQEBAQUAA4IBDwAwggEKAoIBAQDA3zf8F7vglp0/ht6WMn1EpRagzSHx\r\n"  \
    172          "mdTs6st8GFgIlKXsm8WL3xoemTiZhx57wI053zhdcHgH057Zk+i5clHFzqMwUqny\r\n"  \
    173          "50BwFMtEonILwuVA+T7lpg6z+exKY8C4KQB0nFc7qKUEkHHxvYPZP9al4jwqj+8n\r\n"  \
    174          "YMPGn8u67GB9t+aEMr5P+1gmIgNb1LTV+/Xjli5wwOQuvfwu7uJBVcA0Ln0kcmnL\r\n"  \
    175          "R7EUQIN9Z/SG9jGr8XmksrUuEvmEF/Bibyc+E1ixVA0hmnM3oTDPb5Lc9un8rNsu\r\n"  \
    176          "KNF+AksjoBXyOGVkCeoMbo4bF6BxyLObyavpw/LPh5aPgAIynplYb6LVAgMBAAGj\r\n"  \
    177          "gZUwgZIwDAYDVR0TBAUwAwEB/zAdBgNVHQ4EFgQUtFrkpbPe0lL2udWmlQ/rPrzH\r\n"  \
    178          "/f8wYwYDVR0jBFwwWoAUtFrkpbPe0lL2udWmlQ/rPrzH/f+hP6Q9MDsxCzAJBgNV\r\n"  \
    179          "BAYTAk5MMREwDwYDVQQKEwhQb2xhclNTTDEZMBcGA1UEAxMQUG9sYXJTU0wgVGVz\r\n"  \
    180          "dCBDQYIBADANBgkqhkiG9w0BAQUFAAOCAQEAuP1U2ABUkIslsCfdlc2i94QHHYeJ\r\n"  \
    181          "SsR4EdgHtdciUI5I62J6Mom+Y0dT/7a+8S6MVMCZP6C5NyNyXw1GWY/YR82XTJ8H\r\n"  \
    182          "DBJiCTok5DbZ6SzaONBzdWHXwWwmi5vg1dxn7YxrM9d0IjxM27WNKs4sDQhZBQkF\r\n"  \
    183          "pjmfs2cb4oPl4Y9T9meTx/lvdkRYEug61Jfn6cA+qHpyPYdTH+UshITnmp5/Ztkf\r\n"  \
    184          "m/UTSLBNFNHesiTZeH31NcxYGdHSme9Nc/gfidRa0FLOCfWxRlFqAI47zG9jAQCZ\r\n"  \
    185          "7Z2mCGDNMhjQc+BYcdnl0lPXjdDK6V0qCg1dVewhUBcW5gZKzV7e9+DpVA==\r\n"      \
    186          "-----END CERTIFICATE-----\r\n"
    187          
    188          #if !defined (TEST_CA_CRT_RSA_SOME)
    189          const char   mbedtls_test_ca_crt_rsa[]   = TEST_CA_CRT_RSA_SHA1;
    190          const size_t mbedtls_test_ca_crt_rsa_len = sizeof( mbedtls_test_ca_crt_rsa );
    191          #endif
    192          
    193          static const char mbedtls_test_ca_crt_rsa_sha1[] = TEST_CA_CRT_RSA_SHA1;
    194          
    195          #endif
    196          
    197          const char mbedtls_test_ca_key_rsa[] =
    198          "-----BEGIN RSA PRIVATE KEY-----\r\n"
    199          "Proc-Type: 4,ENCRYPTED\r\n"
    200          "DEK-Info: DES-EDE3-CBC,A8A95B05D5B7206B\r\n"
    201          "\r\n"
    202          "9Qd9GeArejl1GDVh2lLV1bHt0cPtfbh5h/5zVpAVaFpqtSPMrElp50Rntn9et+JA\r\n"
    203          "7VOyboR+Iy2t/HU4WvA687k3Bppe9GwKHjHhtl//8xFKwZr3Xb5yO5JUP8AUctQq\r\n"
    204          "Nb8CLlZyuUC+52REAAthdWgsX+7dJO4yabzUcQ22Tp9JSD0hiL43BlkWYUNK3dAo\r\n"
    205          "PZlmiptjnzVTjg1MxsBSydZinWOLBV8/JQgxSPo2yD4uEfig28qbvQ2wNIn0pnAb\r\n"
    206          "GxnSAOazkongEGfvcjIIs+LZN9gXFhxcOh6kc4Q/c99B7QWETwLLkYgZ+z1a9VY9\r\n"
    207          "gEU7CwCxYCD+h9hY6FPmsK0/lC4O7aeRKpYq00rPPxs6i7phiexg6ax6yTMmArQq\r\n"
    208          "QmK3TAsJm8V/J5AWpLEV6jAFgRGymGGHnof0DXzVWZidrcZJWTNuGEX90nB3ee2w\r\n"
    209          "PXJEFWKoD3K3aFcSLdHYr3mLGxP7H9ThQai9VsycxZKS5kwvBKQ//YMrmFfwPk8x\r\n"
    210          "vTeY4KZMaUrveEel5tWZC94RSMKgxR6cyE1nBXyTQnDOGbfpNNgBKxyKbINWoOJU\r\n"
    211          "WJZAwlsQn+QzCDwpri7+sV1mS3gBE6UY7aQmnmiiaC2V3Hbphxct/en5QsfDOt1X\r\n"
    212          "JczSfpRWLlbPznZg8OQh/VgCMA58N5DjOzTIK7sJJ5r+94ZBTCpgAMbF588f0NTR\r\n"
    213          "KCe4yrxGJR7X02M4nvD4IwOlpsQ8xQxZtOSgXv4LkxvdU9XJJKWZ/XNKJeWztxSe\r\n"
    214          "Z1vdTc2YfsDBA2SEv33vxHx2g1vqtw8SjDRT2RaQSS0QuSaMJimdOX6mTOCBKk1J\r\n"
    215          "9Q5mXTrER+/LnK0jEmXsBXWA5bqqVZIyahXSx4VYZ7l7w/PHiUDtDgyRhMMKi4n2\r\n"
    216          "iQvQcWSQTjrpnlJbca1/DkpRt3YwrvJwdqb8asZU2VrNETh5x0QVefDRLFiVpif/\r\n"
    217          "tUaeAe/P1F8OkS7OIZDs1SUbv/sD2vMbhNkUoCms3/PvNtdnvgL4F0zhaDpKCmlT\r\n"
    218          "P8vx49E7v5CyRNmED9zZg4o3wmMqrQO93PtTug3Eu9oVx1zPQM1NVMyBa2+f29DL\r\n"
    219          "1nuTCeXdo9+ni45xx+jAI4DCwrRdhJ9uzZyC6962H37H6D+5naNvClFR1s6li1Gb\r\n"
    220          "nqPoiy/OBsEx9CaDGcqQBp5Wme/3XW+6z1ISOx+igwNTVCT14mHdBMbya0eIKft5\r\n"
    221          "X+GnwtgEMyCYyyWuUct8g4RzErcY9+yW9Om5Hzpx4zOuW4NPZgPDTgK+t2RSL/Yq\r\n"
    222          "rE1njrgeGYcVeG3f+OftH4s6fPbq7t1A5ZgUscbLMBqr9tK+OqygR4EgKBPsH6Cz\r\n"
    223          "L6zlv/2RV0qAHvVuDJcIDIgwY5rJtINEm32rhOeFNJwZS5MNIC1czXZx5//ugX7l\r\n"
    224          "I4sy5nbVhwSjtAk8Xg5dZbdTZ6mIrb7xqH+fdakZor1khG7bC2uIwibD3cSl2XkR\r\n"
    225          "wN48lslbHnqqagr6Xm1nNOSVl8C/6kbJEsMpLhAezfRtGwvOucoaE+WbeUNolGde\r\n"
    226          "P/eQiddSf0brnpiLJRh7qZrl9XuqYdpUqnoEdMAfotDOID8OtV7gt8a48ad8VPW2\r\n"
    227          "-----END RSA PRIVATE KEY-----\r\n";
    228          const size_t mbedtls_test_ca_key_rsa_len = sizeof( mbedtls_test_ca_key_rsa );
    229          
    230          const char mbedtls_test_ca_pwd_rsa[] = "PolarSSLTest";
    231          const size_t mbedtls_test_ca_pwd_rsa_len = sizeof( mbedtls_test_ca_pwd_rsa ) - 1;
    232          
    233          const char mbedtls_test_srv_crt_rsa[] =
    234          "-----BEGIN CERTIFICATE-----\r\n"
    235          "MIIDNzCCAh+gAwIBAgIBAjANBgkqhkiG9w0BAQUFADA7MQswCQYDVQQGEwJOTDER\r\n"
    236          "MA8GA1UEChMIUG9sYXJTU0wxGTAXBgNVBAMTEFBvbGFyU1NMIFRlc3QgQ0EwHhcN\r\n"
    237          "MTEwMjEyMTQ0NDA2WhcNMjEwMjEyMTQ0NDA2WjA0MQswCQYDVQQGEwJOTDERMA8G\r\n"
    238          "A1UEChMIUG9sYXJTU0wxEjAQBgNVBAMTCWxvY2FsaG9zdDCCASIwDQYJKoZIhvcN\r\n"
    239          "AQEBBQADggEPADCCAQoCggEBAMFNo93nzR3RBNdJcriZrA545Do8Ss86ExbQWuTN\r\n"
    240          "owCIp+4ea5anUrSQ7y1yej4kmvy2NKwk9XfgJmSMnLAofaHa6ozmyRyWvP7BBFKz\r\n"
    241          "NtSj+uGxdtiQwWG0ZlI2oiZTqqt0Xgd9GYLbKtgfoNkNHC1JZvdbJXNG6AuKT2kM\r\n"
    242          "tQCQ4dqCEGZ9rlQri2V5kaHiYcPNQEkI7mgM8YuG0ka/0LiqEQMef1aoGh5EGA8P\r\n"
    243          "hYvai0Re4hjGYi/HZo36Xdh98yeJKQHFkA4/J/EwyEoO79bex8cna8cFPXrEAjya\r\n"
    244          "HT4P6DSYW8tzS1KW2BGiLICIaTla0w+w3lkvEcf36hIBMJcCAwEAAaNNMEswCQYD\r\n"
    245          "VR0TBAIwADAdBgNVHQ4EFgQUpQXoZLjc32APUBJNYKhkr02LQ5MwHwYDVR0jBBgw\r\n"
    246          "FoAUtFrkpbPe0lL2udWmlQ/rPrzH/f8wDQYJKoZIhvcNAQEFBQADggEBAJxnXClY\r\n"
    247          "oHkbp70cqBrsGXLybA74czbO5RdLEgFs7rHVS9r+c293luS/KdliLScZqAzYVylw\r\n"
    248          "UfRWvKMoWhHYKp3dEIS4xTXk6/5zXxhv9Rw8SGc8qn6vITHk1S1mPevtekgasY5Y\r\n"
    249          "iWQuM3h4YVlRH3HHEMAD1TnAexfXHHDFQGe+Bd1iAbz1/sH9H8l4StwX6egvTK3M\r\n"
    250          "wXRwkKkvjKaEDA9ATbZx0mI8LGsxSuCqe9r9dyjmttd47J1p1Rulz3CLzaRcVIuS\r\n"
    251          "RRQfaD8neM9c1S/iJ/amTVqJxA1KOdOS5780WhPfSArA+g4qAmSjelc3p4wWpha8\r\n"
    252          "zhuYwjVuX6JHG0c=\r\n"
    253          "-----END CERTIFICATE-----\r\n";
    254          const size_t mbedtls_test_srv_crt_rsa_len = sizeof( mbedtls_test_srv_crt_rsa );
    255          
    256          const char mbedtls_test_srv_key_rsa[] =
    257          "-----BEGIN RSA PRIVATE KEY-----\r\n"
    258          "MIIEpAIBAAKCAQEAwU2j3efNHdEE10lyuJmsDnjkOjxKzzoTFtBa5M2jAIin7h5r\r\n"
    259          "lqdStJDvLXJ6PiSa/LY0rCT1d+AmZIycsCh9odrqjObJHJa8/sEEUrM21KP64bF2\r\n"
    260          "2JDBYbRmUjaiJlOqq3ReB30Zgtsq2B+g2Q0cLUlm91slc0boC4pPaQy1AJDh2oIQ\r\n"
    261          "Zn2uVCuLZXmRoeJhw81ASQjuaAzxi4bSRr/QuKoRAx5/VqgaHkQYDw+Fi9qLRF7i\r\n"
    262          "GMZiL8dmjfpd2H3zJ4kpAcWQDj8n8TDISg7v1t7HxydrxwU9esQCPJodPg/oNJhb\r\n"
    263          "y3NLUpbYEaIsgIhpOVrTD7DeWS8Rx/fqEgEwlwIDAQABAoIBAQCXR0S8EIHFGORZ\r\n"
    264          "++AtOg6eENxD+xVs0f1IeGz57Tjo3QnXX7VBZNdj+p1ECvhCE/G7XnkgU5hLZX+G\r\n"
    265          "Z0jkz/tqJOI0vRSdLBbipHnWouyBQ4e/A1yIJdlBtqXxJ1KE/ituHRbNc4j4kL8Z\r\n"
    266          "/r6pvwnTI0PSx2Eqs048YdS92LT6qAv4flbNDxMn2uY7s4ycS4Q8w1JXnCeaAnYm\r\n"
    267          "WYI5wxO+bvRELR2Mcz5DmVnL8jRyml6l6582bSv5oufReFIbyPZbQWlXgYnpu6He\r\n"
    268          "GTc7E1zKYQGG/9+DQUl/1vQuCPqQwny0tQoX2w5tdYpdMdVm+zkLtbajzdTviJJa\r\n"
    269          "TWzL6lt5AoGBAN86+SVeJDcmQJcv4Eq6UhtRr4QGMiQMz0Sod6ettYxYzMgxtw28\r\n"
    270          "CIrgpozCc+UaZJLo7UxvC6an85r1b2nKPCLQFaggJ0H4Q0J/sZOhBIXaoBzWxveK\r\n"
    271          "nupceKdVxGsFi8CDy86DBfiyFivfBj+47BbaQzPBj7C4rK7UlLjab2rDAoGBAN2u\r\n"
    272          "AM2gchoFiu4v1HFL8D7lweEpi6ZnMJjnEu/dEgGQJFjwdpLnPbsj4c75odQ4Gz8g\r\n"
    273          "sw9lao9VVzbusoRE/JGI4aTdO0pATXyG7eG1Qu+5Yc1YGXcCrliA2xM9xx+d7f+s\r\n"
    274          "mPzN+WIEg5GJDYZDjAzHG5BNvi/FfM1C9dOtjv2dAoGAF0t5KmwbjWHBhcVqO4Ic\r\n"
    275          "BVvN3BIlc1ue2YRXEDlxY5b0r8N4XceMgKmW18OHApZxfl8uPDauWZLXOgl4uepv\r\n"
    276          "whZC3EuWrSyyICNhLY21Ah7hbIEBPF3L3ZsOwC+UErL+dXWLdB56Jgy3gZaBeW7b\r\n"
    277          "vDrEnocJbqCm7IukhXHOBK8CgYEAwqdHB0hqyNSzIOGY7v9abzB6pUdA3BZiQvEs\r\n"
    278          "3LjHVd4HPJ2x0N8CgrBIWOE0q8+0hSMmeE96WW/7jD3fPWwCR5zlXknxBQsfv0gP\r\n"
    279          "3BC5PR0Qdypz+d+9zfMf625kyit4T/hzwhDveZUzHnk1Cf+IG7Q+TOEnLnWAWBED\r\n"
    280          "ISOWmrUCgYAFEmRxgwAc/u+D6t0syCwAYh6POtscq9Y0i9GyWk89NzgC4NdwwbBH\r\n"
    281          "4AgahOxIxXx2gxJnq3yfkJfIjwf0s2DyP0kY2y6Ua1OeomPeY9mrIS4tCuDQ6LrE\r\n"
    282          "TB6l9VGoxJL4fyHnZb8L5gGvnB1bbD8cL6YPaDiOhcRseC9vBiEuVg==\r\n"
    283          "-----END RSA PRIVATE KEY-----\r\n";
    284          const size_t mbedtls_test_srv_key_rsa_len = sizeof( mbedtls_test_srv_key_rsa );
    285          
    286          const char mbedtls_test_cli_crt_rsa[] =
    287          "-----BEGIN CERTIFICATE-----\r\n"
    288          "MIIDhTCCAm2gAwIBAgIBBDANBgkqhkiG9w0BAQsFADA7MQswCQYDVQQGEwJOTDER\r\n"
    289          "MA8GA1UECgwIUG9sYXJTU0wxGTAXBgNVBAMMEFBvbGFyU1NMIFRlc3QgQ0EwHhcN\r\n"
    290          "MTcwNTA1MTMwNzU5WhcNMjcwNTA2MTMwNzU5WjA8MQswCQYDVQQGEwJOTDERMA8G\r\n"
    291          "A1UECgwIUG9sYXJTU0wxGjAYBgNVBAMMEVBvbGFyU1NMIENsaWVudCAyMIIBIjAN\r\n"
    292          "BgkqhkiG9w0BAQEFAAOCAQ8AMIIBCgKCAQEAyHTEzLn5tXnpRdkUYLB9u5Pyax6f\r\n"
    293          "M60Nj4o8VmXl3ETZzGaFB9X4J7BKNdBjngpuG7fa8H6r7gwQk4ZJGDTzqCrSV/Uu\r\n"
    294          "1C93KYRhTYJQj6eVSHD1bk2y1RPD0hrt5kPqQhTrdOrA7R/UV06p86jt0uDBMHEw\r\n"
    295          "MjDV0/YI0FZPRo7yX/k9Z5GIMC5Cst99++UMd//sMcB4j7/Cf8qtbCHWjdmLao5v\r\n"
    296          "4Jv4EFbMs44TFeY0BGbH7vk2DmqV9gmaBmf0ZXH4yqSxJeD+PIs1BGe64E92hfx/\r\n"
    297          "/DZrtenNLQNiTrM9AM+vdqBpVoNq0qjU51Bx5rU2BXcFbXvI5MT9TNUhXwIDAQAB\r\n"
    298          "o4GSMIGPMB0GA1UdDgQWBBRxoQBzckAvVHZeM/xSj7zx3WtGITBjBgNVHSMEXDBa\r\n"
    299          "gBS0WuSls97SUva51aaVD+s+vMf9/6E/pD0wOzELMAkGA1UEBhMCTkwxETAPBgNV\r\n"
    300          "BAoMCFBvbGFyU1NMMRkwFwYDVQQDDBBQb2xhclNTTCBUZXN0IENBggEAMAkGA1Ud\r\n"
    301          "EwQCMAAwDQYJKoZIhvcNAQELBQADggEBAC7yO786NvcHpK8UovKIG9cB32oSQQom\r\n"
    302          "LoR0eHDRzdqEkoq7yGZufHFiRAAzbMqJfogRtxlrWAeB4y/jGaMBV25IbFOIcH2W\r\n"
    303          "iCEaMMbG+VQLKNvuC63kmw/Zewc9ThM6Pa1Hcy0axT0faf1B/U01j0FIcw/6mTfK\r\n"
    304          "D8w48OIwc1yr0JtutCVjig5DC0yznGMt32RyseOLcUe+lfq005v2PAiCozr5X8rE\r\n"
    305          "ofGZpiM2NqRPePgYy+Vc75Zk28xkRQq1ncprgQb3S4vTsZdScpM9hLf+eMlrgqlj\r\n"
    306          "c5PLSkXBeLE5+fedkyfTaLxxQlgCpuoOhKBm04/R1pWNzUHyqagjO9Q=\r\n"
    307          "-----END CERTIFICATE-----\r\n";
    308          const size_t mbedtls_test_cli_crt_rsa_len = sizeof( mbedtls_test_cli_crt_rsa );
    309          
    310          const char mbedtls_test_cli_key_rsa[] =
    311          "-----BEGIN RSA PRIVATE KEY-----\r\n"
    312          "MIIEpAIBAAKCAQEAyHTEzLn5tXnpRdkUYLB9u5Pyax6fM60Nj4o8VmXl3ETZzGaF\r\n"
    313          "B9X4J7BKNdBjngpuG7fa8H6r7gwQk4ZJGDTzqCrSV/Uu1C93KYRhTYJQj6eVSHD1\r\n"
    314          "bk2y1RPD0hrt5kPqQhTrdOrA7R/UV06p86jt0uDBMHEwMjDV0/YI0FZPRo7yX/k9\r\n"
    315          "Z5GIMC5Cst99++UMd//sMcB4j7/Cf8qtbCHWjdmLao5v4Jv4EFbMs44TFeY0BGbH\r\n"
    316          "7vk2DmqV9gmaBmf0ZXH4yqSxJeD+PIs1BGe64E92hfx//DZrtenNLQNiTrM9AM+v\r\n"
    317          "dqBpVoNq0qjU51Bx5rU2BXcFbXvI5MT9TNUhXwIDAQABAoIBAGdNtfYDiap6bzst\r\n"
    318          "yhCiI8m9TtrhZw4MisaEaN/ll3XSjaOG2dvV6xMZCMV+5TeXDHOAZnY18Yi18vzz\r\n"
    319          "4Ut2TnNFzizCECYNaA2fST3WgInnxUkV3YXAyP6CNxJaCmv2aA0yFr2kFVSeaKGt\r\n"
    320          "ymvljNp2NVkvm7Th8fBQBO7I7AXhz43k0mR7XmPgewe8ApZOG3hstkOaMvbWAvWA\r\n"
    321          "zCZupdDjZYjOJqlA4eEA4H8/w7F83r5CugeBE8LgEREjLPiyejrU5H1fubEY+h0d\r\n"
    322          "l5HZBJ68ybTXfQ5U9o/QKA3dd0toBEhhdRUDGzWtjvwkEQfqF1reGWj/tod/gCpf\r\n"
    323          "DFi6X0ECgYEA4wOv/pjSC3ty6TuOvKX2rOUiBrLXXv2JSxZnMoMiWI5ipLQt+RYT\r\n"
    324          "VPafL/m7Dn6MbwjayOkcZhBwk5CNz5A6Q4lJ64Mq/lqHznRCQQ2Mc1G8eyDF/fYL\r\n"
    325          "Ze2pLvwP9VD5jTc2miDfw+MnvJhywRRLcemDFP8k4hQVtm8PMp3ZmNECgYEA4gz7\r\n"
    326          "wzObR4gn8ibe617uQPZjWzUj9dUHYd+in1gwBCIrtNnaRn9I9U/Q6tegRYpii4ys\r\n"
    327          "c176NmU+umy6XmuSKV5qD9bSpZWG2nLFnslrN15Lm3fhZxoeMNhBaEDTnLT26yoi\r\n"
    328          "33gp0mSSWy94ZEqipms+ULF6sY1ZtFW6tpGFoy8CgYAQHhnnvJflIs2ky4q10B60\r\n"
    329          "ZcxFp3rtDpkp0JxhFLhiizFrujMtZSjYNm5U7KkgPVHhLELEUvCmOnKTt4ap/vZ0\r\n"
    330          "BxJNe1GZH3pW6SAvGDQpl9sG7uu/vTFP+lCxukmzxB0DrrDcvorEkKMom7ZCCRvW\r\n"
    331          "KZsZ6YeH2Z81BauRj218kQKBgQCUV/DgKP2985xDTT79N08jUo3hTP5MVYCCuj/+\r\n"
    332          "UeEw1TvZcx3LJby7P6Xad6a1/BqveaGyFKIfEFIaBUBItk801sDDpDaYc4gL00Xc\r\n"
    333          "7lFuBHOZkxJYlss5QrGpuOEl9ZwUt5IrFLBdYaKqNHzNVC1pCPfb/JyH6Dr2HUxq\r\n"
    334          "gxUwAQKBgQCcU6G2L8AG9d9c0UpOyL1tMvFe5Ttw0KjlQVdsh1MP6yigYo9DYuwu\r\n"
    335          "bHFVW2r0dBTqegP2/KTOxKzaHfC1qf0RGDsUoJCNJrd1cwoCLG8P2EF4w3OBrKqv\r\n"
    336          "8u4ytY0F+Vlanj5lm3TaoHSVF1+NWPyOTiwevIECGKwSxvlki4fDAA==\r\n"
    337          "-----END RSA PRIVATE KEY-----\r\n";
    338          const size_t mbedtls_test_cli_key_rsa_len = sizeof( mbedtls_test_cli_key_rsa );
    339          #endif /* MBEDTLS_RSA_C */
    340          
    341          #if defined(MBEDTLS_PEM_PARSE_C)
    342          /* Concatenation of all available CA certificates */
    343          const char mbedtls_test_cas_pem[] =
    344          #ifdef TEST_CA_CRT_RSA_SHA1
    345              TEST_CA_CRT_RSA_SHA1
    346          #endif
    347          #ifdef TEST_CA_CRT_RSA_SHA256
    348              TEST_CA_CRT_RSA_SHA256
    349          #endif
    350          #ifdef TEST_CA_CRT_EC
    351              TEST_CA_CRT_EC
    352          #endif
    353              "";
    354          const size_t mbedtls_test_cas_pem_len = sizeof( mbedtls_test_cas_pem );
    355          #endif
    356          
    357          /* List of all available CA certificates */
    358          const char * mbedtls_test_cas[] = {
    359          #if defined(TEST_CA_CRT_RSA_SHA1)
    360              mbedtls_test_ca_crt_rsa_sha1,
    361          #endif
    362          #if defined(TEST_CA_CRT_RSA_SHA256)
    363              mbedtls_test_ca_crt_rsa_sha256,
    364          #endif
    365          #if defined(MBEDTLS_ECDSA_C)
    366              mbedtls_test_ca_crt_ec,
    367          #endif
    368              NULL
    369          };
    370          const size_t mbedtls_test_cas_len[] = {
    371          #if defined(TEST_CA_CRT_RSA_SHA1)
    372              sizeof( mbedtls_test_ca_crt_rsa_sha1 ),
    373          #endif
    374          #if defined(TEST_CA_CRT_RSA_SHA256)
    375              sizeof( mbedtls_test_ca_crt_rsa_sha256 ),
    376          #endif
    377          #if defined(MBEDTLS_ECDSA_C)
    378              sizeof( mbedtls_test_ca_crt_ec ),
    379          #endif
    380              0
    381          };
    382          
    383          #if defined(MBEDTLS_RSA_C)
    384          const char *mbedtls_test_ca_crt  = mbedtls_test_ca_crt_rsa; /* SHA1 or SHA256 */
    385          const char *mbedtls_test_ca_key  = mbedtls_test_ca_key_rsa;
    386          const char *mbedtls_test_ca_pwd  = mbedtls_test_ca_pwd_rsa;
    387          const char *mbedtls_test_srv_crt = mbedtls_test_srv_crt_rsa;
    388          const char *mbedtls_test_srv_key = mbedtls_test_srv_key_rsa;
    389          const char *mbedtls_test_cli_crt = mbedtls_test_cli_crt_rsa;
    390          const char *mbedtls_test_cli_key = mbedtls_test_cli_key_rsa;
    391          const size_t mbedtls_test_ca_crt_len  = sizeof( mbedtls_test_ca_crt_rsa );
    392          const size_t mbedtls_test_ca_key_len  = sizeof( mbedtls_test_ca_key_rsa );
    393          const size_t mbedtls_test_ca_pwd_len  = sizeof( mbedtls_test_ca_pwd_rsa ) - 1;
    394          const size_t mbedtls_test_srv_crt_len = sizeof( mbedtls_test_srv_crt_rsa );
    395          const size_t mbedtls_test_srv_key_len = sizeof( mbedtls_test_srv_key_rsa );
    396          const size_t mbedtls_test_cli_crt_len = sizeof( mbedtls_test_cli_crt_rsa );
    397          const size_t mbedtls_test_cli_key_len = sizeof( mbedtls_test_cli_key_rsa );
    398          #else /* ! MBEDTLS_RSA_C, so MBEDTLS_ECDSA_C */
    399          const char *mbedtls_test_ca_crt  = mbedtls_test_ca_crt_ec;
    400          const char *mbedtls_test_ca_key  = mbedtls_test_ca_key_ec;
    401          const char *mbedtls_test_ca_pwd  = mbedtls_test_ca_pwd_ec;
    402          const char *mbedtls_test_srv_crt = mbedtls_test_srv_crt_ec;
    403          const char *mbedtls_test_srv_key = mbedtls_test_srv_key_ec;
    404          const char *mbedtls_test_cli_crt = mbedtls_test_cli_crt_ec;
    405          const char *mbedtls_test_cli_key = mbedtls_test_cli_key_ec;
    406          const size_t mbedtls_test_ca_crt_len  = sizeof( mbedtls_test_ca_crt_ec );
    407          const size_t mbedtls_test_ca_key_len  = sizeof( mbedtls_test_ca_key_ec );
    408          const size_t mbedtls_test_ca_pwd_len  = sizeof( mbedtls_test_ca_pwd_ec ) - 1;
    409          const size_t mbedtls_test_srv_crt_len = sizeof( mbedtls_test_srv_crt_ec );
    410          const size_t mbedtls_test_srv_key_len = sizeof( mbedtls_test_srv_key_ec );
    411          const size_t mbedtls_test_cli_crt_len = sizeof( mbedtls_test_cli_crt_ec );
    412          const size_t mbedtls_test_cli_key_len = sizeof( mbedtls_test_cli_key_ec );
    413          #endif /* MBEDTLS_RSA_C */
    414          
    415          #endif /* MBEDTLS_CERTS_C */


 
 
 0 bytes of memory

Errors: none
Warnings: none
