###############################################################################
#
# IAR ANSI C/C++ Compiler V8.32.2.178/W32 for ARM         14/Jun/2019  13:18:35
# Copyright 1999-2018 IAR Systems AB.
#
#    Cpu mode     =  
#    Endian       =  little
#    Source file  =  
#        C:\SiliconLabs\SimplicityStudio\v4\developer\sdks\gecko_sdk_suite\v2.6\platform\base\hal\micro\generic\crc.c
#    Command line =  
#        -f C:\Users\alji\AppData\Local\Temp\EW135E.tmp
#        (C:\SiliconLabs\SimplicityStudio\v4\developer\sdks\gecko_sdk_suite\v2.6\platform\base\hal\micro\generic\crc.c
#        -D LOCAL_STORAGE_BTL -D CORTEXM3 -D CORTEXM3_EFR32 -D
#        CORTEXM3_EFR32_MICRO -D CORTEXM3_EFM32_MICRO -D
#        EFR32_SERIES2_CONFIG1_MICRO -D EFR32MG21 -D EFR32MG21A010F1024IM32 -D
#        "ATTRIBUTE_STORAGE_CONFIGURATION=\"z3_lite_timer_mg21_v660_endpoint_config.h\""
#        -D "CONFIGURATION_HEADER=\"app/framework/util/config.h\"" -D
#        "GENERATED_TOKEN_HEADER=\"z3_lite_timer_mg21_v660_tokens.h\"" -D
#        "PLATFORM_HEADER=\"platform/base/hal/micro/cortexm3/compiler/iar.h\""
#        -D "ZA_GENERATED_HEADER=\"z3_lite_timer_mg21_v660.h\"" -D
#        "__SOURCEFILE__=\"crc.c\"" -D PSSTORE_SIZE=0 -D LONGTOKEN_SIZE=0 -D
#        LOCKBITS_IN_MAINFLASH_SIZE=8192 -D HAL_CONFIG=1 -D EMBER_AF_USE_HWCONF
#        -D LED_BLINK_PERIOD_MS=1000 -D NO_LED=1 -D
#        "EMBER_AF_API_EMBER_TYPES=\"stack/include/ember-types.h\"" -D
#        "EMBER_AF_API_DEBUG_PRINT=\"app/framework/util/print.h\"" -D
#        "EMBER_AF_API_AF_HEADER=\"app/framework/include/af.h\"" -D
#        "EMBER_AF_API_AF_SECURITY_HEADER=\"app/framework/security/af-security.h\""
#        -D EMBER_STACK_ZIGBEE -D
#        "MBEDTLS_CONFIG_FILE=\"mbedtls-config-generated.h\"" -D USE_NVM3 -D
#        NVM3_DEFAULT_NVM_SIZE=NVM3_FLASH_PAGES*FLASH_PAGE_SIZE -D
#        EMLIB_USER_CONFIG -D HAL_BULBPWM_ENABLE=1 -D
#        HAL_BULBPWM_FREQUENCY=1000 -D
#        "APPLICATION_TOKEN_HEADER=\"znet-token.h\"" -D
#        "APPLICATION_MFG_TOKEN_HEADER=\"znet-mfg-token.h\"" -D
#        "MBEDTLS_DEVICE_ACCELERATION_CONFIG_FILE=\"configs/config-device-acceleration.h\""
#        -D
#        "MBEDTLS_DEVICE_ACCELERATION_CONFIG_APP_FILE=\"config-device-acceleration-app.h\""
#        -D NVM3_FLASH_PAGES=4 -D NVM3_DEFAULT_CACHE_SIZE=200 -D
#        NVM3_MAX_OBJECT_SIZE=254 -D NVM3_DEFAULT_REPACK_HEADROOM=0 -D
#        PHY_RAIL=1 -lC
#        C:\SiliconLabs\SimplicityStudio\v4\developer\sdks\gecko_sdk_suite\v2.5\z3_lite_timer_mg21_v660\build\lst
#        --diag_suppress Pa050 -o
#        C:\SiliconLabs\SimplicityStudio\v4\developer\sdks\gecko_sdk_suite\v2.5\z3_lite_timer_mg21_v660\build\obj
#        --no_unroll --no_clustering --debug --endian=little
#        --cpu=Cortex-M33.no_dsp --cmse --no_path_in_file_macros
#        --separate_cluster_for_initialized_variables -e --fpu=None
#        --dlib_config "C:\Program Files (x86)\IAR Systems\Embedded Workbench
#        8.2\arm\inc\c\DLib_Config_Normal.h" -I
#        C:\SiliconLabs\SimplicityStudio\v4\developer\sdks\gecko_sdk_suite\v2.6\platform\base\hal\micro\generic\
#        -I
#        C:\SiliconLabs\SimplicityStudio\v4\developer\sdks\gecko_sdk_suite\v2.5\z3_lite_timer_mg21_v660\
#        -I
#        C:\SiliconLabs\SimplicityStudio\v4\developer\sdks\gecko_sdk_suite\v2.5\z3_lite_timer_mg21_v660\..\..\v2.6\
#        -I
#        C:\SiliconLabs\SimplicityStudio\v4\developer\sdks\gecko_sdk_suite\v2.5\z3_lite_timer_mg21_v660\..\..\v2.6\protocol\zigbee\app\framework\
#        -I
#        C:\SiliconLabs\SimplicityStudio\v4\developer\sdks\gecko_sdk_suite\v2.5\z3_lite_timer_mg21_v660\..\..\v2.6\protocol\zigbee\app\framework\..\..\
#        -I
#        C:\SiliconLabs\SimplicityStudio\v4\developer\sdks\gecko_sdk_suite\v2.5\z3_lite_timer_mg21_v660\..\..\v2.6\protocol\zigbee\app\framework\..\..\stack\
#        -I
#        C:\SiliconLabs\SimplicityStudio\v4\developer\sdks\gecko_sdk_suite\v2.5\z3_lite_timer_mg21_v660\..\..\v2.6\protocol\zigbee\app\framework\..\util\
#        -I
#        C:\SiliconLabs\SimplicityStudio\v4\developer\sdks\gecko_sdk_suite\v2.5\z3_lite_timer_mg21_v660\..\..\v2.6\protocol\zigbee\app\framework\include\
#        -I
#        C:\SiliconLabs\SimplicityStudio\v4\developer\sdks\gecko_sdk_suite\v2.5\z3_lite_timer_mg21_v660\..\..\v2.6\platform\base\hal\
#        -I
#        C:\SiliconLabs\SimplicityStudio\v4\developer\sdks\gecko_sdk_suite\v2.5\z3_lite_timer_mg21_v660\..\..\v2.6\platform\base\hal\plugin\
#        -I
#        C:\SiliconLabs\SimplicityStudio\v4\developer\sdks\gecko_sdk_suite\v2.5\z3_lite_timer_mg21_v660\..\..\v2.6\platform\base\hal\..\
#        -I
#        C:\SiliconLabs\SimplicityStudio\v4\developer\sdks\gecko_sdk_suite\v2.5\z3_lite_timer_mg21_v660\..\..\v2.6\platform\base\hal\micro\cortexm3\efm32\
#        -I
#        C:\SiliconLabs\SimplicityStudio\v4\developer\sdks\gecko_sdk_suite\v2.5\z3_lite_timer_mg21_v660\..\..\v2.6\platform\base\hal\micro\cortexm3\efm32\config\
#        -I
#        C:\SiliconLabs\SimplicityStudio\v4\developer\sdks\gecko_sdk_suite\v2.5\z3_lite_timer_mg21_v660\..\..\v2.6\platform\base\hal\micro\cortexm3\efm32\efr32\
#        -I
#        C:\SiliconLabs\SimplicityStudio\v4\developer\sdks\gecko_sdk_suite\v2.5\z3_lite_timer_mg21_v660\..\..\v2.6\platform\base\hal\..\..\CMSIS\Include\
#        -I
#        C:\SiliconLabs\SimplicityStudio\v4\developer\sdks\gecko_sdk_suite\v2.5\z3_lite_timer_mg21_v660\..\..\v2.6\platform\base\hal\..\..\Device\SiliconLabs\efr32mg21\Include\
#        -I
#        C:\SiliconLabs\SimplicityStudio\v4\developer\sdks\gecko_sdk_suite\v2.5\z3_lite_timer_mg21_v660\..\..\v2.6\platform\base\hal\..\..\emdrv\common\inc\
#        -I
#        C:\SiliconLabs\SimplicityStudio\v4\developer\sdks\gecko_sdk_suite\v2.5\z3_lite_timer_mg21_v660\..\..\v2.6\platform\base\hal\..\..\emdrv\config\
#        -I
#        C:\SiliconLabs\SimplicityStudio\v4\developer\sdks\gecko_sdk_suite\v2.5\z3_lite_timer_mg21_v660\..\..\v2.6\platform\base\hal\..\..\emdrv\dmadrv\inc\
#        -I
#        C:\SiliconLabs\SimplicityStudio\v4\developer\sdks\gecko_sdk_suite\v2.5\z3_lite_timer_mg21_v660\..\..\v2.6\platform\base\hal\..\..\emdrv\gpiointerrupt\inc\
#        -I
#        C:\SiliconLabs\SimplicityStudio\v4\developer\sdks\gecko_sdk_suite\v2.5\z3_lite_timer_mg21_v660\..\..\v2.6\platform\base\hal\..\..\emdrv\rtcdrv\inc\
#        -I
#        C:\SiliconLabs\SimplicityStudio\v4\developer\sdks\gecko_sdk_suite\v2.5\z3_lite_timer_mg21_v660\..\..\v2.6\platform\base\hal\..\..\emdrv\sleep\inc\
#        -I
#        C:\SiliconLabs\SimplicityStudio\v4\developer\sdks\gecko_sdk_suite\v2.5\z3_lite_timer_mg21_v660\..\..\v2.6\platform\base\hal\..\..\emdrv\spidrv\inc\
#        -I
#        C:\SiliconLabs\SimplicityStudio\v4\developer\sdks\gecko_sdk_suite\v2.5\z3_lite_timer_mg21_v660\..\..\v2.6\platform\base\hal\..\..\emdrv\tempdrv\inc\
#        -I
#        C:\SiliconLabs\SimplicityStudio\v4\developer\sdks\gecko_sdk_suite\v2.5\z3_lite_timer_mg21_v660\..\..\v2.6\platform\base\hal\..\..\emdrv\uartdrv\inc\
#        -I
#        C:\SiliconLabs\SimplicityStudio\v4\developer\sdks\gecko_sdk_suite\v2.5\z3_lite_timer_mg21_v660\..\..\v2.6\platform\base\hal\..\..\emdrv\ustimer\inc\
#        -I
#        C:\SiliconLabs\SimplicityStudio\v4\developer\sdks\gecko_sdk_suite\v2.5\z3_lite_timer_mg21_v660\..\..\v2.6\platform\base\hal\..\..\emlib\inc\
#        -I
#        C:\SiliconLabs\SimplicityStudio\v4\developer\sdks\gecko_sdk_suite\v2.5\z3_lite_timer_mg21_v660\..\..\v2.6\platform\base\hal\..\..\middleware\glib\
#        -I
#        C:\SiliconLabs\SimplicityStudio\v4\developer\sdks\gecko_sdk_suite\v2.5\z3_lite_timer_mg21_v660\..\..\v2.6\platform\base\hal\..\..\middleware\glib\glib\
#        -I
#        C:\SiliconLabs\SimplicityStudio\v4\developer\sdks\gecko_sdk_suite\v2.5\z3_lite_timer_mg21_v660\..\..\v2.6\platform\base\hal\..\..\radio\rail_lib\plugin\
#        -I
#        C:\SiliconLabs\SimplicityStudio\v4\developer\sdks\gecko_sdk_suite\v2.5\z3_lite_timer_mg21_v660\..\..\v2.6\platform\base\hal\..\..\radio\rail_lib\chip\efr32\rf\common\cortex\
#        -I
#        C:\SiliconLabs\SimplicityStudio\v4\developer\sdks\gecko_sdk_suite\v2.5\z3_lite_timer_mg21_v660\..\..\v2.6\platform\base\hal\..\..\radio\rail_lib\chip\efr32\rf\rfprotocol\ieee802154\cortex\
#        -I
#        C:\SiliconLabs\SimplicityStudio\v4\developer\sdks\gecko_sdk_suite\v2.5\z3_lite_timer_mg21_v660\..\..\v2.6\platform\halconfig\inc\hal-config\
#        -I
#        C:\SiliconLabs\SimplicityStudio\v4\developer\sdks\gecko_sdk_suite\v2.5\z3_lite_timer_mg21_v660\..\..\v2.6\hardware\module\config\
#        -I
#        C:\SiliconLabs\SimplicityStudio\v4\developer\sdks\gecko_sdk_suite\v2.5\z3_lite_timer_mg21_v660\..\..\v2.6\hardware\kit\common\halconfig\
#        -I
#        C:\SiliconLabs\SimplicityStudio\v4\developer\sdks\gecko_sdk_suite\v2.5\z3_lite_timer_mg21_v660\..\..\v2.6\hardware\kit\common\bsp\
#        -I
#        C:\SiliconLabs\SimplicityStudio\v4\developer\sdks\gecko_sdk_suite\v2.5\z3_lite_timer_mg21_v660\hal-config\
#        -I
#        C:\SiliconLabs\SimplicityStudio\v4\developer\sdks\gecko_sdk_suite\v2.5\z3_lite_timer_mg21_v660\..\..\v2.6\platform\bootloader\
#        -I
#        C:\SiliconLabs\SimplicityStudio\v4\developer\sdks\gecko_sdk_suite\v2.5\z3_lite_timer_mg21_v660\..\..\v2.6\platform\emdrv\nvm3\inc\
#        -I
#        C:\SiliconLabs\SimplicityStudio\v4\developer\sdks\gecko_sdk_suite\v2.5\z3_lite_timer_mg21_v660\..\..\v2.6\platform\radio\rail_lib\chip\efr32\efr32xg2x\
#        -I
#        C:\SiliconLabs\SimplicityStudio\v4\developer\sdks\gecko_sdk_suite\v2.5\z3_lite_timer_mg21_v660\..\..\v2.6\platform\radio\rail_lib\common\
#        -I
#        C:\SiliconLabs\SimplicityStudio\v4\developer\sdks\gecko_sdk_suite\v2.5\z3_lite_timer_mg21_v660\..\..\v2.6\platform\radio\rail_lib\plugin\coexistence\common\
#        -I
#        C:\SiliconLabs\SimplicityStudio\v4\developer\sdks\gecko_sdk_suite\v2.5\z3_lite_timer_mg21_v660\..\..\v2.6\platform\radio\rail_lib\plugin\coexistence\hal\efr32\
#        -I
#        C:\SiliconLabs\SimplicityStudio\v4\developer\sdks\gecko_sdk_suite\v2.5\z3_lite_timer_mg21_v660\..\..\v2.6\platform\radio\rail_lib\plugin\coexistence\protocol\ieee802154\
#        -I
#        C:\SiliconLabs\SimplicityStudio\v4\developer\sdks\gecko_sdk_suite\v2.5\z3_lite_timer_mg21_v660\..\..\v2.6\platform\radio\rail_lib\protocol\ble\
#        -I
#        C:\SiliconLabs\SimplicityStudio\v4\developer\sdks\gecko_sdk_suite\v2.5\z3_lite_timer_mg21_v660\..\..\v2.6\platform\radio\rail_lib\protocol\ieee802154\
#        -I
#        C:\SiliconLabs\SimplicityStudio\v4\developer\sdks\gecko_sdk_suite\v2.5\z3_lite_timer_mg21_v660\..\..\v2.6\platform\radio\rail_lib\protocol\zwave\
#        -I
#        C:\SiliconLabs\SimplicityStudio\v4\developer\sdks\gecko_sdk_suite\v2.5\z3_lite_timer_mg21_v660\..\..\v2.6\util\plugin\plugin-common\mbedtls\
#        -I
#        C:\SiliconLabs\SimplicityStudio\v4\developer\sdks\gecko_sdk_suite\v2.5\z3_lite_timer_mg21_v660\..\..\v2.6\util\third_party\mbedtls\
#        -I
#        C:\SiliconLabs\SimplicityStudio\v4\developer\sdks\gecko_sdk_suite\v2.5\z3_lite_timer_mg21_v660\..\..\v2.6\util\third_party\mbedtls\include\
#        -I
#        C:\SiliconLabs\SimplicityStudio\v4\developer\sdks\gecko_sdk_suite\v2.5\z3_lite_timer_mg21_v660\..\..\v2.6\util\third_party\mbedtls\include\mbedtls\
#        -I
#        C:\SiliconLabs\SimplicityStudio\v4\developer\sdks\gecko_sdk_suite\v2.5\z3_lite_timer_mg21_v660\..\..\v2.6\util\third_party\mbedtls\sl_crypto\include\
#        -Ohz --use_c++_inline)
#    Locale       =  C
#    List file    =  
#        C:\SiliconLabs\SimplicityStudio\v4\developer\sdks\gecko_sdk_suite\v2.5\z3_lite_timer_mg21_v660\build\lst\crc.lst
#    Object file  =  
#        C:\SiliconLabs\SimplicityStudio\v4\developer\sdks\gecko_sdk_suite\v2.5\z3_lite_timer_mg21_v660\build\obj\crc.o
#
###############################################################################

C:\SiliconLabs\SimplicityStudio\v4\developer\sdks\gecko_sdk_suite\v2.6\platform\base\hal\micro\generic\crc.c
      1          /***************************************************************************//**
      2           * @file
      3           * @brief  Generic firmware source for Cyclic Redundancy Check calculations.
      4           *******************************************************************************
      5           * # License
      6           * <b>Copyright 2018 Silicon Laboratories Inc. www.silabs.com</b>
      7           *******************************************************************************
      8           *
      9           * The licensor of this software is Silicon Laboratories Inc. Your use of this
     10           * software is governed by the terms of Silicon Labs Master Software License
     11           * Agreement (MSLA) available at
     12           * www.silabs.com/about-us/legal/master-software-license-agreement. This
     13           * software is distributed to you in Source Code format and is governed by the
     14           * sections of the MSLA applicable to Source Code.
     15           *
     16           ******************************************************************************/
     17          #include PLATFORM_HEADER
     18          #include "hal/micro/crc.h"
     19          
     20          /*
     21           *    16bit CRC notes:
     22           *    "CRC-CCITT"
     23           *     poly is g(X) = X^16 + X^12 + X^5 + 1  (0x1021)
     24           *     used in the FPGA (green boards and 15.4)
     25           *     initial remainder should be 0xFFFF
     26           */
     27          
     28          
     29          
     30          
     31          
     32          

   \                                 In section .text, align 2, keep-with-next
     33          uint16_t halCommonCrc16(uint8_t newByte, uint16_t prevResult)
     34          {
     35            prevResult = ((uint16_t) (prevResult >> 8)) | ((uint16_t) (prevResult << 8));
     36            prevResult ^= newByte;
   \                     halCommonCrc16: (+1)
   \        0x0   0x0A0A             LSRS     R2,R1,#+8
   \        0x2   0xEA42 0x2201      ORR      R2,R2,R1, LSL #+8
   \        0x6   0x4050             EORS     R0,R0,R2
     37            prevResult ^= (prevResult & 0xff) >> 4;
   \        0x8   0xF3C0 0x1103      UBFX     R1,R0,#+4,#+4
   \        0xC   0x4048             EORS     R0,R1,R0
     38            prevResult ^= (uint16_t) (((uint16_t) (prevResult << 8)) << 4);
   \        0xE   0xEA80 0x3000      EOR      R0,R0,R0, LSL #+12
     39          
     40          
     41          
     42          
     43          
     44          
     45            prevResult ^= ((uint8_t) (((uint8_t) (prevResult & 0xff)) << 5))
     46                          | ((uint16_t) ((uint16_t) ((uint8_t) (((uint8_t) (prevResult & 0xff)) >> 3)) << 8));
     47          
     48            return prevResult;
   \       0x12   0x0141             LSLS     R1,R0,#+5
   \       0x14   0xB2C9             UXTB     R1,R1
   \       0x16   0x0602             LSLS     R2,R0,#+24
   \       0x18   0x0ED2             LSRS     R2,R2,#+27
   \       0x1A   0xEA41 0x2102      ORR      R1,R1,R2, LSL #+8
   \       0x1E   0x4048             EORS     R0,R1,R0
   \       0x20   0xB280             UXTH     R0,R0
   \       0x22   0x4770             BX       LR               ;; return
     49          }
     50          
     51          //--------------------------------------------------------------
     52          // CRC-32
     53          #define POLYNOMIAL              (0xEDB88320UL)
     54          

   \                                 In section .text, align 2, keep-with-next
     55          uint32_t halCommonCrc32(uint8_t newByte, uint32_t prevResult)
     56          {
     57            uint8_t jj;
     58            uint32_t previous;
     59            uint32_t oper;
     60          
     61            previous = (prevResult >> 8) & 0x00FFFFFFL;
   \                     halCommonCrc32: (+1)
   \        0x0   0x0A0A             LSRS     R2,R1,#+8
     62            oper = (prevResult ^ newByte) & 0xFF;
   \        0x2   0x4048             EORS     R0,R0,R1
   \        0x4   0xF000 0x00FF      AND      R0,R0,#0xFF
     63            for (jj = 0; jj < 8; jj++) {
   \        0x8   0x2108             MOVS     R1,#+8
     64              oper = ((oper & 0x01)
     65                      ? ((oper >> 1) ^ POLYNOMIAL)
     66                      : (oper >> 1));
   \                     ??halCommonCrc32_0: (+1)
   \        0xA   0x0843             LSRS     R3,R0,#+1
   \        0xC   0x07C0             LSLS     R0,R0,#+31
   \        0xE   0x4618             MOV      R0,R3
   \       0x10   0xBF44             ITT      MI 
   \       0x12   0x....             LDRMI.N  R3,??DataTable1  ;; 0xedb88320
   \       0x14   0x4058             EORMI    R0,R3,R0
     67            }
   \       0x16   0x1E49             SUBS     R1,R1,#+1
   \       0x18   0xD1F7             BNE.N    ??halCommonCrc32_0
     68          
     69            return (previous ^ oper);
   \       0x1A   0x4050             EORS     R0,R0,R2
   \       0x1C   0x4770             BX       LR               ;; return
     70          }

   \                                 In section .text, align 4, keep-with-next
   \                     ??DataTable1:
   \        0x0   0xEDB8'8320        DC32     0xedb88320

   Maximum stack usage in bytes:

   .cstack Function
   ------- --------
       0   halCommonCrc16
       0   halCommonCrc32


   Section sizes:

   Bytes  Function/Label
   -----  --------------
       4  ??DataTable1
      36  halCommonCrc16
      30  halCommonCrc32

 
 70 bytes in section .text
 
 70 bytes of CODE memory

Errors: none
Warnings: none
