###############################################################################
#
# IAR ANSI C/C++ Compiler V8.32.2.178/W32 for ARM         14/Jun/2019  13:19:07
# Copyright 1999-2018 IAR Systems AB.
#
#    Cpu mode     =  
#    Endian       =  little
#    Source file  =  
#        C:\SiliconLabs\SimplicityStudio\v4\developer\sdks\gecko_sdk_suite\v2.6\protocol\zigbee\app\framework\plugin\groups-server\groups-server.c
#    Command line =  
#        -f C:\Users\alji\AppData\Local\Temp\EW8DA1.tmp
#        (C:\SiliconLabs\SimplicityStudio\v4\developer\sdks\gecko_sdk_suite\v2.6\protocol\zigbee\app\framework\plugin\groups-server\groups-server.c
#        -D LOCAL_STORAGE_BTL -D CORTEXM3 -D CORTEXM3_EFR32 -D
#        CORTEXM3_EFR32_MICRO -D CORTEXM3_EFM32_MICRO -D
#        EFR32_SERIES2_CONFIG1_MICRO -D EFR32MG21 -D EFR32MG21A010F1024IM32 -D
#        "ATTRIBUTE_STORAGE_CONFIGURATION=\"z3_lite_timer_mg21_v660_endpoint_config.h\""
#        -D "CONFIGURATION_HEADER=\"app/framework/util/config.h\"" -D
#        "GENERATED_TOKEN_HEADER=\"z3_lite_timer_mg21_v660_tokens.h\"" -D
#        "PLATFORM_HEADER=\"platform/base/hal/micro/cortexm3/compiler/iar.h\""
#        -D "ZA_GENERATED_HEADER=\"z3_lite_timer_mg21_v660.h\"" -D
#        "__SOURCEFILE__=\"groups-server.c\"" -D PSSTORE_SIZE=0 -D
#        LONGTOKEN_SIZE=0 -D LOCKBITS_IN_MAINFLASH_SIZE=8192 -D HAL_CONFIG=1 -D
#        EMBER_AF_USE_HWCONF -D LED_BLINK_PERIOD_MS=1000 -D NO_LED=1 -D
#        "EMBER_AF_API_EMBER_TYPES=\"stack/include/ember-types.h\"" -D
#        "EMBER_AF_API_DEBUG_PRINT=\"app/framework/util/print.h\"" -D
#        "EMBER_AF_API_AF_HEADER=\"app/framework/include/af.h\"" -D
#        "EMBER_AF_API_AF_SECURITY_HEADER=\"app/framework/security/af-security.h\""
#        -D EMBER_STACK_ZIGBEE -D
#        "MBEDTLS_CONFIG_FILE=\"mbedtls-config-generated.h\"" -D USE_NVM3 -D
#        NVM3_DEFAULT_NVM_SIZE=NVM3_FLASH_PAGES*FLASH_PAGE_SIZE -D
#        EMLIB_USER_CONFIG -D HAL_BULBPWM_ENABLE=1 -D
#        HAL_BULBPWM_FREQUENCY=1000 -D
#        "APPLICATION_TOKEN_HEADER=\"znet-token.h\"" -D
#        "APPLICATION_MFG_TOKEN_HEADER=\"znet-mfg-token.h\"" -D
#        "MBEDTLS_DEVICE_ACCELERATION_CONFIG_FILE=\"configs/config-device-acceleration.h\""
#        -D
#        "MBEDTLS_DEVICE_ACCELERATION_CONFIG_APP_FILE=\"config-device-acceleration-app.h\""
#        -D NVM3_FLASH_PAGES=4 -D NVM3_DEFAULT_CACHE_SIZE=200 -D
#        NVM3_MAX_OBJECT_SIZE=254 -D NVM3_DEFAULT_REPACK_HEADROOM=0 -D
#        PHY_RAIL=1 -lC
#        C:\SiliconLabs\SimplicityStudio\v4\developer\sdks\gecko_sdk_suite\v2.5\z3_lite_timer_mg21_v660\build\lst
#        --diag_suppress Pa050 -o
#        C:\SiliconLabs\SimplicityStudio\v4\developer\sdks\gecko_sdk_suite\v2.5\z3_lite_timer_mg21_v660\build\obj
#        --no_unroll --no_clustering --debug --endian=little
#        --cpu=Cortex-M33.no_dsp --cmse --no_path_in_file_macros
#        --separate_cluster_for_initialized_variables -e --fpu=None
#        --dlib_config "C:\Program Files (x86)\IAR Systems\Embedded Workbench
#        8.2\arm\inc\c\DLib_Config_Normal.h" -I
#        C:\SiliconLabs\SimplicityStudio\v4\developer\sdks\gecko_sdk_suite\v2.6\protocol\zigbee\app\framework\plugin\groups-server\
#        -I
#        C:\SiliconLabs\SimplicityStudio\v4\developer\sdks\gecko_sdk_suite\v2.5\z3_lite_timer_mg21_v660\
#        -I
#        C:\SiliconLabs\SimplicityStudio\v4\developer\sdks\gecko_sdk_suite\v2.5\z3_lite_timer_mg21_v660\..\..\v2.6\
#        -I
#        C:\SiliconLabs\SimplicityStudio\v4\developer\sdks\gecko_sdk_suite\v2.5\z3_lite_timer_mg21_v660\..\..\v2.6\protocol\zigbee\app\framework\
#        -I
#        C:\SiliconLabs\SimplicityStudio\v4\developer\sdks\gecko_sdk_suite\v2.5\z3_lite_timer_mg21_v660\..\..\v2.6\protocol\zigbee\app\framework\..\..\
#        -I
#        C:\SiliconLabs\SimplicityStudio\v4\developer\sdks\gecko_sdk_suite\v2.5\z3_lite_timer_mg21_v660\..\..\v2.6\protocol\zigbee\app\framework\..\..\stack\
#        -I
#        C:\SiliconLabs\SimplicityStudio\v4\developer\sdks\gecko_sdk_suite\v2.5\z3_lite_timer_mg21_v660\..\..\v2.6\protocol\zigbee\app\framework\..\util\
#        -I
#        C:\SiliconLabs\SimplicityStudio\v4\developer\sdks\gecko_sdk_suite\v2.5\z3_lite_timer_mg21_v660\..\..\v2.6\protocol\zigbee\app\framework\include\
#        -I
#        C:\SiliconLabs\SimplicityStudio\v4\developer\sdks\gecko_sdk_suite\v2.5\z3_lite_timer_mg21_v660\..\..\v2.6\platform\base\hal\
#        -I
#        C:\SiliconLabs\SimplicityStudio\v4\developer\sdks\gecko_sdk_suite\v2.5\z3_lite_timer_mg21_v660\..\..\v2.6\platform\base\hal\plugin\
#        -I
#        C:\SiliconLabs\SimplicityStudio\v4\developer\sdks\gecko_sdk_suite\v2.5\z3_lite_timer_mg21_v660\..\..\v2.6\platform\base\hal\..\
#        -I
#        C:\SiliconLabs\SimplicityStudio\v4\developer\sdks\gecko_sdk_suite\v2.5\z3_lite_timer_mg21_v660\..\..\v2.6\platform\base\hal\micro\cortexm3\efm32\
#        -I
#        C:\SiliconLabs\SimplicityStudio\v4\developer\sdks\gecko_sdk_suite\v2.5\z3_lite_timer_mg21_v660\..\..\v2.6\platform\base\hal\micro\cortexm3\efm32\config\
#        -I
#        C:\SiliconLabs\SimplicityStudio\v4\developer\sdks\gecko_sdk_suite\v2.5\z3_lite_timer_mg21_v660\..\..\v2.6\platform\base\hal\micro\cortexm3\efm32\efr32\
#        -I
#        C:\SiliconLabs\SimplicityStudio\v4\developer\sdks\gecko_sdk_suite\v2.5\z3_lite_timer_mg21_v660\..\..\v2.6\platform\base\hal\..\..\CMSIS\Include\
#        -I
#        C:\SiliconLabs\SimplicityStudio\v4\developer\sdks\gecko_sdk_suite\v2.5\z3_lite_timer_mg21_v660\..\..\v2.6\platform\base\hal\..\..\Device\SiliconLabs\efr32mg21\Include\
#        -I
#        C:\SiliconLabs\SimplicityStudio\v4\developer\sdks\gecko_sdk_suite\v2.5\z3_lite_timer_mg21_v660\..\..\v2.6\platform\base\hal\..\..\emdrv\common\inc\
#        -I
#        C:\SiliconLabs\SimplicityStudio\v4\developer\sdks\gecko_sdk_suite\v2.5\z3_lite_timer_mg21_v660\..\..\v2.6\platform\base\hal\..\..\emdrv\config\
#        -I
#        C:\SiliconLabs\SimplicityStudio\v4\developer\sdks\gecko_sdk_suite\v2.5\z3_lite_timer_mg21_v660\..\..\v2.6\platform\base\hal\..\..\emdrv\dmadrv\inc\
#        -I
#        C:\SiliconLabs\SimplicityStudio\v4\developer\sdks\gecko_sdk_suite\v2.5\z3_lite_timer_mg21_v660\..\..\v2.6\platform\base\hal\..\..\emdrv\gpiointerrupt\inc\
#        -I
#        C:\SiliconLabs\SimplicityStudio\v4\developer\sdks\gecko_sdk_suite\v2.5\z3_lite_timer_mg21_v660\..\..\v2.6\platform\base\hal\..\..\emdrv\rtcdrv\inc\
#        -I
#        C:\SiliconLabs\SimplicityStudio\v4\developer\sdks\gecko_sdk_suite\v2.5\z3_lite_timer_mg21_v660\..\..\v2.6\platform\base\hal\..\..\emdrv\sleep\inc\
#        -I
#        C:\SiliconLabs\SimplicityStudio\v4\developer\sdks\gecko_sdk_suite\v2.5\z3_lite_timer_mg21_v660\..\..\v2.6\platform\base\hal\..\..\emdrv\spidrv\inc\
#        -I
#        C:\SiliconLabs\SimplicityStudio\v4\developer\sdks\gecko_sdk_suite\v2.5\z3_lite_timer_mg21_v660\..\..\v2.6\platform\base\hal\..\..\emdrv\tempdrv\inc\
#        -I
#        C:\SiliconLabs\SimplicityStudio\v4\developer\sdks\gecko_sdk_suite\v2.5\z3_lite_timer_mg21_v660\..\..\v2.6\platform\base\hal\..\..\emdrv\uartdrv\inc\
#        -I
#        C:\SiliconLabs\SimplicityStudio\v4\developer\sdks\gecko_sdk_suite\v2.5\z3_lite_timer_mg21_v660\..\..\v2.6\platform\base\hal\..\..\emdrv\ustimer\inc\
#        -I
#        C:\SiliconLabs\SimplicityStudio\v4\developer\sdks\gecko_sdk_suite\v2.5\z3_lite_timer_mg21_v660\..\..\v2.6\platform\base\hal\..\..\emlib\inc\
#        -I
#        C:\SiliconLabs\SimplicityStudio\v4\developer\sdks\gecko_sdk_suite\v2.5\z3_lite_timer_mg21_v660\..\..\v2.6\platform\base\hal\..\..\middleware\glib\
#        -I
#        C:\SiliconLabs\SimplicityStudio\v4\developer\sdks\gecko_sdk_suite\v2.5\z3_lite_timer_mg21_v660\..\..\v2.6\platform\base\hal\..\..\middleware\glib\glib\
#        -I
#        C:\SiliconLabs\SimplicityStudio\v4\developer\sdks\gecko_sdk_suite\v2.5\z3_lite_timer_mg21_v660\..\..\v2.6\platform\base\hal\..\..\radio\rail_lib\plugin\
#        -I
#        C:\SiliconLabs\SimplicityStudio\v4\developer\sdks\gecko_sdk_suite\v2.5\z3_lite_timer_mg21_v660\..\..\v2.6\platform\base\hal\..\..\radio\rail_lib\chip\efr32\rf\common\cortex\
#        -I
#        C:\SiliconLabs\SimplicityStudio\v4\developer\sdks\gecko_sdk_suite\v2.5\z3_lite_timer_mg21_v660\..\..\v2.6\platform\base\hal\..\..\radio\rail_lib\chip\efr32\rf\rfprotocol\ieee802154\cortex\
#        -I
#        C:\SiliconLabs\SimplicityStudio\v4\developer\sdks\gecko_sdk_suite\v2.5\z3_lite_timer_mg21_v660\..\..\v2.6\platform\halconfig\inc\hal-config\
#        -I
#        C:\SiliconLabs\SimplicityStudio\v4\developer\sdks\gecko_sdk_suite\v2.5\z3_lite_timer_mg21_v660\..\..\v2.6\hardware\module\config\
#        -I
#        C:\SiliconLabs\SimplicityStudio\v4\developer\sdks\gecko_sdk_suite\v2.5\z3_lite_timer_mg21_v660\..\..\v2.6\hardware\kit\common\halconfig\
#        -I
#        C:\SiliconLabs\SimplicityStudio\v4\developer\sdks\gecko_sdk_suite\v2.5\z3_lite_timer_mg21_v660\..\..\v2.6\hardware\kit\common\bsp\
#        -I
#        C:\SiliconLabs\SimplicityStudio\v4\developer\sdks\gecko_sdk_suite\v2.5\z3_lite_timer_mg21_v660\hal-config\
#        -I
#        C:\SiliconLabs\SimplicityStudio\v4\developer\sdks\gecko_sdk_suite\v2.5\z3_lite_timer_mg21_v660\..\..\v2.6\platform\bootloader\
#        -I
#        C:\SiliconLabs\SimplicityStudio\v4\developer\sdks\gecko_sdk_suite\v2.5\z3_lite_timer_mg21_v660\..\..\v2.6\platform\emdrv\nvm3\inc\
#        -I
#        C:\SiliconLabs\SimplicityStudio\v4\developer\sdks\gecko_sdk_suite\v2.5\z3_lite_timer_mg21_v660\..\..\v2.6\platform\radio\rail_lib\chip\efr32\efr32xg2x\
#        -I
#        C:\SiliconLabs\SimplicityStudio\v4\developer\sdks\gecko_sdk_suite\v2.5\z3_lite_timer_mg21_v660\..\..\v2.6\platform\radio\rail_lib\common\
#        -I
#        C:\SiliconLabs\SimplicityStudio\v4\developer\sdks\gecko_sdk_suite\v2.5\z3_lite_timer_mg21_v660\..\..\v2.6\platform\radio\rail_lib\plugin\coexistence\common\
#        -I
#        C:\SiliconLabs\SimplicityStudio\v4\developer\sdks\gecko_sdk_suite\v2.5\z3_lite_timer_mg21_v660\..\..\v2.6\platform\radio\rail_lib\plugin\coexistence\hal\efr32\
#        -I
#        C:\SiliconLabs\SimplicityStudio\v4\developer\sdks\gecko_sdk_suite\v2.5\z3_lite_timer_mg21_v660\..\..\v2.6\platform\radio\rail_lib\plugin\coexistence\protocol\ieee802154\
#        -I
#        C:\SiliconLabs\SimplicityStudio\v4\developer\sdks\gecko_sdk_suite\v2.5\z3_lite_timer_mg21_v660\..\..\v2.6\platform\radio\rail_lib\protocol\ble\
#        -I
#        C:\SiliconLabs\SimplicityStudio\v4\developer\sdks\gecko_sdk_suite\v2.5\z3_lite_timer_mg21_v660\..\..\v2.6\platform\radio\rail_lib\protocol\ieee802154\
#        -I
#        C:\SiliconLabs\SimplicityStudio\v4\developer\sdks\gecko_sdk_suite\v2.5\z3_lite_timer_mg21_v660\..\..\v2.6\platform\radio\rail_lib\protocol\zwave\
#        -I
#        C:\SiliconLabs\SimplicityStudio\v4\developer\sdks\gecko_sdk_suite\v2.5\z3_lite_timer_mg21_v660\..\..\v2.6\util\plugin\plugin-common\mbedtls\
#        -I
#        C:\SiliconLabs\SimplicityStudio\v4\developer\sdks\gecko_sdk_suite\v2.5\z3_lite_timer_mg21_v660\..\..\v2.6\util\third_party\mbedtls\
#        -I
#        C:\SiliconLabs\SimplicityStudio\v4\developer\sdks\gecko_sdk_suite\v2.5\z3_lite_timer_mg21_v660\..\..\v2.6\util\third_party\mbedtls\include\
#        -I
#        C:\SiliconLabs\SimplicityStudio\v4\developer\sdks\gecko_sdk_suite\v2.5\z3_lite_timer_mg21_v660\..\..\v2.6\util\third_party\mbedtls\include\mbedtls\
#        -I
#        C:\SiliconLabs\SimplicityStudio\v4\developer\sdks\gecko_sdk_suite\v2.5\z3_lite_timer_mg21_v660\..\..\v2.6\util\third_party\mbedtls\sl_crypto\include\
#        -Ohz --use_c++_inline)
#    Locale       =  C
#    List file    =  
#        C:\SiliconLabs\SimplicityStudio\v4\developer\sdks\gecko_sdk_suite\v2.5\z3_lite_timer_mg21_v660\build\lst\groups-server.lst
#    Object file  =  
#        C:\SiliconLabs\SimplicityStudio\v4\developer\sdks\gecko_sdk_suite\v2.5\z3_lite_timer_mg21_v660\build\obj\groups-server.o
#
###############################################################################

C:\SiliconLabs\SimplicityStudio\v4\developer\sdks\gecko_sdk_suite\v2.6\protocol\zigbee\app\framework\plugin\groups-server\groups-server.c
      1          /***************************************************************************//**
      2           * @file
      3           * @brief Routines for the Groups Server plugin, the server implementation of
      4           *        the Groups cluster.
      5           *******************************************************************************
      6           * # License
      7           * <b>Copyright 2018 Silicon Laboratories Inc. www.silabs.com</b>
      8           *******************************************************************************
      9           *
     10           * The licensor of this software is Silicon Laboratories Inc. Your use of this
     11           * software is governed by the terms of Silicon Labs Master Software License
     12           * Agreement (MSLA) available at
     13           * www.silabs.com/about-us/legal/master-software-license-agreement. This
     14           * software is distributed to you in Source Code format and is governed by the
     15           * sections of the MSLA applicable to Source Code.
     16           *
     17           ******************************************************************************/
     18          
     19          // *******************************************************************
     20          // * groups-server.c
     21          // *
     22          // *
     23          // * Copyright 2010 by Ember Corporation. All rights reserved.              *80*
     24          // *******************************************************************
     25          
     26          #include "app/framework/include/af.h"
     27          
     28          static bool isGroupPresent(uint8_t endpoint, uint16_t groupId);
     29          
     30          static bool bindingGroupMatch(uint8_t endpoint,
     31                                        uint16_t groupId,
     32                                        EmberBindingTableEntry *entry);
     33          
     34          static uint8_t findGroupIndex(uint8_t endpoint, uint16_t groupId);
     35          

   \                                 In section .text, align 2, keep-with-next
     36          void emberAfGroupsClusterServerInitCallback(uint8_t endpoint)
     37          {
   \                     emberAfGroupsClusterServerInitCallback: (+1)
   \        0x0   0xB51F             PUSH     {R0-R4,LR}
   \        0x2   0x4604             MOV      R4,R0
     38            // The high bit of Name Support indicates whether group names are supported.
     39            // Group names are not supported by this plugin.
     40            EmberAfStatus status;
     41            uint8_t nameSupport = (uint8_t) emberAfPluginGroupsServerGroupNamesSupportedCallback(endpoint);
   \        0x4   0x....'....        BL       emberAfPluginGroupsServerGroupNamesSupportedCallback
   \        0x8   0xF88D 0x0008      STRB     R0,[SP, #+8]
     42            status = emberAfWriteAttribute(endpoint,
     43                                           ZCL_GROUPS_CLUSTER_ID,
     44                                           ZCL_GROUP_NAME_SUPPORT_ATTRIBUTE_ID,
     45                                           CLUSTER_MASK_SERVER,
     46                                           (uint8_t *)&nameSupport,
     47                                           ZCL_BITMAP8_ATTRIBUTE_TYPE);
   \        0xC   0x2018             MOVS     R0,#+24
   \        0xE   0xA902             ADD      R1,SP,#+8
   \       0x10   0x9001             STR      R0,[SP, #+4]
   \       0x12   0x9100             STR      R1,[SP, #+0]
   \       0x14   0x2340             MOVS     R3,#+64
   \       0x16   0x2200             MOVS     R2,#+0
   \       0x18   0x2104             MOVS     R1,#+4
   \       0x1A   0x4620             MOV      R0,R4
   \       0x1C   0x....'....        BL       emberAfWriteAttribute
     48            if (status != EMBER_ZCL_STATUS_SUCCESS) {
     49              emberAfGroupsClusterPrintln("ERR: writing name support %x", status);
     50            }
     51          }
   \       0x20   0xBD1F             POP      {R0-R4,PC}       ;; return
     52          
     53          // --------------------------
     54          // Internal functions used to maintain the group table within the context
     55          // of the binding table.
     56          //
     57          // In the binding:
     58          // The first two bytes of the identifier is set to the groupId
     59          // The local endpoint is set to the endpoint that is mapped to this group
     60          // --------------------------

   \                                 In section .text, align 2, keep-with-next
     61          static EmberAfStatus addEntryToGroupTable(uint8_t endpoint, uint16_t groupId, uint8_t *groupName)
     62          {
   \                     addEntryToGroupTable: (+1)
   \        0x0   0xB5F8             PUSH     {R3-R7,LR}
   \        0x2   0xB084             SUB      SP,SP,#+16
   \        0x4   0x4605             MOV      R5,R0
   \        0x6   0x460E             MOV      R6,R1
   \        0x8   0x4614             MOV      R4,R2
     63            uint8_t i;
     64          
     65            // Check for duplicates.
     66            if (isGroupPresent(endpoint, groupId)) {
   \        0xA   0x....'....        BL       isGroupPresent
   \        0xE   0xB118             CBZ.N    R0,??addEntryToGroupTable_0
     67              // Even if the group already exists, tell the application about the name,
     68              // so it can cope with renames.
     69              emberAfPluginGroupsServerSetGroupNameCallback(endpoint,
     70                                                            groupId,
     71                                                            groupName);
   \       0x10   0x....'....        BL       ?Subroutine0
     72              return EMBER_ZCL_STATUS_DUPLICATE_EXISTS;
   \                     ??CrossCallReturnLabel_1: (+1)
   \       0x14   0x208A             MOVS     R0,#+138
   \       0x16   0xE01C             B.N      ??addEntryToGroupTable_1
     73            }
     74          
     75            // Look for an empty binding slot.
     76            for (i = 0; i < EMBER_BINDING_TABLE_SIZE; i++) {
   \                     ??addEntryToGroupTable_0: (+1)
   \       0x18   0x2700             MOVS     R7,#+0
     77              EmberBindingTableEntry binding;
     78              if (emberGetBinding(i, &binding) == EMBER_SUCCESS
     79                  && binding.type == EMBER_UNUSED_BINDING) {
   \                     ??addEntryToGroupTable_2: (+1)
   \       0x1A   0x....'....        BL       ?Subroutine1
   \                     ??CrossCallReturnLabel_4: (+1)
   \       0x1E   0x2800             CMP      R0,#+0
   \       0x20   0xBF04             ITT      EQ 
   \       0x22   0xF89D 0x0000      LDRBEQ   R0,[SP, #+0]
   \       0x26   0x2800             CMPEQ    R0,#+0
   \       0x28   0xD10E             BNE.N    ??addEntryToGroupTable_3
     80                EmberStatus status;
     81                binding.type = EMBER_MULTICAST_BINDING;
   \       0x2A   0x2103             MOVS     R1,#+3
   \       0x2C   0xF88D 0x1000      STRB     R1,[SP, #+0]
     82                binding.identifier[0] = LOW_BYTE(groupId);
     83                binding.identifier[1] = HIGH_BYTE(groupId);
   \       0x30   0x0A31             LSRS     R1,R6,#+8
   \       0x32   0xF88D 0x1006      STRB     R1,[SP, #+6]
   \       0x36   0xF88D 0x6005      STRB     R6,[SP, #+5]
     84                binding.local = endpoint;
   \       0x3A   0xF88D 0x5001      STRB     R5,[SP, #+1]
     85          
     86                status = emberSetBinding(i, &binding);
     87                if (status == EMBER_SUCCESS) {
   \       0x3E   0x4669             MOV      R1,SP
   \       0x40   0xB2F8             UXTB     R0,R7
   \       0x42   0x....'....        BL       emberSetBinding
   \       0x46   0xB130             CBZ.N    R0,??addEntryToGroupTable_4
   \                     ??addEntryToGroupTable_3: (+1)
   \       0x48   0x1C7F             ADDS     R7,R7,#+1
   \       0x4A   0xB2F8             UXTB     R0,R7
   \       0x4C   0x2803             CMP      R0,#+3
   \       0x4E   0xDBE4             BLT.N    ??addEntryToGroupTable_2
     88                  // Set the group name, if supported
     89                  emberAfPluginGroupsServerSetGroupNameCallback(endpoint,
     90                                                                groupId,
     91                                                                groupName);
     92                  return EMBER_ZCL_STATUS_SUCCESS;
     93                } else {
     94                  emberAfGroupsClusterPrintln("ERR: Failed to create binding (0x%x)",
     95                                              status);
     96                }
     97              }
     98            }
     99            emberAfGroupsClusterPrintln("ERR: Binding table is full");
    100            return EMBER_ZCL_STATUS_INSUFFICIENT_SPACE;
   \       0x50   0x2089             MOVS     R0,#+137
   \                     ??addEntryToGroupTable_1: (+1)
   \       0x52   0xB005             ADD      SP,SP,#+20
   \       0x54   0xBDF0             POP      {R4-R7,PC}       ;; return
   \                     ??addEntryToGroupTable_4: (+1)
   \       0x56   0x....'....        BL       ?Subroutine0
   \                     ??CrossCallReturnLabel_0: (+1)
   \       0x5A   0x2000             MOVS     R0,#+0
   \       0x5C   0xE7F9             B.N      ??addEntryToGroupTable_1
    101          }

   \                                 In section .text, align 2, keep-with-next
   \                     ?Subroutine1: (+1)
   \        0x0   0x4669             MOV      R1,SP
   \                     ??Subroutine1_0: (+1)
   \        0x2   0xB2F8             UXTB     R0,R7
   \        0x4   0x....'....        B.W      emberGetBinding

   \                                 In section .text, align 2, keep-with-next
   \                     ?Subroutine0: (+1)
   \        0x0   0x4622             MOV      R2,R4
   \        0x2   0x4631             MOV      R1,R6
   \        0x4   0x4628             MOV      R0,R5
   \        0x6   0x....'....        B.W      emberAfPluginGroupsServerSetGroupNameCallback
    102          
    103          static EmberAfStatus removeEntryFromGroupTable(uint8_t endpoint, uint16_t groupId)
    104          {
    105            if (isGroupPresent(endpoint, groupId)) {
    106              uint8_t bindingIndex = findGroupIndex(endpoint, groupId);
    107              EmberStatus status = emberDeleteBinding(bindingIndex);
    108              if (status == EMBER_SUCCESS) {
    109                uint8_t groupName[ZCL_GROUPS_CLUSTER_MAXIMUM_NAME_LENGTH + 1] = { 0 };
    110                emberAfPluginGroupsServerSetGroupNameCallback(endpoint,
    111                                                              groupId,
    112                                                              groupName);
    113                return EMBER_ZCL_STATUS_SUCCESS;
    114              } else {
    115                emberAfGroupsClusterPrintln("ERR: Failed to delete binding (0x%x)",
    116                                            status);
    117                return EMBER_ZCL_STATUS_FAILURE;
    118              }
    119            }
    120            return EMBER_ZCL_STATUS_NOT_FOUND;
    121          }
    122          

   \                                 In section .text, align 2, keep-with-next
    123          bool emberAfGroupsClusterAddGroupCallback(uint16_t groupId, uint8_t *groupName)
    124          {
   \                     emberAfGroupsClusterAddGroupCallback: (+1)
   \        0x0   0xB57C             PUSH     {R2-R6,LR}
    125            EmberAfStatus status;
    126          
    127            emberAfGroupsClusterPrint("RX: AddGroup 0x%2x, \"", groupId);
    128            emberAfGroupsClusterPrintString(groupName);
    129            emberAfGroupsClusterPrintln("\"");
    130          
    131            status = addEntryToGroupTable(emberAfCurrentEndpoint(), groupId, groupName);
   \        0x2   0x....             LDR.N    R5,??DataTable6
   \        0x4   0x682B             LDR      R3,[R5, #+0]
   \        0x6   0x4604             MOV      R4,R0
   \        0x8   0x460A             MOV      R2,R1
   \        0xA   0x681E             LDR      R6,[R3, #+0]
   \        0xC   0x4621             MOV      R1,R4
   \        0xE   0x7970             LDRB     R0,[R6, #+5]
   \       0x10   0x....'....        BL       addEntryToGroupTable
    132          
    133            // For all networks, Add Group commands are only responded to when
    134            // they are addressed to a single device.
    135            if (emberAfCurrentCommand()->type != EMBER_INCOMING_UNICAST
    136                && emberAfCurrentCommand()->type != EMBER_INCOMING_UNICAST_REPLY) {
   \       0x14   0x6829             LDR      R1,[R5, #+0]
   \       0x16   0x7909             LDRB     R1,[R1, #+4]
   \       0x18   0x2900             CMP      R1,#+0
   \       0x1A   0xBF18             IT       NE 
   \       0x1C   0x2901             CMPNE    R1,#+1
   \       0x1E   0xD109             BNE.N    ??emberAfGroupsClusterAddGroupCallback_0
    137              return true;
    138            }
    139            emberAfFillCommandGroupsClusterAddGroupResponse(status, groupId);
   \       0x20   0x9000             STR      R0,[SP, #+0]
   \       0x22   0x9401             STR      R4,[SP, #+4]
   \       0x24   0x....             LDR.N    R3,??DataTable6_1
   \       0x26   0x2200             MOVS     R2,#+0
   \       0x28   0x2104             MOVS     R1,#+4
   \       0x2A   0x2009             MOVS     R0,#+9
   \       0x2C   0x....'....        BL       emberAfFillExternalBuffer
    140            emberAfSendResponse();
   \       0x30   0x....'....        BL       emberAfSendResponse
    141            return true;
   \                     ??emberAfGroupsClusterAddGroupCallback_0: (+1)
   \       0x34   0x2001             MOVS     R0,#+1
   \       0x36   0xBD76             POP      {R1,R2,R4-R6,PC}  ;; return
    142          }
    143          

   \                                 In section .text, align 2, keep-with-next
    144          bool emberAfGroupsClusterViewGroupCallback(uint16_t groupId)
    145          {
   \                     emberAfGroupsClusterViewGroupCallback: (+1)
   \        0x0   0xB570             PUSH     {R4-R6,LR}
    146            EmberAfStatus status = EMBER_ZCL_STATUS_NOT_FOUND;
    147            EmberStatus sendStatus;
    148            uint8_t groupName[ZCL_GROUPS_CLUSTER_MAXIMUM_NAME_LENGTH + 1] = { 0 };
    149          
    150            // Get the group name, if supported
    151            emberAfPluginGroupsServerGetGroupNameCallback(emberAfCurrentEndpoint(),
    152                                                          groupId,
    153                                                          groupName);
   \        0x2   0x....             LDR.N    R6,??DataTable6
   \        0x4   0xB088             SUB      SP,SP,#+32
   \        0x6   0x4604             MOV      R4,R0
   \        0x8   0xA803             ADD      R0,SP,#+12
   \        0xA   0x2114             MOVS     R1,#+20
   \        0xC   0x....'....        BL       __aeabi_memclr4
   \       0x10   0x6830             LDR      R0,[R6, #+0]
   \       0x12   0xAA03             ADD      R2,SP,#+12
   \       0x14   0x4621             MOV      R1,R4
   \       0x16   0x6803             LDR      R3,[R0, #+0]
   \       0x18   0x258B             MOVS     R5,#+139
   \       0x1A   0x7958             LDRB     R0,[R3, #+5]
   \       0x1C   0x....'....        BL       emberAfPluginGroupsServerGetGroupNameCallback
    154          
    155            emberAfGroupsClusterPrintln("RX: ViewGroup 0x%2x", groupId);
    156          
    157            // For all networks, View Group commands can only be addressed to a
    158            // single device.
    159            if (emberAfCurrentCommand()->type != EMBER_INCOMING_UNICAST
    160                && emberAfCurrentCommand()->type != EMBER_INCOMING_UNICAST_REPLY) {
   \       0x20   0x6832             LDR      R2,[R6, #+0]
   \       0x22   0x7910             LDRB     R0,[R2, #+4]
   \       0x24   0x2800             CMP      R0,#+0
   \       0x26   0xBF18             IT       NE 
   \       0x28   0x2801             CMPNE    R0,#+1
   \       0x2A   0xD112             BNE.N    ??emberAfGroupsClusterViewGroupCallback_0
    161              return true;
    162            }
    163          
    164            if (isGroupPresent(emberAfCurrentEndpoint(), groupId)) {
   \       0x2C   0x6810             LDR      R0,[R2, #+0]
   \       0x2E   0x4621             MOV      R1,R4
   \       0x30   0x7940             LDRB     R0,[R0, #+5]
   \       0x32   0x....'....        BL       isGroupPresent
   \       0x36   0xB100             CBZ.N    R0,??emberAfGroupsClusterViewGroupCallback_1
    165              status = EMBER_ZCL_STATUS_SUCCESS;
   \       0x38   0x2500             MOVS     R5,#+0
    166            }
    167          
    168            emberAfFillCommandGroupsClusterViewGroupResponse(status, groupId, groupName);
   \                     ??emberAfGroupsClusterViewGroupCallback_1: (+1)
   \       0x3A   0xA803             ADD      R0,SP,#+12
   \       0x3C   0x9002             STR      R0,[SP, #+8]
   \       0x3E   0x9401             STR      R4,[SP, #+4]
   \       0x40   0x9500             STR      R5,[SP, #+0]
   \       0x42   0x....             LDR.N    R3,??DataTable6_2
   \       0x44   0x2201             MOVS     R2,#+1
   \       0x46   0x2104             MOVS     R1,#+4
   \       0x48   0x2009             MOVS     R0,#+9
   \       0x4A   0x....'....        BL       emberAfFillExternalBuffer
    169            sendStatus = emberAfSendResponse();
   \       0x4E   0x....'....        BL       emberAfSendResponse
    170            if (EMBER_SUCCESS != sendStatus) {
    171              emberAfGroupsClusterPrintln("Groups: failed to send %s response: 0x%x",
    172                                          "view_group",
    173                                          sendStatus);
    174            }
    175            return true;
   \                     ??emberAfGroupsClusterViewGroupCallback_0: (+1)
   \       0x52   0x2001             MOVS     R0,#+1
   \       0x54   0xB008             ADD      SP,SP,#+32
   \       0x56   0xBD70             POP      {R4-R6,PC}       ;; return
    176          }
    177          

   \                                 In section .text, align 2, keep-with-next
    178          bool emberAfGroupsClusterGetGroupMembershipCallback(uint8_t groupCount,
    179                                                              uint8_t *groupList)
    180          {
   \                     emberAfGroupsClusterGetGroupMembershipCallback: (+1)
   \        0x0   0xE92D 0x4FF8      PUSH     {R3-R11,LR}
   \        0x4   0xB08A             SUB      SP,SP,#+40
    181            EmberStatus status;
    182            uint8_t i, j;
    183            uint8_t count = 0;
   \        0x6   0x2400             MOVS     R4,#+0
    184            uint8_t list[EMBER_BINDING_TABLE_SIZE << 1];
    185            uint8_t listLen = 0;
   \        0x8   0x2500             MOVS     R5,#+0
    186          
    187            emberAfGroupsClusterPrint("RX: GetGroupMembership 0x%x,", groupCount);
    188            for (i = 0; i < groupCount; i++) {
   \        0xA   0x2200             MOVS     R2,#+0
   \        0xC   0x4681             MOV      R9,R0
   \        0xE   0xE000             B.N      ??emberAfGroupsClusterGetGroupMembershipCallbac_0
   \                     ??emberAfGroupsClusterGetGroupMembershipCallbac_1: (+1)
   \       0x10   0x1C52             ADDS     R2,R2,#+1
   \                     ??emberAfGroupsClusterGetGroupMembershipCallbac_0: (+1)
   \       0x12   0xB2D0             UXTB     R0,R2
   \       0x14   0x4548             CMP      R0,R9
   \       0x16   0xD3FB             BCC.N    ??emberAfGroupsClusterGetGroupMembershipCallbac_1
    189              emberAfGroupsClusterPrint(" [0x%2x]",
    190                                        emberAfGetInt16u(groupList + (i << 1), 0, 2));
    191            }
    192            emberAfGroupsClusterPrintln("");
    193          
    194            // For all networks, Get Group Membership commands may be sent either
    195            // unicast or broadcast (removing the ZLL-specific limitation to unicast).
    196          
    197            // When Group Count is zero, respond with a list of all active groups.
    198            // Otherwise, respond with a list of matches.
    199            if (groupCount == 0) {
   \       0x18   0xF10D 0x0011      ADD      R0,SP,#+17
   \       0x1C   0x9000             STR      R0,[SP, #+0]
   \       0x1E   0x....'....        LDR.W    R8,??DataTable6
   \       0x22   0xF10D 0x0B10      ADD      R11,SP,#+16
   \       0x26   0xF1B9 0x0F00      CMP      R9,#+0
   \       0x2A   0x4626             MOV      R6,R4
   \       0x2C   0xD11B             BNE.N    ??emberAfGroupsClusterGetGroupMembershipCallbac_2
    200              for (i = 0; i < EMBER_BINDING_TABLE_SIZE; i++) {
    201                EmberBindingTableEntry entry;
    202                status = emberGetBinding(i, &entry);
    203                if ((status == EMBER_SUCCESS)
    204                    && (entry.type == EMBER_MULTICAST_BINDING)
    205                    && (entry.local == emberAfCurrentEndpoint())) {
   \                     ??emberAfGroupsClusterGetGroupMembershipCallbac_3: (+1)
   \       0x2E   0xA906             ADD      R1,SP,#+24
   \       0x30   0x....'....        BL       ??Subroutine2_0
   \                     ??CrossCallReturnLabel_5: (+1)
   \       0x34   0x2800             CMP      R0,#+0
   \       0x36   0xBF04             ITT      EQ 
   \       0x38   0xF89D 0x0018      LDRBEQ   R0,[SP, #+24]
   \       0x3C   0x2803             CMPEQ    R0,#+3
   \       0x3E   0xD10D             BNE.N    ??emberAfGroupsClusterGetGroupMembershipCallbac_4
   \       0x40   0x....'....        BL       ?Subroutine3
   \                     ??CrossCallReturnLabel_8: (+1)
   \       0x44   0xD10A             BNE.N    ??emberAfGroupsClusterGetGroupMembershipCallbac_4
    206                  list[listLen]     = entry.identifier[0];
   \       0x46   0xF89D 0x001D      LDRB     R0,[SP, #+29]
    207                  list[listLen + 1] = entry.identifier[1];
    208                  listLen += 2;
    209                  count++;
   \       0x4A   0x1C64             ADDS     R4,R4,#+1
   \       0x4C   0xF80B 0x0005      STRB     R0,[R11, R5]
   \       0x50   0xF89D 0x101E      LDRB     R1,[SP, #+30]
   \       0x54   0x9800             LDR      R0,[SP, #+0]
   \       0x56   0x5541             STRB     R1,[R0, R5]
   \       0x58   0x1CAD             ADDS     R5,R5,#+2
   \       0x5A   0xB2ED             UXTB     R5,R5
    210                }
    211              }
   \                     ??emberAfGroupsClusterGetGroupMembershipCallbac_4: (+1)
   \       0x5C   0x1C76             ADDS     R6,R6,#+1
   \       0x5E   0xB2F0             UXTB     R0,R6
   \       0x60   0x2803             CMP      R0,#+3
   \       0x62   0xDBE4             BLT.N    ??emberAfGroupsClusterGetGroupMembershipCallbac_3
   \       0x64   0xE034             B.N      ??emberAfGroupsClusterGetGroupMembershipCallbac_5
    212            } else {
    213              for (i = 0; i < groupCount; i++) {
   \                     ??emberAfGroupsClusterGetGroupMembershipCallbac_2: (+1)
   \       0x66   0x9101             STR      R1,[SP, #+4]
    214                uint16_t groupId = emberAfGetInt16u(groupList + (i << 1), 0, 2);
   \                     ??emberAfGroupsClusterGetGroupMembershipCallbac_6: (+1)
   \       0x68   0x9801             LDR      R0,[SP, #+4]
   \       0x6A   0xB2F3             UXTB     R3,R6
   \       0x6C   0x2202             MOVS     R2,#+2
   \       0x6E   0x2100             MOVS     R1,#+0
   \       0x70   0xEB00 0x0043      ADD      R0,R0,R3, LSL #+1
   \       0x74   0x....'....        BL       emberAfGetInt16u
   \       0x78   0x4682             MOV      R10,R0
    215                for (j = 0; j < EMBER_BINDING_TABLE_SIZE; j++) {
   \       0x7A   0x2700             MOVS     R7,#+0
    216                  EmberBindingTableEntry entry;
    217                  status = emberGetBinding(j, &entry);
    218                  if ((status == EMBER_SUCCESS)
    219                      && (entry.type == EMBER_MULTICAST_BINDING)) {
   \                     ??emberAfGroupsClusterGetGroupMembershipCallbac_7: (+1)
   \       0x7C   0xA906             ADD      R1,SP,#+24
   \       0x7E   0x....'....        BL       ??Subroutine1_0
   \                     ??CrossCallReturnLabel_2: (+1)
   \       0x82   0x2800             CMP      R0,#+0
   \       0x84   0xBF04             ITT      EQ 
   \       0x86   0xF89D 0x0018      LDRBEQ   R0,[SP, #+24]
   \       0x8A   0x2803             CMPEQ    R0,#+3
   \       0x8C   0xD116             BNE.N    ??emberAfGroupsClusterGetGroupMembershipCallbac_8
    220                    if (entry.local == emberAfCurrentEndpoint()
    221                        && entry.identifier[0] == LOW_BYTE(groupId)
    222                        && entry.identifier[1] == HIGH_BYTE(groupId)) {
   \       0x8E   0x....'....        BL       ?Subroutine3
   \                     ??CrossCallReturnLabel_9: (+1)
   \       0x92   0xBF02             ITTT     EQ 
   \       0x94   0xF89D 0x001D      LDRBEQ   R0,[SP, #+29]
   \       0x98   0xFA5F 0xF28A      UXTBEQ   R2,R10
   \       0x9C   0x4290             CMPEQ    R0,R2
   \       0x9E   0xBF02             ITTT     EQ 
   \       0xA0   0xF89D 0x101E      LDRBEQ   R1,[SP, #+30]
   \       0xA4   0xEA4F 0x430A      LSLEQ    R3,R10,#+16
   \       0xA8   0xEBB1 0x6F13      CMPEQ    R1,R3, LSR #+24
   \       0xAC   0xD106             BNE.N    ??emberAfGroupsClusterGetGroupMembershipCallbac_8
    223                      list[listLen]     = entry.identifier[0];
   \       0xAE   0xF80B 0x0005      STRB     R0,[R11, R5]
    224                      list[listLen + 1] = entry.identifier[1];
   \       0xB2   0x9800             LDR      R0,[SP, #+0]
    225                      listLen += 2;
    226                      count++;
   \       0xB4   0x1C64             ADDS     R4,R4,#+1
   \       0xB6   0x5541             STRB     R1,[R0, R5]
   \       0xB8   0x1CAD             ADDS     R5,R5,#+2
   \       0xBA   0xB2ED             UXTB     R5,R5
    227                    }
    228                  }
    229                }
   \                     ??emberAfGroupsClusterGetGroupMembershipCallbac_8: (+1)
   \       0xBC   0x1C7F             ADDS     R7,R7,#+1
   \       0xBE   0xB2F8             UXTB     R0,R7
   \       0xC0   0x2803             CMP      R0,#+3
   \       0xC2   0xDBDB             BLT.N    ??emberAfGroupsClusterGetGroupMembershipCallbac_7
    230              }
   \       0xC4   0x1C76             ADDS     R6,R6,#+1
   \       0xC6   0xB2F1             UXTB     R1,R6
   \       0xC8   0x4549             CMP      R1,R9
   \       0xCA   0xD3CD             BCC.N    ??emberAfGroupsClusterGetGroupMembershipCallbac_6
   \       0xCC   0xB2E0             UXTB     R0,R4
   \       0xCE   0xB178             CBZ.N    R0,??emberAfGroupsClusterGetGroupMembershipCallbac_9
    231            }
    232          
    233            // Only send a response if the Group Count was zero or if one or more active
    234            // groups matched.  Otherwise, a Default Response is sent.
    235            if (groupCount == 0 || count != 0) {
    236              // A capacity of 0xFF means that it is unknown if any further groups may be
    237              // added.  Each group requires a binding and, because the binding table is
    238              // used for other purposes besides groups, we can't be sure what the
    239              // capacity will be in the future.
    240              emberAfFillCommandGroupsClusterGetGroupMembershipResponse(0xFF, // capacity
    241                                                                        count,
    242                                                                        list,
    243                                                                        listLen);
   \                     ??emberAfGroupsClusterGetGroupMembershipCallbac_5: (+1)
   \       0xD0   0xA804             ADD      R0,SP,#+16
   \       0xD2   0x21FF             MOVS     R1,#+255
   \       0xD4   0x9002             STR      R0,[SP, #+8]
   \       0xD6   0xB2E4             UXTB     R4,R4
   \       0xD8   0x9100             STR      R1,[SP, #+0]
   \       0xDA   0x9503             STR      R5,[SP, #+12]
   \       0xDC   0x9401             STR      R4,[SP, #+4]
   \       0xDE   0x....             LDR.N    R3,??DataTable6_3
   \       0xE0   0x2202             MOVS     R2,#+2
   \       0xE2   0x2104             MOVS     R1,#+4
   \       0xE4   0x2009             MOVS     R0,#+9
   \       0xE6   0x....'....        BL       emberAfFillExternalBuffer
    244              status = emberAfSendResponse();
   \       0xEA   0x....'....        BL       emberAfSendResponse
   \       0xEE   0xE002             B.N      ??emberAfGroupsClusterGetGroupMembershipCallbac_10
    245            } else {
    246              status = emberAfSendImmediateDefaultResponse(EMBER_ZCL_STATUS_NOT_FOUND);
   \                     ??emberAfGroupsClusterGetGroupMembershipCallbac_9: (+1)
   \       0xF0   0x208B             MOVS     R0,#+139
   \       0xF2   0x....'....        BL       emberAfSendImmediateDefaultResponse
    247            }
    248            if (EMBER_SUCCESS != status) {
    249              emberAfGroupsClusterPrintln("Groups: failed to send %s: 0x%x",
    250                                          (groupCount == 0 || count != 0)
    251                                          ? "get_group_membership response"
    252                                          : "default_response",
    253                                          status);
    254            }
    255            return true;
   \                     ??emberAfGroupsClusterGetGroupMembershipCallbac_10: (+1)
   \       0xF6   0x2001             MOVS     R0,#+1
   \       0xF8   0xB00B             ADD      SP,SP,#+44
   \       0xFA   0xE8BD 0x8FF0      POP      {R4-R11,PC}      ;; return
    256          }

   \                                 In section .text, align 2, keep-with-next
   \                     ?Subroutine3: (+1)
   \        0x0   0xF8D8 0x1000      LDR      R1,[R8, #+0]
   \        0x4   0xF89D 0x0019      LDRB     R0,[SP, #+25]
   \        0x8   0x680A             LDR      R2,[R1, #+0]
   \        0xA   0x7953             LDRB     R3,[R2, #+5]
   \        0xC   0x4298             CMP      R0,R3
   \        0xE   0x4770             BX       LR

   \                                 In section .text, align 2, keep-with-next
   \                     ?Subroutine2: (+1)
   \        0x0   0x4669             MOV      R1,SP
   \                     ??Subroutine2_0: (+1)
   \        0x2   0xB2F0             UXTB     R0,R6
   \        0x4   0x....'....        B.W      emberGetBinding
    257          

   \                                 In section .text, align 2, keep-with-next
    258          bool emberAfGroupsClusterRemoveGroupCallback(uint16_t groupId)
    259          {
   \                     emberAfGroupsClusterRemoveGroupCallback: (+1)
   \        0x0   0xB5F0             PUSH     {R4-R7,LR}
    260            EmberAfStatus status;
    261            EmberStatus sendStatus;
    262          
    263            emberAfGroupsClusterPrintln("RX: RemoveGroup 0x%2x", groupId);
    264          
    265            status = removeEntryFromGroupTable(emberAfCurrentEndpoint(),
    266                                               groupId);
   \        0x2   0x....             LDR.N    R5,??DataTable6
   \        0x4   0x682A             LDR      R2,[R5, #+0]
   \        0x6   0xB085             SUB      SP,SP,#+20
   \        0x8   0x4604             MOV      R4,R0
   \        0xA   0x6813             LDR      R3,[R2, #+0]
   \        0xC   0x4621             MOV      R1,R4
   \        0xE   0x795E             LDRB     R6,[R3, #+5]
   \       0x10   0x4630             MOV      R0,R6
   \       0x12   0x....'....        BL       isGroupPresent
   \       0x16   0xB1F8             CBZ.N    R0,??emberAfGroupsClusterRemoveGroupCallback_0
   \       0x18   0x2700             MOVS     R7,#+0
   \                     ??emberAfGroupsClusterRemoveGroupCallback_1: (+1)
   \       0x1A   0x....'....        BL       ?Subroutine1
   \                     ??CrossCallReturnLabel_3: (+1)
   \       0x1E   0xB928             CBNZ.N   R0,??emberAfGroupsClusterRemoveGroupCallback_2
   \       0x20   0x466A             MOV      R2,SP
   \       0x22   0x4621             MOV      R1,R4
   \       0x24   0x4630             MOV      R0,R6
   \       0x26   0x....'....        BL       bindingGroupMatch
   \       0x2A   0xB920             CBNZ.N   R0,??emberAfGroupsClusterRemoveGroupCallback_3
   \                     ??emberAfGroupsClusterRemoveGroupCallback_2: (+1)
   \       0x2C   0x1C7F             ADDS     R7,R7,#+1
   \       0x2E   0xB2F8             UXTB     R0,R7
   \       0x30   0x2803             CMP      R0,#+3
   \       0x32   0xDBF2             BLT.N    ??emberAfGroupsClusterRemoveGroupCallback_1
   \       0x34   0x27FF             MOVS     R7,#+255
   \                     ??emberAfGroupsClusterRemoveGroupCallback_3: (+1)
   \       0x36   0xB2F8             UXTB     R0,R7
   \       0x38   0x....'....        BL       emberDeleteBinding
   \       0x3C   0xB950             CBNZ.N   R0,??emberAfGroupsClusterRemoveGroupCallback_4
   \       0x3E   0x4668             MOV      R0,SP
   \       0x40   0x2114             MOVS     R1,#+20
   \       0x42   0x....'....        BL       __aeabi_memclr4
   \       0x46   0x466A             MOV      R2,SP
   \       0x48   0x4621             MOV      R1,R4
   \       0x4A   0x4630             MOV      R0,R6
   \       0x4C   0x....'....        BL       emberAfPluginGroupsServerSetGroupNameCallback
   \       0x50   0x2600             MOVS     R6,#+0
   \       0x52   0xE002             B.N      ??emberAfGroupsClusterRemoveGroupCallback_5
   \                     ??emberAfGroupsClusterRemoveGroupCallback_4: (+1)
   \       0x54   0x2601             MOVS     R6,#+1
   \       0x56   0xE000             B.N      ??emberAfGroupsClusterRemoveGroupCallback_5
   \                     ??emberAfGroupsClusterRemoveGroupCallback_0: (+1)
   \       0x58   0x268B             MOVS     R6,#+139
    267          
    268            // For all networks, Remove Group commands are only responded to when
    269            // they are addressed to a single device.
    270            if (emberAfCurrentCommand()->type != EMBER_INCOMING_UNICAST
    271                && emberAfCurrentCommand()->type != EMBER_INCOMING_UNICAST_REPLY) {
   \                     ??emberAfGroupsClusterRemoveGroupCallback_5: (+1)
   \       0x5A   0x682A             LDR      R2,[R5, #+0]
   \       0x5C   0x7910             LDRB     R0,[R2, #+4]
   \       0x5E   0x2800             CMP      R0,#+0
   \       0x60   0xBF18             IT       NE 
   \       0x62   0x2801             CMPNE    R0,#+1
   \       0x64   0xD10E             BNE.N    ??emberAfGroupsClusterRemoveGroupCallback_6
    272              return true;
    273            }
    274          
    275            // EMAPPFWKV2-1414: if we remove a group, we should remove any scene
    276            // associated with it. ZCL6: 3.6.2.3.5: "Note that if a group is
    277            // removed the scenes associated with that group SHOULD be removed."
    278            emberAfScenesClusterRemoveScenesInGroupCallback(emberAfCurrentEndpoint(),
    279                                                            groupId);
   \       0x66   0x6810             LDR      R0,[R2, #+0]
   \       0x68   0x4621             MOV      R1,R4
   \       0x6A   0x7940             LDRB     R0,[R0, #+5]
   \       0x6C   0x....'....        BL       emberAfScenesClusterRemoveScenesInGroupCallback
    280          
    281            emberAfFillCommandGroupsClusterRemoveGroupResponse(status, groupId);
   \       0x70   0x9401             STR      R4,[SP, #+4]
   \       0x72   0x9600             STR      R6,[SP, #+0]
   \       0x74   0x....             LDR.N    R3,??DataTable6_1
   \       0x76   0x2203             MOVS     R2,#+3
   \       0x78   0x2104             MOVS     R1,#+4
   \       0x7A   0x2009             MOVS     R0,#+9
   \       0x7C   0x....'....        BL       emberAfFillExternalBuffer
    282            sendStatus = emberAfSendResponse();
   \       0x80   0x....'....        BL       emberAfSendResponse
    283            if (EMBER_SUCCESS != sendStatus) {
    284              emberAfGroupsClusterPrintln("Groups: failed to send %s response: 0x%x",
    285                                          "remove_group",
    286                                          sendStatus);
    287            }
    288            return true;
   \                     ??emberAfGroupsClusterRemoveGroupCallback_6: (+1)
   \       0x84   0x2001             MOVS     R0,#+1
   \       0x86   0xB005             ADD      SP,SP,#+20
   \       0x88   0xBDF0             POP      {R4-R7,PC}       ;; return
    289          }
    290          

   \                                 In section .text, align 2, keep-with-next
    291          bool emberAfGroupsClusterRemoveAllGroupsCallback(void)
    292          {
   \                     emberAfGroupsClusterRemoveAllGroupsCallback: (+1)
   \        0x0   0xE92D 0x43F0      PUSH     {R4-R9,LR}
    293            EmberStatus sendStatus;
    294            uint8_t i, endpoint = emberAfCurrentEndpoint();
   \        0x4   0x....             LDR.N    R4,??DataTable6
   \        0x6   0x6820             LDR      R0,[R4, #+0]
   \        0x8   0xB089             SUB      SP,SP,#+36
    295            bool success = true;
   \        0xA   0x2701             MOVS     R7,#+1
   \        0xC   0x6801             LDR      R1,[R0, #+0]
    296          
    297            emberAfGroupsClusterPrintln("RX: RemoveAllGroups");
    298          
    299            for (i = 0; i < EMBER_BINDING_TABLE_SIZE; i++) {
   \        0xE   0x2500             MOVS     R5,#+0
   \       0x10   0x....'....        LDR.W    R8,??DataTable6_4
   \       0x14   0xF891 0x9005      LDRB     R9,[R1, #+5]
    300              EmberBindingTableEntry binding;
    301              if (emberGetBinding(i, &binding) == EMBER_SUCCESS) {
   \                     ??emberAfGroupsClusterRemoveAllGroupsCallback_0: (+1)
   \       0x18   0x4669             MOV      R1,SP
   \       0x1A   0xB2E8             UXTB     R0,R5
   \       0x1C   0x....'....        BL       emberGetBinding
   \       0x20   0x2800             CMP      R0,#+0
   \       0x22   0xBF01             ITTTT    EQ 
   \       0x24   0xF89D 0x0000      LDRBEQ   R0,[SP, #+0]
   \       0x28   0x2803             CMPEQ    R0,#+3
   \       0x2A   0xF89D 0x1001      LDRBEQ   R1,[SP, #+1]
   \       0x2E   0x4589             CMPEQ    R9,R1
    302                if (binding.type == EMBER_MULTICAST_BINDING
    303                    && endpoint == binding.local) {
   \       0x30   0xD11C             BNE.N    ??emberAfGroupsClusterRemoveAllGroupsCallback_1
    304                  EmberStatus status = emberDeleteBinding(i);
    305                  if (status != EMBER_SUCCESS) {
   \       0x32   0xB2E8             UXTB     R0,R5
   \       0x34   0x....'....        BL       emberDeleteBinding
   \       0x38   0xB108             CBZ.N    R0,??emberAfGroupsClusterRemoveAllGroupsCallback_2
    306                    success = false;
   \       0x3A   0x2700             MOVS     R7,#+0
   \       0x3C   0xE016             B.N      ??emberAfGroupsClusterRemoveAllGroupsCallback_1
    307                    emberAfGroupsClusterPrintln("ERR: Failed to delete binding (0x%x)",
    308                                                status);
    309                  } else {
    310                    uint8_t groupName[ZCL_GROUPS_CLUSTER_MAXIMUM_NAME_LENGTH + 1] = { 0 };
   \                     ??emberAfGroupsClusterRemoveAllGroupsCallback_2: (+1)
   \       0x3E   0xA804             ADD      R0,SP,#+16
   \       0x40   0x4641             MOV      R1,R8
   \       0x42   0x2214             MOVS     R2,#+20
   \       0x44   0x....'....        BL       __aeabi_memcpy4
    311                    uint16_t groupId = HIGH_LOW_TO_INT(binding.identifier[1],
    312                                                       binding.identifier[0]);
   \       0x48   0xF89D 0x0006      LDRB     R0,[SP, #+6]
   \       0x4C   0xF89D 0x6005      LDRB     R6,[SP, #+5]
    313                    emberAfPluginGroupsServerSetGroupNameCallback(endpoint,
    314                                                                  groupId,
    315                                                                  groupName);
   \       0x50   0xAA04             ADD      R2,SP,#+16
   \       0x52   0xEB06 0x2600      ADD      R6,R6,R0, LSL #+8
   \       0x56   0x4648             MOV      R0,R9
   \       0x58   0xB2B1             UXTH     R1,R6
   \       0x5A   0x....'....        BL       emberAfPluginGroupsServerSetGroupNameCallback
    316                    success = true && success;
   \       0x5E   0x0038             MOVS     R0,R7
    317          
    318                    // EMAPPFWKV2-1414: if we remove a group, we should remove any scene
    319                    // associated with it. ZCL6: 3.6.2.3.5: "Note that if a group is
    320                    // removed the scenes associated with that group SHOULD be removed."
    321                    emberAfScenesClusterRemoveScenesInGroupCallback(endpoint, groupId);
   \       0x60   0xB2B1             UXTH     R1,R6
   \       0x62   0x4648             MOV      R0,R9
   \       0x64   0xBF18             IT       NE 
   \       0x66   0x2701             MOVNE    R7,#+1
   \       0x68   0x....'....        BL       emberAfScenesClusterRemoveScenesInGroupCallback
    322                  }
    323                }
    324              }
    325            }
   \                     ??emberAfGroupsClusterRemoveAllGroupsCallback_1: (+1)
   \       0x6C   0x1C6D             ADDS     R5,R5,#+1
   \       0x6E   0xB2E8             UXTB     R0,R5
   \       0x70   0x2803             CMP      R0,#+3
   \       0x72   0xDBD1             BLT.N    ??emberAfGroupsClusterRemoveAllGroupsCallback_0
    326          
    327            emberAfScenesClusterRemoveScenesInGroupCallback(emberAfCurrentEndpoint(),
    328                                                            ZCL_SCENES_GLOBAL_SCENE_GROUP_ID);
   \       0x74   0x6820             LDR      R0,[R4, #+0]
   \       0x76   0x2100             MOVS     R1,#+0
   \       0x78   0xF087 0x0701      EOR      R7,R7,#0x1
   \       0x7C   0x6802             LDR      R2,[R0, #+0]
   \       0x7E   0x7950             LDRB     R0,[R2, #+5]
   \       0x80   0x....'....        BL       emberAfScenesClusterRemoveScenesInGroupCallback
    329          
    330            sendStatus = emberAfSendImmediateDefaultResponse(success
    331                                                             ? EMBER_ZCL_STATUS_SUCCESS
    332                                                             : EMBER_ZCL_STATUS_FAILURE);
   \       0x84   0xB2F8             UXTB     R0,R7
   \       0x86   0x....'....        BL       emberAfSendImmediateDefaultResponse
    333            if (EMBER_SUCCESS != sendStatus) {
    334              emberAfGroupsClusterPrintln("Groups: failed to send %s: 0x%x",
    335                                          "default_response",
    336                                          sendStatus);
    337            }
    338            return true;
   \       0x8A   0x2001             MOVS     R0,#+1
   \       0x8C   0xB009             ADD      SP,SP,#+36
   \       0x8E   0xE8BD 0x83F0      POP      {R4-R9,PC}       ;; return
    339          }
    340          

   \                                 In section .text, align 2, keep-with-next
    341          bool emberAfGroupsClusterAddGroupIfIdentifyingCallback(uint16_t groupId,
    342                                                                 uint8_t *groupName)
    343          {
   \                     emberAfGroupsClusterAddGroupIfIdentifyingCallback: (+1)
   \        0x0   0xB570             PUSH     {R4-R6,LR}
   \        0x2   0x460D             MOV      R5,R1
    344            EmberAfStatus status;
    345            EmberStatus sendStatus;
    346          
    347            emberAfGroupsClusterPrint("RX: AddGroupIfIdentifying 0x%2x, \"", groupId);
    348            emberAfGroupsClusterPrintString(groupName);
    349            emberAfGroupsClusterPrintln("\"");
    350          
    351            if (!emberAfIsDeviceIdentifying(emberAfCurrentEndpoint())) {
   \        0x4   0x....             LDR.N    R6,??DataTable6
   \        0x6   0x6831             LDR      R1,[R6, #+0]
   \        0x8   0x4604             MOV      R4,R0
   \        0xA   0x680A             LDR      R2,[R1, #+0]
   \        0xC   0x7950             LDRB     R0,[R2, #+5]
   \        0xE   0x....'....        BL       emberAfIsDeviceIdentifying
   \       0x12   0xB908             CBNZ.N   R0,??emberAfGroupsClusterAddGroupIfIdentifyingCall_0
    352              status = EMBER_ZCL_STATUS_FAILURE;
   \       0x14   0x2001             MOVS     R0,#+1
   \       0x16   0xE006             B.N      ??emberAfGroupsClusterAddGroupIfIdentifyingCall_1
    353            } else {
    354              status = addEntryToGroupTable(emberAfCurrentEndpoint(),
    355                                            groupId,
    356                                            groupName);
   \                     ??emberAfGroupsClusterAddGroupIfIdentifyingCall_0: (+1)
   \       0x18   0x6830             LDR      R0,[R6, #+0]
   \       0x1A   0x462A             MOV      R2,R5
   \       0x1C   0x4621             MOV      R1,R4
   \       0x1E   0x6803             LDR      R3,[R0, #+0]
   \       0x20   0x7958             LDRB     R0,[R3, #+5]
   \       0x22   0x....'....        BL       addEntryToGroupTable
    357            }
    358          
    359            sendStatus = emberAfSendImmediateDefaultResponse(status);
   \                     ??emberAfGroupsClusterAddGroupIfIdentifyingCall_1: (+1)
   \       0x26   0x....'....        BL       emberAfSendImmediateDefaultResponse
    360            if (EMBER_SUCCESS != sendStatus) {
    361              emberAfGroupsClusterPrintln("Groups: failed to send %s: 0x%x",
    362                                          "default_response",
    363                                          sendStatus);
    364            }
    365            return true;
   \       0x2A   0x2001             MOVS     R0,#+1
   \       0x2C   0xBD70             POP      {R4-R6,PC}       ;; return
    366          }
    367          

   \                                 In section .text, align 2, keep-with-next
    368          bool emberAfGroupsClusterEndpointInGroupCallback(uint8_t endpoint,
    369                                                           uint16_t groupId)
    370          {
    371            return isGroupPresent(endpoint, groupId);
   \                     emberAfGroupsClusterEndpointInGroupCallback: (+1)
   \        0x0   0x....             B.N      isGroupPresent
    372          }
    373          

   \                                 In section .text, align 2, keep-with-next
    374          void emberAfGroupsClusterClearGroupTableCallback(uint8_t endpoint)
    375          {
   \                     emberAfGroupsClusterClearGroupTableCallback: (+1)
   \        0x0   0xB57F             PUSH     {R0-R6,LR}
   \        0x2   0x4604             MOV      R4,R0
    376            uint8_t i, networkIndex = emberGetCurrentNetwork();
   \        0x4   0x....'....        BL       emberGetCurrentNetwork
   \        0x8   0x4605             MOV      R5,R0
    377            for (i = 0; i < EMBER_BINDING_TABLE_SIZE; i++) {
   \        0xA   0x2600             MOVS     R6,#+0
    378              EmberBindingTableEntry binding;
    379              if (emberGetBinding(i, &binding) == EMBER_SUCCESS
    380                  && binding.type == EMBER_MULTICAST_BINDING
    381                  && (endpoint == binding.local
    382                      || (endpoint == EMBER_BROADCAST_ENDPOINT
    383                          && networkIndex == binding.networkIndex))) {
   \                     ??emberAfGroupsClusterClearGroupTableCallback_0: (+1)
   \        0xC   0x....'....        BL       ?Subroutine2
   \                     ??CrossCallReturnLabel_7: (+1)
   \       0x10   0x2800             CMP      R0,#+0
   \       0x12   0xBF04             ITT      EQ 
   \       0x14   0xF89D 0x0000      LDRBEQ   R0,[SP, #+0]
   \       0x18   0x2803             CMPEQ    R0,#+3
   \       0x1A   0xD10C             BNE.N    ??emberAfGroupsClusterClearGroupTableCallback_1
   \       0x1C   0xF89D 0x1001      LDRB     R1,[SP, #+1]
   \       0x20   0x428C             CMP      R4,R1
   \       0x22   0xD005             BEQ.N    ??emberAfGroupsClusterClearGroupTableCallback_2
   \       0x24   0x2CFF             CMP      R4,#+255
   \       0x26   0xBF04             ITT      EQ 
   \       0x28   0xF89D 0x000D      LDRBEQ   R0,[SP, #+13]
   \       0x2C   0x4285             CMPEQ    R5,R0
   \       0x2E   0xD102             BNE.N    ??emberAfGroupsClusterClearGroupTableCallback_1
    384                EmberStatus status = emberDeleteBinding(i);
   \                     ??emberAfGroupsClusterClearGroupTableCallback_2: (+1)
   \       0x30   0xB2F0             UXTB     R0,R6
   \       0x32   0x....'....        BL       emberDeleteBinding
    385                if (status != EMBER_SUCCESS) {
    386                  emberAfGroupsClusterPrintln("ERR: Failed to delete binding (0x%x)",
    387                                              status);
    388                }
    389              }
    390            }
   \                     ??emberAfGroupsClusterClearGroupTableCallback_1: (+1)
   \       0x36   0x1C76             ADDS     R6,R6,#+1
   \       0x38   0xB2F0             UXTB     R0,R6
   \       0x3A   0x2803             CMP      R0,#+3
   \       0x3C   0xDBE6             BLT.N    ??emberAfGroupsClusterClearGroupTableCallback_0
    391          }
   \       0x3E   0xBD7F             POP      {R0-R6,PC}       ;; return
    392          

   \                                 In section .text, align 2, keep-with-next
    393          static bool isGroupPresent(uint8_t endpoint, uint16_t groupId)
    394          {
   \                     isGroupPresent: (+1)
   \        0x0   0xB57F             PUSH     {R0-R6,LR}
   \        0x2   0x4604             MOV      R4,R0
   \        0x4   0x460D             MOV      R5,R1
    395            uint8_t i;
    396          
    397            for (i = 0; i < EMBER_BINDING_TABLE_SIZE; i++) {
   \        0x6   0x2600             MOVS     R6,#+0
    398              EmberBindingTableEntry binding;
    399              if (emberGetBinding(i, &binding) == EMBER_SUCCESS) {
   \                     ??isGroupPresent_0: (+1)
   \        0x8   0x....'....        BL       ?Subroutine2
   \                     ??CrossCallReturnLabel_6: (+1)
   \        0xC   0xB928             CBNZ.N   R0,??isGroupPresent_1
    400                if (bindingGroupMatch(endpoint, groupId, &binding)) {
   \        0xE   0x466A             MOV      R2,SP
   \       0x10   0x4629             MOV      R1,R5
   \       0x12   0x4620             MOV      R0,R4
   \       0x14   0x....'....        BL       bindingGroupMatch
   \       0x18   0xB930             CBNZ.N   R0,??isGroupPresent_2
   \                     ??isGroupPresent_1: (+1)
   \       0x1A   0x1C76             ADDS     R6,R6,#+1
   \       0x1C   0xB2F0             UXTB     R0,R6
   \       0x1E   0x2803             CMP      R0,#+3
   \       0x20   0xDBF2             BLT.N    ??isGroupPresent_0
    401                  return true;
    402                }
    403              }
    404            }
    405          
    406            return false;
   \       0x22   0x2000             MOVS     R0,#+0
   \                     ??isGroupPresent_3: (+1)
   \       0x24   0xB004             ADD      SP,SP,#+16
   \       0x26   0xBD70             POP      {R4-R6,PC}       ;; return
   \                     ??isGroupPresent_2: (+1)
   \       0x28   0x2001             MOVS     R0,#+1
   \       0x2A   0xE7FB             B.N      ??isGroupPresent_3
    407          }
    408          

   \                                 In section .text, align 2, keep-with-next
    409          static bool bindingGroupMatch(uint8_t endpoint,
    410                                        uint16_t groupId,
    411                                        EmberBindingTableEntry *entry)
    412          {
   \                     bindingGroupMatch: (+1)
   \        0x0   0xB530             PUSH     {R4,R5,LR}
    413            return (entry->type == EMBER_MULTICAST_BINDING
    414                    && entry->identifier[0] == LOW_BYTE(groupId)
    415                    && entry->identifier[1] == HIGH_BYTE(groupId)
    416                    && entry->local == endpoint);
   \        0x2   0x7813             LDRB     R3,[R2, #+0]
   \        0x4   0x2B03             CMP      R3,#+3
   \        0x6   0xBF02             ITTT     EQ 
   \        0x8   0x7953             LDRBEQ   R3,[R2, #+5]
   \        0xA   0xB2CC             UXTBEQ   R4,R1
   \        0xC   0x42A3             CMPEQ    R3,R4
   \        0xE   0xD108             BNE.N    ??bindingGroupMatch_0
   \       0x10   0x7995             LDRB     R5,[R2, #+6]
   \       0x12   0xEBB5 0x2F11      CMP      R5,R1, LSR #+8
   \       0x16   0xBF04             ITT      EQ 
   \       0x18   0x7851             LDRBEQ   R1,[R2, #+1]
   \       0x1A   0x4281             CMPEQ    R1,R0
   \       0x1C   0xD101             BNE.N    ??bindingGroupMatch_0
   \       0x1E   0x2001             MOVS     R0,#+1
   \       0x20   0xBD30             POP      {R4,R5,PC}
   \                     ??bindingGroupMatch_0: (+1)
   \       0x22   0x2000             MOVS     R0,#+0
   \       0x24   0xBD30             POP      {R4,R5,PC}       ;; return
    417          }

   \                                 In section .text, align 4, keep-with-next
   \                     ??DataTable6:
   \        0x0   0x....'....        DC32     emAfCurrentCommand

   \                                 In section .text, align 4, keep-with-next
   \                     ??DataTable6_1:
   \        0x0   0x....'....        DC32     ?_1

   \                                 In section .text, align 4, keep-with-next
   \                     ??DataTable6_2:
   \        0x0   0x....'....        DC32     ?_3

   \                                 In section .text, align 4, keep-with-next
   \                     ??DataTable6_3:
   \        0x0   0x....'....        DC32     ?_4

   \                                 In section .text, align 4, keep-with-next
   \                     ??DataTable6_4:
   \        0x0   0x....'....        DC32     ?_5

   \                                 In section .rodata, align 4
   \        0x0   0x00 0x00          DC8 0, 0, 0, 0, 0, 0, 0, 0, 0, 0, 0, 0, 0, 0, 0, 0, 0, 0, 0, 0
   \              0x00 0x00    
   \              0x00 0x00    
   \              0x00 0x00    
   \              0x00 0x00    
   \              0x00 0x00    
   \              0x00 0x00    
   \              0x00 0x00    
   \              0x00 0x00    
   \              0x00 0x00    

   \                                 In section .rodata, align 4
   \                     ?_1:
   \        0x0   0x75 0x76          DC8 "uv"
   \              0x00         
   \        0x3   0x00               DC8 0

   \                                 In section .rodata, align 4
   \        0x0   0x00 0x00          DC8 0, 0, 0, 0, 0, 0, 0, 0, 0, 0, 0, 0, 0, 0, 0, 0, 0, 0, 0, 0
   \              0x00 0x00    
   \              0x00 0x00    
   \              0x00 0x00    
   \              0x00 0x00    
   \              0x00 0x00    
   \              0x00 0x00    
   \              0x00 0x00    
   \              0x00 0x00    
   \              0x00 0x00    

   \                                 In section .rodata, align 4
   \                     ?_3:
   \        0x0   0x75 0x76          DC8 "uvs"
   \              0x73 0x00    

   \                                 In section .rodata, align 4
   \                     ?_4:
   \        0x0   0x75 0x75          DC8 "uub"
   \              0x62 0x00    

   \                                 In section .rodata, align 4
   \                     ?_5:
   \        0x0   0x00 0x00          DC8 0, 0, 0, 0, 0, 0, 0, 0, 0, 0, 0, 0, 0, 0, 0, 0, 0, 0, 0, 0
   \              0x00 0x00    
   \              0x00 0x00    
   \              0x00 0x00    
   \              0x00 0x00    
   \              0x00 0x00    
   \              0x00 0x00    
   \              0x00 0x00    
   \              0x00 0x00    
   \              0x00 0x00    
    418          
    419          static uint8_t findGroupIndex(uint8_t endpoint, uint16_t groupId)
    420          {
    421            EmberStatus status;
    422            uint8_t i;
    423          
    424            for (i = 0; i < EMBER_BINDING_TABLE_SIZE; i++) {
    425              EmberBindingTableEntry entry;
    426              status = emberGetBinding(i, &entry);
    427              if ((status == EMBER_SUCCESS)
    428                  && bindingGroupMatch(endpoint, groupId, &entry)) {
    429                return i;
    430              }
    431            }
    432            return EMBER_AF_GROUP_TABLE_NULL_INDEX;
    433          }

   Maximum stack usage in bytes:

   .cstack Function
   ------- --------
      40   addEntryToGroupTable
        40   -> emberAfPluginGroupsServerSetGroupNameCallback
        40   -> emberGetBinding
        40   -> emberSetBinding
        40   -> isGroupPresent
      12   bindingGroupMatch
      24   emberAfGroupsClusterAddGroupCallback
        24   -> addEntryToGroupTable
        24   -> emberAfFillExternalBuffer
        24   -> emberAfSendResponse
      16   emberAfGroupsClusterAddGroupIfIdentifyingCallback
        16   -> addEntryToGroupTable
        16   -> emberAfIsDeviceIdentifying
        16   -> emberAfSendImmediateDefaultResponse
      32   emberAfGroupsClusterClearGroupTableCallback
        32   -> emberDeleteBinding
        32   -> emberGetBinding
        32   -> emberGetCurrentNetwork
       0   emberAfGroupsClusterEndpointInGroupCallback
         0   -> isGroupPresent
      80   emberAfGroupsClusterGetGroupMembershipCallback
        80   -> emberAfFillExternalBuffer
        80   -> emberAfGetInt16u
        80   -> emberAfSendImmediateDefaultResponse
        80   -> emberAfSendResponse
        80   -> emberGetBinding
      64   emberAfGroupsClusterRemoveAllGroupsCallback
        64   -> __aeabi_memcpy4
        64   -> emberAfPluginGroupsServerSetGroupNameCallback
        64   -> emberAfScenesClusterRemoveScenesInGroupCallback
        64   -> emberAfSendImmediateDefaultResponse
        64   -> emberDeleteBinding
        64   -> emberGetBinding
      40   emberAfGroupsClusterRemoveGroupCallback
        40   -> __aeabi_memclr4
        40   -> bindingGroupMatch
        40   -> emberAfFillExternalBuffer
        40   -> emberAfPluginGroupsServerSetGroupNameCallback
        40   -> emberAfScenesClusterRemoveScenesInGroupCallback
        40   -> emberAfSendResponse
        40   -> emberDeleteBinding
        40   -> emberGetBinding
        40   -> isGroupPresent
      24   emberAfGroupsClusterServerInitCallback
        24   -> emberAfPluginGroupsServerGroupNamesSupportedCallback
        24   -> emberAfWriteAttribute
      48   emberAfGroupsClusterViewGroupCallback
        48   -> __aeabi_memclr4
        48   -> emberAfFillExternalBuffer
        48   -> emberAfPluginGroupsServerGetGroupNameCallback
        48   -> emberAfSendResponse
        48   -> isGroupPresent
      32   isGroupPresent
        32   -> bindingGroupMatch
        32   -> emberGetBinding


   Section sizes:

   Bytes  Function/Label
   -----  --------------
       4  ??DataTable6
       4  ??DataTable6_1
       4  ??DataTable6_2
       4  ??DataTable6_3
       4  ??DataTable6_4
      10  ?Subroutine0
       8  ?Subroutine1
       8  ?Subroutine2
      16  ?Subroutine3
      20  ?_0
       4  ?_1
      20  ?_2
       4  ?_3
       4  ?_4
      20  ?_5
      94  addEntryToGroupTable
      38  bindingGroupMatch
      56  emberAfGroupsClusterAddGroupCallback
      46  emberAfGroupsClusterAddGroupIfIdentifyingCallback
      64  emberAfGroupsClusterClearGroupTableCallback
       2  emberAfGroupsClusterEndpointInGroupCallback
     254  emberAfGroupsClusterGetGroupMembershipCallback
     146  emberAfGroupsClusterRemoveAllGroupsCallback
     138  emberAfGroupsClusterRemoveGroupCallback
      34  emberAfGroupsClusterServerInitCallback
      88  emberAfGroupsClusterViewGroupCallback
      44  isGroupPresent

 
    72 bytes in section .rodata
 1 066 bytes in section .text
 
 1 066 bytes of CODE  memory
    72 bytes of CONST memory

Errors: none
Warnings: none
