###############################################################################
#                                                                             #
#     IAR Assembler V8.32.2.178/W32 for ARM 14/Jun/2019  13:18:00             #
#     Copyright 1999-2018 IAR Systems AB.                                     #
#                                                                             #
#           Source file   =  C:\SiliconLabs\SimplicityStudio\v4\developer\sdks\gecko_sdk_suite\v2.6\platform\base\hal\micro\cortexm3\efm32\isr-stubs.s79#
#           List file     =  C:\SiliconLabs\SimplicityStudio\v4\developer\sdks\gecko_sdk_suite\v2.5\z3_lite_timer_mg21_v660\build\lst\isr-stubs.lst#
#           Object file   =  C:\SiliconLabs\SimplicityStudio\v4\developer\sdks\gecko_sdk_suite\v2.5\z3_lite_timer_mg21_v660\build\obj\isr-stubs.o#
#           Command line  =  -f C:\Users\alji\AppData\Local\Temp\EW8C3A.tmp   #
#                            (C:\SiliconLabs\SimplicityStudio\v4\developer\sdks\gecko_sdk_suite\v2.6\platform\base\hal\micro\cortexm3\efm32\isr-stubs.s79 #
#                            -OC:\SiliconLabs\SimplicityStudio\v4\developer\sdks\gecko_sdk_suite\v2.5\z3_lite_timer_mg21_v660\build\obj #
#                            -s+ -M<> -w+ -r -DLOCAL_STORAGE_BTL -DCORTEXM3   #
#                            -DCORTEXM3_EFM32_MICRO -DCORTEXM3_EFR32_MICRO    #
#                            -DCORTEXM3_EFR32 -DEFR32_SERIES2_CONFIG1_MICRO   #
#                            -DEFR32MG21 -DEFR32MG21A010F1024IM32             #
#                            -DATTRIBUTE_STORAGE_CONFIGURATION="z3_lite_timer_mg21_v660_endpoint_config.h" #
#                            -DCONFIGURATION_HEADER="app/framework/util/config.h" #
#                            -DGENERATED_TOKEN_HEADER="z3_lite_timer_mg21_v660_tokens.h" #
#                            -DPLATFORM_HEADER="platform/base/hal/micro/cortexm3/compiler/iar.h" #
#                            -DZA_GENERATED_HEADER="z3_lite_timer_mg21_v660.h" #
#                            -DPSSTORE_SIZE=0 -DLONGTOKEN_SIZE=0              #
#                            -DLOCKBITS_IN_MAINFLASH_SIZE=8192                #
#                            -DHAL_CONFIG=1 -DEMBER_AF_USE_HWCONF             #
#                            -DLED_BLINK_PERIOD_MS=1000 -DNO_LED=1            #
#                            -DEMBER_AF_API_EMBER_TYPES="stack/include/ember-types.h" #
#                            -DEMBER_AF_API_DEBUG_PRINT="app/framework/util/print.h" #
#                            -DEMBER_AF_API_AF_HEADER="app/framework/include/af.h" #
#                            -DEMBER_AF_API_AF_SECURITY_HEADER="app/framework/security/af-security.h" #
#                            -DEMBER_STACK_ZIGBEE                             #
#                            -DMBEDTLS_CONFIG_FILE="mbedtls-config-generated.h" #
#                            -DUSE_NVM3                                       #
#                            -DNVM3_DEFAULT_NVM_SIZE=NVM3_FLASH_PAGES*FLASH_PAGE_SIZE #
#                            -DEMLIB_USER_CONFIG -DHAL_BULBPWM_ENABLE=1       #
#                            -DHAL_BULBPWM_FREQUENCY=1000                     #
#                            -DAPPLICATION_TOKEN_HEADER="znet-token.h"        #
#                            -DAPPLICATION_MFG_TOKEN_HEADER="znet-mfg-token.h" #
#                            -DMBEDTLS_DEVICE_ACCELERATION_CONFIG_FILE="configs/config-device-acceleration.h" #
#                            -DMBEDTLS_DEVICE_ACCELERATION_CONFIG_APP_FILE="config-device-acceleration-app.h" #
#                            -DNVM3_FLASH_PAGES=4                             #
#                            -DNVM3_DEFAULT_CACHE_SIZE=200                    #
#                            -DNVM3_MAX_OBJECT_SIZE=254                       #
#                            -DNVM3_DEFAULT_REPACK_HEADROOM=0 -DPHY_RAIL=1    #
#                            -LC:\SiliconLabs\SimplicityStudio\v4\developer\sdks\gecko_sdk_suite\v2.5\z3_lite_timer_mg21_v660\build\lst #
#                            -t2 --cpu Cortex-M33 --cmse --fpu None           #
#                            -IC:\SiliconLabs\SimplicityStudio\v4\developer\sdks\gecko_sdk_suite\v2.6\platform\base\hal\micro\cortexm3\efm32\ #
#                            -IC:\SiliconLabs\SimplicityStudio\v4\developer\sdks\gecko_sdk_suite\v2.5\z3_lite_timer_mg21_v660\ #
#                            -IC:\SiliconLabs\SimplicityStudio\v4\developer\sdks\gecko_sdk_suite\v2.5\z3_lite_timer_mg21_v660\..\..\v2.6\ #
#                            -IC:\SiliconLabs\SimplicityStudio\v4\developer\sdks\gecko_sdk_suite\v2.5\z3_lite_timer_mg21_v660\..\..\v2.6\protocol\zigbee\app\framework\ #
#                            -IC:\SiliconLabs\SimplicityStudio\v4\developer\sdks\gecko_sdk_suite\v2.5\z3_lite_timer_mg21_v660\..\..\v2.6\protocol\zigbee\app\framework\..\..\ #
#                            -IC:\SiliconLabs\SimplicityStudio\v4\developer\sdks\gecko_sdk_suite\v2.5\z3_lite_timer_mg21_v660\..\..\v2.6\protocol\zigbee\app\framework\..\..\stack\ #
#                            -IC:\SiliconLabs\SimplicityStudio\v4\developer\sdks\gecko_sdk_suite\v2.5\z3_lite_timer_mg21_v660\..\..\v2.6\protocol\zigbee\app\framework\..\util\ #
#                            -IC:\SiliconLabs\SimplicityStudio\v4\developer\sdks\gecko_sdk_suite\v2.5\z3_lite_timer_mg21_v660\..\..\v2.6\protocol\zigbee\app\framework\include\ #
#                            -IC:\SiliconLabs\SimplicityStudio\v4\developer\sdks\gecko_sdk_suite\v2.5\z3_lite_timer_mg21_v660\..\..\v2.6\platform\base\hal\ #
#                            -IC:\SiliconLabs\SimplicityStudio\v4\developer\sdks\gecko_sdk_suite\v2.5\z3_lite_timer_mg21_v660\..\..\v2.6\platform\base\hal\plugin\ #
#                            -IC:\SiliconLabs\SimplicityStudio\v4\developer\sdks\gecko_sdk_suite\v2.5\z3_lite_timer_mg21_v660\..\..\v2.6\platform\base\hal\..\ #
#                            -IC:\SiliconLabs\SimplicityStudio\v4\developer\sdks\gecko_sdk_suite\v2.5\z3_lite_timer_mg21_v660\..\..\v2.6\platform\base\hal\micro\cortexm3\efm32\ #
#                            -IC:\SiliconLabs\SimplicityStudio\v4\developer\sdks\gecko_sdk_suite\v2.5\z3_lite_timer_mg21_v660\..\..\v2.6\platform\base\hal\micro\cortexm3\efm32\config\ #
#                            -IC:\SiliconLabs\SimplicityStudio\v4\developer\sdks\gecko_sdk_suite\v2.5\z3_lite_timer_mg21_v660\..\..\v2.6\platform\base\hal\micro\cortexm3\efm32\efr32\ #
#                            -IC:\SiliconLabs\SimplicityStudio\v4\developer\sdks\gecko_sdk_suite\v2.5\z3_lite_timer_mg21_v660\..\..\v2.6\platform\base\hal\..\..\CMSIS\Include\ #
#                            -IC:\SiliconLabs\SimplicityStudio\v4\developer\sdks\gecko_sdk_suite\v2.5\z3_lite_timer_mg21_v660\..\..\v2.6\platform\base\hal\..\..\Device\SiliconLabs\efr32mg21\Include\ #
#                            -IC:\SiliconLabs\SimplicityStudio\v4\developer\sdks\gecko_sdk_suite\v2.5\z3_lite_timer_mg21_v660\..\..\v2.6\platform\base\hal\..\..\emdrv\common\inc\ #
#                            -IC:\SiliconLabs\SimplicityStudio\v4\developer\sdks\gecko_sdk_suite\v2.5\z3_lite_timer_mg21_v660\..\..\v2.6\platform\base\hal\..\..\emdrv\config\ #
#                            -IC:\SiliconLabs\SimplicityStudio\v4\developer\sdks\gecko_sdk_suite\v2.5\z3_lite_timer_mg21_v660\..\..\v2.6\platform\base\hal\..\..\emdrv\dmadrv\inc\ #
#                            -IC:\SiliconLabs\SimplicityStudio\v4\developer\sdks\gecko_sdk_suite\v2.5\z3_lite_timer_mg21_v660\..\..\v2.6\platform\base\hal\..\..\emdrv\gpiointerrupt\inc\ #
#                            -IC:\SiliconLabs\SimplicityStudio\v4\developer\sdks\gecko_sdk_suite\v2.5\z3_lite_timer_mg21_v660\..\..\v2.6\platform\base\hal\..\..\emdrv\rtcdrv\inc\ #
#                            -IC:\SiliconLabs\SimplicityStudio\v4\developer\sdks\gecko_sdk_suite\v2.5\z3_lite_timer_mg21_v660\..\..\v2.6\platform\base\hal\..\..\emdrv\rtcdrv\test\ #
#                            -IC:\SiliconLabs\SimplicityStudio\v4\developer\sdks\gecko_sdk_suite\v2.5\z3_lite_timer_mg21_v660\..\..\v2.6\platform\base\hal\..\..\emdrv\sleep\inc\ #
#                            -IC:\SiliconLabs\SimplicityStudio\v4\developer\sdks\gecko_sdk_suite\v2.5\z3_lite_timer_mg21_v660\..\..\v2.6\platform\base\hal\..\..\emdrv\spidrv\inc\ #
#                            -IC:\SiliconLabs\SimplicityStudio\v4\developer\sdks\gecko_sdk_suite\v2.5\z3_lite_timer_mg21_v660\..\..\v2.6\platform\base\hal\..\..\emdrv\tempdrv\inc\ #
#                            -IC:\SiliconLabs\SimplicityStudio\v4\developer\sdks\gecko_sdk_suite\v2.5\z3_lite_timer_mg21_v660\..\..\v2.6\platform\base\hal\..\..\emdrv\uartdrv\inc\ #
#                            -IC:\SiliconLabs\SimplicityStudio\v4\developer\sdks\gecko_sdk_suite\v2.5\z3_lite_timer_mg21_v660\..\..\v2.6\platform\base\hal\..\..\emdrv\ustimer\inc\ #
#                            -IC:\SiliconLabs\SimplicityStudio\v4\developer\sdks\gecko_sdk_suite\v2.5\z3_lite_timer_mg21_v660\..\..\v2.6\platform\base\hal\..\..\emlib\inc\ #
#                            -IC:\SiliconLabs\SimplicityStudio\v4\developer\sdks\gecko_sdk_suite\v2.5\z3_lite_timer_mg21_v660\..\..\v2.6\platform\base\hal\..\..\middleware\glib\ #
#                            -IC:\SiliconLabs\SimplicityStudio\v4\developer\sdks\gecko_sdk_suite\v2.5\z3_lite_timer_mg21_v660\..\..\v2.6\platform\base\hal\..\..\middleware\glib\glib\ #
#                            -IC:\SiliconLabs\SimplicityStudio\v4\developer\sdks\gecko_sdk_suite\v2.5\z3_lite_timer_mg21_v660\..\..\v2.6\platform\base\hal\..\..\radio\rail_lib\chip\efr32\rf\common\cortex\ #
#                            -IC:\SiliconLabs\SimplicityStudio\v4\developer\sdks\gecko_sdk_suite\v2.5\z3_lite_timer_mg21_v660\..\..\v2.6\platform\base\hal\..\..\radio\rail_lib\chip\efr32\rf\rfprotocol\ieee802154\cortex\ #
#                            -IC:\SiliconLabs\SimplicityStudio\v4\developer\sdks\gecko_sdk_suite\v2.5\z3_lite_timer_mg21_v660\..\..\v2.6\platform\halconfig\inc\hal-config\ #
#                            -IC:\SiliconLabs\SimplicityStudio\v4\developer\sdks\gecko_sdk_suite\v2.5\z3_lite_timer_mg21_v660\..\..\v2.6\hardware\kit\common\halconfig\ #
#                            -IC:\SiliconLabs\SimplicityStudio\v4\developer\sdks\gecko_sdk_suite\v2.5\z3_lite_timer_mg21_v660\..\..\v2.6\hardware\kit\common\bsp\ #
#                            -IC:\SiliconLabs\SimplicityStudio\v4\developer\sdks\gecko_sdk_suite\v2.5\z3_lite_timer_mg21_v660\hal-config\ #
#                            -IC:\SiliconLabs\SimplicityStudio\v4\developer\sdks\gecko_sdk_suite\v2.5\z3_lite_timer_mg21_v660\..\..\v2.6\platform\bootloader\ #
#                            -IC:\SiliconLabs\SimplicityStudio\v4\developer\sdks\gecko_sdk_suite\v2.5\z3_lite_timer_mg21_v660\..\..\v2.6\platform\emdrv\nvm3\inc\ #
#                            -IC:\SiliconLabs\SimplicityStudio\v4\developer\sdks\gecko_sdk_suite\v2.5\z3_lite_timer_mg21_v660\..\..\v2.6\platform\radio\rail_lib\chip\efr32\efr32xg2x\ #
#                            -IC:\SiliconLabs\SimplicityStudio\v4\developer\sdks\gecko_sdk_suite\v2.5\z3_lite_timer_mg21_v660\..\..\v2.6\platform\radio\rail_lib\common\ #
#                            -IC:\SiliconLabs\SimplicityStudio\v4\developer\sdks\gecko_sdk_suite\v2.5\z3_lite_timer_mg21_v660\..\..\v2.6\platform\radio\rail_lib\plugin\coexistence\common\ #
#                            -IC:\SiliconLabs\SimplicityStudio\v4\developer\sdks\gecko_sdk_suite\v2.5\z3_lite_timer_mg21_v660\..\..\v2.6\platform\radio\rail_lib\plugin\coexistence\hal\efr32\ #
#                            -IC:\SiliconLabs\SimplicityStudio\v4\developer\sdks\gecko_sdk_suite\v2.5\z3_lite_timer_mg21_v660\..\..\v2.6\platform\radio\rail_lib\plugin\coexistence\protocol\ieee802154\ #
#                            -IC:\SiliconLabs\SimplicityStudio\v4\developer\sdks\gecko_sdk_suite\v2.5\z3_lite_timer_mg21_v660\..\..\v2.6\platform\radio\rail_lib\protocol\ble\ #
#                            -IC:\SiliconLabs\SimplicityStudio\v4\developer\sdks\gecko_sdk_suite\v2.5\z3_lite_timer_mg21_v660\..\..\v2.6\platform\radio\rail_lib\protocol\ieee802154\ #
#                            -IC:\SiliconLabs\SimplicityStudio\v4\developer\sdks\gecko_sdk_suite\v2.5\z3_lite_timer_mg21_v660\..\..\v2.6\platform\radio\rail_lib\protocol\zwave\ #
#                            -IC:\SiliconLabs\SimplicityStudio\v4\developer\sdks\gecko_sdk_suite\v2.5\z3_lite_timer_mg21_v660\..\..\v2.6\util\plugin\plugin-common\mbedtls\ #
#                            -IC:\SiliconLabs\SimplicityStudio\v4\developer\sdks\gecko_sdk_suite\v2.5\z3_lite_timer_mg21_v660\..\..\v2.6\util\third_party\mbedtls\ #
#                            -IC:\SiliconLabs\SimplicityStudio\v4\developer\sdks\gecko_sdk_suite\v2.5\z3_lite_timer_mg21_v660\..\..\v2.6\util\third_party\mbedtls\include\ #
#                            -IC:\SiliconLabs\SimplicityStudio\v4\developer\sdks\gecko_sdk_suite\v2.5\z3_lite_timer_mg21_v660\..\..\v2.6\util\third_party\mbedtls\include\mbedtls\ #
#                            -IC:\SiliconLabs\SimplicityStudio\v4\developer\sdks\gecko_sdk_suite\v2.5\z3_lite_timer_mg21_v660\..\..\v2.6\util\third_party\mbedtls\sl_crypto\include\) #
#                                                                             #
###############################################################################

    1                           //--------------------------------------------
                                ----------------------------------
    2                           // @file hal/micro/cortexm3/isr-stubs.s79
    3                           // @brief Stubs for all exception handlers
                                 (ISRs)
    4                           // 
    5                           // NOTE: You should NOT have to change this
                                 file to instatiate your own ISR!
    6                           //
    7                           // By providing a *weak* function here, every
                                 vector in the interrupt table is
    8                           // guaranteed to be defined.  These functions
                                 will be overridden during link
    9                           // time whenever the same function (symbol)
                                 name is used normally in another
   10                           // source file.
   11                           //
   12                           // RESULT:  Simply define whichever ISRs you
                                 need in your application and this
   13                           // file will fill in the gaps during
                                 linking.
   14                           //
   15                           // Copyright 2007 by Ember Corporation. All
                                 rights reserved.                *80*
   16                           //--------------------------------------------
                                ----------------------------------
   17                           
   18                           //Normally the default NVIC_CONFIG file would
                                 be defined in the PLATFORM_HEADER
   19                           //but this assembly file does not include the
                                 PLATFORM_HEADER (it can't
   20                           //because this is assembly, and the header is
                                 for c).
   21                           #ifndef NVIC_CONFIG
   22                             #define NVIC_CONFIG "hal/micro/cortexm3/efm3
                                2/nvic-config.h"
   23                           #endif
   24                           #include "../compiler/asm.h"
   25                           
   26                           #define SEGMENT() \
   28                           #define SEGMENT2() \
   30                           // NOTE: Any use of white space in this file
                                 is ignored by the preprocessor.
   31                           //       Since assembly files have white space
                                 requirements, the white space
   32                           //       needed is implemented in the
                                 nvic-config.h file itself.
   33                           
   34                           #define EXCEPTION(vectorNumber, functionName,
                                 deviceIrqn, deviceIrqHandler, priorityLevel,
                                 subpriority) \
   36                           #define PERM_EXCEPTION(vectorNumber,
                                 functionName, deviceIrqn, deviceIrqHandler)
   37                           #include NVIC_CONFIG
   38                           #undef  PERM_EXCEPTION
   39                           #undef  EXCEPTION
   40                           
   41                           
   42                           
   43                           #define EXCEPTION(vectorNumber, functionName,
                                 deviceIrqn, deviceIrqHandler, priorityLevel,
                                 subpriority) \
   45                           #define PERM_EXCEPTION(vectorNumber,
                                 functionName, deviceIrqn, deviceIrqHandler)
   46                           #include NVIC_CONFIG
   47                           #undef  PERM_EXCEPTION
   48                           #undef  EXCEPTION
   49                           
   50                           
   51                           // Every function defined above will reference
                                 the following code
   52                           // Since each function is still defined
                                 PUBWEAK with its own segment, the
   53                           // linker will still do it's job and stub out
                                 only the functions that need it.
   54                           // By having all the stubs reference the same
                                 code, we save 96 bytes!
   55                                   __IMPORT__ uninitializedIsr
   56    00000000 ........              B   uninitializedIsr
   57                           
   58                           
   59                                   __END__
##############################
#           CRC:0            #
#        Errors:   0         #
#        Warnings: 0         #
#          Bytes: 4          #
##############################



