###############################################################################
#
# IAR ANSI C/C++ Compiler V8.32.2.178/W32 for ARM         14/Jun/2019  13:19:16
# Copyright 1999-2018 IAR Systems AB.
#
#    Cpu mode     =  
#    Endian       =  little
#    Source file  =  
#        C:\SiliconLabs\SimplicityStudio\v4\developer\sdks\gecko_sdk_suite\v2.6\protocol\zigbee\app\util\common\library.c
#    Command line =  
#        -f C:\Users\alji\AppData\Local\Temp\EWB143.tmp
#        (C:\SiliconLabs\SimplicityStudio\v4\developer\sdks\gecko_sdk_suite\v2.6\protocol\zigbee\app\util\common\library.c
#        -D LOCAL_STORAGE_BTL -D CORTEXM3 -D CORTEXM3_EFR32 -D
#        CORTEXM3_EFR32_MICRO -D CORTEXM3_EFM32_MICRO -D
#        EFR32_SERIES2_CONFIG1_MICRO -D EFR32MG21 -D EFR32MG21A010F1024IM32 -D
#        "ATTRIBUTE_STORAGE_CONFIGURATION=\"z3_lite_timer_mg21_v660_endpoint_config.h\""
#        -D "CONFIGURATION_HEADER=\"app/framework/util/config.h\"" -D
#        "GENERATED_TOKEN_HEADER=\"z3_lite_timer_mg21_v660_tokens.h\"" -D
#        "PLATFORM_HEADER=\"platform/base/hal/micro/cortexm3/compiler/iar.h\""
#        -D "ZA_GENERATED_HEADER=\"z3_lite_timer_mg21_v660.h\"" -D
#        "__SOURCEFILE__=\"library.c\"" -D PSSTORE_SIZE=0 -D LONGTOKEN_SIZE=0
#        -D LOCKBITS_IN_MAINFLASH_SIZE=8192 -D HAL_CONFIG=1 -D
#        EMBER_AF_USE_HWCONF -D LED_BLINK_PERIOD_MS=1000 -D NO_LED=1 -D
#        "EMBER_AF_API_EMBER_TYPES=\"stack/include/ember-types.h\"" -D
#        "EMBER_AF_API_DEBUG_PRINT=\"app/framework/util/print.h\"" -D
#        "EMBER_AF_API_AF_HEADER=\"app/framework/include/af.h\"" -D
#        "EMBER_AF_API_AF_SECURITY_HEADER=\"app/framework/security/af-security.h\""
#        -D EMBER_STACK_ZIGBEE -D
#        "MBEDTLS_CONFIG_FILE=\"mbedtls-config-generated.h\"" -D USE_NVM3 -D
#        NVM3_DEFAULT_NVM_SIZE=NVM3_FLASH_PAGES*FLASH_PAGE_SIZE -D
#        EMLIB_USER_CONFIG -D HAL_BULBPWM_ENABLE=1 -D
#        HAL_BULBPWM_FREQUENCY=1000 -D
#        "APPLICATION_TOKEN_HEADER=\"znet-token.h\"" -D
#        "APPLICATION_MFG_TOKEN_HEADER=\"znet-mfg-token.h\"" -D
#        "MBEDTLS_DEVICE_ACCELERATION_CONFIG_FILE=\"configs/config-device-acceleration.h\""
#        -D
#        "MBEDTLS_DEVICE_ACCELERATION_CONFIG_APP_FILE=\"config-device-acceleration-app.h\""
#        -D NVM3_FLASH_PAGES=4 -D NVM3_DEFAULT_CACHE_SIZE=200 -D
#        NVM3_MAX_OBJECT_SIZE=254 -D NVM3_DEFAULT_REPACK_HEADROOM=0 -D
#        PHY_RAIL=1 -lC
#        C:\SiliconLabs\SimplicityStudio\v4\developer\sdks\gecko_sdk_suite\v2.5\z3_lite_timer_mg21_v660\build\lst
#        --diag_suppress Pa050 -o
#        C:\SiliconLabs\SimplicityStudio\v4\developer\sdks\gecko_sdk_suite\v2.5\z3_lite_timer_mg21_v660\build\obj
#        --no_unroll --no_clustering --debug --endian=little
#        --cpu=Cortex-M33.no_dsp --cmse --no_path_in_file_macros
#        --separate_cluster_for_initialized_variables -e --fpu=None
#        --dlib_config "C:\Program Files (x86)\IAR Systems\Embedded Workbench
#        8.2\arm\inc\c\DLib_Config_Normal.h" -I
#        C:\SiliconLabs\SimplicityStudio\v4\developer\sdks\gecko_sdk_suite\v2.6\protocol\zigbee\app\util\common\
#        -I
#        C:\SiliconLabs\SimplicityStudio\v4\developer\sdks\gecko_sdk_suite\v2.5\z3_lite_timer_mg21_v660\
#        -I
#        C:\SiliconLabs\SimplicityStudio\v4\developer\sdks\gecko_sdk_suite\v2.5\z3_lite_timer_mg21_v660\..\..\v2.6\
#        -I
#        C:\SiliconLabs\SimplicityStudio\v4\developer\sdks\gecko_sdk_suite\v2.5\z3_lite_timer_mg21_v660\..\..\v2.6\protocol\zigbee\app\framework\
#        -I
#        C:\SiliconLabs\SimplicityStudio\v4\developer\sdks\gecko_sdk_suite\v2.5\z3_lite_timer_mg21_v660\..\..\v2.6\protocol\zigbee\app\framework\..\..\
#        -I
#        C:\SiliconLabs\SimplicityStudio\v4\developer\sdks\gecko_sdk_suite\v2.5\z3_lite_timer_mg21_v660\..\..\v2.6\protocol\zigbee\app\framework\..\..\stack\
#        -I
#        C:\SiliconLabs\SimplicityStudio\v4\developer\sdks\gecko_sdk_suite\v2.5\z3_lite_timer_mg21_v660\..\..\v2.6\protocol\zigbee\app\framework\..\util\
#        -I
#        C:\SiliconLabs\SimplicityStudio\v4\developer\sdks\gecko_sdk_suite\v2.5\z3_lite_timer_mg21_v660\..\..\v2.6\protocol\zigbee\app\framework\include\
#        -I
#        C:\SiliconLabs\SimplicityStudio\v4\developer\sdks\gecko_sdk_suite\v2.5\z3_lite_timer_mg21_v660\..\..\v2.6\platform\base\hal\
#        -I
#        C:\SiliconLabs\SimplicityStudio\v4\developer\sdks\gecko_sdk_suite\v2.5\z3_lite_timer_mg21_v660\..\..\v2.6\platform\base\hal\plugin\
#        -I
#        C:\SiliconLabs\SimplicityStudio\v4\developer\sdks\gecko_sdk_suite\v2.5\z3_lite_timer_mg21_v660\..\..\v2.6\platform\base\hal\..\
#        -I
#        C:\SiliconLabs\SimplicityStudio\v4\developer\sdks\gecko_sdk_suite\v2.5\z3_lite_timer_mg21_v660\..\..\v2.6\platform\base\hal\micro\cortexm3\efm32\
#        -I
#        C:\SiliconLabs\SimplicityStudio\v4\developer\sdks\gecko_sdk_suite\v2.5\z3_lite_timer_mg21_v660\..\..\v2.6\platform\base\hal\micro\cortexm3\efm32\config\
#        -I
#        C:\SiliconLabs\SimplicityStudio\v4\developer\sdks\gecko_sdk_suite\v2.5\z3_lite_timer_mg21_v660\..\..\v2.6\platform\base\hal\micro\cortexm3\efm32\efr32\
#        -I
#        C:\SiliconLabs\SimplicityStudio\v4\developer\sdks\gecko_sdk_suite\v2.5\z3_lite_timer_mg21_v660\..\..\v2.6\platform\base\hal\..\..\CMSIS\Include\
#        -I
#        C:\SiliconLabs\SimplicityStudio\v4\developer\sdks\gecko_sdk_suite\v2.5\z3_lite_timer_mg21_v660\..\..\v2.6\platform\base\hal\..\..\Device\SiliconLabs\efr32mg21\Include\
#        -I
#        C:\SiliconLabs\SimplicityStudio\v4\developer\sdks\gecko_sdk_suite\v2.5\z3_lite_timer_mg21_v660\..\..\v2.6\platform\base\hal\..\..\emdrv\common\inc\
#        -I
#        C:\SiliconLabs\SimplicityStudio\v4\developer\sdks\gecko_sdk_suite\v2.5\z3_lite_timer_mg21_v660\..\..\v2.6\platform\base\hal\..\..\emdrv\config\
#        -I
#        C:\SiliconLabs\SimplicityStudio\v4\developer\sdks\gecko_sdk_suite\v2.5\z3_lite_timer_mg21_v660\..\..\v2.6\platform\base\hal\..\..\emdrv\dmadrv\inc\
#        -I
#        C:\SiliconLabs\SimplicityStudio\v4\developer\sdks\gecko_sdk_suite\v2.5\z3_lite_timer_mg21_v660\..\..\v2.6\platform\base\hal\..\..\emdrv\gpiointerrupt\inc\
#        -I
#        C:\SiliconLabs\SimplicityStudio\v4\developer\sdks\gecko_sdk_suite\v2.5\z3_lite_timer_mg21_v660\..\..\v2.6\platform\base\hal\..\..\emdrv\rtcdrv\inc\
#        -I
#        C:\SiliconLabs\SimplicityStudio\v4\developer\sdks\gecko_sdk_suite\v2.5\z3_lite_timer_mg21_v660\..\..\v2.6\platform\base\hal\..\..\emdrv\sleep\inc\
#        -I
#        C:\SiliconLabs\SimplicityStudio\v4\developer\sdks\gecko_sdk_suite\v2.5\z3_lite_timer_mg21_v660\..\..\v2.6\platform\base\hal\..\..\emdrv\spidrv\inc\
#        -I
#        C:\SiliconLabs\SimplicityStudio\v4\developer\sdks\gecko_sdk_suite\v2.5\z3_lite_timer_mg21_v660\..\..\v2.6\platform\base\hal\..\..\emdrv\tempdrv\inc\
#        -I
#        C:\SiliconLabs\SimplicityStudio\v4\developer\sdks\gecko_sdk_suite\v2.5\z3_lite_timer_mg21_v660\..\..\v2.6\platform\base\hal\..\..\emdrv\uartdrv\inc\
#        -I
#        C:\SiliconLabs\SimplicityStudio\v4\developer\sdks\gecko_sdk_suite\v2.5\z3_lite_timer_mg21_v660\..\..\v2.6\platform\base\hal\..\..\emdrv\ustimer\inc\
#        -I
#        C:\SiliconLabs\SimplicityStudio\v4\developer\sdks\gecko_sdk_suite\v2.5\z3_lite_timer_mg21_v660\..\..\v2.6\platform\base\hal\..\..\emlib\inc\
#        -I
#        C:\SiliconLabs\SimplicityStudio\v4\developer\sdks\gecko_sdk_suite\v2.5\z3_lite_timer_mg21_v660\..\..\v2.6\platform\base\hal\..\..\middleware\glib\
#        -I
#        C:\SiliconLabs\SimplicityStudio\v4\developer\sdks\gecko_sdk_suite\v2.5\z3_lite_timer_mg21_v660\..\..\v2.6\platform\base\hal\..\..\middleware\glib\glib\
#        -I
#        C:\SiliconLabs\SimplicityStudio\v4\developer\sdks\gecko_sdk_suite\v2.5\z3_lite_timer_mg21_v660\..\..\v2.6\platform\base\hal\..\..\radio\rail_lib\plugin\
#        -I
#        C:\SiliconLabs\SimplicityStudio\v4\developer\sdks\gecko_sdk_suite\v2.5\z3_lite_timer_mg21_v660\..\..\v2.6\platform\base\hal\..\..\radio\rail_lib\chip\efr32\rf\common\cortex\
#        -I
#        C:\SiliconLabs\SimplicityStudio\v4\developer\sdks\gecko_sdk_suite\v2.5\z3_lite_timer_mg21_v660\..\..\v2.6\platform\base\hal\..\..\radio\rail_lib\chip\efr32\rf\rfprotocol\ieee802154\cortex\
#        -I
#        C:\SiliconLabs\SimplicityStudio\v4\developer\sdks\gecko_sdk_suite\v2.5\z3_lite_timer_mg21_v660\..\..\v2.6\platform\halconfig\inc\hal-config\
#        -I
#        C:\SiliconLabs\SimplicityStudio\v4\developer\sdks\gecko_sdk_suite\v2.5\z3_lite_timer_mg21_v660\..\..\v2.6\hardware\module\config\
#        -I
#        C:\SiliconLabs\SimplicityStudio\v4\developer\sdks\gecko_sdk_suite\v2.5\z3_lite_timer_mg21_v660\..\..\v2.6\hardware\kit\common\halconfig\
#        -I
#        C:\SiliconLabs\SimplicityStudio\v4\developer\sdks\gecko_sdk_suite\v2.5\z3_lite_timer_mg21_v660\..\..\v2.6\hardware\kit\common\bsp\
#        -I
#        C:\SiliconLabs\SimplicityStudio\v4\developer\sdks\gecko_sdk_suite\v2.5\z3_lite_timer_mg21_v660\hal-config\
#        -I
#        C:\SiliconLabs\SimplicityStudio\v4\developer\sdks\gecko_sdk_suite\v2.5\z3_lite_timer_mg21_v660\..\..\v2.6\platform\bootloader\
#        -I
#        C:\SiliconLabs\SimplicityStudio\v4\developer\sdks\gecko_sdk_suite\v2.5\z3_lite_timer_mg21_v660\..\..\v2.6\platform\emdrv\nvm3\inc\
#        -I
#        C:\SiliconLabs\SimplicityStudio\v4\developer\sdks\gecko_sdk_suite\v2.5\z3_lite_timer_mg21_v660\..\..\v2.6\platform\radio\rail_lib\chip\efr32\efr32xg2x\
#        -I
#        C:\SiliconLabs\SimplicityStudio\v4\developer\sdks\gecko_sdk_suite\v2.5\z3_lite_timer_mg21_v660\..\..\v2.6\platform\radio\rail_lib\common\
#        -I
#        C:\SiliconLabs\SimplicityStudio\v4\developer\sdks\gecko_sdk_suite\v2.5\z3_lite_timer_mg21_v660\..\..\v2.6\platform\radio\rail_lib\plugin\coexistence\common\
#        -I
#        C:\SiliconLabs\SimplicityStudio\v4\developer\sdks\gecko_sdk_suite\v2.5\z3_lite_timer_mg21_v660\..\..\v2.6\platform\radio\rail_lib\plugin\coexistence\hal\efr32\
#        -I
#        C:\SiliconLabs\SimplicityStudio\v4\developer\sdks\gecko_sdk_suite\v2.5\z3_lite_timer_mg21_v660\..\..\v2.6\platform\radio\rail_lib\plugin\coexistence\protocol\ieee802154\
#        -I
#        C:\SiliconLabs\SimplicityStudio\v4\developer\sdks\gecko_sdk_suite\v2.5\z3_lite_timer_mg21_v660\..\..\v2.6\platform\radio\rail_lib\protocol\ble\
#        -I
#        C:\SiliconLabs\SimplicityStudio\v4\developer\sdks\gecko_sdk_suite\v2.5\z3_lite_timer_mg21_v660\..\..\v2.6\platform\radio\rail_lib\protocol\ieee802154\
#        -I
#        C:\SiliconLabs\SimplicityStudio\v4\developer\sdks\gecko_sdk_suite\v2.5\z3_lite_timer_mg21_v660\..\..\v2.6\platform\radio\rail_lib\protocol\zwave\
#        -I
#        C:\SiliconLabs\SimplicityStudio\v4\developer\sdks\gecko_sdk_suite\v2.5\z3_lite_timer_mg21_v660\..\..\v2.6\util\plugin\plugin-common\mbedtls\
#        -I
#        C:\SiliconLabs\SimplicityStudio\v4\developer\sdks\gecko_sdk_suite\v2.5\z3_lite_timer_mg21_v660\..\..\v2.6\util\third_party\mbedtls\
#        -I
#        C:\SiliconLabs\SimplicityStudio\v4\developer\sdks\gecko_sdk_suite\v2.5\z3_lite_timer_mg21_v660\..\..\v2.6\util\third_party\mbedtls\include\
#        -I
#        C:\SiliconLabs\SimplicityStudio\v4\developer\sdks\gecko_sdk_suite\v2.5\z3_lite_timer_mg21_v660\..\..\v2.6\util\third_party\mbedtls\include\mbedtls\
#        -I
#        C:\SiliconLabs\SimplicityStudio\v4\developer\sdks\gecko_sdk_suite\v2.5\z3_lite_timer_mg21_v660\..\..\v2.6\util\third_party\mbedtls\sl_crypto\include\
#        -Ohz --use_c++_inline)
#    Locale       =  C
#    List file    =  
#        C:\SiliconLabs\SimplicityStudio\v4\developer\sdks\gecko_sdk_suite\v2.5\z3_lite_timer_mg21_v660\build\lst\library.lst
#    Object file  =  
#        C:\SiliconLabs\SimplicityStudio\v4\developer\sdks\gecko_sdk_suite\v2.5\z3_lite_timer_mg21_v660\build\obj\library.o
#
###############################################################################

C:\SiliconLabs\SimplicityStudio\v4\developer\sdks\gecko_sdk_suite\v2.6\protocol\zigbee\app\util\common\library.c
      1          /***************************************************************************//**
      2           * @file
      3           * @brief Code to display or retrieve the presence or absence of
      4           * Ember stack libraries on the device.
      5           *******************************************************************************
      6           * # License
      7           * <b>Copyright 2018 Silicon Laboratories Inc. www.silabs.com</b>
      8           *******************************************************************************
      9           *
     10           * The licensor of this software is Silicon Laboratories Inc. Your use of this
     11           * software is governed by the terms of Silicon Labs Master Software License
     12           * Agreement (MSLA) available at
     13           * www.silabs.com/about-us/legal/master-software-license-agreement. This
     14           * software is distributed to you in Source Code format and is governed by the
     15           * sections of the MSLA applicable to Source Code.
     16           *
     17           ******************************************************************************/
     18          
     19          #include PLATFORM_HEADER
     20          
     21          #if defined EZSP_HOST
     22            #include "stack/include/ember-types.h"
     23            #include "stack/include/error.h"
     24            #include "hal/hal.h"
     25            #include "app/util/ezsp/ezsp-protocol.h"
     26            #include "app/util/ezsp/ezsp.h"
     27            #include "stack/include/library.h"
     28          #else
     29            #include "stack/include/ember.h"
     30            #include "hal/hal.h"
     31          #endif
     32          
     33          #include "plugin/serial/serial.h"
     34          #include "app/util/common/common.h"
     35          

   \                                 In section .data, align 4
     36          static const char * libraryNames[] = {
   \                     libraryNames:
   \        0x0   0x....'....        DC32 ?_0, ?_1, ?_2, ?_3, ?_4, ?_5, ?_6, ?_7, ?_8, ?_9, ?_10, ?_11, ?_12
   \              0x....'....  
   \              0x....'....  
   \              0x....'....  
   \              0x....'....  
   \              0x....'....  
   \              0x....'....  
   \              0x....'....  
   \              0x....'....  
   \              0x....'....  
   \              0x....'....  
   \              0x....'....  
   \              0x....'....  
   \       0x34   0x....'....        DC32 ?_13, ?_14, ?_15, ?_16, ?_5, ?_17, ?_18, ?_19
   \              0x....'....  
   \              0x....'....  
   \              0x....'....  
   \              0x....'....  
   \              0x....'....  
   \              0x....'....  
   \              0x....'....  
     37            EMBER_LIBRARY_NAMES
     38          };
     39          

   \                                 In section .text, align 2, keep-with-next
     40          void printAllLibraryStatus(void)
     41          {
   \                     printAllLibraryStatus: (+1)
   \        0x0   0xE92D 0x4FF8      PUSH     {R3-R11,LR}
     42            uint8_t i = EMBER_FIRST_LIBRARY_ID;
   \        0x4   0x2500             MOVS     R5,#+0
   \        0x6   0x....'....        LDR.W    R9,??DataTable0_1
   \        0xA   0x....'....        LDR.W    R11,??DataTable0_2
   \        0xE   0x....'....        ADR.W    R8,??DataTable0  ;; ""
   \       0x12   0x....             LDR.N    R6,??DataTable0_3
   \       0x14   0x....'....        LDR.W    R10,??DataTable0_4
     43            while (i < EMBER_NUMBER_OF_LIBRARIES) {
     44              EmberLibraryStatus status = emberGetLibraryStatus(i);
   \                     ??printAllLibraryStatus_0: (+1)
   \       0x18   0xB2E8             UXTB     R0,R5
   \       0x1A   0x....'....        BL       emberGetLibraryStatus
   \       0x1E   0x4607             MOV      R7,R0
     45              if (status == EMBER_LIBRARY_ERROR) {
   \       0x20   0x7830             LDRB     R0,[R6, #+0]
   \       0x22   0x2FFF             CMP      R7,#+255
   \       0x24   0xD104             BNE.N    ??printAllLibraryStatus_1
     46                emberSerialPrintfLine(serialPort, "Error retrieving info for library ID %d",
     47                                      i);
   \       0x26   0x462A             MOV      R2,R5
   \       0x28   0x4651             MOV      R1,R10
   \       0x2A   0x....'....        BL       emberSerialPrintfLine
   \       0x2E   0xE020             B.N      ??printAllLibraryStatus_2
     48              } else {
     49                emberSerialPrintfLine(serialPort,
     50                                      "%p library%p present",
     51                                      libraryNames[i],
     52                                      ((status & EMBER_LIBRARY_PRESENT_MASK)
     53                                       ? ""
     54                                       : " NOT"));
   \                     ??printAllLibraryStatus_1: (+1)
   \       0x30   0xF017 0x0480      ANDS     R4,R7,#0x80
   \       0x34   0xF859 0x2025      LDR      R2,[R9, R5, LSL #+2]
   \       0x38   0x....             LDR.N    R1,??DataTable0_5
   \       0x3A   0xBF14             ITE      NE 
   \       0x3C   0x4643             MOVNE    R3,R8
   \       0x3E   0x465B             MOVEQ    R3,R11
   \       0x40   0x....'....        BL       emberSerialPrintfLine
     55                if ((status & EMBER_LIBRARY_PRESENT_MASK) != 0U) {
   \       0x44   0x0638             LSLS     R0,R7,#+24
   \       0x46   0xD514             BPL.N    ??printAllLibraryStatus_2
     56                  if (i == EMBER_ZIGBEE_PRO_LIBRARY_ID
     57                      || i == EMBER_SECURITY_CORE_LIBRARY_ID) {
   \       0x48   0x2D00             CMP      R5,#+0
   \       0x4A   0xBF18             IT       NE 
   \       0x4C   0x2D03             CMPNE    R5,#+3
   \       0x4E   0xD106             BNE.N    ??printAllLibraryStatus_3
     58                    emberSerialPrintfLine(serialPort,
     59                                          ((status
     60                                            & EMBER_ZIGBEE_PRO_LIBRARY_HAVE_ROUTER_CAPABILITY)
     61                                           ? "  Have Router Support"
     62                                           : "  End Device Only"));
   \       0x50   0x07F8             LSLS     R0,R7,#+31
   \       0x52   0x7830             LDRB     R0,[R6, #+0]
   \       0x54   0xBF4C             ITE      MI 
   \       0x56   0x....             LDRMI.N  R1,??DataTable0_6
   \       0x58   0x....             LDRPL.N  R1,??DataTable0_7
   \       0x5A   0x....'....        BL       emberSerialPrintfLine
     63                  }
     64                  if (i == EMBER_PACKET_VALIDATE_LIBRARY_ID
     65                      && (status
     66                          & EMBER_LIBRARY_PRESENT_MASK)) {
   \                     ??printAllLibraryStatus_3: (+1)
   \       0x5E   0x2D0A             CMP      R5,#+10
   \       0x60   0xD107             BNE.N    ??printAllLibraryStatus_2
   \       0x62   0xB134             CBZ.N    R4,??printAllLibraryStatus_2
     67                    emberSerialPrintfLine(serialPort,
     68                                          ((status & EMBER_PACKET_VALIDATE_LIBRARY_ENABLED)
     69                                           ? "  Enabled"
     70                                           : "  Disabled"));
   \       0x64   0x07F8             LSLS     R0,R7,#+31
   \       0x66   0x7830             LDRB     R0,[R6, #+0]
   \       0x68   0xBF4C             ITE      MI 
   \       0x6A   0x....             LDRMI.N  R1,??DataTable0_8
   \       0x6C   0x....             LDRPL.N  R1,??DataTable0_9
   \       0x6E   0x....'....        BL       emberSerialPrintfLine
     71                  }
     72                }
     73              }
     74              emberSerialWaitSend(serialPort);
   \                     ??printAllLibraryStatus_2: (+1)
   \       0x72   0x7830             LDRB     R0,[R6, #+0]
   \       0x74   0x1C6D             ADDS     R5,R5,#+1
   \       0x76   0x....'....        BL       emberSerialWaitSend
     75              i++;
     76            }
   \       0x7A   0x2D14             CMP      R5,#+20
   \       0x7C   0xDBCC             BLT.N    ??printAllLibraryStatus_0
     77          }
   \       0x7E   0xE8BD 0x8FF1      POP      {R0,R4-R11,PC}   ;; return
     78          

   \                                 In section .text, align 2, keep-with-next
     79          bool isLibraryPresent(uint8_t libraryId)
     80          {
   \                     isLibraryPresent: (+1)
   \        0x0   0xB580             PUSH     {R7,LR}
     81            EmberLibraryStatus status = emberGetLibraryStatus(libraryId);
   \        0x2   0x....'....        BL       emberGetLibraryStatus
     82            return (status != EMBER_LIBRARY_ERROR
     83                    && (status & EMBER_LIBRARY_PRESENT_MASK));
   \        0x6   0x28FF             CMP      R0,#+255
   \        0x8   0xD001             BEQ.N    ??isLibraryPresent_0
   \        0xA   0x09C0             LSRS     R0,R0,#+7
   \        0xC   0xBD02             POP      {R1,PC}
   \                     ??isLibraryPresent_0: (+1)
   \        0xE   0x2000             MOVS     R0,#+0
   \       0x10   0xBD02             POP      {R1,PC}          ;; return
     84          }

   \                                 In section .text, align 4, keep-with-next
   \                     ??DataTable0:
   \        0x0   0x00 0x00          DC8      "",0x0,0x0,0x0
   \              0x00 0x00    

   \                                 In section .text, align 4, keep-with-next
   \                     ??DataTable0_1:
   \        0x0   0x....'....        DC32     libraryNames

   \                                 In section .text, align 4, keep-with-next
   \                     ??DataTable0_2:
   \        0x0   0x....'....        DC32     ?_22

   \                                 In section .text, align 4, keep-with-next
   \                     ??DataTable0_3:
   \        0x0   0x....'....        DC32     serialPort

   \                                 In section .text, align 4, keep-with-next
   \                     ??DataTable0_4:
   \        0x0   0x....'....        DC32     ?_20

   \                                 In section .text, align 4, keep-with-next
   \                     ??DataTable0_5:
   \        0x0   0x....'....        DC32     ?_21

   \                                 In section .text, align 4, keep-with-next
   \                     ??DataTable0_6:
   \        0x0   0x....'....        DC32     ?_23

   \                                 In section .text, align 4, keep-with-next
   \                     ??DataTable0_7:
   \        0x0   0x....'....        DC32     ?_24

   \                                 In section .text, align 4, keep-with-next
   \                     ??DataTable0_8:
   \        0x0   0x....'....        DC32     ?_25

   \                                 In section .text, align 4, keep-with-next
   \                     ??DataTable0_9:
   \        0x0   0x....'....        DC32     ?_26

   \                                 In section .rodata, align 4
   \                     ?_0:
   \        0x0   0x5A 0x69          DC8 "Zigbee Pro"
   \              0x67 0x62    
   \              0x65 0x65    
   \              0x20 0x50    
   \              0x72 0x6F    
   \              0x00         
   \        0xB   0x00               DC8 0

   \                                 In section .rodata, align 4
   \                     ?_1:
   \        0x0   0x42 0x69          DC8 "Binding"
   \              0x6E 0x64    
   \              0x69 0x6E    
   \              0x67 0x00    

   \                                 In section .rodata, align 4
   \                     ?_2:
   \        0x0   0x45 0x6E          DC8 "End Device Bind"
   \              0x64 0x20    
   \              0x44 0x65    
   \              0x76 0x69    
   \              0x63 0x65    
   \              0x20 0x42    
   \              0x69 0x6E    
   \              0x64 0x00    

   \                                 In section .rodata, align 4
   \                     ?_3:
   \        0x0   0x53 0x65          DC8 "Security Core"
   \              0x63 0x75    
   \              0x72 0x69    
   \              0x74 0x79    
   \              0x20 0x43    
   \              0x6F 0x72    
   \              0x65 0x00    
   \        0xE   0x00 0x00          DC8 0, 0

   \                                 In section .rodata, align 4
   \                     ?_4:
   \        0x0   0x53 0x65          DC8 "Security Link Keys"
   \              0x63 0x75    
   \              0x72 0x69    
   \              0x74 0x79    
   \              0x20 0x4C    
   \              0x69 0x6E    
   \              0x6B 0x20    
   \              0x4B 0x65    
   \              0x79 0x73    
   \              0x00         
   \       0x13   0x00               DC8 0

   \                                 In section .rodata, align 1
   \                     ?_5:
   \        0x0   0x00               DC8 ""

   \                                 In section .rodata, align 4
   \                     ?_6:
   \        0x0   0x43 0x42          DC8 "CBKE 163K1"
   \              0x4B 0x45    
   \              0x20 0x31    
   \              0x36 0x33    
   \              0x4B 0x31    
   \              0x00         
   \        0xB   0x00               DC8 0

   \                                 In section .rodata, align 4
   \                     ?_7:
   \        0x0   0x43 0x42          DC8 "CBKE DSA Sign"
   \              0x4B 0x45    
   \              0x20 0x44    
   \              0x53 0x41    
   \              0x20 0x53    
   \              0x69 0x67    
   \              0x6E 0x00    
   \        0xE   0x00 0x00          DC8 0, 0

   \                                 In section .rodata, align 4
   \                     ?_8:
   \        0x0   0x45 0x43          DC8 "ECC"
   \              0x43 0x00    

   \                                 In section .rodata, align 4
   \                     ?_9:
   \        0x0   0x43 0x42          DC8 "CBKE DSA Verify"
   \              0x4B 0x45    
   \              0x20 0x44    
   \              0x53 0x41    
   \              0x20 0x56    
   \              0x65 0x72    
   \              0x69 0x66    
   \              0x79 0x00    

   \                                 In section .rodata, align 4
   \                     ?_10:
   \        0x0   0x50 0x61          DC8 "Packet Validate"
   \              0x63 0x6B    
   \              0x65 0x74    
   \              0x20 0x56    
   \              0x61 0x6C    
   \              0x69 0x64    
   \              0x61 0x74    
   \              0x65 0x00    

   \                                 In section .rodata, align 4
   \                     ?_11:
   \        0x0   0x49 0x6E          DC8 "Install Code"
   \              0x73 0x74    
   \              0x61 0x6C    
   \              0x6C 0x20    
   \              0x43 0x6F    
   \              0x64 0x65    
   \              0x00         
   \        0xD   0x00 0x00          DC8 0, 0, 0
   \              0x00         

   \                                 In section .rodata, align 4
   \                     ?_12:
   \        0x0   0x5A 0x4C          DC8 "ZLL"
   \              0x4C 0x00    

   \                                 In section .rodata, align 4
   \                     ?_13:
   \        0x0   0x43 0x42          DC8 "CBKE 283K1"
   \              0x4B 0x45    
   \              0x20 0x32    
   \              0x38 0x33    
   \              0x4B 0x31    
   \              0x00         
   \        0xB   0x00               DC8 0

   \                                 In section .rodata, align 4
   \                     ?_14:
   \        0x0   0x45 0x43          DC8 "ECC 283K1"
   \              0x43 0x20    
   \              0x32 0x38    
   \              0x33 0x4B    
   \              0x31 0x00    
   \        0xA   0x00 0x00          DC8 0, 0

   \                                 In section .rodata, align 4
   \                     ?_15:
   \        0x0   0x43 0x42          DC8 "CBKE core"
   \              0x4B 0x45    
   \              0x20 0x63    
   \              0x6F 0x72    
   \              0x65 0x00    
   \        0xA   0x00 0x00          DC8 0, 0

   \                                 In section .rodata, align 4
   \                     ?_16:
   \        0x0   0x4E 0x43          DC8 "NCP"
   \              0x50 0x00    

   \                                 In section .rodata, align 4
   \                     ?_17:
   \        0x0   0x4D 0x75          DC8 "Multi network"
   \              0x6C 0x74    
   \              0x69 0x20    
   \              0x6E 0x65    
   \              0x74 0x77    
   \              0x6F 0x72    
   \              0x6B 0x00    
   \        0xE   0x00 0x00          DC8 0, 0

   \                                 In section .rodata, align 4
   \                     ?_18:
   \        0x0   0x45 0x6E          DC8 "Enhanced Beacon Req"
   \              0x68 0x61    
   \              0x6E 0x63    
   \              0x65 0x64    
   \              0x20 0x42    
   \              0x65 0x61    
   \              0x63 0x6F    
   \              0x6E 0x20    
   \              0x52 0x65    
   \              0x71 0x00    

   \                                 In section .rodata, align 4
   \                     ?_19:
   \        0x0   0x43 0x42          DC8 "CBKE 283K1 DSA Verify"
   \              0x4B 0x45    
   \              0x20 0x32    
   \              0x38 0x33    
   \              0x4B 0x31    
   \              0x20 0x44    
   \              0x53 0x41    
   \              0x20 0x56    
   \              0x65 0x72    
   \              0x69 0x66    
   \              0x79 0x00    
   \       0x16   0x00 0x00          DC8 0, 0

   \                                 In section .rodata, align 4
   \                     ?_20:
   \        0x0   0x45 0x72          DC8 "Error retrieving info for library ID %d"
   \              0x72 0x6F    
   \              0x72 0x20    
   \              0x72 0x65    
   \              0x74 0x72    
   \              0x69 0x65    
   \              0x76 0x69    
   \              0x6E 0x67    
   \              0x20 0x69    
   \              0x6E 0x66    
   \              0x6F 0x20    
   \              0x66 0x6F    
   \              0x72 0x20    
   \              0x6C 0x69    
   \              0x62 0x72    
   \              0x61 0x72    
   \              0x79 0x20    
   \              0x49 0x44    
   \              0x20 0x25    
   \              0x64 0x00    

   \                                 In section .rodata, align 4
   \                     ?_21:
   \        0x0   0x25 0x70          DC8 "%p library%p present"
   \              0x20 0x6C    
   \              0x69 0x62    
   \              0x72 0x61    
   \              0x72 0x79    
   \              0x25 0x70    
   \              0x20 0x70    
   \              0x72 0x65    
   \              0x73 0x65    
   \              0x6E 0x74    
   \              0x00         
   \       0x15   0x00 0x00          DC8 0, 0, 0
   \              0x00         

   \                                 In section .rodata, align 4
   \                     ?_22:
   \        0x0   0x20 0x4E          DC8 " NOT"
   \              0x4F 0x54    
   \              0x00         
   \        0x5   0x00 0x00          DC8 0, 0, 0
   \              0x00         

   \                                 In section .rodata, align 4
   \                     ?_23:
   \        0x0   0x20 0x20          DC8 "  Have Router Support"
   \              0x48 0x61    
   \              0x76 0x65    
   \              0x20 0x52    
   \              0x6F 0x75    
   \              0x74 0x65    
   \              0x72 0x20    
   \              0x53 0x75    
   \              0x70 0x70    
   \              0x6F 0x72    
   \              0x74 0x00    
   \       0x16   0x00 0x00          DC8 0, 0

   \                                 In section .rodata, align 4
   \                     ?_24:
   \        0x0   0x20 0x20          DC8 "  End Device Only"
   \              0x45 0x6E    
   \              0x64 0x20    
   \              0x44 0x65    
   \              0x76 0x69    
   \              0x63 0x65    
   \              0x20 0x4F    
   \              0x6E 0x6C    
   \              0x79 0x00    
   \       0x12   0x00 0x00          DC8 0, 0

   \                                 In section .rodata, align 4
   \                     ?_25:
   \        0x0   0x20 0x20          DC8 "  Enabled"
   \              0x45 0x6E    
   \              0x61 0x62    
   \              0x6C 0x65    
   \              0x64 0x00    
   \        0xA   0x00 0x00          DC8 0, 0

   \                                 In section .rodata, align 4
   \                     ?_26:
   \        0x0   0x20 0x20          DC8 "  Disabled"
   \              0x44 0x69    
   \              0x73 0x61    
   \              0x62 0x6C    
   \              0x65 0x64    
   \              0x00         
   \        0xB   0x00               DC8 0

   Maximum stack usage in bytes:

   .cstack Function
   ------- --------
       8   isLibraryPresent
         8   -> emberGetLibraryStatus
      40   printAllLibraryStatus
        40   -> emberGetLibraryStatus
        40   -> emberSerialPrintfLine
        40   -> emberSerialWaitSend


   Section sizes:

   Bytes  Function/Label
   -----  --------------
       4  ??DataTable0
       4  ??DataTable0_1
       4  ??DataTable0_2
       4  ??DataTable0_3
       4  ??DataTable0_4
       4  ??DataTable0_5
       4  ??DataTable0_6
       4  ??DataTable0_7
       4  ??DataTable0_8
       4  ??DataTable0_9
      12  ?_0
       8  ?_1
      16  ?_10
      16  ?_11
       4  ?_12
      12  ?_13
      12  ?_14
      12  ?_15
       4  ?_16
      16  ?_17
      20  ?_18
      24  ?_19
      16  ?_2
      40  ?_20
      24  ?_21
       8  ?_22
      24  ?_23
      20  ?_24
      12  ?_25
      12  ?_26
      16  ?_3
      20  ?_4
       1  ?_5
      12  ?_6
      16  ?_7
       4  ?_8
      16  ?_9
      18  isLibraryPresent
      84  libraryNames
     130  printAllLibraryStatus

 
  84 bytes in section .data
 397 bytes in section .rodata
 188 bytes in section .text
 
 188 bytes of CODE  memory
 397 bytes of CONST memory
  84 bytes of DATA  memory

Errors: none
Warnings: none
