###############################################################################
#
# IAR ANSI C/C++ Compiler V8.32.2.178/W32 for ARM         14/Jun/2019  13:20:09
# Copyright 1999-2018 IAR Systems AB.
#
#    Cpu mode     =  
#    Endian       =  little
#    Source file  =  
#        C:\SiliconLabs\SimplicityStudio\v4\developer\sdks\gecko_sdk_suite\v2.6\protocol\zigbee\app\util\zigbee-framework\zigbee-device-library.c
#    Command line =  
#        -f C:\Users\alji\AppData\Local\Temp\EW82A2.tmp
#        (C:\SiliconLabs\SimplicityStudio\v4\developer\sdks\gecko_sdk_suite\v2.6\protocol\zigbee\app\util\zigbee-framework\zigbee-device-library.c
#        -D LOCAL_STORAGE_BTL -D CORTEXM3 -D CORTEXM3_EFR32 -D
#        CORTEXM3_EFR32_MICRO -D CORTEXM3_EFM32_MICRO -D
#        EFR32_SERIES2_CONFIG1_MICRO -D EFR32MG21 -D EFR32MG21A010F1024IM32 -D
#        "ATTRIBUTE_STORAGE_CONFIGURATION=\"z3_lite_timer_mg21_v660_endpoint_config.h\""
#        -D "CONFIGURATION_HEADER=\"app/framework/util/config.h\"" -D
#        "GENERATED_TOKEN_HEADER=\"z3_lite_timer_mg21_v660_tokens.h\"" -D
#        "PLATFORM_HEADER=\"platform/base/hal/micro/cortexm3/compiler/iar.h\""
#        -D "ZA_GENERATED_HEADER=\"z3_lite_timer_mg21_v660.h\"" -D
#        "__SOURCEFILE__=\"zigbee-device-library.c\"" -D PSSTORE_SIZE=0 -D
#        LONGTOKEN_SIZE=0 -D LOCKBITS_IN_MAINFLASH_SIZE=8192 -D HAL_CONFIG=1 -D
#        EMBER_AF_USE_HWCONF -D LED_BLINK_PERIOD_MS=1000 -D NO_LED=1 -D
#        "EMBER_AF_API_EMBER_TYPES=\"stack/include/ember-types.h\"" -D
#        "EMBER_AF_API_DEBUG_PRINT=\"app/framework/util/print.h\"" -D
#        "EMBER_AF_API_AF_HEADER=\"app/framework/include/af.h\"" -D
#        "EMBER_AF_API_AF_SECURITY_HEADER=\"app/framework/security/af-security.h\""
#        -D EMBER_STACK_ZIGBEE -D
#        "MBEDTLS_CONFIG_FILE=\"mbedtls-config-generated.h\"" -D USE_NVM3 -D
#        NVM3_DEFAULT_NVM_SIZE=NVM3_FLASH_PAGES*FLASH_PAGE_SIZE -D
#        EMLIB_USER_CONFIG -D HAL_BULBPWM_ENABLE=1 -D
#        HAL_BULBPWM_FREQUENCY=1000 -D
#        "APPLICATION_TOKEN_HEADER=\"znet-token.h\"" -D
#        "APPLICATION_MFG_TOKEN_HEADER=\"znet-mfg-token.h\"" -D
#        "MBEDTLS_DEVICE_ACCELERATION_CONFIG_FILE=\"configs/config-device-acceleration.h\""
#        -D
#        "MBEDTLS_DEVICE_ACCELERATION_CONFIG_APP_FILE=\"config-device-acceleration-app.h\""
#        -D NVM3_FLASH_PAGES=4 -D NVM3_DEFAULT_CACHE_SIZE=200 -D
#        NVM3_MAX_OBJECT_SIZE=254 -D NVM3_DEFAULT_REPACK_HEADROOM=0 -D
#        PHY_RAIL=1 -lC
#        C:\SiliconLabs\SimplicityStudio\v4\developer\sdks\gecko_sdk_suite\v2.5\z3_lite_timer_mg21_v660\build\lst
#        --diag_suppress Pa050 -o
#        C:\SiliconLabs\SimplicityStudio\v4\developer\sdks\gecko_sdk_suite\v2.5\z3_lite_timer_mg21_v660\build\obj
#        --no_unroll --no_clustering --debug --endian=little
#        --cpu=Cortex-M33.no_dsp --cmse --no_path_in_file_macros
#        --separate_cluster_for_initialized_variables -e --fpu=None
#        --dlib_config "C:\Program Files (x86)\IAR Systems\Embedded Workbench
#        8.2\arm\inc\c\DLib_Config_Normal.h" -I
#        C:\SiliconLabs\SimplicityStudio\v4\developer\sdks\gecko_sdk_suite\v2.6\protocol\zigbee\app\util\zigbee-framework\
#        -I
#        C:\SiliconLabs\SimplicityStudio\v4\developer\sdks\gecko_sdk_suite\v2.5\z3_lite_timer_mg21_v660\
#        -I
#        C:\SiliconLabs\SimplicityStudio\v4\developer\sdks\gecko_sdk_suite\v2.5\z3_lite_timer_mg21_v660\..\..\v2.6\
#        -I
#        C:\SiliconLabs\SimplicityStudio\v4\developer\sdks\gecko_sdk_suite\v2.5\z3_lite_timer_mg21_v660\..\..\v2.6\protocol\zigbee\app\framework\
#        -I
#        C:\SiliconLabs\SimplicityStudio\v4\developer\sdks\gecko_sdk_suite\v2.5\z3_lite_timer_mg21_v660\..\..\v2.6\protocol\zigbee\app\framework\..\..\
#        -I
#        C:\SiliconLabs\SimplicityStudio\v4\developer\sdks\gecko_sdk_suite\v2.5\z3_lite_timer_mg21_v660\..\..\v2.6\protocol\zigbee\app\framework\..\..\stack\
#        -I
#        C:\SiliconLabs\SimplicityStudio\v4\developer\sdks\gecko_sdk_suite\v2.5\z3_lite_timer_mg21_v660\..\..\v2.6\protocol\zigbee\app\framework\..\util\
#        -I
#        C:\SiliconLabs\SimplicityStudio\v4\developer\sdks\gecko_sdk_suite\v2.5\z3_lite_timer_mg21_v660\..\..\v2.6\protocol\zigbee\app\framework\include\
#        -I
#        C:\SiliconLabs\SimplicityStudio\v4\developer\sdks\gecko_sdk_suite\v2.5\z3_lite_timer_mg21_v660\..\..\v2.6\platform\base\hal\
#        -I
#        C:\SiliconLabs\SimplicityStudio\v4\developer\sdks\gecko_sdk_suite\v2.5\z3_lite_timer_mg21_v660\..\..\v2.6\platform\base\hal\plugin\
#        -I
#        C:\SiliconLabs\SimplicityStudio\v4\developer\sdks\gecko_sdk_suite\v2.5\z3_lite_timer_mg21_v660\..\..\v2.6\platform\base\hal\..\
#        -I
#        C:\SiliconLabs\SimplicityStudio\v4\developer\sdks\gecko_sdk_suite\v2.5\z3_lite_timer_mg21_v660\..\..\v2.6\platform\base\hal\micro\cortexm3\efm32\
#        -I
#        C:\SiliconLabs\SimplicityStudio\v4\developer\sdks\gecko_sdk_suite\v2.5\z3_lite_timer_mg21_v660\..\..\v2.6\platform\base\hal\micro\cortexm3\efm32\config\
#        -I
#        C:\SiliconLabs\SimplicityStudio\v4\developer\sdks\gecko_sdk_suite\v2.5\z3_lite_timer_mg21_v660\..\..\v2.6\platform\base\hal\micro\cortexm3\efm32\efr32\
#        -I
#        C:\SiliconLabs\SimplicityStudio\v4\developer\sdks\gecko_sdk_suite\v2.5\z3_lite_timer_mg21_v660\..\..\v2.6\platform\base\hal\..\..\CMSIS\Include\
#        -I
#        C:\SiliconLabs\SimplicityStudio\v4\developer\sdks\gecko_sdk_suite\v2.5\z3_lite_timer_mg21_v660\..\..\v2.6\platform\base\hal\..\..\Device\SiliconLabs\efr32mg21\Include\
#        -I
#        C:\SiliconLabs\SimplicityStudio\v4\developer\sdks\gecko_sdk_suite\v2.5\z3_lite_timer_mg21_v660\..\..\v2.6\platform\base\hal\..\..\emdrv\common\inc\
#        -I
#        C:\SiliconLabs\SimplicityStudio\v4\developer\sdks\gecko_sdk_suite\v2.5\z3_lite_timer_mg21_v660\..\..\v2.6\platform\base\hal\..\..\emdrv\config\
#        -I
#        C:\SiliconLabs\SimplicityStudio\v4\developer\sdks\gecko_sdk_suite\v2.5\z3_lite_timer_mg21_v660\..\..\v2.6\platform\base\hal\..\..\emdrv\dmadrv\inc\
#        -I
#        C:\SiliconLabs\SimplicityStudio\v4\developer\sdks\gecko_sdk_suite\v2.5\z3_lite_timer_mg21_v660\..\..\v2.6\platform\base\hal\..\..\emdrv\gpiointerrupt\inc\
#        -I
#        C:\SiliconLabs\SimplicityStudio\v4\developer\sdks\gecko_sdk_suite\v2.5\z3_lite_timer_mg21_v660\..\..\v2.6\platform\base\hal\..\..\emdrv\rtcdrv\inc\
#        -I
#        C:\SiliconLabs\SimplicityStudio\v4\developer\sdks\gecko_sdk_suite\v2.5\z3_lite_timer_mg21_v660\..\..\v2.6\platform\base\hal\..\..\emdrv\sleep\inc\
#        -I
#        C:\SiliconLabs\SimplicityStudio\v4\developer\sdks\gecko_sdk_suite\v2.5\z3_lite_timer_mg21_v660\..\..\v2.6\platform\base\hal\..\..\emdrv\spidrv\inc\
#        -I
#        C:\SiliconLabs\SimplicityStudio\v4\developer\sdks\gecko_sdk_suite\v2.5\z3_lite_timer_mg21_v660\..\..\v2.6\platform\base\hal\..\..\emdrv\tempdrv\inc\
#        -I
#        C:\SiliconLabs\SimplicityStudio\v4\developer\sdks\gecko_sdk_suite\v2.5\z3_lite_timer_mg21_v660\..\..\v2.6\platform\base\hal\..\..\emdrv\uartdrv\inc\
#        -I
#        C:\SiliconLabs\SimplicityStudio\v4\developer\sdks\gecko_sdk_suite\v2.5\z3_lite_timer_mg21_v660\..\..\v2.6\platform\base\hal\..\..\emdrv\ustimer\inc\
#        -I
#        C:\SiliconLabs\SimplicityStudio\v4\developer\sdks\gecko_sdk_suite\v2.5\z3_lite_timer_mg21_v660\..\..\v2.6\platform\base\hal\..\..\emlib\inc\
#        -I
#        C:\SiliconLabs\SimplicityStudio\v4\developer\sdks\gecko_sdk_suite\v2.5\z3_lite_timer_mg21_v660\..\..\v2.6\platform\base\hal\..\..\middleware\glib\
#        -I
#        C:\SiliconLabs\SimplicityStudio\v4\developer\sdks\gecko_sdk_suite\v2.5\z3_lite_timer_mg21_v660\..\..\v2.6\platform\base\hal\..\..\middleware\glib\glib\
#        -I
#        C:\SiliconLabs\SimplicityStudio\v4\developer\sdks\gecko_sdk_suite\v2.5\z3_lite_timer_mg21_v660\..\..\v2.6\platform\base\hal\..\..\radio\rail_lib\plugin\
#        -I
#        C:\SiliconLabs\SimplicityStudio\v4\developer\sdks\gecko_sdk_suite\v2.5\z3_lite_timer_mg21_v660\..\..\v2.6\platform\base\hal\..\..\radio\rail_lib\chip\efr32\rf\common\cortex\
#        -I
#        C:\SiliconLabs\SimplicityStudio\v4\developer\sdks\gecko_sdk_suite\v2.5\z3_lite_timer_mg21_v660\..\..\v2.6\platform\base\hal\..\..\radio\rail_lib\chip\efr32\rf\rfprotocol\ieee802154\cortex\
#        -I
#        C:\SiliconLabs\SimplicityStudio\v4\developer\sdks\gecko_sdk_suite\v2.5\z3_lite_timer_mg21_v660\..\..\v2.6\platform\halconfig\inc\hal-config\
#        -I
#        C:\SiliconLabs\SimplicityStudio\v4\developer\sdks\gecko_sdk_suite\v2.5\z3_lite_timer_mg21_v660\..\..\v2.6\hardware\module\config\
#        -I
#        C:\SiliconLabs\SimplicityStudio\v4\developer\sdks\gecko_sdk_suite\v2.5\z3_lite_timer_mg21_v660\..\..\v2.6\hardware\kit\common\halconfig\
#        -I
#        C:\SiliconLabs\SimplicityStudio\v4\developer\sdks\gecko_sdk_suite\v2.5\z3_lite_timer_mg21_v660\..\..\v2.6\hardware\kit\common\bsp\
#        -I
#        C:\SiliconLabs\SimplicityStudio\v4\developer\sdks\gecko_sdk_suite\v2.5\z3_lite_timer_mg21_v660\hal-config\
#        -I
#        C:\SiliconLabs\SimplicityStudio\v4\developer\sdks\gecko_sdk_suite\v2.5\z3_lite_timer_mg21_v660\..\..\v2.6\platform\bootloader\
#        -I
#        C:\SiliconLabs\SimplicityStudio\v4\developer\sdks\gecko_sdk_suite\v2.5\z3_lite_timer_mg21_v660\..\..\v2.6\platform\emdrv\nvm3\inc\
#        -I
#        C:\SiliconLabs\SimplicityStudio\v4\developer\sdks\gecko_sdk_suite\v2.5\z3_lite_timer_mg21_v660\..\..\v2.6\platform\radio\rail_lib\chip\efr32\efr32xg2x\
#        -I
#        C:\SiliconLabs\SimplicityStudio\v4\developer\sdks\gecko_sdk_suite\v2.5\z3_lite_timer_mg21_v660\..\..\v2.6\platform\radio\rail_lib\common\
#        -I
#        C:\SiliconLabs\SimplicityStudio\v4\developer\sdks\gecko_sdk_suite\v2.5\z3_lite_timer_mg21_v660\..\..\v2.6\platform\radio\rail_lib\plugin\coexistence\common\
#        -I
#        C:\SiliconLabs\SimplicityStudio\v4\developer\sdks\gecko_sdk_suite\v2.5\z3_lite_timer_mg21_v660\..\..\v2.6\platform\radio\rail_lib\plugin\coexistence\hal\efr32\
#        -I
#        C:\SiliconLabs\SimplicityStudio\v4\developer\sdks\gecko_sdk_suite\v2.5\z3_lite_timer_mg21_v660\..\..\v2.6\platform\radio\rail_lib\plugin\coexistence\protocol\ieee802154\
#        -I
#        C:\SiliconLabs\SimplicityStudio\v4\developer\sdks\gecko_sdk_suite\v2.5\z3_lite_timer_mg21_v660\..\..\v2.6\platform\radio\rail_lib\protocol\ble\
#        -I
#        C:\SiliconLabs\SimplicityStudio\v4\developer\sdks\gecko_sdk_suite\v2.5\z3_lite_timer_mg21_v660\..\..\v2.6\platform\radio\rail_lib\protocol\ieee802154\
#        -I
#        C:\SiliconLabs\SimplicityStudio\v4\developer\sdks\gecko_sdk_suite\v2.5\z3_lite_timer_mg21_v660\..\..\v2.6\platform\radio\rail_lib\protocol\zwave\
#        -I
#        C:\SiliconLabs\SimplicityStudio\v4\developer\sdks\gecko_sdk_suite\v2.5\z3_lite_timer_mg21_v660\..\..\v2.6\util\plugin\plugin-common\mbedtls\
#        -I
#        C:\SiliconLabs\SimplicityStudio\v4\developer\sdks\gecko_sdk_suite\v2.5\z3_lite_timer_mg21_v660\..\..\v2.6\util\third_party\mbedtls\
#        -I
#        C:\SiliconLabs\SimplicityStudio\v4\developer\sdks\gecko_sdk_suite\v2.5\z3_lite_timer_mg21_v660\..\..\v2.6\util\third_party\mbedtls\include\
#        -I
#        C:\SiliconLabs\SimplicityStudio\v4\developer\sdks\gecko_sdk_suite\v2.5\z3_lite_timer_mg21_v660\..\..\v2.6\util\third_party\mbedtls\include\mbedtls\
#        -I
#        C:\SiliconLabs\SimplicityStudio\v4\developer\sdks\gecko_sdk_suite\v2.5\z3_lite_timer_mg21_v660\..\..\v2.6\util\third_party\mbedtls\sl_crypto\include\
#        -Ohz --use_c++_inline)
#    Locale       =  C
#    List file    =  
#        C:\SiliconLabs\SimplicityStudio\v4\developer\sdks\gecko_sdk_suite\v2.5\z3_lite_timer_mg21_v660\build\lst\zigbee-device-library.lst
#    Object file  =  
#        C:\SiliconLabs\SimplicityStudio\v4\developer\sdks\gecko_sdk_suite\v2.5\z3_lite_timer_mg21_v660\build\obj\zigbee-device-library.o
#
###############################################################################

C:\SiliconLabs\SimplicityStudio\v4\developer\sdks\gecko_sdk_suite\v2.6\protocol\zigbee\app\util\zigbee-framework\zigbee-device-library.c
      1          /***************************************************************************//**
      2           * @file
      3           * @brief ZigBee Device Object (ZDO) functions not provided by the stack.
      4           *******************************************************************************
      5           * # License
      6           * <b>Copyright 2018 Silicon Laboratories Inc. www.silabs.com</b>
      7           *******************************************************************************
      8           *
      9           * The licensor of this software is Silicon Laboratories Inc. Your use of this
     10           * software is governed by the terms of Silicon Labs Master Software License
     11           * Agreement (MSLA) available at
     12           * www.silabs.com/about-us/legal/master-software-license-agreement. This
     13           * software is distributed to you in Source Code format and is governed by the
     14           * sections of the MSLA applicable to Source Code.
     15           *
     16           ******************************************************************************/
     17          
     18          #include PLATFORM_HEADER
     19          #include "stack/include/ember.h"
     20          #include "hal/hal.h"
     21          #include "zigbee-device-common.h"
     22          #include "zigbee-device-library.h"
     23          
     24          static EmberStatus sendZigDevRequestBuffer(EmberNodeId destination,
     25                                                     uint16_t clusterId,
     26                                                     EmberApsOption options,
     27                                                     EmberMessageBuffer request);
     28          

   \                                 In section .text, align 2, keep-with-next
     29          EmberStatus emberMatchDescriptorsRequest(EmberNodeId target,
     30                                                   uint16_t profile,
     31                                                   EmberMessageBuffer inClusters,
     32                                                   EmberMessageBuffer outClusters,
     33                                                   EmberApsOption options)
     34          {
   \                     emberMatchDescriptorsRequest: (+1)
   \        0x0   0xE92D 0x4FFE      PUSH     {R1-R11,LR}
   \        0x4   0x460D             MOV      R5,R1
     35            uint8_t inCount = (inClusters == EMBER_NULL_MESSAGE_BUFFER
     36                               ? 0
     37                               : emberMessageBufferLength(inClusters)
     38                               / 2); // Clusters are 2 bytes long
   \        0x6   0x....             LDR.N    R1,??DataTable3
   \        0x8   0x2AFF             CMP      R2,#+255
   \        0xA   0x6809             LDR      R1,[R1, #+0]
   \        0xC   0x469A             MOV      R10,R3
   \        0xE   0xBF0E             ITEE     EQ 
   \       0x10   0x2400             MOVEQ    R4,#+0
   \       0x12   0x5C8C             LDRBNE   R4,[R1, R2]
   \       0x14   0x0864             LSRNE    R4,R4,#+1
     39            uint8_t outCount = (outClusters == EMBER_NULL_MESSAGE_BUFFER
     40                                ? 0
     41                                : emberMessageBufferLength(outClusters)
     42                                / 2); // Clusters are 2 bytes long
   \       0x16   0xF1BA 0x0FFF      CMP      R10,#+255
   \       0x1A   0x4693             MOV      R11,R2
   \       0x1C   0x4680             MOV      R8,R0
   \       0x1E   0xBF0E             ITEE     EQ 
   \       0x20   0x2600             MOVEQ    R6,#+0
   \       0x22   0xF811 0x600A      LDRBNE   R6,[R1, R10]
   \       0x26   0x0876             LSRNE    R6,R6,#+1
     43            EmberMessageBuffer request;
     44            uint8_t offset = ZDO_MESSAGE_OVERHEAD + 5;
     45            uint8_t contents[ZDO_MESSAGE_OVERHEAD + 5];  // Add 2 bytes for NWK Address
     46                                                         // Add 2 bytes for Profile Id
     47                                                         // Add 1 byte for in Cluster Count
     48          
     49            EmberStatus result;
     50            uint8_t i;
     51          
     52            contents[0] = emberNextZigDevRequestSequence();
   \       0x28   0x....'....        BL       emberNextZigDevRequestSequence
   \       0x2C   0xF88D 0x0000      STRB     R0,[SP, #+0]
     53            contents[1] = LOW_BYTE(target);
     54            contents[2] = HIGH_BYTE(target);
     55            contents[3] = LOW_BYTE(profile);
     56            contents[4] = HIGH_BYTE(profile);
   \       0x30   0x0A28             LSRS     R0,R5,#+8
   \       0x32   0xEA4F 0x2218      LSR      R2,R8,#+8
   \       0x36   0xF88D 0x0004      STRB     R0,[SP, #+4]
   \       0x3A   0xF88D 0x8001      STRB     R8,[SP, #+1]
   \       0x3E   0xF88D 0x2002      STRB     R2,[SP, #+2]
   \       0x42   0xF88D 0x5003      STRB     R5,[SP, #+3]
     57            contents[5] = inCount;
   \       0x46   0xF88D 0x4005      STRB     R4,[SP, #+5]
     58          
     59            request = emberFillLinkedBuffers(contents, offset);
   \       0x4A   0x2106             MOVS     R1,#+6
   \       0x4C   0x4668             MOV      R0,SP
   \       0x4E   0x....'....        BL       emberFillLinkedBuffers
   \       0x52   0x4681             MOV      R9,R0
     60            if (request == EMBER_NULL_MESSAGE_BUFFER) {
   \       0x54   0x28FF             CMP      R0,#+255
   \       0x56   0xD006             BEQ.N    ??emberMatchDescriptorsRequest_0
     61              return EMBER_NO_BUFFERS;
     62            }
     63          
     64            if (emberSetLinkedBuffersLength(request,
     65                                            offset
     66                                            + (inCount * 2) // Times 2 for 2 byte Clusters
     67                                            + 1             // Out Cluster Count
     68                                            + (outCount * 2)) // Times 2 for 2 byte Clusters
     69                != EMBER_SUCCESS) {
   \       0x58   0x1931             ADDS     R1,R6,R4
   \       0x5A   0x0049             LSLS     R1,R1,#+1
   \       0x5C   0x1DC9             ADDS     R1,R1,#+7
   \       0x5E   0xB2C9             UXTB     R1,R1
   \       0x60   0x....'....        BL       emberSetLinkedBuffersLength
   \       0x64   0xB108             CBZ.N    R0,??emberMatchDescriptorsRequest_1
     70              return EMBER_NO_BUFFERS;
   \                     ??emberMatchDescriptorsRequest_0: (+1)
   \       0x66   0x2018             MOVS     R0,#+24
   \       0x68   0xE04F             B.N      ??emberMatchDescriptorsRequest_2
     71            }
     72            for (i = 0; i < inCount; i++) {
   \                     ??emberMatchDescriptorsRequest_1: (+1)
   \       0x6A   0x2500             MOVS     R5,#+0
   \       0x6C   0xE017             B.N      ??emberMatchDescriptorsRequest_3
     73              emberSetLinkedBuffersByte(request,
     74                                        (i * 2) + offset,
     75                                        emberGetLinkedBuffersByte(inClusters, (i * 2)));
   \                     ??emberMatchDescriptorsRequest_4: (+1)
   \       0x6E   0x0069             LSLS     R1,R5,#+1
   \       0x70   0xB2C9             UXTB     R1,R1
   \       0x72   0x4658             MOV      R0,R11
   \       0x74   0x....'....        BL       emberGetLinkedBuffersByte
   \       0x78   0x006F             LSLS     R7,R5,#+1
   \       0x7A   0x4602             MOV      R2,R0
   \       0x7C   0x1DB8             ADDS     R0,R7,#+6
   \       0x7E   0xB2C1             UXTB     R1,R0
   \       0x80   0x4648             MOV      R0,R9
   \       0x82   0x....'....        BL       emberSetLinkedBuffersByte
     76              emberSetLinkedBuffersByte(request,
     77                                        (i * 2) + offset + 1,
     78                                        emberGetLinkedBuffersByte(inClusters,
     79                                                                  (i * 2) + 1));
   \       0x86   0x1C79             ADDS     R1,R7,#+1
   \       0x88   0xB2C9             UXTB     R1,R1
   \       0x8A   0x4658             MOV      R0,R11
   \       0x8C   0x....'....        BL       emberGetLinkedBuffersByte
   \       0x90   0x4602             MOV      R2,R0
   \       0x92   0x1DFF             ADDS     R7,R7,#+7
   \       0x94   0xB2F9             UXTB     R1,R7
   \       0x96   0x4648             MOV      R0,R9
   \       0x98   0x....'....        BL       emberSetLinkedBuffersByte
     80            }
   \       0x9C   0x1C6D             ADDS     R5,R5,#+1
   \                     ??emberMatchDescriptorsRequest_3: (+1)
   \       0x9E   0x42A5             CMP      R5,R4
   \       0xA0   0xDBE5             BLT.N    ??emberMatchDescriptorsRequest_4
     81            offset += (inCount * 2);
   \       0xA2   0x0064             LSLS     R4,R4,#+1
   \       0xA4   0x46CB             MOV      R11,R9
   \       0xA6   0x1DA4             ADDS     R4,R4,#+6
     82            emberSetLinkedBuffersByte(request, offset, outCount);
   \       0xA8   0x4632             MOV      R2,R6
   \       0xAA   0xB2E1             UXTB     R1,R4
   \       0xAC   0x1C64             ADDS     R4,R4,#+1
   \       0xAE   0x4658             MOV      R0,R11
   \       0xB0   0xFA5F 0xF984      UXTB     R9,R4
   \       0xB4   0x....'....        BL       emberSetLinkedBuffersByte
     83            offset++;
     84            for (i = 0; i < outCount; i++) {
   \       0xB8   0x2400             MOVS     R4,#+0
   \       0xBA   0xE019             B.N      ??emberMatchDescriptorsRequest_5
     85              emberSetLinkedBuffersByte(request,
     86                                        (i * 2) + offset,
     87                                        emberGetLinkedBuffersByte(outClusters, (i * 2)));
   \                     ??emberMatchDescriptorsRequest_6: (+1)
   \       0xBC   0x0065             LSLS     R5,R4,#+1
   \       0xBE   0xB2E9             UXTB     R1,R5
   \       0xC0   0x4650             MOV      R0,R10
   \       0xC2   0x....'....        BL       emberGetLinkedBuffersByte
   \       0xC6   0x0067             LSLS     R7,R4,#+1
   \       0xC8   0x4602             MOV      R2,R0
   \       0xCA   0xEB09 0x0007      ADD      R0,R9,R7
   \       0xCE   0xB2C1             UXTB     R1,R0
   \       0xD0   0x4658             MOV      R0,R11
   \       0xD2   0x....'....        BL       emberSetLinkedBuffersByte
     88              emberSetLinkedBuffersByte(request,
     89                                        (i * 2) + offset + 1,
     90                                        emberGetLinkedBuffersByte(outClusters,
     91                                                                  (i * 2) + 1));
   \       0xD6   0x1C7F             ADDS     R7,R7,#+1
   \       0xD8   0xB2F9             UXTB     R1,R7
   \       0xDA   0x4650             MOV      R0,R10
   \       0xDC   0x....'....        BL       emberGetLinkedBuffersByte
   \       0xE0   0x444D             ADD      R5,R5,R9
   \       0xE2   0x4602             MOV      R2,R0
   \       0xE4   0x1C6D             ADDS     R5,R5,#+1
   \       0xE6   0xB2E9             UXTB     R1,R5
   \       0xE8   0x4658             MOV      R0,R11
   \       0xEA   0x....'....        BL       emberSetLinkedBuffersByte
     92            }
   \       0xEE   0x1C64             ADDS     R4,R4,#+1
   \                     ??emberMatchDescriptorsRequest_5: (+1)
   \       0xF0   0x42B4             CMP      R4,R6
   \       0xF2   0xDBE3             BLT.N    ??emberMatchDescriptorsRequest_6
   \       0xF4   0x9A0C             LDR      R2,[SP, #+48]
     93          
     94            result = sendZigDevRequestBuffer(target,
     95                                             MATCH_DESCRIPTORS_REQUEST,
     96                                             options,
     97                                             request);
   \       0xF6   0x465B             MOV      R3,R11
   \       0xF8   0x2106             MOVS     R1,#+6
   \       0xFA   0x4640             MOV      R0,R8
   \       0xFC   0x....'....        BL       sendZigDevRequestBuffer
   \      0x100   0x4604             MOV      R4,R0
     98            emberReleaseMessageBuffer(request);
   \      0x102   0x4658             MOV      R0,R11
   \      0x104   0x....'....        BL       emReleaseMessageBuffer
     99            return result;
   \      0x108   0x4620             MOV      R0,R4
   \                     ??emberMatchDescriptorsRequest_2: (+1)
   \      0x10A   0xE8BD 0x8FFE      POP      {R1-R11,PC}      ;; return
    100          }
    101          

   \                                 In section .text, align 2, keep-with-next
    102          EmberStatus emberEndDeviceBindRequest(uint8_t endpoint,
    103                                                EmberApsOption options)
    104          {
   \                     emberEndDeviceBindRequest: (+1)
   \        0x0   0xE92D 0x41F8      PUSH     {R3-R8,LR}
   \        0x4   0xB087             SUB      SP,SP,#+28
   \        0x6   0x460D             MOV      R5,R1
   \        0x8   0x4604             MOV      R4,R0
    105            EmberMessageBuffer request;
    106            EmberStatus result;
    107            uint8_t contents[ZDO_MESSAGE_OVERHEAD + 14];
    108            EmberEndpointDescription descriptor;
    109            uint8_t i;
    110          
    111            if (!emberGetEndpointDescription(endpoint, &descriptor)) {
   \        0xA   0xA901             ADD      R1,SP,#+4
   \        0xC   0x....'....        BL       emberGetEndpointDescription
   \       0x10   0xB908             CBNZ.N   R0,??emberEndDeviceBindRequest_0
    112              return EMBER_INVALID_ENDPOINT;
   \       0x12   0x20A3             MOVS     R0,#+163
   \       0x14   0xE05B             B.N      ??emberEndDeviceBindRequest_1
    113            }
    114          
    115            contents[0]  = emberNextZigDevRequestSequence();
   \                     ??emberEndDeviceBindRequest_0: (+1)
   \       0x16   0x....'....        BL       emberNextZigDevRequestSequence
   \       0x1A   0xF88D 0x000C      STRB     R0,[SP, #+12]
    116            contents[1]  = LOW_BYTE(emberGetNodeId());
   \       0x1E   0x....'....        BL       emberGetNodeId
   \       0x22   0xF88D 0x000D      STRB     R0,[SP, #+13]
    117            contents[2]  = HIGH_BYTE(emberGetNodeId());
   \       0x26   0x....'....        BL       emberGetNodeId
   \       0x2A   0x0A00             LSRS     R0,R0,#+8
   \       0x2C   0xF88D 0x000E      STRB     R0,[SP, #+14]
    118            MEMMOVE(contents + 3, emberGetEui64(), 8);
   \       0x30   0x2208             MOVS     R2,#+8
   \       0x32   0x....             LDR.N    R1,??DataTable3_1
   \       0x34   0xF10D 0x000F      ADD      R0,SP,#+15
   \       0x38   0x....'....        BL       halCommonMemMove
    119            contents[11] = endpoint;
    120            contents[12] = LOW_BYTE(descriptor.profileId);
   \       0x3C   0xF8BD 0x0004      LDRH     R0,[SP, #+4]
   \       0x40   0xF88D 0x4017      STRB     R4,[SP, #+23]
    121            contents[13] = HIGH_BYTE(descriptor.profileId);
    122            contents[14] = descriptor.inputClusterCount;
    123          
    124            request = emberFillLinkedBuffers(contents, sizeof(contents));
   \       0x44   0x210F             MOVS     R1,#+15
   \       0x46   0xF88D 0x0018      STRB     R0,[SP, #+24]
   \       0x4A   0x0A00             LSRS     R0,R0,#+8
   \       0x4C   0xF88D 0x0019      STRB     R0,[SP, #+25]
   \       0x50   0xF89D 0x0009      LDRB     R0,[SP, #+9]
   \       0x54   0xF88D 0x001A      STRB     R0,[SP, #+26]
   \       0x58   0xA803             ADD      R0,SP,#+12
   \       0x5A   0x....'....        BL       emberFillLinkedBuffers
    125            if (request == EMBER_NULL_MESSAGE_BUFFER) {
   \       0x5E   0x28FF             CMP      R0,#+255
   \       0x60   0x4680             MOV      R8,R0
   \       0x62   0xBF08             IT       EQ 
   \       0x64   0x2018             MOVEQ    R0,#+24
    126              return EMBER_NO_BUFFERS;
   \       0x66   0xD032             BEQ.N    ??emberEndDeviceBindRequest_1
    127            }
    128            for (i = 0; i < descriptor.inputClusterCount; i++) {
   \       0x68   0x2700             MOVS     R7,#+0
   \       0x6A   0xE009             B.N      ??emberEndDeviceBindRequest_2
    129              uint16_t clusterId = emberGetEndpointCluster(endpoint,
    130                                                           EMBER_INPUT_CLUSTER_LIST,
    131                                                           i);
   \                     ??emberEndDeviceBindRequest_3: (+1)
   \       0x6C   0xB2FA             UXTB     R2,R7
   \       0x6E   0x2100             MOVS     R1,#+0
   \       0x70   0x4620             MOV      R0,R4
   \       0x72   0x....'....        BL       emberGetEndpointCluster
   \       0x76   0x....'....        BL       ?Subroutine0
    132              uint8_t temp = LOW_BYTE(clusterId);
    133              emberAppendToLinkedBuffers(request,
    134                                         &temp,
    135                                         1);
    136              temp = HIGH_BYTE(clusterId);
   \                     ??CrossCallReturnLabel_1: (+1)
   \       0x7A   0x....'....        BL       ?Subroutine1
    137              emberAppendToLinkedBuffers(request,
    138                                         &temp,
    139                                         1);
    140            }
   \                     ??CrossCallReturnLabel_3: (+1)
   \       0x7E   0x1C7F             ADDS     R7,R7,#+1
   \                     ??emberEndDeviceBindRequest_2: (+1)
   \       0x80   0xF89D 0x1009      LDRB     R1,[SP, #+9]
   \       0x84   0xB2F8             UXTB     R0,R7
   \       0x86   0x4288             CMP      R0,R1
   \       0x88   0xD3F0             BCC.N    ??emberEndDeviceBindRequest_3
    141            emberAppendToLinkedBuffers(request,
    142                                       &descriptor.outputClusterCount,
    143                                       1);
   \       0x8A   0x2201             MOVS     R2,#+1
   \       0x8C   0xF10D 0x010A      ADD      R1,SP,#+10
   \       0x90   0x4640             MOV      R0,R8
   \       0x92   0x....'....        BL       emberAppendToLinkedBuffers
    144            for (i = 0; i < descriptor.outputClusterCount; i++) {
   \       0x96   0x2700             MOVS     R7,#+0
   \       0x98   0xE009             B.N      ??emberEndDeviceBindRequest_4
    145              uint16_t clusterId = emberGetEndpointCluster(endpoint,
    146                                                           EMBER_OUTPUT_CLUSTER_LIST,
    147                                                           i);
   \                     ??emberEndDeviceBindRequest_5: (+1)
   \       0x9A   0xB2FA             UXTB     R2,R7
   \       0x9C   0x2101             MOVS     R1,#+1
   \       0x9E   0x4620             MOV      R0,R4
   \       0xA0   0x....'....        BL       emberGetEndpointCluster
   \       0xA4   0x....'....        BL       ?Subroutine0
    148              uint8_t temp = LOW_BYTE(clusterId);
    149              emberAppendToLinkedBuffers(request,
    150                                         &temp,
    151                                         1);
    152              temp = HIGH_BYTE(clusterId);
   \                     ??CrossCallReturnLabel_0: (+1)
   \       0xA8   0x....'....        BL       ?Subroutine1
    153              emberAppendToLinkedBuffers(request,
    154                                         &temp,
    155                                         1);
    156            }
   \                     ??CrossCallReturnLabel_2: (+1)
   \       0xAC   0x1C7F             ADDS     R7,R7,#+1
   \                     ??emberEndDeviceBindRequest_4: (+1)
   \       0xAE   0xF89D 0x100A      LDRB     R1,[SP, #+10]
   \       0xB2   0xB2F8             UXTB     R0,R7
   \       0xB4   0x4288             CMP      R0,R1
   \       0xB6   0xD3F0             BCC.N    ??emberEndDeviceBindRequest_5
    157            result = sendZigDevRequestBuffer(EMBER_ZIGBEE_COORDINATOR_ADDRESS,
    158                                             END_DEVICE_BIND_REQUEST,
    159                                             options,
    160                                             request);
   \       0xB8   0x4643             MOV      R3,R8
   \       0xBA   0x462A             MOV      R2,R5
   \       0xBC   0x2120             MOVS     R1,#+32
   \       0xBE   0x2000             MOVS     R0,#+0
   \       0xC0   0x....'....        BL       sendZigDevRequestBuffer
   \       0xC4   0x4604             MOV      R4,R0
    161          
    162            if (request != EMBER_NULL_MESSAGE_BUFFER) {
    163              emberReleaseMessageBuffer(request);
   \       0xC6   0x4640             MOV      R0,R8
   \       0xC8   0x....'....        BL       emReleaseMessageBuffer
    164            }
    165            return result;
   \       0xCC   0x4620             MOV      R0,R4
   \                     ??emberEndDeviceBindRequest_1: (+1)
   \       0xCE   0xB008             ADD      SP,SP,#+32
   \       0xD0   0xE8BD 0x81F0      POP      {R4-R8,PC}       ;; return
    166          }

   \                                 In section .text, align 2, keep-with-next
   \                     ?Subroutine1: (+1)
   \        0x0   0x0A36             LSRS     R6,R6,#+8
   \        0x2   0xF88D 0x6000      STRB     R6,[SP, #+0]
   \        0x6   0x2201             MOVS     R2,#+1
   \        0x8   0x4669             MOV      R1,SP
   \        0xA   0x4640             MOV      R0,R8
   \        0xC   0x....'....        B.W      emberAppendToLinkedBuffers

   \                                 In section .text, align 2, keep-with-next
   \                     ?Subroutine0: (+1)
   \        0x0   0x4606             MOV      R6,R0
   \        0x2   0xF88D 0x0000      STRB     R0,[SP, #+0]
   \        0x6   0x2201             MOVS     R2,#+1
   \        0x8   0x4669             MOV      R1,SP
   \        0xA   0x4640             MOV      R0,R8
   \        0xC   0x....'....        B.W      emberAppendToLinkedBuffers
    167          

   \                                 In section .text, align 2, keep-with-next
    168          EmberStatus emberSendZigDevRequest(EmberNodeId destination,
    169                                             uint16_t clusterId,
    170                                             EmberApsOption options,
    171                                             uint8_t *contents,
    172                                             uint8_t length)
    173          {
   \                     emberSendZigDevRequest: (+1)
   \        0x0   0xE92D 0x41F0      PUSH     {R4-R8,LR}
   \        0x4   0x4605             MOV      R5,R0
   \        0x6   0x460E             MOV      R6,R1
   \        0x8   0x4690             MOV      R8,R2
   \        0xA   0x461F             MOV      R7,R3
   \        0xC   0x9C06             LDR      R4,[SP, #+24]
    174            EmberMessageBuffer message;
    175            EmberStatus result;
    176          
    177            contents[0] = emberNextZigDevRequestSequence();
   \        0xE   0x....'....        BL       emberNextZigDevRequestSequence
   \       0x12   0x7038             STRB     R0,[R7, #+0]
    178          
    179            message = emberFillLinkedBuffers(contents, length);
   \       0x14   0x4621             MOV      R1,R4
   \       0x16   0x4638             MOV      R0,R7
   \       0x18   0x....'....        BL       emberFillLinkedBuffers
    180          
    181            if (message == EMBER_NULL_MESSAGE_BUFFER) {
   \       0x1C   0x28FF             CMP      R0,#+255
   \       0x1E   0x4604             MOV      R4,R0
   \       0x20   0xBF08             IT       EQ 
   \       0x22   0x2018             MOVEQ    R0,#+24
    182              return EMBER_NO_BUFFERS;
   \       0x24   0xD00A             BEQ.N    ??emberSendZigDevRequest_0
    183            } else {
    184              result = sendZigDevRequestBuffer(destination,
    185                                               clusterId,
    186                                               options,
    187                                               message);
   \       0x26   0x4623             MOV      R3,R4
   \       0x28   0x4642             MOV      R2,R8
   \       0x2A   0x4631             MOV      R1,R6
   \       0x2C   0x4628             MOV      R0,R5
   \       0x2E   0x....'....        BL       sendZigDevRequestBuffer
   \       0x32   0x4605             MOV      R5,R0
    188              emberReleaseMessageBuffer(message);
   \       0x34   0x4620             MOV      R0,R4
   \       0x36   0x....'....        BL       emReleaseMessageBuffer
    189              return result;
   \       0x3A   0x4628             MOV      R0,R5
   \                     ??emberSendZigDevRequest_0: (+1)
   \       0x3C   0xE8BD 0x81F0      POP      {R4-R8,PC}       ;; return
    190            }
    191          }
    192          

   \                                 In section .text, align 2, keep-with-next
    193          static EmberStatus sendZigDevRequestBuffer(EmberNodeId destination,
    194                                                     uint16_t clusterId,
    195                                                     EmberApsOption options,
    196                                                     EmberMessageBuffer request)
    197          {
   \                     sendZigDevRequestBuffer: (+1)
   \        0x0   0xB53E             PUSH     {R1-R5,LR}
    198            EmberApsFrame apsFrame;
    199          
    200            apsFrame.sourceEndpoint = EMBER_ZDO_ENDPOINT;
   \        0x2   0x2400             MOVS     R4,#+0
   \        0x4   0xF8AD 0x4004      STRH     R4,[SP, #+4]
    201            apsFrame.destinationEndpoint = EMBER_ZDO_ENDPOINT;
    202            apsFrame.clusterId = clusterId;
    203            apsFrame.profileId = EMBER_ZDO_PROFILE_ID;
   \        0x8   0xF8AD 0x4000      STRH     R4,[SP, #+0]
    204            apsFrame.options = options;
    205          
    206            if (destination == EMBER_BROADCAST_ADDRESS
    207                || destination == EMBER_RX_ON_WHEN_IDLE_BROADCAST_ADDRESS
    208                || destination == EMBER_SLEEPY_BROADCAST_ADDRESS) {
   \        0xC   0xF64F 0x74FC      MOVW     R4,#+65532
   \       0x10   0x42A0             CMP      R0,R4
   \       0x12   0xF8AD 0x1002      STRH     R1,[SP, #+2]
   \       0x16   0xF8AD 0x2006      STRH     R2,[SP, #+6]
   \       0x1A   0xBF1E             ITTT     NE 
   \       0x1C   0x4601             MOVNE    R1,R0
   \       0x1E   0xF64F 0x75FD      MOVWNE   R5,#+65533
   \       0x22   0x42A9             CMPNE    R1,R5
   \       0x24   0xBF1C             ITT      NE 
   \       0x26   0xF64F 0x74FF      MOVWNE   R4,#+65535
   \       0x2A   0x42A1             CMPNE    R1,R4
   \       0x2C   0xD105             BNE.N    ??sendZigDevRequestBuffer_0
    209              return emberSendBroadcast(destination,
    210                                        &apsFrame,
    211                                        emberGetZigDevRequestRadius(),
    212                                        request);
   \       0x2E   0x....             LDR.N    R5,??DataTable3_2
   \       0x30   0x782A             LDRB     R2,[R5, #+0]
   \       0x32   0x4669             MOV      R1,SP
   \       0x34   0x....'....        BL       emberSendBroadcast
   \       0x38   0xBD3E             POP      {R1-R5,PC}
    213            } else {
    214              return emberSendUnicast(EMBER_OUTGOING_DIRECT,
    215                                      destination,
    216                                      &apsFrame,
    217                                      request);
   \                     ??sendZigDevRequestBuffer_0: (+1)
   \       0x3A   0x466A             MOV      R2,SP
   \       0x3C   0x2000             MOVS     R0,#+0
   \       0x3E   0x....'....        BL       emberSendUnicast
   \       0x42   0xBD3E             POP      {R1-R5,PC}       ;; return
    218            }
    219          }
    220          

   \                                 In section .text, align 2, keep-with-next
    221          EmberNodeId emberDecodeAddressResponse(EmberMessageBuffer response,
    222                                                 EmberEUI64 eui64Return)
    223          {
   \                     emberDecodeAddressResponse: (+1)
   \        0x0   0xB57F             PUSH     {R0-R6,LR}
    224            uint8_t contents[11] = { 0 };
    225            if (emberMessageBufferLength(response) < ZDO_MESSAGE_OVERHEAD + 11) {
   \        0x2   0x....             LDR.N    R6,??DataTable3
   \        0x4   0x460C             MOV      R4,R1
   \        0x6   0xA901             ADD      R1,SP,#+4
   \        0x8   0x2200             MOVS     R2,#+0
   \        0xA   0x2300             MOVS     R3,#+0
   \        0xC   0x2500             MOVS     R5,#+0
   \        0xE   0xE881 0x002C      STM      R1,{R2,R3,R5}
   \       0x12   0x6831             LDR      R1,[R6, #+0]
   \       0x14   0xF64F 0x75FF      MOVW     R5,#+65535
   \       0x18   0x5C0A             LDRB     R2,[R1, R0]
   \       0x1A   0x2A0C             CMP      R2,#+12
   \       0x1C   0xDB17             BLT.N    ??emberDecodeAddressResponse_0
    226              return EMBER_NULL_NODE_ID;
    227            }
    228            emberCopyFromLinkedBuffers(response, ZDO_MESSAGE_OVERHEAD, contents, 11);
   \       0x1E   0x9300             STR      R3,[SP, #+0]
   \       0x20   0x4601             MOV      R1,R0
   \       0x22   0x230B             MOVS     R3,#+11
   \       0x24   0x2201             MOVS     R2,#+1
   \       0x26   0xA801             ADD      R0,SP,#+4
   \       0x28   0x....'....        BL       emReallyCopyToLinkedBuffers
    229            if (contents[0] == EMBER_ZDP_SUCCESS) {
   \       0x2C   0xF89D 0x0004      LDRB     R0,[SP, #+4]
   \       0x30   0xB968             CBNZ.N   R0,??emberDecodeAddressResponse_0
    230              MEMMOVE(eui64Return, contents + 1, EUI64_SIZE);
   \       0x32   0x2208             MOVS     R2,#+8
   \       0x34   0xF10D 0x0105      ADD      R1,SP,#+5
   \       0x38   0x4620             MOV      R0,R4
   \       0x3A   0x....'....        BL       halCommonMemMove
    231              return HIGH_LOW_TO_INT(contents[10], contents[9]);
   \       0x3E   0xF89D 0x100E      LDRB     R1,[SP, #+14]
   \       0x42   0xF89D 0x000D      LDRB     R0,[SP, #+13]
   \       0x46   0xEB00 0x2001      ADD      R0,R0,R1, LSL #+8
   \       0x4A   0xB280             UXTH     R0,R0
   \       0x4C   0xE000             B.N      ??emberDecodeAddressResponse_1
    232            } else {
    233              return EMBER_NULL_NODE_ID;
   \                     ??emberDecodeAddressResponse_0: (+1)
   \       0x4E   0x4628             MOV      R0,R5
   \                     ??emberDecodeAddressResponse_1: (+1)
   \       0x50   0xB004             ADD      SP,SP,#+16
   \       0x52   0xBD70             POP      {R4-R6,PC}       ;; return
    234            }
    235          }

   \                                 In section .text, align 4, keep-with-next
   \                     ??DataTable3:
   \        0x0   0x....'....        DC32     emMessageBufferLengths

   \                                 In section .text, align 4, keep-with-next
   \                     ??DataTable3_1:
   \        0x0   0x....'....        DC32     emLocalEui64

   \                                 In section .text, align 4, keep-with-next
   \                     ??DataTable3_2:
   \        0x0   0x....'....        DC32     zigDevRequestRadius

   \                                 In section .rodata, align 4
   \        0x0   0x00 0x00          DC8 0, 0, 0, 0, 0, 0, 0, 0, 0, 0, 0, 0
   \              0x00 0x00    
   \              0x00 0x00    
   \              0x00 0x00    
   \              0x00 0x00    
   \              0x00 0x00    

   Maximum stack usage in bytes:

   .cstack Function
   ------- --------
      32   emberDecodeAddressResponse
        32   -> emReallyCopyToLinkedBuffers
        32   -> halCommonMemMove
      56   emberEndDeviceBindRequest
        56   -> emReleaseMessageBuffer
        56   -> emberAppendToLinkedBuffers
        56   -> emberFillLinkedBuffers
        56   -> emberGetEndpointCluster
        56   -> emberGetEndpointDescription
        56   -> emberGetNodeId
        56   -> emberNextZigDevRequestSequence
        56   -> halCommonMemMove
        56   -> sendZigDevRequestBuffer
      48   emberMatchDescriptorsRequest
        48   -> emReleaseMessageBuffer
        48   -> emberFillLinkedBuffers
        48   -> emberGetLinkedBuffersByte
        48   -> emberNextZigDevRequestSequence
        48   -> emberSetLinkedBuffersByte
        48   -> emberSetLinkedBuffersLength
        48   -> sendZigDevRequestBuffer
      24   emberSendZigDevRequest
        24   -> emReleaseMessageBuffer
        24   -> emberFillLinkedBuffers
        24   -> emberNextZigDevRequestSequence
        24   -> sendZigDevRequestBuffer
      24   sendZigDevRequestBuffer
        24   -> emberSendBroadcast
        24   -> emberSendUnicast


   Section sizes:

   Bytes  Function/Label
   -----  --------------
       4  ??DataTable3
       4  ??DataTable3_1
       4  ??DataTable3_2
      16  ?Subroutine0
      16  ?Subroutine1
      12  ?_0
      84  emberDecodeAddressResponse
     212  emberEndDeviceBindRequest
     270  emberMatchDescriptorsRequest
      64  emberSendZigDevRequest
      68  sendZigDevRequestBuffer

 
  12 bytes in section .rodata
 742 bytes in section .text
 
 742 bytes of CODE  memory
  12 bytes of CONST memory

Errors: none
Warnings: none
