###############################################################################
#
# IAR ANSI C/C++ Compiler V8.32.2.178/W32 for ARM         14/Jun/2019  13:20:14
# Copyright 1999-2018 IAR Systems AB.
#
#    Cpu mode     =  
#    Endian       =  little
#    Source file  =  
#        C:\SiliconLabs\SimplicityStudio\v4\developer\sdks\gecko_sdk_suite\v2.6\protocol\zigbee\app\framework\plugin\zll-utility-server\zll-utility-server.c
#    Command line =  
#        -f C:\Users\alji\AppData\Local\Temp\EW979A.tmp
#        (C:\SiliconLabs\SimplicityStudio\v4\developer\sdks\gecko_sdk_suite\v2.6\protocol\zigbee\app\framework\plugin\zll-utility-server\zll-utility-server.c
#        -D LOCAL_STORAGE_BTL -D CORTEXM3 -D CORTEXM3_EFR32 -D
#        CORTEXM3_EFR32_MICRO -D CORTEXM3_EFM32_MICRO -D
#        EFR32_SERIES2_CONFIG1_MICRO -D EFR32MG21 -D EFR32MG21A010F1024IM32 -D
#        "ATTRIBUTE_STORAGE_CONFIGURATION=\"z3_lite_timer_mg21_v660_endpoint_config.h\""
#        -D "CONFIGURATION_HEADER=\"app/framework/util/config.h\"" -D
#        "GENERATED_TOKEN_HEADER=\"z3_lite_timer_mg21_v660_tokens.h\"" -D
#        "PLATFORM_HEADER=\"platform/base/hal/micro/cortexm3/compiler/iar.h\""
#        -D "ZA_GENERATED_HEADER=\"z3_lite_timer_mg21_v660.h\"" -D
#        "__SOURCEFILE__=\"zll-utility-server.c\"" -D PSSTORE_SIZE=0 -D
#        LONGTOKEN_SIZE=0 -D LOCKBITS_IN_MAINFLASH_SIZE=8192 -D HAL_CONFIG=1 -D
#        EMBER_AF_USE_HWCONF -D LED_BLINK_PERIOD_MS=1000 -D NO_LED=1 -D
#        "EMBER_AF_API_EMBER_TYPES=\"stack/include/ember-types.h\"" -D
#        "EMBER_AF_API_DEBUG_PRINT=\"app/framework/util/print.h\"" -D
#        "EMBER_AF_API_AF_HEADER=\"app/framework/include/af.h\"" -D
#        "EMBER_AF_API_AF_SECURITY_HEADER=\"app/framework/security/af-security.h\""
#        -D EMBER_STACK_ZIGBEE -D
#        "MBEDTLS_CONFIG_FILE=\"mbedtls-config-generated.h\"" -D USE_NVM3 -D
#        NVM3_DEFAULT_NVM_SIZE=NVM3_FLASH_PAGES*FLASH_PAGE_SIZE -D
#        EMLIB_USER_CONFIG -D HAL_BULBPWM_ENABLE=1 -D
#        HAL_BULBPWM_FREQUENCY=1000 -D
#        "APPLICATION_TOKEN_HEADER=\"znet-token.h\"" -D
#        "APPLICATION_MFG_TOKEN_HEADER=\"znet-mfg-token.h\"" -D
#        "MBEDTLS_DEVICE_ACCELERATION_CONFIG_FILE=\"configs/config-device-acceleration.h\""
#        -D
#        "MBEDTLS_DEVICE_ACCELERATION_CONFIG_APP_FILE=\"config-device-acceleration-app.h\""
#        -D NVM3_FLASH_PAGES=4 -D NVM3_DEFAULT_CACHE_SIZE=200 -D
#        NVM3_MAX_OBJECT_SIZE=254 -D NVM3_DEFAULT_REPACK_HEADROOM=0 -D
#        PHY_RAIL=1 -lC
#        C:\SiliconLabs\SimplicityStudio\v4\developer\sdks\gecko_sdk_suite\v2.5\z3_lite_timer_mg21_v660\build\lst
#        --diag_suppress Pa050 -o
#        C:\SiliconLabs\SimplicityStudio\v4\developer\sdks\gecko_sdk_suite\v2.5\z3_lite_timer_mg21_v660\build\obj
#        --no_unroll --no_clustering --debug --endian=little
#        --cpu=Cortex-M33.no_dsp --cmse --no_path_in_file_macros
#        --separate_cluster_for_initialized_variables -e --fpu=None
#        --dlib_config "C:\Program Files (x86)\IAR Systems\Embedded Workbench
#        8.2\arm\inc\c\DLib_Config_Normal.h" -I
#        C:\SiliconLabs\SimplicityStudio\v4\developer\sdks\gecko_sdk_suite\v2.6\protocol\zigbee\app\framework\plugin\zll-utility-server\
#        -I
#        C:\SiliconLabs\SimplicityStudio\v4\developer\sdks\gecko_sdk_suite\v2.5\z3_lite_timer_mg21_v660\
#        -I
#        C:\SiliconLabs\SimplicityStudio\v4\developer\sdks\gecko_sdk_suite\v2.5\z3_lite_timer_mg21_v660\..\..\v2.6\
#        -I
#        C:\SiliconLabs\SimplicityStudio\v4\developer\sdks\gecko_sdk_suite\v2.5\z3_lite_timer_mg21_v660\..\..\v2.6\protocol\zigbee\app\framework\
#        -I
#        C:\SiliconLabs\SimplicityStudio\v4\developer\sdks\gecko_sdk_suite\v2.5\z3_lite_timer_mg21_v660\..\..\v2.6\protocol\zigbee\app\framework\..\..\
#        -I
#        C:\SiliconLabs\SimplicityStudio\v4\developer\sdks\gecko_sdk_suite\v2.5\z3_lite_timer_mg21_v660\..\..\v2.6\protocol\zigbee\app\framework\..\..\stack\
#        -I
#        C:\SiliconLabs\SimplicityStudio\v4\developer\sdks\gecko_sdk_suite\v2.5\z3_lite_timer_mg21_v660\..\..\v2.6\protocol\zigbee\app\framework\..\util\
#        -I
#        C:\SiliconLabs\SimplicityStudio\v4\developer\sdks\gecko_sdk_suite\v2.5\z3_lite_timer_mg21_v660\..\..\v2.6\protocol\zigbee\app\framework\include\
#        -I
#        C:\SiliconLabs\SimplicityStudio\v4\developer\sdks\gecko_sdk_suite\v2.5\z3_lite_timer_mg21_v660\..\..\v2.6\platform\base\hal\
#        -I
#        C:\SiliconLabs\SimplicityStudio\v4\developer\sdks\gecko_sdk_suite\v2.5\z3_lite_timer_mg21_v660\..\..\v2.6\platform\base\hal\plugin\
#        -I
#        C:\SiliconLabs\SimplicityStudio\v4\developer\sdks\gecko_sdk_suite\v2.5\z3_lite_timer_mg21_v660\..\..\v2.6\platform\base\hal\..\
#        -I
#        C:\SiliconLabs\SimplicityStudio\v4\developer\sdks\gecko_sdk_suite\v2.5\z3_lite_timer_mg21_v660\..\..\v2.6\platform\base\hal\micro\cortexm3\efm32\
#        -I
#        C:\SiliconLabs\SimplicityStudio\v4\developer\sdks\gecko_sdk_suite\v2.5\z3_lite_timer_mg21_v660\..\..\v2.6\platform\base\hal\micro\cortexm3\efm32\config\
#        -I
#        C:\SiliconLabs\SimplicityStudio\v4\developer\sdks\gecko_sdk_suite\v2.5\z3_lite_timer_mg21_v660\..\..\v2.6\platform\base\hal\micro\cortexm3\efm32\efr32\
#        -I
#        C:\SiliconLabs\SimplicityStudio\v4\developer\sdks\gecko_sdk_suite\v2.5\z3_lite_timer_mg21_v660\..\..\v2.6\platform\base\hal\..\..\CMSIS\Include\
#        -I
#        C:\SiliconLabs\SimplicityStudio\v4\developer\sdks\gecko_sdk_suite\v2.5\z3_lite_timer_mg21_v660\..\..\v2.6\platform\base\hal\..\..\Device\SiliconLabs\efr32mg21\Include\
#        -I
#        C:\SiliconLabs\SimplicityStudio\v4\developer\sdks\gecko_sdk_suite\v2.5\z3_lite_timer_mg21_v660\..\..\v2.6\platform\base\hal\..\..\emdrv\common\inc\
#        -I
#        C:\SiliconLabs\SimplicityStudio\v4\developer\sdks\gecko_sdk_suite\v2.5\z3_lite_timer_mg21_v660\..\..\v2.6\platform\base\hal\..\..\emdrv\config\
#        -I
#        C:\SiliconLabs\SimplicityStudio\v4\developer\sdks\gecko_sdk_suite\v2.5\z3_lite_timer_mg21_v660\..\..\v2.6\platform\base\hal\..\..\emdrv\dmadrv\inc\
#        -I
#        C:\SiliconLabs\SimplicityStudio\v4\developer\sdks\gecko_sdk_suite\v2.5\z3_lite_timer_mg21_v660\..\..\v2.6\platform\base\hal\..\..\emdrv\gpiointerrupt\inc\
#        -I
#        C:\SiliconLabs\SimplicityStudio\v4\developer\sdks\gecko_sdk_suite\v2.5\z3_lite_timer_mg21_v660\..\..\v2.6\platform\base\hal\..\..\emdrv\rtcdrv\inc\
#        -I
#        C:\SiliconLabs\SimplicityStudio\v4\developer\sdks\gecko_sdk_suite\v2.5\z3_lite_timer_mg21_v660\..\..\v2.6\platform\base\hal\..\..\emdrv\sleep\inc\
#        -I
#        C:\SiliconLabs\SimplicityStudio\v4\developer\sdks\gecko_sdk_suite\v2.5\z3_lite_timer_mg21_v660\..\..\v2.6\platform\base\hal\..\..\emdrv\spidrv\inc\
#        -I
#        C:\SiliconLabs\SimplicityStudio\v4\developer\sdks\gecko_sdk_suite\v2.5\z3_lite_timer_mg21_v660\..\..\v2.6\platform\base\hal\..\..\emdrv\tempdrv\inc\
#        -I
#        C:\SiliconLabs\SimplicityStudio\v4\developer\sdks\gecko_sdk_suite\v2.5\z3_lite_timer_mg21_v660\..\..\v2.6\platform\base\hal\..\..\emdrv\uartdrv\inc\
#        -I
#        C:\SiliconLabs\SimplicityStudio\v4\developer\sdks\gecko_sdk_suite\v2.5\z3_lite_timer_mg21_v660\..\..\v2.6\platform\base\hal\..\..\emdrv\ustimer\inc\
#        -I
#        C:\SiliconLabs\SimplicityStudio\v4\developer\sdks\gecko_sdk_suite\v2.5\z3_lite_timer_mg21_v660\..\..\v2.6\platform\base\hal\..\..\emlib\inc\
#        -I
#        C:\SiliconLabs\SimplicityStudio\v4\developer\sdks\gecko_sdk_suite\v2.5\z3_lite_timer_mg21_v660\..\..\v2.6\platform\base\hal\..\..\middleware\glib\
#        -I
#        C:\SiliconLabs\SimplicityStudio\v4\developer\sdks\gecko_sdk_suite\v2.5\z3_lite_timer_mg21_v660\..\..\v2.6\platform\base\hal\..\..\middleware\glib\glib\
#        -I
#        C:\SiliconLabs\SimplicityStudio\v4\developer\sdks\gecko_sdk_suite\v2.5\z3_lite_timer_mg21_v660\..\..\v2.6\platform\base\hal\..\..\radio\rail_lib\plugin\
#        -I
#        C:\SiliconLabs\SimplicityStudio\v4\developer\sdks\gecko_sdk_suite\v2.5\z3_lite_timer_mg21_v660\..\..\v2.6\platform\base\hal\..\..\radio\rail_lib\chip\efr32\rf\common\cortex\
#        -I
#        C:\SiliconLabs\SimplicityStudio\v4\developer\sdks\gecko_sdk_suite\v2.5\z3_lite_timer_mg21_v660\..\..\v2.6\platform\base\hal\..\..\radio\rail_lib\chip\efr32\rf\rfprotocol\ieee802154\cortex\
#        -I
#        C:\SiliconLabs\SimplicityStudio\v4\developer\sdks\gecko_sdk_suite\v2.5\z3_lite_timer_mg21_v660\..\..\v2.6\platform\halconfig\inc\hal-config\
#        -I
#        C:\SiliconLabs\SimplicityStudio\v4\developer\sdks\gecko_sdk_suite\v2.5\z3_lite_timer_mg21_v660\..\..\v2.6\hardware\module\config\
#        -I
#        C:\SiliconLabs\SimplicityStudio\v4\developer\sdks\gecko_sdk_suite\v2.5\z3_lite_timer_mg21_v660\..\..\v2.6\hardware\kit\common\halconfig\
#        -I
#        C:\SiliconLabs\SimplicityStudio\v4\developer\sdks\gecko_sdk_suite\v2.5\z3_lite_timer_mg21_v660\..\..\v2.6\hardware\kit\common\bsp\
#        -I
#        C:\SiliconLabs\SimplicityStudio\v4\developer\sdks\gecko_sdk_suite\v2.5\z3_lite_timer_mg21_v660\hal-config\
#        -I
#        C:\SiliconLabs\SimplicityStudio\v4\developer\sdks\gecko_sdk_suite\v2.5\z3_lite_timer_mg21_v660\..\..\v2.6\platform\bootloader\
#        -I
#        C:\SiliconLabs\SimplicityStudio\v4\developer\sdks\gecko_sdk_suite\v2.5\z3_lite_timer_mg21_v660\..\..\v2.6\platform\emdrv\nvm3\inc\
#        -I
#        C:\SiliconLabs\SimplicityStudio\v4\developer\sdks\gecko_sdk_suite\v2.5\z3_lite_timer_mg21_v660\..\..\v2.6\platform\radio\rail_lib\chip\efr32\efr32xg2x\
#        -I
#        C:\SiliconLabs\SimplicityStudio\v4\developer\sdks\gecko_sdk_suite\v2.5\z3_lite_timer_mg21_v660\..\..\v2.6\platform\radio\rail_lib\common\
#        -I
#        C:\SiliconLabs\SimplicityStudio\v4\developer\sdks\gecko_sdk_suite\v2.5\z3_lite_timer_mg21_v660\..\..\v2.6\platform\radio\rail_lib\plugin\coexistence\common\
#        -I
#        C:\SiliconLabs\SimplicityStudio\v4\developer\sdks\gecko_sdk_suite\v2.5\z3_lite_timer_mg21_v660\..\..\v2.6\platform\radio\rail_lib\plugin\coexistence\hal\efr32\
#        -I
#        C:\SiliconLabs\SimplicityStudio\v4\developer\sdks\gecko_sdk_suite\v2.5\z3_lite_timer_mg21_v660\..\..\v2.6\platform\radio\rail_lib\plugin\coexistence\protocol\ieee802154\
#        -I
#        C:\SiliconLabs\SimplicityStudio\v4\developer\sdks\gecko_sdk_suite\v2.5\z3_lite_timer_mg21_v660\..\..\v2.6\platform\radio\rail_lib\protocol\ble\
#        -I
#        C:\SiliconLabs\SimplicityStudio\v4\developer\sdks\gecko_sdk_suite\v2.5\z3_lite_timer_mg21_v660\..\..\v2.6\platform\radio\rail_lib\protocol\ieee802154\
#        -I
#        C:\SiliconLabs\SimplicityStudio\v4\developer\sdks\gecko_sdk_suite\v2.5\z3_lite_timer_mg21_v660\..\..\v2.6\platform\radio\rail_lib\protocol\zwave\
#        -I
#        C:\SiliconLabs\SimplicityStudio\v4\developer\sdks\gecko_sdk_suite\v2.5\z3_lite_timer_mg21_v660\..\..\v2.6\util\plugin\plugin-common\mbedtls\
#        -I
#        C:\SiliconLabs\SimplicityStudio\v4\developer\sdks\gecko_sdk_suite\v2.5\z3_lite_timer_mg21_v660\..\..\v2.6\util\third_party\mbedtls\
#        -I
#        C:\SiliconLabs\SimplicityStudio\v4\developer\sdks\gecko_sdk_suite\v2.5\z3_lite_timer_mg21_v660\..\..\v2.6\util\third_party\mbedtls\include\
#        -I
#        C:\SiliconLabs\SimplicityStudio\v4\developer\sdks\gecko_sdk_suite\v2.5\z3_lite_timer_mg21_v660\..\..\v2.6\util\third_party\mbedtls\include\mbedtls\
#        -I
#        C:\SiliconLabs\SimplicityStudio\v4\developer\sdks\gecko_sdk_suite\v2.5\z3_lite_timer_mg21_v660\..\..\v2.6\util\third_party\mbedtls\sl_crypto\include\
#        -Ohz --use_c++_inline)
#    Locale       =  C
#    List file    =  
#        C:\SiliconLabs\SimplicityStudio\v4\developer\sdks\gecko_sdk_suite\v2.5\z3_lite_timer_mg21_v660\build\lst\zll-utility-server.lst
#    Object file  =  
#        C:\SiliconLabs\SimplicityStudio\v4\developer\sdks\gecko_sdk_suite\v2.5\z3_lite_timer_mg21_v660\build\obj\zll-utility-server.o
#
###############################################################################

C:\SiliconLabs\SimplicityStudio\v4\developer\sdks\gecko_sdk_suite\v2.6\protocol\zigbee\app\framework\plugin\zll-utility-server\zll-utility-server.c
      1          /***************************************************************************//**
      2           * @file
      3           * @brief Routines for the ZLL Utility Server plugin.
      4           *******************************************************************************
      5           * # License
      6           * <b>Copyright 2018 Silicon Laboratories Inc. www.silabs.com</b>
      7           *******************************************************************************
      8           *
      9           * The licensor of this software is Silicon Laboratories Inc. Your use of this
     10           * software is governed by the terms of Silicon Labs Master Software License
     11           * Agreement (MSLA) available at
     12           * www.silabs.com/about-us/legal/master-software-license-agreement. This
     13           * software is distributed to you in Source Code format and is governed by the
     14           * sections of the MSLA applicable to Source Code.
     15           *
     16           ******************************************************************************/
     17          
     18          #include "app/framework/include/af.h"
     19          #include "app/framework/util/common.h"
     20          #include "app/framework/plugin/zll-commissioning-common/zll-commissioning.h"
     21          

   \                                 In section .text, align 2, keep-with-next
     22          static uint8_t getMaxLength(void)
     23          {
   \                     getMaxLength: (+1)
   \        0x0   0xB580             PUSH     {R7,LR}
     24            uint8_t maxLength = emberAfMaximumApsPayloadLength(EMBER_OUTGOING_DIRECT,
     25                                                               emberAfResponseDestination,
     26                                                               &emberAfResponseApsFrame);
   \        0x2   0x....             LDR.N    R1,??DataTable3
   \        0x4   0x8809             LDRH     R1,[R1, #+0]
   \        0x6   0x....             LDR.N    R2,??DataTable3_1
   \        0x8   0x2000             MOVS     R0,#+0
   \        0xA   0x....'....        BL       emberAfMaximumApsPayloadLength
     27            if (EMBER_AF_RESPONSE_BUFFER_LEN < maxLength) {
   \        0xE   0x2853             CMP      R0,#+83
   \       0x10   0xBFA8             IT       GE 
   \       0x12   0x2052             MOVGE    R0,#+82
     28              maxLength = EMBER_AF_RESPONSE_BUFFER_LEN;
     29            }
     30            return maxLength;
   \       0x14   0xBD02             POP      {R1,PC}          ;; return
     31          }
     32          

   \                                 In section .text, align 2, keep-with-next
     33          bool emberAfZllCommissioningClusterGetGroupIdentifiersRequestCallback(uint8_t startIndex)
     34          {
   \                     emberAfZllCommissioningClusterGetGroupIdentifiersRequestCallback: (+1)
   \        0x0   0xE92D 0x43FE      PUSH     {R1-R9,LR}
   \        0x4   0x....'....        BL       ?Subroutine1
     35            EmberStatus sendStatus;
     36            uint8_t endpoint = emberAfCurrentEndpoint();
     37            uint8_t total = emberAfPluginZllCommissioningServerGroupIdentifierCountCallback(endpoint);
   \                     ??CrossCallReturnLabel_0: (+1)
   \        0x8   0x....'....        BL       emberAfPluginZllCommissioningServerGroupIdentifierCountCallback
   \        0xC   0x....'....        BL       ?Subroutine4
     38            uint8_t i, *count, maxLength;
     39          
     40            emberAfZllCommissioningClusterPrintln("RX: GetGroupIdentifiersRequest 0x%x",
     41                                                  startIndex);
     42          
     43            emberAfFillExternalBuffer((ZCL_CLUSTER_SPECIFIC_COMMAND
     44                                       | ZCL_FRAME_CONTROL_SERVER_TO_CLIENT
     45                                       | EMBER_AF_DEFAULT_RESPONSE_POLICY_RESPONSES),
     46                                      ZCL_ZLL_COMMISSIONING_CLUSTER_ID,
     47                                      ZCL_GET_GROUP_IDENTIFIERS_RESPONSE_COMMAND_ID,
     48                                      "uu",
     49                                      total,
     50                                      startIndex);
   \                     ??CrossCallReturnLabel_6: (+1)
   \       0x10   0x2241             MOVS     R2,#+65
   \       0x12   0x....'....        BL       ?Subroutine3
     51          
     52            count = &appResponseData[appResponseLength];
   \                     ??CrossCallReturnLabel_5: (+1)
   \       0x16   0x....'....        BL       ?Subroutine2
     53            emberAfPutInt8uInResp(0); // temporary count
     54          
     55            maxLength = getMaxLength();
   \                     ??CrossCallReturnLabel_3: (+1)
   \       0x1A   0x....'....        BL       getMaxLength
   \       0x1E   0x4681             MOV      R9,R0
     56            for (i = startIndex; i < total && appResponseLength + 3 <= maxLength; i++) {
   \                     ??emberAfZllCommissioningClusterGetGroupIdentif_0: (+1)
   \       0x20   0xB2E0             UXTB     R0,R4
   \       0x22   0x42B0             CMP      R0,R6
   \       0x24   0xDA16             BGE.N    ??emberAfZllCommissioningClusterGetGroupIdentif_1
   \       0x26   0x8838             LDRH     R0,[R7, #+0]
   \       0x28   0x1CC0             ADDS     R0,R0,#+3
   \       0x2A   0x4581             CMP      R9,R0
   \       0x2C   0xDB12             BLT.N    ??emberAfZllCommissioningClusterGetGroupIdentif_1
     57              EmberAfPluginZllCommissioningGroupInformationRecord record;
     58              if (emberAfPluginZllCommissioningServerGroupIdentifierCallback(endpoint,
     59                                                                             i,
     60                                                                             &record)) {
   \       0x2E   0x466A             MOV      R2,SP
   \       0x30   0xB2E1             UXTB     R1,R4
   \       0x32   0x4640             MOV      R0,R8
   \       0x34   0x....'....        BL       emberAfPluginZllCommissioningServerGroupIdentifierCallback
   \       0x38   0xB150             CBZ.N    R0,??emberAfZllCommissioningClusterGetGroupIdentif_2
     61                emberAfPutInt16uInResp(record.groupId);
   \       0x3A   0xF8BD 0x0000      LDRH     R0,[SP, #+0]
   \       0x3E   0x....'....        BL       emberAfPutInt16uInResp
     62                emberAfPutInt8uInResp(record.groupType);
   \       0x42   0xF89D 0x0002      LDRB     R0,[SP, #+2]
   \       0x46   0x....'....        BL       emberAfPutInt8uInResp
     63                (*count)++;
   \       0x4A   0x7828             LDRB     R0,[R5, #+0]
   \       0x4C   0x1C40             ADDS     R0,R0,#+1
   \       0x4E   0x7028             STRB     R0,[R5, #+0]
     64              }
     65            }
   \                     ??emberAfZllCommissioningClusterGetGroupIdentif_2: (+1)
   \       0x50   0x1C64             ADDS     R4,R4,#+1
   \       0x52   0xE7E5             B.N      ??emberAfZllCommissioningClusterGetGroupIdentif_0
     66          
     67            sendStatus = emberAfSendResponse();
   \                     ??emberAfZllCommissioningClusterGetGroupIdentif_1: (+1)
   \       0x54   0x....             B.N      ?Subroutine0
     68            if (EMBER_SUCCESS != sendStatus) {
     69              emberAfZllCommissioningClusterPrintln("ZLL: failed to send %s response: "
     70                                                    "0x%x",
     71                                                    "group_identifiers",
     72                                                    sendStatus);
     73            }
     74            return true;
     75          }

   \                                 In section .text, align 2, keep-with-next
   \                     ?Subroutine0: (+1)
   \        0x0   0x....'....        BL       emberAfSendResponse
   \        0x4   0x2001             MOVS     R0,#+1
   \        0x6   0xE8BD 0x83FE      POP      {R1-R9,PC}       ;; return

   \                                 In section .text, align 2, keep-with-next
   \                     ?Subroutine4: (+1)
   \        0x0   0x4606             MOV      R6,R0
   \        0x2   0x9401             STR      R4,[SP, #+4]
   \        0x4   0x9600             STR      R6,[SP, #+0]
   \        0x6   0x....             LDR.N    R3,??DataTable3_2
   \        0x8   0x4770             BX       LR

   \                                 In section .text, align 2, keep-with-next
   \                     ?Subroutine3: (+1)
   \        0x0   0xF44F 0x5180      MOV      R1,#+4096
   \        0x4   0x2009             MOVS     R0,#+9
   \        0x6   0x....'....        B.W      emberAfFillExternalBuffer

   \                                 In section .text, align 2, keep-with-next
   \                     ?Subroutine2: (+1)
   \        0x0   0x8839             LDRH     R1,[R7, #+0]
   \        0x2   0x....             LDR.N    R0,??DataTable3_3
   \        0x4   0x1845             ADDS     R5,R0,R1
   \        0x6   0x2000             MOVS     R0,#+0
   \        0x8   0x....'....        B.W      emberAfPutInt8uInResp

   \                                 In section .text, align 2, keep-with-next
   \                     ?Subroutine1: (+1)
   \        0x0   0x4604             MOV      R4,R0
   \        0x2   0x....             LDR.N    R0,??DataTable3_4
   \        0x4   0x6801             LDR      R1,[R0, #+0]
   \        0x6   0x....             LDR.N    R7,??DataTable3_5
   \        0x8   0x680A             LDR      R2,[R1, #+0]
   \        0xA   0xF892 0x8005      LDRB     R8,[R2, #+5]
   \        0xE   0x4640             MOV      R0,R8
   \       0x10   0x4770             BX       LR
     76          

   \                                 In section .text, align 2, keep-with-next
     77          bool emberAfZllCommissioningClusterGetEndpointListRequestCallback(uint8_t startIndex)
     78          {
   \                     emberAfZllCommissioningClusterGetEndpointListRequestCallback: (+1)
   \        0x0   0xE92D 0x43FE      PUSH     {R1-R9,LR}
   \        0x4   0x....'....        BL       ?Subroutine1
     79            EmberStatus sendStatus;
     80            uint8_t endpoint = emberAfCurrentEndpoint();
     81            uint8_t total = emberAfPluginZllCommissioningServerEndpointInformationCountCallback(endpoint);
   \                     ??CrossCallReturnLabel_1: (+1)
   \        0x8   0x....'....        BL       emberAfPluginZllCommissioningServerEndpointInformationCountCallback
   \        0xC   0x....'....        BL       ?Subroutine4
     82            uint8_t i, *count, maxLength;
     83          
     84            emberAfZllCommissioningClusterPrintln("RX: GetEndpointListRequest 0x%x",
     85                                                  startIndex);
     86          
     87            emberAfFillExternalBuffer((ZCL_CLUSTER_SPECIFIC_COMMAND
     88                                       | ZCL_FRAME_CONTROL_SERVER_TO_CLIENT
     89                                       | EMBER_AF_DEFAULT_RESPONSE_POLICY_RESPONSES),
     90                                      ZCL_ZLL_COMMISSIONING_CLUSTER_ID,
     91                                      ZCL_GET_ENDPOINT_LIST_RESPONSE_COMMAND_ID,
     92                                      "uu",
     93                                      total,
     94                                      startIndex);
   \                     ??CrossCallReturnLabel_7: (+1)
   \       0x10   0x2242             MOVS     R2,#+66
   \       0x12   0x....'....        BL       ?Subroutine3
     95          
     96            count = &appResponseData[appResponseLength];
   \                     ??CrossCallReturnLabel_4: (+1)
   \       0x16   0x....'....        BL       ?Subroutine2
     97            emberAfPutInt8uInResp(0); // temporary count
     98          
     99            maxLength = getMaxLength();
   \                     ??CrossCallReturnLabel_2: (+1)
   \       0x1A   0x....'....        BL       getMaxLength
   \       0x1E   0x4681             MOV      R9,R0
    100            for (i = startIndex; i < total && appResponseLength + 8 <= maxLength; i++) {
   \                     ??emberAfZllCommissioningClusterGetEndpointList_0: (+1)
   \       0x20   0xB2E0             UXTB     R0,R4
   \       0x22   0x42B0             CMP      R0,R6
   \       0x24   0xDA22             BGE.N    ??emberAfZllCommissioningClusterGetEndpointList_1
   \       0x26   0x8838             LDRH     R0,[R7, #+0]
   \       0x28   0x3008             ADDS     R0,R0,#+8
   \       0x2A   0x4581             CMP      R9,R0
   \       0x2C   0xDB1E             BLT.N    ??emberAfZllCommissioningClusterGetEndpointList_1
    101              EmberAfPluginZllCommissioningEndpointInformationRecord record;
    102              if (emberAfPluginZllCommissioningServerEndpointInformationCallback(endpoint,
    103                                                                                 i,
    104                                                                                 &record)) {
   \       0x2E   0x466A             MOV      R2,SP
   \       0x30   0xB2E1             UXTB     R1,R4
   \       0x32   0x4640             MOV      R0,R8
   \       0x34   0x....'....        BL       emberAfPluginZllCommissioningServerEndpointInformationCallback
   \       0x38   0xB1B0             CBZ.N    R0,??emberAfZllCommissioningClusterGetEndpointList_2
    105                emberAfPutInt16uInResp(record.networkAddress);
   \       0x3A   0xF8BD 0x0000      LDRH     R0,[SP, #+0]
   \       0x3E   0x....'....        BL       emberAfPutInt16uInResp
    106                emberAfPutInt8uInResp(record.endpointId);
   \       0x42   0xF89D 0x0002      LDRB     R0,[SP, #+2]
   \       0x46   0x....'....        BL       emberAfPutInt8uInResp
    107                emberAfPutInt16uInResp(record.profileId);
   \       0x4A   0xF8BD 0x0004      LDRH     R0,[SP, #+4]
   \       0x4E   0x....'....        BL       emberAfPutInt16uInResp
    108                emberAfPutInt16uInResp(record.deviceId);
   \       0x52   0xF8BD 0x0006      LDRH     R0,[SP, #+6]
   \       0x56   0x....'....        BL       emberAfPutInt16uInResp
    109                emberAfPutInt8uInResp(record.version);
   \       0x5A   0xF89D 0x0008      LDRB     R0,[SP, #+8]
   \       0x5E   0x....'....        BL       emberAfPutInt8uInResp
    110                (*count)++;
   \       0x62   0x7828             LDRB     R0,[R5, #+0]
   \       0x64   0x1C40             ADDS     R0,R0,#+1
   \       0x66   0x7028             STRB     R0,[R5, #+0]
    111              }
    112            }
   \                     ??emberAfZllCommissioningClusterGetEndpointList_2: (+1)
   \       0x68   0x1C64             ADDS     R4,R4,#+1
   \       0x6A   0xE7D9             B.N      ??emberAfZllCommissioningClusterGetEndpointList_0
    113          
    114            sendStatus = emberAfSendResponse();
   \                     ??emberAfZllCommissioningClusterGetEndpointList_1: (+1)
   \       0x6C                      REQUIRE ?Subroutine0
   \       0x6C                      ;; // Fall through to label ?Subroutine0
    115            if (EMBER_SUCCESS != sendStatus) {
    116              emberAfZllCommissioningClusterPrintln("ZLL: failed to send %s response: "
    117                                                    "0x%x",
    118                                                    "endpoint_list",
    119                                                    sendStatus);
    120            }
    121            return true;
    122          }

   \                                 In section .text, align 4, keep-with-next
   \                     ??DataTable3:
   \        0x0   0x....'....        DC32     emberAfResponseDestination

   \                                 In section .text, align 4, keep-with-next
   \                     ??DataTable3_1:
   \        0x0   0x....'....        DC32     emberAfResponseApsFrame

   \                                 In section .text, align 4, keep-with-next
   \                     ??DataTable3_2:
   \        0x0   0x....'....        DC32     ?_0

   \                                 In section .text, align 4, keep-with-next
   \                     ??DataTable3_3:
   \        0x0   0x....'....        DC32     appResponseData

   \                                 In section .text, align 4, keep-with-next
   \                     ??DataTable3_4:
   \        0x0   0x....'....        DC32     emAfCurrentCommand

   \                                 In section .text, align 4, keep-with-next
   \                     ??DataTable3_5:
   \        0x0   0x....'....        DC32     appResponseLength

   \                                 In section .rodata, align 4
   \                     ?_0:
   \        0x0   0x75 0x75          DC8 "uu"
   \              0x00         
   \        0x3   0x00               DC8 0

   Maximum stack usage in bytes:

   .cstack Function
   ------- --------
      40   emberAfZllCommissioningClusterGetEndpointListRequestCallback
        40   -> emberAfFillExternalBuffer
        40   -> emberAfPluginZllCommissioningServerEndpointInformationCallback
        40   -> emberAfPluginZllCommissioningServerEndpointInformationCountCallback
        40   -> emberAfPutInt16uInResp
        40   -> emberAfPutInt8uInResp
        40   -> emberAfSendResponse
        40   -> getMaxLength
      40   emberAfZllCommissioningClusterGetGroupIdentifiersRequestCallback
        40   -> emberAfFillExternalBuffer
        40   -> emberAfPluginZllCommissioningServerGroupIdentifierCallback
        40   -> emberAfPluginZllCommissioningServerGroupIdentifierCountCallback
        40   -> emberAfPutInt16uInResp
        40   -> emberAfPutInt8uInResp
        40   -> emberAfSendResponse
        40   -> getMaxLength
       8   getMaxLength
         8   -> emberAfMaximumApsPayloadLength


   Section sizes:

   Bytes  Function/Label
   -----  --------------
       4  ??DataTable3
       4  ??DataTable3_1
       4  ??DataTable3_2
       4  ??DataTable3_3
       4  ??DataTable3_4
       4  ??DataTable3_5
      10  ?Subroutine0
      18  ?Subroutine1
      12  ?Subroutine2
      10  ?Subroutine3
      10  ?Subroutine4
       4  ?_0
     108  emberAfZllCommissioningClusterGetEndpointListRequestCallback
      86  emberAfZllCommissioningClusterGetGroupIdentifiersRequestCallback
      22  getMaxLength

 
   4 bytes in section .rodata
 300 bytes in section .text
 
 300 bytes of CODE  memory
   4 bytes of CONST memory

Errors: none
Warnings: none
