###############################################################################
#
# IAR ANSI C/C++ Compiler V8.32.2.178/W32 for ARM         14/Jun/2019  13:20:12
# Copyright 1999-2018 IAR Systems AB.
#
#    Cpu mode     =  
#    Endian       =  little
#    Source file  =  
#        C:\SiliconLabs\SimplicityStudio\v4\developer\sdks\gecko_sdk_suite\v2.6\protocol\zigbee\app\framework\plugin\zll-level-control-server\zll-level-control-server.c
#    Command line =  
#        -f C:\Users\alji\AppData\Local\Temp\EW8ECD.tmp
#        (C:\SiliconLabs\SimplicityStudio\v4\developer\sdks\gecko_sdk_suite\v2.6\protocol\zigbee\app\framework\plugin\zll-level-control-server\zll-level-control-server.c
#        -D LOCAL_STORAGE_BTL -D CORTEXM3 -D CORTEXM3_EFR32 -D
#        CORTEXM3_EFR32_MICRO -D CORTEXM3_EFM32_MICRO -D
#        EFR32_SERIES2_CONFIG1_MICRO -D EFR32MG21 -D EFR32MG21A010F1024IM32 -D
#        "ATTRIBUTE_STORAGE_CONFIGURATION=\"z3_lite_timer_mg21_v660_endpoint_config.h\""
#        -D "CONFIGURATION_HEADER=\"app/framework/util/config.h\"" -D
#        "GENERATED_TOKEN_HEADER=\"z3_lite_timer_mg21_v660_tokens.h\"" -D
#        "PLATFORM_HEADER=\"platform/base/hal/micro/cortexm3/compiler/iar.h\""
#        -D "ZA_GENERATED_HEADER=\"z3_lite_timer_mg21_v660.h\"" -D
#        "__SOURCEFILE__=\"zll-level-control-server.c\"" -D PSSTORE_SIZE=0 -D
#        LONGTOKEN_SIZE=0 -D LOCKBITS_IN_MAINFLASH_SIZE=8192 -D HAL_CONFIG=1 -D
#        EMBER_AF_USE_HWCONF -D LED_BLINK_PERIOD_MS=1000 -D NO_LED=1 -D
#        "EMBER_AF_API_EMBER_TYPES=\"stack/include/ember-types.h\"" -D
#        "EMBER_AF_API_DEBUG_PRINT=\"app/framework/util/print.h\"" -D
#        "EMBER_AF_API_AF_HEADER=\"app/framework/include/af.h\"" -D
#        "EMBER_AF_API_AF_SECURITY_HEADER=\"app/framework/security/af-security.h\""
#        -D EMBER_STACK_ZIGBEE -D
#        "MBEDTLS_CONFIG_FILE=\"mbedtls-config-generated.h\"" -D USE_NVM3 -D
#        NVM3_DEFAULT_NVM_SIZE=NVM3_FLASH_PAGES*FLASH_PAGE_SIZE -D
#        EMLIB_USER_CONFIG -D HAL_BULBPWM_ENABLE=1 -D
#        HAL_BULBPWM_FREQUENCY=1000 -D
#        "APPLICATION_TOKEN_HEADER=\"znet-token.h\"" -D
#        "APPLICATION_MFG_TOKEN_HEADER=\"znet-mfg-token.h\"" -D
#        "MBEDTLS_DEVICE_ACCELERATION_CONFIG_FILE=\"configs/config-device-acceleration.h\""
#        -D
#        "MBEDTLS_DEVICE_ACCELERATION_CONFIG_APP_FILE=\"config-device-acceleration-app.h\""
#        -D NVM3_FLASH_PAGES=4 -D NVM3_DEFAULT_CACHE_SIZE=200 -D
#        NVM3_MAX_OBJECT_SIZE=254 -D NVM3_DEFAULT_REPACK_HEADROOM=0 -D
#        PHY_RAIL=1 -lC
#        C:\SiliconLabs\SimplicityStudio\v4\developer\sdks\gecko_sdk_suite\v2.5\z3_lite_timer_mg21_v660\build\lst
#        --diag_suppress Pa050 -o
#        C:\SiliconLabs\SimplicityStudio\v4\developer\sdks\gecko_sdk_suite\v2.5\z3_lite_timer_mg21_v660\build\obj
#        --no_unroll --no_clustering --debug --endian=little
#        --cpu=Cortex-M33.no_dsp --cmse --no_path_in_file_macros
#        --separate_cluster_for_initialized_variables -e --fpu=None
#        --dlib_config "C:\Program Files (x86)\IAR Systems\Embedded Workbench
#        8.2\arm\inc\c\DLib_Config_Normal.h" -I
#        C:\SiliconLabs\SimplicityStudio\v4\developer\sdks\gecko_sdk_suite\v2.6\protocol\zigbee\app\framework\plugin\zll-level-control-server\
#        -I
#        C:\SiliconLabs\SimplicityStudio\v4\developer\sdks\gecko_sdk_suite\v2.5\z3_lite_timer_mg21_v660\
#        -I
#        C:\SiliconLabs\SimplicityStudio\v4\developer\sdks\gecko_sdk_suite\v2.5\z3_lite_timer_mg21_v660\..\..\v2.6\
#        -I
#        C:\SiliconLabs\SimplicityStudio\v4\developer\sdks\gecko_sdk_suite\v2.5\z3_lite_timer_mg21_v660\..\..\v2.6\protocol\zigbee\app\framework\
#        -I
#        C:\SiliconLabs\SimplicityStudio\v4\developer\sdks\gecko_sdk_suite\v2.5\z3_lite_timer_mg21_v660\..\..\v2.6\protocol\zigbee\app\framework\..\..\
#        -I
#        C:\SiliconLabs\SimplicityStudio\v4\developer\sdks\gecko_sdk_suite\v2.5\z3_lite_timer_mg21_v660\..\..\v2.6\protocol\zigbee\app\framework\..\..\stack\
#        -I
#        C:\SiliconLabs\SimplicityStudio\v4\developer\sdks\gecko_sdk_suite\v2.5\z3_lite_timer_mg21_v660\..\..\v2.6\protocol\zigbee\app\framework\..\util\
#        -I
#        C:\SiliconLabs\SimplicityStudio\v4\developer\sdks\gecko_sdk_suite\v2.5\z3_lite_timer_mg21_v660\..\..\v2.6\protocol\zigbee\app\framework\include\
#        -I
#        C:\SiliconLabs\SimplicityStudio\v4\developer\sdks\gecko_sdk_suite\v2.5\z3_lite_timer_mg21_v660\..\..\v2.6\platform\base\hal\
#        -I
#        C:\SiliconLabs\SimplicityStudio\v4\developer\sdks\gecko_sdk_suite\v2.5\z3_lite_timer_mg21_v660\..\..\v2.6\platform\base\hal\plugin\
#        -I
#        C:\SiliconLabs\SimplicityStudio\v4\developer\sdks\gecko_sdk_suite\v2.5\z3_lite_timer_mg21_v660\..\..\v2.6\platform\base\hal\..\
#        -I
#        C:\SiliconLabs\SimplicityStudio\v4\developer\sdks\gecko_sdk_suite\v2.5\z3_lite_timer_mg21_v660\..\..\v2.6\platform\base\hal\micro\cortexm3\efm32\
#        -I
#        C:\SiliconLabs\SimplicityStudio\v4\developer\sdks\gecko_sdk_suite\v2.5\z3_lite_timer_mg21_v660\..\..\v2.6\platform\base\hal\micro\cortexm3\efm32\config\
#        -I
#        C:\SiliconLabs\SimplicityStudio\v4\developer\sdks\gecko_sdk_suite\v2.5\z3_lite_timer_mg21_v660\..\..\v2.6\platform\base\hal\micro\cortexm3\efm32\efr32\
#        -I
#        C:\SiliconLabs\SimplicityStudio\v4\developer\sdks\gecko_sdk_suite\v2.5\z3_lite_timer_mg21_v660\..\..\v2.6\platform\base\hal\..\..\CMSIS\Include\
#        -I
#        C:\SiliconLabs\SimplicityStudio\v4\developer\sdks\gecko_sdk_suite\v2.5\z3_lite_timer_mg21_v660\..\..\v2.6\platform\base\hal\..\..\Device\SiliconLabs\efr32mg21\Include\
#        -I
#        C:\SiliconLabs\SimplicityStudio\v4\developer\sdks\gecko_sdk_suite\v2.5\z3_lite_timer_mg21_v660\..\..\v2.6\platform\base\hal\..\..\emdrv\common\inc\
#        -I
#        C:\SiliconLabs\SimplicityStudio\v4\developer\sdks\gecko_sdk_suite\v2.5\z3_lite_timer_mg21_v660\..\..\v2.6\platform\base\hal\..\..\emdrv\config\
#        -I
#        C:\SiliconLabs\SimplicityStudio\v4\developer\sdks\gecko_sdk_suite\v2.5\z3_lite_timer_mg21_v660\..\..\v2.6\platform\base\hal\..\..\emdrv\dmadrv\inc\
#        -I
#        C:\SiliconLabs\SimplicityStudio\v4\developer\sdks\gecko_sdk_suite\v2.5\z3_lite_timer_mg21_v660\..\..\v2.6\platform\base\hal\..\..\emdrv\gpiointerrupt\inc\
#        -I
#        C:\SiliconLabs\SimplicityStudio\v4\developer\sdks\gecko_sdk_suite\v2.5\z3_lite_timer_mg21_v660\..\..\v2.6\platform\base\hal\..\..\emdrv\rtcdrv\inc\
#        -I
#        C:\SiliconLabs\SimplicityStudio\v4\developer\sdks\gecko_sdk_suite\v2.5\z3_lite_timer_mg21_v660\..\..\v2.6\platform\base\hal\..\..\emdrv\sleep\inc\
#        -I
#        C:\SiliconLabs\SimplicityStudio\v4\developer\sdks\gecko_sdk_suite\v2.5\z3_lite_timer_mg21_v660\..\..\v2.6\platform\base\hal\..\..\emdrv\spidrv\inc\
#        -I
#        C:\SiliconLabs\SimplicityStudio\v4\developer\sdks\gecko_sdk_suite\v2.5\z3_lite_timer_mg21_v660\..\..\v2.6\platform\base\hal\..\..\emdrv\tempdrv\inc\
#        -I
#        C:\SiliconLabs\SimplicityStudio\v4\developer\sdks\gecko_sdk_suite\v2.5\z3_lite_timer_mg21_v660\..\..\v2.6\platform\base\hal\..\..\emdrv\uartdrv\inc\
#        -I
#        C:\SiliconLabs\SimplicityStudio\v4\developer\sdks\gecko_sdk_suite\v2.5\z3_lite_timer_mg21_v660\..\..\v2.6\platform\base\hal\..\..\emdrv\ustimer\inc\
#        -I
#        C:\SiliconLabs\SimplicityStudio\v4\developer\sdks\gecko_sdk_suite\v2.5\z3_lite_timer_mg21_v660\..\..\v2.6\platform\base\hal\..\..\emlib\inc\
#        -I
#        C:\SiliconLabs\SimplicityStudio\v4\developer\sdks\gecko_sdk_suite\v2.5\z3_lite_timer_mg21_v660\..\..\v2.6\platform\base\hal\..\..\middleware\glib\
#        -I
#        C:\SiliconLabs\SimplicityStudio\v4\developer\sdks\gecko_sdk_suite\v2.5\z3_lite_timer_mg21_v660\..\..\v2.6\platform\base\hal\..\..\middleware\glib\glib\
#        -I
#        C:\SiliconLabs\SimplicityStudio\v4\developer\sdks\gecko_sdk_suite\v2.5\z3_lite_timer_mg21_v660\..\..\v2.6\platform\base\hal\..\..\radio\rail_lib\plugin\
#        -I
#        C:\SiliconLabs\SimplicityStudio\v4\developer\sdks\gecko_sdk_suite\v2.5\z3_lite_timer_mg21_v660\..\..\v2.6\platform\base\hal\..\..\radio\rail_lib\chip\efr32\rf\common\cortex\
#        -I
#        C:\SiliconLabs\SimplicityStudio\v4\developer\sdks\gecko_sdk_suite\v2.5\z3_lite_timer_mg21_v660\..\..\v2.6\platform\base\hal\..\..\radio\rail_lib\chip\efr32\rf\rfprotocol\ieee802154\cortex\
#        -I
#        C:\SiliconLabs\SimplicityStudio\v4\developer\sdks\gecko_sdk_suite\v2.5\z3_lite_timer_mg21_v660\..\..\v2.6\platform\halconfig\inc\hal-config\
#        -I
#        C:\SiliconLabs\SimplicityStudio\v4\developer\sdks\gecko_sdk_suite\v2.5\z3_lite_timer_mg21_v660\..\..\v2.6\hardware\module\config\
#        -I
#        C:\SiliconLabs\SimplicityStudio\v4\developer\sdks\gecko_sdk_suite\v2.5\z3_lite_timer_mg21_v660\..\..\v2.6\hardware\kit\common\halconfig\
#        -I
#        C:\SiliconLabs\SimplicityStudio\v4\developer\sdks\gecko_sdk_suite\v2.5\z3_lite_timer_mg21_v660\..\..\v2.6\hardware\kit\common\bsp\
#        -I
#        C:\SiliconLabs\SimplicityStudio\v4\developer\sdks\gecko_sdk_suite\v2.5\z3_lite_timer_mg21_v660\hal-config\
#        -I
#        C:\SiliconLabs\SimplicityStudio\v4\developer\sdks\gecko_sdk_suite\v2.5\z3_lite_timer_mg21_v660\..\..\v2.6\platform\bootloader\
#        -I
#        C:\SiliconLabs\SimplicityStudio\v4\developer\sdks\gecko_sdk_suite\v2.5\z3_lite_timer_mg21_v660\..\..\v2.6\platform\emdrv\nvm3\inc\
#        -I
#        C:\SiliconLabs\SimplicityStudio\v4\developer\sdks\gecko_sdk_suite\v2.5\z3_lite_timer_mg21_v660\..\..\v2.6\platform\radio\rail_lib\chip\efr32\efr32xg2x\
#        -I
#        C:\SiliconLabs\SimplicityStudio\v4\developer\sdks\gecko_sdk_suite\v2.5\z3_lite_timer_mg21_v660\..\..\v2.6\platform\radio\rail_lib\common\
#        -I
#        C:\SiliconLabs\SimplicityStudio\v4\developer\sdks\gecko_sdk_suite\v2.5\z3_lite_timer_mg21_v660\..\..\v2.6\platform\radio\rail_lib\plugin\coexistence\common\
#        -I
#        C:\SiliconLabs\SimplicityStudio\v4\developer\sdks\gecko_sdk_suite\v2.5\z3_lite_timer_mg21_v660\..\..\v2.6\platform\radio\rail_lib\plugin\coexistence\hal\efr32\
#        -I
#        C:\SiliconLabs\SimplicityStudio\v4\developer\sdks\gecko_sdk_suite\v2.5\z3_lite_timer_mg21_v660\..\..\v2.6\platform\radio\rail_lib\plugin\coexistence\protocol\ieee802154\
#        -I
#        C:\SiliconLabs\SimplicityStudio\v4\developer\sdks\gecko_sdk_suite\v2.5\z3_lite_timer_mg21_v660\..\..\v2.6\platform\radio\rail_lib\protocol\ble\
#        -I
#        C:\SiliconLabs\SimplicityStudio\v4\developer\sdks\gecko_sdk_suite\v2.5\z3_lite_timer_mg21_v660\..\..\v2.6\platform\radio\rail_lib\protocol\ieee802154\
#        -I
#        C:\SiliconLabs\SimplicityStudio\v4\developer\sdks\gecko_sdk_suite\v2.5\z3_lite_timer_mg21_v660\..\..\v2.6\platform\radio\rail_lib\protocol\zwave\
#        -I
#        C:\SiliconLabs\SimplicityStudio\v4\developer\sdks\gecko_sdk_suite\v2.5\z3_lite_timer_mg21_v660\..\..\v2.6\util\plugin\plugin-common\mbedtls\
#        -I
#        C:\SiliconLabs\SimplicityStudio\v4\developer\sdks\gecko_sdk_suite\v2.5\z3_lite_timer_mg21_v660\..\..\v2.6\util\third_party\mbedtls\
#        -I
#        C:\SiliconLabs\SimplicityStudio\v4\developer\sdks\gecko_sdk_suite\v2.5\z3_lite_timer_mg21_v660\..\..\v2.6\util\third_party\mbedtls\include\
#        -I
#        C:\SiliconLabs\SimplicityStudio\v4\developer\sdks\gecko_sdk_suite\v2.5\z3_lite_timer_mg21_v660\..\..\v2.6\util\third_party\mbedtls\include\mbedtls\
#        -I
#        C:\SiliconLabs\SimplicityStudio\v4\developer\sdks\gecko_sdk_suite\v2.5\z3_lite_timer_mg21_v660\..\..\v2.6\util\third_party\mbedtls\sl_crypto\include\
#        -Ohz --use_c++_inline)
#    Locale       =  C
#    List file    =  
#        C:\SiliconLabs\SimplicityStudio\v4\developer\sdks\gecko_sdk_suite\v2.5\z3_lite_timer_mg21_v660\build\lst\zll-level-control-server.lst
#    Object file  =  
#        C:\SiliconLabs\SimplicityStudio\v4\developer\sdks\gecko_sdk_suite\v2.5\z3_lite_timer_mg21_v660\build\obj\zll-level-control-server.o
#
###############################################################################

C:\SiliconLabs\SimplicityStudio\v4\developer\sdks\gecko_sdk_suite\v2.6\protocol\zigbee\app\framework\plugin\zll-level-control-server\zll-level-control-server.c
      1          /***************************************************************************//**
      2           * @file
      3           * @brief Routines for the ZLL Level Control Server plugin.
      4           *******************************************************************************
      5           * # License
      6           * <b>Copyright 2018 Silicon Laboratories Inc. www.silabs.com</b>
      7           *******************************************************************************
      8           *
      9           * The licensor of this software is Silicon Laboratories Inc. Your use of this
     10           * software is governed by the terms of Silicon Labs Master Software License
     11           * Agreement (MSLA) available at
     12           * www.silabs.com/about-us/legal/master-software-license-agreement. This
     13           * software is distributed to you in Source Code format and is governed by the
     14           * sections of the MSLA applicable to Source Code.
     15           *
     16           ******************************************************************************/
     17          
     18          #include "../../include/af.h"
     19          #include "zll-level-control-server.h"
     20          

   \                                 In section .text, align 2, keep-with-next
     21          EmberAfStatus emberAfPluginZllLevelControlServerMoveToLevelWithOnOffZllExtensions(const EmberAfClusterCommand *cmd)
     22          {
   \                     emberAfPluginZllLevelControlServerMoveToLevelWithOnOffZllExtensions: (+1)
   \        0x0   0xB51C             PUSH     {R2-R4,LR}
     23            bool globalSceneControl = true;
     24            EmberAfStatus status = emberAfWriteServerAttribute(cmd->apsFrame->destinationEndpoint,
     25                                                               ZCL_ON_OFF_CLUSTER_ID,
     26                                                               ZCL_GLOBAL_SCENE_CONTROL_ATTRIBUTE_ID,
     27                                                               (uint8_t *)&globalSceneControl,
     28                                                               ZCL_BOOLEAN_ATTRIBUTE_TYPE);
     29            if (status != EMBER_ZCL_STATUS_SUCCESS) {
     30              emberAfLevelControlClusterPrintln("ERR: writing global scene control %x", status);
     31            }
     32            return status;
   \        0x2   0x2410             MOVS     R4,#+16
   \        0x4   0x9400             STR      R4,[SP, #+0]
   \        0x6   0x2101             MOVS     R1,#+1
   \        0x8   0xF88D 0x1004      STRB     R1,[SP, #+4]
   \        0xC   0x6804             LDR      R4,[R0, #+0]
   \        0xE   0xAB01             ADD      R3,SP,#+4
   \       0x10   0xF44F 0x4280      MOV      R2,#+16384
   \       0x14   0x7960             LDRB     R0,[R4, #+5]
   \       0x16   0x2106             MOVS     R1,#+6
   \       0x18   0x....'....        BL       emberAfWriteServerAttribute
   \       0x1C   0xBD16             POP      {R1,R2,R4,PC}    ;; return
     33          }
     34          

   \                                 In section .text, align 2, keep-with-next
     35          bool emberAfPluginZllLevelControlServerIgnoreMoveToLevelMoveStepStop(uint8_t endpoint, uint8_t commandId)
     36          {
   \                     emberAfPluginZllLevelControlServerIgnoreMoveToLevelMoveStepStop: (+1)
   \        0x0   0xB51C             PUSH     {R2-R4,LR}
   \        0x2   0x4604             MOV      R4,R0
     37            // If a MoveToLevel, Move, Step, or Stop command is received while the device
     38            // is in its off state (i.e., the OnOff attribute of the On/Off cluster is
     39            // equal to false), the command shall be ignored.
     40            bool onOff = true;
   \        0x4   0x2001             MOVS     R0,#+1
     41          #ifdef ZCL_USING_ON_OFF_CLUSTER_SERVER
     42            if ((commandId == ZCL_MOVE_TO_LEVEL_COMMAND_ID
     43                 || commandId == ZCL_MOVE_COMMAND_ID
     44                 || commandId == ZCL_STEP_COMMAND_ID
     45                 || commandId == ZCL_STOP_COMMAND_ID)
     46                && emberAfContainsServer(endpoint, ZCL_ON_OFF_CLUSTER_ID)) {
   \        0x6   0x000A             MOVS     R2,R1
   \        0x8   0xF88D 0x0004      STRB     R0,[SP, #+4]
   \        0xC   0xBF18             IT       NE 
   \        0xE   0x2901             CMPNE    R1,#+1
   \       0x10   0xD003             BEQ.N    ??emberAfPluginZllLevelControlServerIgnoreMoveT_0
   \       0x12   0x2902             CMP      R1,#+2
   \       0x14   0xBF18             IT       NE 
   \       0x16   0x2903             CMPNE    R1,#+3
   \       0x18   0xD112             BNE.N    ??emberAfPluginZllLevelControlServerIgnoreMoveT_1
   \                     ??emberAfPluginZllLevelControlServerIgnoreMoveT_0: (+1)
   \       0x1A   0x2106             MOVS     R1,#+6
   \       0x1C   0x4620             MOV      R0,R4
   \       0x1E   0x....'....        BL       emberAfContainsServer
   \       0x22   0xB138             CBZ.N    R0,??emberAfPluginZllLevelControlServerIgnoreMoveT_2
     47              EmberAfStatus status = emberAfReadServerAttribute(endpoint,
     48                                                                ZCL_ON_OFF_CLUSTER_ID,
     49                                                                ZCL_ON_OFF_ATTRIBUTE_ID,
     50                                                                (uint8_t *)&onOff,
     51                                                                sizeof(onOff));
   \       0x24   0x2001             MOVS     R0,#+1
   \       0x26   0x9000             STR      R0,[SP, #+0]
   \       0x28   0xAB01             ADD      R3,SP,#+4
   \       0x2A   0x2200             MOVS     R2,#+0
   \       0x2C   0x2106             MOVS     R1,#+6
   \       0x2E   0x4620             MOV      R0,R4
   \       0x30   0x....'....        BL       emberAfReadServerAttribute
     52              if (status != EMBER_ZCL_STATUS_SUCCESS) {
     53                emberAfLevelControlClusterPrintln("ERR: reading on/off %x", status);
     54              }
     55            }
     56          #endif
     57            return !onOff;
   \                     ??emberAfPluginZllLevelControlServerIgnoreMoveT_2: (+1)
   \       0x34   0xF89D 0x0004      LDRB     R0,[SP, #+4]
   \       0x38   0x1E40             SUBS     R0,R0,#+1
   \       0x3A   0x4180             SBCS     R0,R0,R0
   \       0x3C   0x0FC0             LSRS     R0,R0,#+31
   \       0x3E   0xBD16             POP      {R1,R2,R4,PC}
   \                     ??emberAfPluginZllLevelControlServerIgnoreMoveT_1: (+1)
   \       0x40   0x2000             MOVS     R0,#+0
   \       0x42   0xBD16             POP      {R1,R2,R4,PC}    ;; return
     58          }

   Maximum stack usage in bytes:

   .cstack Function
   ------- --------
      16   emberAfPluginZllLevelControlServerIgnoreMoveToLevelMoveStepStop
        16   -> emberAfContainsServer
        16   -> emberAfReadServerAttribute
      16   emberAfPluginZllLevelControlServerMoveToLevelWithOnOffZllExtensions
        16   -> emberAfWriteServerAttribute


   Section sizes:

   Bytes  Function/Label
   -----  --------------
      68  emberAfPluginZllLevelControlServerIgnoreMoveToLevelMoveStepStop
      30  emberAfPluginZllLevelControlServerMoveToLevelWithOnOffZllExtensions

 
 98 bytes in section .text
 
 98 bytes of CODE memory

Errors: none
Warnings: none
