###############################################################################
#
# IAR ANSI C/C++ Compiler V8.32.2.178/W32 for ARM         14/Jun/2019  13:20:15
# Copyright 1999-2018 IAR Systems AB.
#
#    Cpu mode     =  
#    Endian       =  little
#    Source file  =  
#        C:\SiliconLabs\SimplicityStudio\v4\developer\sdks\gecko_sdk_suite\v2.5\z3_lite_timer_mg21_v660\znet-bookkeeping.c
#    Command line =  
#        -f C:\Users\alji\AppData\Local\Temp\EW997F.tmp
#        (C:\SiliconLabs\SimplicityStudio\v4\developer\sdks\gecko_sdk_suite\v2.5\z3_lite_timer_mg21_v660\znet-bookkeeping.c
#        -D LOCAL_STORAGE_BTL -D CORTEXM3 -D CORTEXM3_EFR32 -D
#        CORTEXM3_EFR32_MICRO -D CORTEXM3_EFM32_MICRO -D
#        EFR32_SERIES2_CONFIG1_MICRO -D EFR32MG21 -D EFR32MG21A010F1024IM32 -D
#        "ATTRIBUTE_STORAGE_CONFIGURATION=\"z3_lite_timer_mg21_v660_endpoint_config.h\""
#        -D "CONFIGURATION_HEADER=\"app/framework/util/config.h\"" -D
#        "GENERATED_TOKEN_HEADER=\"z3_lite_timer_mg21_v660_tokens.h\"" -D
#        "PLATFORM_HEADER=\"platform/base/hal/micro/cortexm3/compiler/iar.h\""
#        -D "ZA_GENERATED_HEADER=\"z3_lite_timer_mg21_v660.h\"" -D
#        "__SOURCEFILE__=\"znet-bookkeeping.c\"" -D PSSTORE_SIZE=0 -D
#        LONGTOKEN_SIZE=0 -D LOCKBITS_IN_MAINFLASH_SIZE=8192 -D HAL_CONFIG=1 -D
#        EMBER_AF_USE_HWCONF -D LED_BLINK_PERIOD_MS=1000 -D NO_LED=1 -D
#        "EMBER_AF_API_EMBER_TYPES=\"stack/include/ember-types.h\"" -D
#        "EMBER_AF_API_DEBUG_PRINT=\"app/framework/util/print.h\"" -D
#        "EMBER_AF_API_AF_HEADER=\"app/framework/include/af.h\"" -D
#        "EMBER_AF_API_AF_SECURITY_HEADER=\"app/framework/security/af-security.h\""
#        -D EMBER_STACK_ZIGBEE -D
#        "MBEDTLS_CONFIG_FILE=\"mbedtls-config-generated.h\"" -D USE_NVM3 -D
#        NVM3_DEFAULT_NVM_SIZE=NVM3_FLASH_PAGES*FLASH_PAGE_SIZE -D
#        EMLIB_USER_CONFIG -D HAL_BULBPWM_ENABLE=1 -D
#        HAL_BULBPWM_FREQUENCY=1000 -D
#        "APPLICATION_TOKEN_HEADER=\"znet-token.h\"" -D
#        "APPLICATION_MFG_TOKEN_HEADER=\"znet-mfg-token.h\"" -D
#        "MBEDTLS_DEVICE_ACCELERATION_CONFIG_FILE=\"configs/config-device-acceleration.h\""
#        -D
#        "MBEDTLS_DEVICE_ACCELERATION_CONFIG_APP_FILE=\"config-device-acceleration-app.h\""
#        -D NVM3_FLASH_PAGES=4 -D NVM3_DEFAULT_CACHE_SIZE=200 -D
#        NVM3_MAX_OBJECT_SIZE=254 -D NVM3_DEFAULT_REPACK_HEADROOM=0 -D
#        PHY_RAIL=1 -lC
#        C:\SiliconLabs\SimplicityStudio\v4\developer\sdks\gecko_sdk_suite\v2.5\z3_lite_timer_mg21_v660\build\lst
#        --diag_suppress Pa050 -o
#        C:\SiliconLabs\SimplicityStudio\v4\developer\sdks\gecko_sdk_suite\v2.5\z3_lite_timer_mg21_v660\build\obj
#        --no_unroll --no_clustering --debug --endian=little
#        --cpu=Cortex-M33.no_dsp --cmse --no_path_in_file_macros
#        --separate_cluster_for_initialized_variables -e --fpu=None
#        --dlib_config "C:\Program Files (x86)\IAR Systems\Embedded Workbench
#        8.2\arm\inc\c\DLib_Config_Normal.h" -I
#        C:\SiliconLabs\SimplicityStudio\v4\developer\sdks\gecko_sdk_suite\v2.5\z3_lite_timer_mg21_v660\
#        -I
#        C:\SiliconLabs\SimplicityStudio\v4\developer\sdks\gecko_sdk_suite\v2.5\z3_lite_timer_mg21_v660\
#        -I
#        C:\SiliconLabs\SimplicityStudio\v4\developer\sdks\gecko_sdk_suite\v2.5\z3_lite_timer_mg21_v660\..\..\v2.6\
#        -I
#        C:\SiliconLabs\SimplicityStudio\v4\developer\sdks\gecko_sdk_suite\v2.5\z3_lite_timer_mg21_v660\..\..\v2.6\protocol\zigbee\app\framework\
#        -I
#        C:\SiliconLabs\SimplicityStudio\v4\developer\sdks\gecko_sdk_suite\v2.5\z3_lite_timer_mg21_v660\..\..\v2.6\protocol\zigbee\app\framework\..\..\
#        -I
#        C:\SiliconLabs\SimplicityStudio\v4\developer\sdks\gecko_sdk_suite\v2.5\z3_lite_timer_mg21_v660\..\..\v2.6\protocol\zigbee\app\framework\..\..\stack\
#        -I
#        C:\SiliconLabs\SimplicityStudio\v4\developer\sdks\gecko_sdk_suite\v2.5\z3_lite_timer_mg21_v660\..\..\v2.6\protocol\zigbee\app\framework\..\util\
#        -I
#        C:\SiliconLabs\SimplicityStudio\v4\developer\sdks\gecko_sdk_suite\v2.5\z3_lite_timer_mg21_v660\..\..\v2.6\protocol\zigbee\app\framework\include\
#        -I
#        C:\SiliconLabs\SimplicityStudio\v4\developer\sdks\gecko_sdk_suite\v2.5\z3_lite_timer_mg21_v660\..\..\v2.6\platform\base\hal\
#        -I
#        C:\SiliconLabs\SimplicityStudio\v4\developer\sdks\gecko_sdk_suite\v2.5\z3_lite_timer_mg21_v660\..\..\v2.6\platform\base\hal\plugin\
#        -I
#        C:\SiliconLabs\SimplicityStudio\v4\developer\sdks\gecko_sdk_suite\v2.5\z3_lite_timer_mg21_v660\..\..\v2.6\platform\base\hal\..\
#        -I
#        C:\SiliconLabs\SimplicityStudio\v4\developer\sdks\gecko_sdk_suite\v2.5\z3_lite_timer_mg21_v660\..\..\v2.6\platform\base\hal\micro\cortexm3\efm32\
#        -I
#        C:\SiliconLabs\SimplicityStudio\v4\developer\sdks\gecko_sdk_suite\v2.5\z3_lite_timer_mg21_v660\..\..\v2.6\platform\base\hal\micro\cortexm3\efm32\config\
#        -I
#        C:\SiliconLabs\SimplicityStudio\v4\developer\sdks\gecko_sdk_suite\v2.5\z3_lite_timer_mg21_v660\..\..\v2.6\platform\base\hal\micro\cortexm3\efm32\efr32\
#        -I
#        C:\SiliconLabs\SimplicityStudio\v4\developer\sdks\gecko_sdk_suite\v2.5\z3_lite_timer_mg21_v660\..\..\v2.6\platform\base\hal\..\..\CMSIS\Include\
#        -I
#        C:\SiliconLabs\SimplicityStudio\v4\developer\sdks\gecko_sdk_suite\v2.5\z3_lite_timer_mg21_v660\..\..\v2.6\platform\base\hal\..\..\Device\SiliconLabs\efr32mg21\Include\
#        -I
#        C:\SiliconLabs\SimplicityStudio\v4\developer\sdks\gecko_sdk_suite\v2.5\z3_lite_timer_mg21_v660\..\..\v2.6\platform\base\hal\..\..\emdrv\common\inc\
#        -I
#        C:\SiliconLabs\SimplicityStudio\v4\developer\sdks\gecko_sdk_suite\v2.5\z3_lite_timer_mg21_v660\..\..\v2.6\platform\base\hal\..\..\emdrv\config\
#        -I
#        C:\SiliconLabs\SimplicityStudio\v4\developer\sdks\gecko_sdk_suite\v2.5\z3_lite_timer_mg21_v660\..\..\v2.6\platform\base\hal\..\..\emdrv\dmadrv\inc\
#        -I
#        C:\SiliconLabs\SimplicityStudio\v4\developer\sdks\gecko_sdk_suite\v2.5\z3_lite_timer_mg21_v660\..\..\v2.6\platform\base\hal\..\..\emdrv\gpiointerrupt\inc\
#        -I
#        C:\SiliconLabs\SimplicityStudio\v4\developer\sdks\gecko_sdk_suite\v2.5\z3_lite_timer_mg21_v660\..\..\v2.6\platform\base\hal\..\..\emdrv\rtcdrv\inc\
#        -I
#        C:\SiliconLabs\SimplicityStudio\v4\developer\sdks\gecko_sdk_suite\v2.5\z3_lite_timer_mg21_v660\..\..\v2.6\platform\base\hal\..\..\emdrv\sleep\inc\
#        -I
#        C:\SiliconLabs\SimplicityStudio\v4\developer\sdks\gecko_sdk_suite\v2.5\z3_lite_timer_mg21_v660\..\..\v2.6\platform\base\hal\..\..\emdrv\spidrv\inc\
#        -I
#        C:\SiliconLabs\SimplicityStudio\v4\developer\sdks\gecko_sdk_suite\v2.5\z3_lite_timer_mg21_v660\..\..\v2.6\platform\base\hal\..\..\emdrv\tempdrv\inc\
#        -I
#        C:\SiliconLabs\SimplicityStudio\v4\developer\sdks\gecko_sdk_suite\v2.5\z3_lite_timer_mg21_v660\..\..\v2.6\platform\base\hal\..\..\emdrv\uartdrv\inc\
#        -I
#        C:\SiliconLabs\SimplicityStudio\v4\developer\sdks\gecko_sdk_suite\v2.5\z3_lite_timer_mg21_v660\..\..\v2.6\platform\base\hal\..\..\emdrv\ustimer\inc\
#        -I
#        C:\SiliconLabs\SimplicityStudio\v4\developer\sdks\gecko_sdk_suite\v2.5\z3_lite_timer_mg21_v660\..\..\v2.6\platform\base\hal\..\..\emlib\inc\
#        -I
#        C:\SiliconLabs\SimplicityStudio\v4\developer\sdks\gecko_sdk_suite\v2.5\z3_lite_timer_mg21_v660\..\..\v2.6\platform\base\hal\..\..\middleware\glib\
#        -I
#        C:\SiliconLabs\SimplicityStudio\v4\developer\sdks\gecko_sdk_suite\v2.5\z3_lite_timer_mg21_v660\..\..\v2.6\platform\base\hal\..\..\middleware\glib\glib\
#        -I
#        C:\SiliconLabs\SimplicityStudio\v4\developer\sdks\gecko_sdk_suite\v2.5\z3_lite_timer_mg21_v660\..\..\v2.6\platform\base\hal\..\..\radio\rail_lib\plugin\
#        -I
#        C:\SiliconLabs\SimplicityStudio\v4\developer\sdks\gecko_sdk_suite\v2.5\z3_lite_timer_mg21_v660\..\..\v2.6\platform\base\hal\..\..\radio\rail_lib\chip\efr32\rf\common\cortex\
#        -I
#        C:\SiliconLabs\SimplicityStudio\v4\developer\sdks\gecko_sdk_suite\v2.5\z3_lite_timer_mg21_v660\..\..\v2.6\platform\base\hal\..\..\radio\rail_lib\chip\efr32\rf\rfprotocol\ieee802154\cortex\
#        -I
#        C:\SiliconLabs\SimplicityStudio\v4\developer\sdks\gecko_sdk_suite\v2.5\z3_lite_timer_mg21_v660\..\..\v2.6\platform\halconfig\inc\hal-config\
#        -I
#        C:\SiliconLabs\SimplicityStudio\v4\developer\sdks\gecko_sdk_suite\v2.5\z3_lite_timer_mg21_v660\..\..\v2.6\hardware\module\config\
#        -I
#        C:\SiliconLabs\SimplicityStudio\v4\developer\sdks\gecko_sdk_suite\v2.5\z3_lite_timer_mg21_v660\..\..\v2.6\hardware\kit\common\halconfig\
#        -I
#        C:\SiliconLabs\SimplicityStudio\v4\developer\sdks\gecko_sdk_suite\v2.5\z3_lite_timer_mg21_v660\..\..\v2.6\hardware\kit\common\bsp\
#        -I
#        C:\SiliconLabs\SimplicityStudio\v4\developer\sdks\gecko_sdk_suite\v2.5\z3_lite_timer_mg21_v660\hal-config\
#        -I
#        C:\SiliconLabs\SimplicityStudio\v4\developer\sdks\gecko_sdk_suite\v2.5\z3_lite_timer_mg21_v660\..\..\v2.6\platform\bootloader\
#        -I
#        C:\SiliconLabs\SimplicityStudio\v4\developer\sdks\gecko_sdk_suite\v2.5\z3_lite_timer_mg21_v660\..\..\v2.6\platform\emdrv\nvm3\inc\
#        -I
#        C:\SiliconLabs\SimplicityStudio\v4\developer\sdks\gecko_sdk_suite\v2.5\z3_lite_timer_mg21_v660\..\..\v2.6\platform\radio\rail_lib\chip\efr32\efr32xg2x\
#        -I
#        C:\SiliconLabs\SimplicityStudio\v4\developer\sdks\gecko_sdk_suite\v2.5\z3_lite_timer_mg21_v660\..\..\v2.6\platform\radio\rail_lib\common\
#        -I
#        C:\SiliconLabs\SimplicityStudio\v4\developer\sdks\gecko_sdk_suite\v2.5\z3_lite_timer_mg21_v660\..\..\v2.6\platform\radio\rail_lib\plugin\coexistence\common\
#        -I
#        C:\SiliconLabs\SimplicityStudio\v4\developer\sdks\gecko_sdk_suite\v2.5\z3_lite_timer_mg21_v660\..\..\v2.6\platform\radio\rail_lib\plugin\coexistence\hal\efr32\
#        -I
#        C:\SiliconLabs\SimplicityStudio\v4\developer\sdks\gecko_sdk_suite\v2.5\z3_lite_timer_mg21_v660\..\..\v2.6\platform\radio\rail_lib\plugin\coexistence\protocol\ieee802154\
#        -I
#        C:\SiliconLabs\SimplicityStudio\v4\developer\sdks\gecko_sdk_suite\v2.5\z3_lite_timer_mg21_v660\..\..\v2.6\platform\radio\rail_lib\protocol\ble\
#        -I
#        C:\SiliconLabs\SimplicityStudio\v4\developer\sdks\gecko_sdk_suite\v2.5\z3_lite_timer_mg21_v660\..\..\v2.6\platform\radio\rail_lib\protocol\ieee802154\
#        -I
#        C:\SiliconLabs\SimplicityStudio\v4\developer\sdks\gecko_sdk_suite\v2.5\z3_lite_timer_mg21_v660\..\..\v2.6\platform\radio\rail_lib\protocol\zwave\
#        -I
#        C:\SiliconLabs\SimplicityStudio\v4\developer\sdks\gecko_sdk_suite\v2.5\z3_lite_timer_mg21_v660\..\..\v2.6\util\plugin\plugin-common\mbedtls\
#        -I
#        C:\SiliconLabs\SimplicityStudio\v4\developer\sdks\gecko_sdk_suite\v2.5\z3_lite_timer_mg21_v660\..\..\v2.6\util\third_party\mbedtls\
#        -I
#        C:\SiliconLabs\SimplicityStudio\v4\developer\sdks\gecko_sdk_suite\v2.5\z3_lite_timer_mg21_v660\..\..\v2.6\util\third_party\mbedtls\include\
#        -I
#        C:\SiliconLabs\SimplicityStudio\v4\developer\sdks\gecko_sdk_suite\v2.5\z3_lite_timer_mg21_v660\..\..\v2.6\util\third_party\mbedtls\include\mbedtls\
#        -I
#        C:\SiliconLabs\SimplicityStudio\v4\developer\sdks\gecko_sdk_suite\v2.5\z3_lite_timer_mg21_v660\..\..\v2.6\util\third_party\mbedtls\sl_crypto\include\
#        -Ohz --use_c++_inline)
#    Locale       =  C
#    List file    =  
#        C:\SiliconLabs\SimplicityStudio\v4\developer\sdks\gecko_sdk_suite\v2.5\z3_lite_timer_mg21_v660\build\lst\znet-bookkeeping.lst
#    Object file  =  
#        C:\SiliconLabs\SimplicityStudio\v4\developer\sdks\gecko_sdk_suite\v2.5\z3_lite_timer_mg21_v660\build\obj\znet-bookkeeping.o
#
###############################################################################

C:\SiliconLabs\SimplicityStudio\v4\developer\sdks\gecko_sdk_suite\v2.5\z3_lite_timer_mg21_v660\znet-bookkeeping.c
      1          // This file is generated by Simplicity Studio.  Please do not edit manually.
      2          //
      3          //
      4          
      5          #include PLATFORM_HEADER
      6          #include CONFIGURATION_HEADER
      7          #include "af.h"
      8          
      9          // Init function declarations.
     10          void emberAfInit(void);
     11          void emberAfMainInitCallback(void);
     12          void emberAfPluginNetworkCreatorSecurityInitCallback(void);
     13          

   \                                 In section .text, align 2, keep-with-next
     14          void emAfInit(void)
     15          {
   \                     emAfInit: (+1)
   \        0x0   0xB580             PUSH     {R7,LR}
     16            emberAfInit();
   \        0x2   0x....'....        BL       emberAfInit
     17            emberAfMainInitCallback();
   \        0x6   0x....'....        BL       emberAfMainInitCallback
     18            emberAfPluginNetworkCreatorSecurityInitCallback();
   \        0xA   0xE8BD 0x4001      POP      {R0,LR}
   \        0xE   0x....'....        B.W      emberAfPluginNetworkCreatorSecurityInitCallback
     19          }
     20          
     21          // Tick function declarations.
     22          void emberAfMainTickCallback(void);
     23          void emberAfPluginHeartbeatTickCallback(void);
     24          void emberAfTick(void);
     25          

   \                                 In section .text, align 2, keep-with-next
     26          void emAfTick(void)
     27          {
   \                     emAfTick: (+1)
   \        0x0   0xB580             PUSH     {R7,LR}
     28            emberAfMainTickCallback();
   \        0x2   0x....'....        BL       emberAfMainTickCallback
     29            emberAfPluginHeartbeatTickCallback();
   \        0x6   0x....'....        BL       emberAfPluginHeartbeatTickCallback
     30            emberAfTick();
   \        0xA   0xE8BD 0x4001      POP      {R0,LR}
   \        0xE   0x....'....        B.W      emberAfTick
     31          }
     32          

   \                                 In section .text, align 2, keep-with-next
     33          void emAfResetAttributes(uint8_t endpointId)
     34          {
     35          }
   \                     emAfResetAttributes: (+1)
   \        0x0   0x4770             BX       LR               ;; return
     36          
     37          // PreCommandReceived function declarations.
     38          bool emberAfPreCommandReceivedCallback(EmberAfClusterCommand* cmd);
     39          

   \                                 In section .text, align 2, keep-with-next
     40          bool emAfPreCommandReceived(EmberAfClusterCommand* cmd)
     41          {
     42            return emberAfPreCommandReceivedCallback(cmd);
   \                     emAfPreCommandReceived: (+1)
   \        0x0   0x....'....        B.W      emberAfPreCommandReceivedCallback
     43          }
     44          
     45          // PreZDOMessageReceived function declarations.
     46          bool emberAfPreZDOMessageReceivedCallback(EmberNodeId emberNodeId,EmberApsFrame* apsFrame,uint8_t* message,uint16_t length);
     47          

   \                                 In section .text, align 2, keep-with-next
     48          bool emAfPreZDOMessageReceived(EmberNodeId emberNodeId,EmberApsFrame* apsFrame,uint8_t* message,uint16_t length)
     49          {
     50            return emberAfPreZDOMessageReceivedCallback(emberNodeId, apsFrame, message, length);
   \                     emAfPreZDOMessageReceived: (+1)
   \        0x0   0x....'....        B.W      emberAfPreZDOMessageReceivedCallback
     51          }
     52          
     53          // RetrieveAttributeAndCraftResponse function declarations.
     54          bool emAfPluginGreenPowerClientRetrieveAttributeAndCraftResponse(uint8_t endpoint, EmberAfClusterId clusterId, EmberAfAttributeId attrId, uint8_t mask, uint16_t maunfacturerCode, uint16_t readLength);
     55          

   \                                 In section .text, align 2, keep-with-next
     56          bool emAfRetrieveAttributeAndCraftResponse(uint8_t endpoint, EmberAfClusterId clusterId, EmberAfAttributeId attrId, uint8_t mask, uint16_t maunfacturerCode, uint16_t readLength)
     57          {
   \                     emAfRetrieveAttributeAndCraftResponse: (+1)
   \        0x0   0xB53E             PUSH     {R1-R5,LR}
   \        0x2   0x9D06             LDR      R5,[SP, #+24]
   \        0x4   0x9C07             LDR      R4,[SP, #+28]
     58            return emAfPluginGreenPowerClientRetrieveAttributeAndCraftResponse(endpoint, clusterId, attrId, mask, maunfacturerCode, readLength);
   \        0x6   0x9401             STR      R4,[SP, #+4]
   \        0x8   0x9500             STR      R5,[SP, #+0]
   \        0xA   0x....'....        BL       emAfPluginGreenPowerClientRetrieveAttributeAndCraftResponse
   \        0xE   0xBD3E             POP      {R1-R5,PC}       ;; return
     59          }
     60          
     61          // ZigbeeKeyEstablishment function declarations.
     62          void emberAfPluginNetworkCreatorSecurityZigbeeKeyEstablishmentCallback(EmberEUI64 partner, EmberKeyStatus status);
     63          void emberAfPluginUpdateTcLinkKeyZigbeeKeyEstablishmentCallback(EmberEUI64 partner, EmberKeyStatus status);
     64          void emberAfZigbeeKeyEstablishmentCallback(EmberEUI64 partner, EmberKeyStatus status);
     65          

   \                                 In section .text, align 2, keep-with-next
     66          void emAfZigbeeKeyEstablishment(EmberEUI64 partner, EmberKeyStatus status)
     67          {
   \                     emAfZigbeeKeyEstablishment: (+1)
   \        0x0   0xB538             PUSH     {R3-R5,LR}
   \        0x2   0x4604             MOV      R4,R0
   \        0x4   0x460D             MOV      R5,R1
     68            emberAfPluginNetworkCreatorSecurityZigbeeKeyEstablishmentCallback(partner, status);
   \        0x6   0x....'....        BL       emberAfPluginNetworkCreatorSecurityZigbeeKeyEstablishmentCallback
     69            emberAfPluginUpdateTcLinkKeyZigbeeKeyEstablishmentCallback(partner, status);
   \        0xA   0x4629             MOV      R1,R5
   \        0xC   0x4620             MOV      R0,R4
   \        0xE   0x....'....        BL       emberAfPluginUpdateTcLinkKeyZigbeeKeyEstablishmentCallback
     70            emberAfZigbeeKeyEstablishmentCallback(partner, status);
   \       0x12   0x4629             MOV      R1,R5
   \       0x14   0x4620             MOV      R0,R4
   \       0x16   0xE8BD 0x4034      POP      {R2,R4,R5,LR}
   \       0x1A   0x....'....        B.W      emberAfZigbeeKeyEstablishmentCallback
     71          }
     72          
     73          // ReadAttributesResponse function declarations.
     74          bool emberAfReadAttributesResponseCallback(EmberAfClusterId clusterId,uint8_t* buffer,uint16_t bufLen);
     75          

   \                                 In section .text, align 2, keep-with-next
     76          bool emAfReadAttributesResponse(EmberAfClusterId clusterId,uint8_t* buffer,uint16_t bufLen)
     77          {
     78            return emberAfReadAttributesResponseCallback(clusterId, buffer, bufLen);
   \                     emAfReadAttributesResponse: (+1)
   \        0x0   0x....'....        B.W      emberAfReadAttributesResponseCallback
     79          }
     80          
     81          // ReportAttributes function declarations.
     82          bool emberAfReportAttributesCallback(EmberAfClusterId clusterId,uint8_t * buffer,uint16_t bufLen);
     83          

   \                                 In section .text, align 2, keep-with-next
     84          bool emAfReportAttributes(EmberAfClusterId clusterId,uint8_t * buffer,uint16_t bufLen)
     85          {
     86            return emberAfReportAttributesCallback(clusterId, buffer, bufLen);
   \                     emAfReportAttributes: (+1)
   \        0x0   0x....'....        B.W      emberAfReportAttributesCallback
     87          }

   Maximum stack usage in bytes:

   .cstack Function
   ------- --------
       8   emAfInit
         8   -> emberAfInit
         8   -> emberAfMainInitCallback
         0   -> emberAfPluginNetworkCreatorSecurityInitCallback
       0   emAfPreCommandReceived
         0   -> emberAfPreCommandReceivedCallback
       0   emAfPreZDOMessageReceived
         0   -> emberAfPreZDOMessageReceivedCallback
       0   emAfReadAttributesResponse
         0   -> emberAfReadAttributesResponseCallback
       0   emAfReportAttributes
         0   -> emberAfReportAttributesCallback
       0   emAfResetAttributes
      24   emAfRetrieveAttributeAndCraftResponse
        24   -> emAfPluginGreenPowerClientRetrieveAttributeAndCraftResponse
       8   emAfTick
         8   -> emberAfMainTickCallback
         8   -> emberAfPluginHeartbeatTickCallback
         0   -> emberAfTick
      16   emAfZigbeeKeyEstablishment
        16   -> emberAfPluginNetworkCreatorSecurityZigbeeKeyEstablishmentCallback
        16   -> emberAfPluginUpdateTcLinkKeyZigbeeKeyEstablishmentCallback
         0   -> emberAfZigbeeKeyEstablishmentCallback


   Section sizes:

   Bytes  Function/Label
   -----  --------------
      18  emAfInit
       4  emAfPreCommandReceived
       4  emAfPreZDOMessageReceived
       4  emAfReadAttributesResponse
       4  emAfReportAttributes
       2  emAfResetAttributes
      16  emAfRetrieveAttributeAndCraftResponse
      18  emAfTick
      30  emAfZigbeeKeyEstablishment

 
 100 bytes in section .text
 
 100 bytes of CODE memory

Errors: none
Warnings: none
